┌ Info: CUDA loaded successfully
│   device = CuDevice(0): NVIDIA A100 80GB PCIe
└   capability = v"8.0.0"
┌ Info: cuDNN loaded successfully
└   version = v"8.90.7"
[ Info: Starting HPC AE+NODE retrain pipeline
[ Info:   SLURM_JOB_ID: 9582813
[ Info:   SLURM_NTASKS: 1
[ Info:   SLURM_CPUS_PER_TASK: 8
[ Info:   Hostname: gpu011
[ Info:   Julia threads: 8
[ Info: ── Step 1/4: Training Autoencoder ──
[ Info: Loading training data from: /scratch/mfbclaeys/data/datasets/RE2500/2e8/U_128_full.jld2
┌ Info: AE hyperparameters
│   epochs = 200
│   λdiv = 1000.0
└   λcurl = 100.0
[ Info: removed ghost cells; input data size (u): (256, 256, 2, 4402)
GKS: cannot open display - headless operation mode active
[ Info: training force plot saved to data/Lux_models/Apr09-1516__E200_HW256x256_C4to2_nc6_nd2_z16_C8_lr0p001_wd0p0009_bs16_NY_LL1_Tl0p0/trainin_force.png
[ Info: Training on CUDADevice{Nothing, Missing}(nothing)
[ Info: Parametric Encoder built:
[ Info:   Conv: 4→8 -> 8→16 -> 16→32 -> 32→64 -> 64→128 -> 128→256
[ Info:   Sizes: (256, 256, 4) -> (128, 128, 8) -> (64, 64, 16) -> (32, 32, 32) -> (16, 16, 64) -> (8, 8, 128) -> (4, 4, 256)
[ Info:   Dense: 4096→2048 -> 2048→16
[ Info: Parametric Decoder built:
[ Info:   Dense: 16→2048 -> 2048→4096
[ Info:   Sizes: (4, 4, 256) -> (8, 8, 128) -> (16, 16, 64) -> (32, 32, 32) -> (64, 64, 16) -> (128, 128, 8) -> (256, 256, 4) -> (256, 256, 2) -> (256, 256, 2)
[ Info:   Conv: 256→128 -> 128→64 -> 64→32 -> 32→16 -> 16→8 -> 8→4 -> 4→2 -> 2→2
[ Info: AE initiated
┌ Info: CUDA.functional()
└   CUDA.functional() = true
┌ Info: CUDA device
└   CUDA.device() = CuDevice(0): NVIDIA A100 80GB PCIe
[ Info: Start Training, total 200 epochs
[ Info: Epoch 1/200
[ Info: Epoch 2/200
[ Info: Epoch 3/200
[ Info: Epoch 4/200
[ Info: Epoch 5/200
[ Info: Epoch 6/200
[ Info: Epoch 7/200
[ Info: Epoch 8/200
[ Info: Epoch 9/200
[ Info: Epoch 10/200
[ Info: Epoch 11/200
[ Info: Epoch 12/200
[ Info: Epoch 13/200
[ Info: Epoch 14/200
[ Info: Epoch 15/200
[ Info: Epoch 16/200
[ Info: Epoch 17/200
[ Info: Epoch 18/200
[ Info: Epoch 19/200
[ Info: Epoch 20/200
[ Info: Epoch 21/200
[ Info: Epoch 22/200
[ Info: Epoch 23/200
[ Info: Epoch 24/200
[ Info: Epoch 25/200
[ Info: Epoch 26/200
[ Info: Epoch 27/200
[ Info: Epoch 28/200
[ Info: Epoch 29/200
[ Info: Epoch 30/200
[ Info: Epoch 31/200
[ Info: Epoch 32/200
[ Info: Epoch 33/200
[ Info: Epoch 34/200
[ Info: Epoch 35/200
[ Info: Epoch 36/200
[ Info: Epoch 37/200
[ Info: Epoch 38/200
[ Info: Epoch 39/200
[ Info: Epoch 40/200
[ Info: Epoch 41/200
[ Info: Epoch 42/200
[ Info: Epoch 43/200
[ Info: Epoch 44/200
[ Info: Epoch 45/200
[ Info: Epoch 46/200
[ Info: Epoch 47/200
[ Info: Epoch 48/200
[ Info: Epoch 49/200
[ Info: Epoch 50/200
[ Info: Epoch 51/200
[ Info: Epoch 52/200
[ Info: Epoch 53/200
[ Info: Epoch 54/200
[ Info: Epoch 55/200
[ Info: Epoch 56/200
[ Info: Epoch 57/200
[ Info: Epoch 58/200
[ Info: Epoch 59/200
[ Info: Epoch 60/200
[ Info: Epoch 61/200
[ Info: Epoch 62/200
[ Info: Epoch 63/200
[ Info: Epoch 64/200
[ Info: Epoch 65/200
[ Info: Epoch 66/200
[ Info: Epoch 67/200
[ Info: Epoch 68/200
[ Info: Epoch 69/200
[ Info: Epoch 70/200
[ Info: Epoch 71/200
[ Info: Epoch 72/200
[ Info: Epoch 73/200
[ Info: Epoch 74/200
[ Info: Epoch 75/200
[ Info: Epoch 76/200
[ Info: Epoch 77/200
[ Info: Epoch 78/200
[ Info: Epoch 79/200
[ Info: Epoch 80/200
[ Info: Epoch 81/200
[ Info: Epoch 82/200
[ Info: Epoch 83/200
[ Info: Epoch 84/200
[ Info: Epoch 85/200
[ Info: Epoch 86/200
[ Info: Epoch 87/200
[ Info: Epoch 88/200
[ Info: Epoch 89/200
[ Info: Epoch 90/200
[ Info: Epoch 91/200
[ Info: Epoch 92/200
[ Info: Epoch 93/200
[ Info: Epoch 94/200
[ Info: Epoch 95/200
[ Info: Epoch 96/200
[ Info: Epoch 97/200
[ Info: Epoch 98/200
[ Info: Epoch 99/200
[ Info: Epoch 100/200
[ Info: Epoch 101/200
[ Info: Epoch 102/200
[ Info: Epoch 103/200
[ Info: Epoch 104/200
[ Info: Epoch 105/200
[ Info: Epoch 106/200
[ Info: Epoch 107/200
[ Info: Epoch 108/200
[ Info: Epoch 109/200
[ Info: Epoch 110/200
[ Info: Epoch 111/200
[ Info: Epoch 112/200
[ Info: Epoch 113/200
[ Info: Epoch 114/200
[ Info: Epoch 115/200
[ Info: Epoch 116/200
[ Info: Epoch 117/200
[ Info: Epoch 118/200
[ Info: Epoch 119/200
[ Info: Epoch 120/200
[ Info: Epoch 121/200
[ Info: Epoch 122/200
[ Info: Epoch 123/200
[ Info: Epoch 124/200
[ Info: Epoch 125/200
[ Info: Epoch 126/200
[ Info: Epoch 127/200
[ Info: Epoch 128/200
[ Info: Epoch 129/200
[ Info: Epoch 130/200
[ Info: Epoch 131/200
[ Info: Epoch 132/200
[ Info: Epoch 133/200
[ Info: Epoch 134/200
[ Info: Epoch 135/200
[ Info: Epoch 136/200
[ Info: Epoch 137/200
[ Info: Epoch 138/200
[ Info: Epoch 139/200
[ Info: Epoch 140/200
[ Info: Epoch 141/200
[ Info: Epoch 142/200
[ Info: Epoch 143/200
[ Info: Epoch 144/200
[ Info: Epoch 145/200
[ Info: Epoch 146/200
[ Info: Epoch 147/200
[ Info: Epoch 148/200
[ Info: Epoch 149/200
[ Info: Epoch 150/200
[ Info: Epoch 151/200
[ Info: Epoch 152/200
[ Info: Epoch 153/200
[ Info: Epoch 154/200
[ Info: Epoch 155/200
[ Info: Epoch 156/200
[ Info: Epoch 157/200
[ Info: Epoch 158/200
[ Info: Epoch 159/200
[ Info: Epoch 160/200
[ Info: Epoch 161/200
[ Info: Epoch 162/200
[ Info: Epoch 163/200
[ Info: Epoch 164/200
[ Info: Epoch 165/200
[ Info: Epoch 166/200
[ Info: Epoch 167/200
[ Info: Epoch 168/200
[ Info: Epoch 169/200
[ Info: Epoch 170/200
[ Info: Epoch 171/200
[ Info: Epoch 172/200
[ Info: Epoch 173/200
[ Info: Epoch 174/200
[ Info: Epoch 175/200
[ Info: Epoch 176/200
[ Info: Epoch 177/200
[ Info: Epoch 178/200
[ Info: Epoch 179/200
[ Info: Epoch 180/200
[ Info: Epoch 181/200
[ Info: Epoch 182/200
[ Info: Epoch 183/200
[ Info: Epoch 184/200
[ Info: Epoch 185/200
[ Info: Epoch 186/200
[ Info: Epoch 187/200
[ Info: Epoch 188/200
[ Info: Epoch 189/200
[ Info: Epoch 190/200
[ Info: Epoch 191/200
[ Info: Epoch 192/200
[ Info: Epoch 193/200
[ Info: Epoch 194/200
[ Info: Epoch 195/200
[ Info: Epoch 196/200
[ Info: Epoch 197/200
[ Info: Epoch 198/200
[ Info: Epoch 199/200
[ Info: Epoch 200/200
[ Info: Model saved: data/Lux_models/Apr09-1516__E200_HW256x256_C4to2_nc6_nd2_z16_C8_lr0p001_wd0p0009_bs16_NY_LL1_Tl0p0/checkpoint.jld2
[ Info: Selected 2 snapshots with indices [3547, 1759] for reconstruction
[ Info: Saved reconstruction plot to data/Lux_models/Apr09-1516__E200_HW256x256_C4to2_nc6_nd2_z16_C8_lr0p001_wd0p0009_bs16_NY_LL1_Tl0p0/reconstruction.png
[ Info: Saved loss plot to data/Lux_models/Apr09-1516__E200_HW256x256_C4to2_nc6_nd2_z16_C8_lr0p001_wd0p0009_bs16_NY_LL1_Tl0p0/loss_evolution.png
┌ Info: AE initial training complete
│   elapsed_min = 5.2
└   checkpoint = "data/Lux_models/Apr09-1516__E200_HW256x256_C4to2_nc6_nd2_z16_C8_lr0p001_wd0p0009_bs16_NY_LL1_Tl0p0/checkpoint.jld2"
[ Info: ── Step 2/4: Training Neural ODE ──
[ Info: Encoding latent vectors from AE in memory (no disk I/O)
[ Info: removed ghost cells; input data size (u): (256, 256, 2, 4402)
┌ Info: Generated latent vectors
│   size(z) = (16, 200)
│   n_samples = 200
└   time_range = (0.0f0, 16.507103f0)
┌ Info: NODE initialized
│   latent_dim = 16
│   dense_mult = 3
│   tspan = (0.0f0, 16.507103f0)
│   solver = OrdinaryDiffEqTsit5.Tsit5{typeof(OrdinaryDiffEqCore.trivial_limiter!), typeof(OrdinaryDiffEqCore.trivial_limiter!), Static.False}
│   reltol = 0.0001
│   abstol = 1.0e-6
│   t = 200-element Vector{Float32}: …
└   activation = tanhshrink (generic function with 6 methods)
[ Info: NODE weights initialized
[ Info: NODE training on device: CPUDevice{Missing}()
┌ Info: Starting optimization
│   maxiters = 250
│   optimiser = Optimisers.Adam
└   η = 0.01
┌ Info: Optimization finished
│   total_time = 77.4
└   final_loss = 729.38678
[ Info: Saving model and plots
[ Info:   Saved NODE to data/NODE_models/Apr09-1522/node_params.jld2
[ Info:   Saved trajectory plot to data/NODE_models/Apr09-1522/trajectories.png
┌ Warning: plotting turned off in callback, no gif saved
└ @ Thesis ~/Thesis/project/src/NODE/NODE_train.jl:164
┌ Info: NODE training complete
│   elapsed_min = 1.5
└   node_path = "data/NODE_models/Apr09-1522/node_params.jld2"
┌ Info: Steps 1-2 complete
└   elapsed_min = 6.7
[ Info: Transfer learning criterion triggered
[ Info: ── Step 3/4: Retraining AE ──
┌ Info: Retrain data loaded
│   n_snapshots = 4402
└   t_end = 49.998604f0
┌ Info: AE retrain hyperparameters
│   η = 0.0002
│   epochs = 200
└   t_training = 39.99888305664063
[ Info: removed ghost cells; input data size (u): (256, 256, 2, 4402)
[ Info: training force plot saved to data/Lux_models/Apr09-1522__E200_HW256x256_C4to2_nc6_nd2_z16_C8_lr0p0002_wd0p0009_bs16_NY_LL1_Tl0p0/trainin_force.png
[ Info: Training on CUDADevice{Nothing, Missing}(nothing)
[ Info: Retraining model saved at data/Lux_models/Apr09-1516__E200_HW256x256_C4to2_nc6_nd2_z16_C8_lr0p001_wd0p0009_bs16_NY_LL1_Tl0p0/checkpoint.jld2
┌ Info: CUDA.functional()
└   CUDA.functional() = true
┌ Info: CUDA device
└   CUDA.device() = CuDevice(0): NVIDIA A100 80GB PCIe
[ Info: Start Training, total 200 epochs
[ Info: Epoch 1/200
[ Info: Epoch 2/200
[ Info: Epoch 3/200
[ Info: Epoch 4/200
[ Info: Epoch 5/200
[ Info: Epoch 6/200
[ Info: Epoch 7/200
[ Info: Epoch 8/200
[ Info: Epoch 9/200
[ Info: Epoch 10/200
[ Info: Epoch 11/200
[ Info: Epoch 12/200
[ Info: Epoch 13/200
[ Info: Epoch 14/200
[ Info: Epoch 15/200
[ Info: Epoch 16/200
[ Info: Epoch 17/200
[ Info: Epoch 18/200
[ Info: Epoch 19/200
[ Info: Epoch 20/200
[ Info: Epoch 21/200
[ Info: Epoch 22/200
[ Info: Epoch 23/200
[ Info: Epoch 24/200
[ Info: Epoch 25/200
[ Info: Epoch 26/200
[ Info: Epoch 27/200
[ Info: Epoch 28/200
[ Info: Epoch 29/200
[ Info: Epoch 30/200
[ Info: Epoch 31/200
[ Info: Epoch 32/200
[ Info: Epoch 33/200
[ Info: Epoch 34/200
[ Info: Epoch 35/200
[ Info: Epoch 36/200
[ Info: Epoch 37/200
[ Info: Epoch 38/200
[ Info: Epoch 39/200
[ Info: Epoch 40/200
[ Info: Epoch 41/200
[ Info: Epoch 42/200
[ Info: Epoch 43/200
[ Info: Epoch 44/200
[ Info: Epoch 45/200
[ Info: Epoch 46/200
[ Info: Epoch 47/200
[ Info: Epoch 48/200
[ Info: Epoch 49/200
[ Info: Epoch 50/200
[ Info: Epoch 51/200
[ Info: Epoch 52/200
[ Info: Epoch 53/200
[ Info: Epoch 54/200
[ Info: Epoch 55/200
[ Info: Epoch 56/200
[ Info: Epoch 57/200
[ Info: Epoch 58/200
[ Info: Epoch 59/200
[ Info: Epoch 60/200
[ Info: Epoch 61/200
[ Info: Epoch 62/200
[ Info: Epoch 63/200
[ Info: Epoch 64/200
[ Info: Epoch 65/200
[ Info: Epoch 66/200
[ Info: Epoch 67/200
[ Info: Epoch 68/200
[ Info: Epoch 69/200
[ Info: Epoch 70/200
[ Info: Epoch 71/200
[ Info: Epoch 72/200
[ Info: Epoch 73/200
[ Info: Epoch 74/200
[ Info: Epoch 75/200
[ Info: Epoch 76/200
[ Info: Epoch 77/200
[ Info: Epoch 78/200
[ Info: Epoch 79/200
[ Info: Epoch 80/200
[ Info: Epoch 81/200
[ Info: Epoch 82/200
[ Info: Epoch 83/200
[ Info: Epoch 84/200
[ Info: Epoch 85/200
[ Info: Epoch 86/200
[ Info: Epoch 87/200
[ Info: Epoch 88/200
[ Info: Epoch 89/200
[ Info: Epoch 90/200
[ Info: Epoch 91/200
[ Info: Epoch 92/200
[ Info: Epoch 93/200
[ Info: Epoch 94/200
[ Info: Epoch 95/200
[ Info: Epoch 96/200
[ Info: Epoch 97/200
[ Info: Epoch 98/200
[ Info: Epoch 99/200
[ Info: Epoch 100/200
[ Info: Epoch 101/200
[ Info: Epoch 102/200
[ Info: Epoch 103/200
[ Info: Epoch 104/200
[ Info: Epoch 105/200
[ Info: Epoch 106/200
[ Info: Epoch 107/200
[ Info: Epoch 108/200
[ Info: Epoch 109/200
[ Info: Epoch 110/200
[ Info: Epoch 111/200
[ Info: Epoch 112/200
[ Info: Epoch 113/200
[ Info: Epoch 114/200
[ Info: Epoch 115/200
[ Info: Epoch 116/200
[ Info: Epoch 117/200
[ Info: Epoch 118/200
[ Info: Epoch 119/200
[ Info: Epoch 120/200
[ Info: Epoch 121/200
[ Info: Epoch 122/200
[ Info: Epoch 123/200
[ Info: Epoch 124/200
[ Info: Epoch 125/200
[ Info: Epoch 126/200
[ Info: Epoch 127/200
[ Info: Epoch 128/200
[ Info: Epoch 129/200
[ Info: Epoch 130/200
[ Info: Epoch 131/200
[ Info: Epoch 132/200
[ Info: Epoch 133/200
[ Info: Epoch 134/200
[ Info: Epoch 135/200
[ Info: Epoch 136/200
[ Info: Epoch 137/200
[ Info: Epoch 138/200
[ Info: Epoch 139/200
[ Info: Epoch 140/200
[ Info: Epoch 141/200
[ Info: Epoch 142/200
[ Info: Epoch 143/200
[ Info: Epoch 144/200
[ Info: Epoch 145/200
[ Info: Epoch 146/200
[ Info: Epoch 147/200
[ Info: Epoch 148/200
[ Info: Epoch 149/200
[ Info: Epoch 150/200
[ Info: Epoch 151/200
[ Info: Epoch 152/200
[ Info: Epoch 153/200
[ Info: Epoch 154/200
[ Info: Epoch 155/200
[ Info: Epoch 156/200
[ Info: Epoch 157/200
[ Info: Epoch 158/200
[ Info: Epoch 159/200
[ Info: Epoch 160/200
[ Info: Epoch 161/200
[ Info: Epoch 162/200
[ Info: Epoch 163/200
[ Info: Epoch 164/200
[ Info: Epoch 165/200
[ Info: Epoch 166/200
[ Info: Epoch 167/200
[ Info: Epoch 168/200
[ Info: Epoch 169/200
[ Info: Epoch 170/200
[ Info: Epoch 171/200
[ Info: Epoch 172/200
[ Info: Epoch 173/200
[ Info: Epoch 174/200
[ Info: Epoch 175/200
[ Info: Epoch 176/200
[ Info: Epoch 177/200
[ Info: Epoch 178/200
[ Info: Epoch 179/200
[ Info: Epoch 180/200
[ Info: Epoch 181/200
[ Info: Epoch 182/200
[ Info: Epoch 183/200
[ Info: Epoch 184/200
[ Info: Epoch 185/200
[ Info: Epoch 186/200
[ Info: Epoch 187/200
[ Info: Epoch 188/200
[ Info: Epoch 189/200
[ Info: Epoch 190/200
[ Info: Epoch 191/200
[ Info: Epoch 192/200
[ Info: Epoch 193/200
[ Info: Epoch 194/200
[ Info: Epoch 195/200
[ Info: Epoch 196/200
[ Info: Epoch 197/200
[ Info: Epoch 198/200
[ Info: Epoch 199/200
[ Info: Epoch 200/200
[ Info: Model saved: data/Lux_models/Apr09-1522__E200_HW256x256_C4to2_nc6_nd2_z16_C8_lr0p0002_wd0p0009_bs16_NY_LL1_Tl0p0/checkpoint.jld2
[ Info: Selected 2 snapshots with indices [3547, 1759] for reconstruction
[ Info: Saved reconstruction plot to data/Lux_models/Apr09-1522__E200_HW256x256_C4to2_nc6_nd2_z16_C8_lr0p0002_wd0p0009_bs16_NY_LL1_Tl0p0/reconstruction.png
[ Info: Saved loss plot to data/Lux_models/Apr09-1522__E200_HW256x256_C4to2_nc6_nd2_z16_C8_lr0p0002_wd0p0009_bs16_NY_LL1_Tl0p0/loss_evolution.png
┌ Info: AE retraining complete
│   elapsed_min = 2.6
└   checkpoint = "data/Lux_models/Apr09-1522__E200_HW256x256_C4to2_nc6_nd2_z16_C8_lr0p0002_wd0p0009_bs16_NY_LL1_Tl0p0/checkpoint.jld2"
[ Info: ── Step 4/4: Retraining Neural ODE ──
[ Info: Encoding latent vectors from AE in memory (no disk I/O)
slurmstepd: error: Detected 1 oom-kill event(s) in StepId=9582813.0. Some of your processes may have been killed by the cgroup out-of-memory handler.
srun: error: gpu011: task 0: Out Of Memory
srun: launch/slurm: _step_signal: Terminating StepId=9582813.0
slurmstepd: error: Detected 1 oom-kill event(s) in StepId=9582813.batch. Some of your processes may have been killed by the cgroup out-of-memory handler.
