Running on host gpu011
Using 12 Julia threads
Starting at Thu Apr  9 16:41:27 CEST 2026
Loading Modules
Finished Loading Modules
Running hpc_AENODE_retrain.jl
Epoch 1/400 | time=118.631s | train_loss=0.8175 | train_corr=(0.365, 0.025) | val_loss=0.8228 | val_corr=(0.368, 0.014) | test_loss=0.8216 | test_corr=(0.368, 0.018)
Epoch 2/400 | time=0.688s | train_loss=0.6345 | train_corr=(0.288, -0.007) | val_loss=0.5418 | val_corr=(0.412, 0.007) | test_loss=0.5395 | test_corr=(0.417, 0.018)
Epoch 3/400 | time=0.663s | train_loss=0.4185 | train_corr=(0.442, -0.005) | val_loss=0.4092 | val_corr=(0.486, 0.006) | test_loss=0.4077 | test_corr=(0.493, 0.019)
Epoch 4/400 | time=0.668s | train_loss=0.3702 | train_corr=(0.54, -0.007) | val_loss=0.3775 | val_corr=(0.535, -0.01) | test_loss=0.3775 | test_corr=(0.532, 0.001)
Epoch 5/400 | time=0.672s | train_loss=0.3665 | train_corr=(0.55, 0.025) | val_loss=0.3692 | val_corr=(0.556, 0.026) | test_loss=0.3699 | test_corr=(0.554, 0.021)
Epoch 6/400 | time=0.666s | train_loss=0.3729 | train_corr=(0.547, 0.037) | val_loss=0.3652 | val_corr=(0.554, 0.031) | test_loss=0.3656 | test_corr=(0.552, 0.021)
Epoch 7/400 | time=0.672s | train_loss=0.3578 | train_corr=(0.57, 0.025) | val_loss=0.3625 | val_corr=(0.552, 0.035) | test_loss=0.3629 | test_corr=(0.55, 0.023)
Epoch 8/400 | time=0.68s | train_loss=0.3704 | train_corr=(0.55, 0.012) | val_loss=0.3819 | val_corr=(0.538, 0.038) | test_loss=0.3791 | test_corr=(0.539, 0.027)
Epoch 9/400 | time=0.66s | train_loss=0.3599 | train_corr=(0.563, 0.041) | val_loss=0.3629 | val_corr=(0.56, 0.044) | test_loss=0.3642 | test_corr=(0.556, 0.039)
Epoch 10/400 | time=0.661s | train_loss=0.3681 | train_corr=(0.553, 0.041) | val_loss=0.3595 | val_corr=(0.562, 0.052) | test_loss=0.3602 | test_corr=(0.559, 0.047)
Epoch 11/400 | time=0.681s | train_loss=0.3557 | train_corr=(0.56, 0.083) | val_loss=0.3588 | val_corr=(0.562, 0.056) | test_loss=0.3591 | test_corr=(0.558, 0.049)
Epoch 12/400 | time=0.661s | train_loss=0.352 | train_corr=(0.571, 0.05) | val_loss=0.3574 | val_corr=(0.568, 0.057) | test_loss=0.3575 | test_corr=(0.566, 0.052)
Epoch 13/400 | time=0.663s | train_loss=0.3468 | train_corr=(0.589, 0.076) | val_loss=0.3567 | val_corr=(0.569, 0.072) | test_loss=0.358 | test_corr=(0.564, 0.068)
Epoch 14/400 | time=0.681s | train_loss=0.3479 | train_corr=(0.588, 0.093) | val_loss=0.3616 | val_corr=(0.564, 0.088) | test_loss=0.3612 | test_corr=(0.56, 0.086)
Epoch 15/400 | time=0.656s | train_loss=0.3528 | train_corr=(0.574, 0.1) | val_loss=0.3548 | val_corr=(0.578, 0.093) | test_loss=0.3569 | test_corr=(0.57, 0.091)
Epoch 16/400 | time=0.673s | train_loss=0.3523 | train_corr=(0.584, 0.096) | val_loss=0.3564 | val_corr=(0.576, 0.104) | test_loss=0.3552 | test_corr=(0.572, 0.1)
Epoch 17/400 | time=0.682s | train_loss=0.3514 | train_corr=(0.581, 0.106) | val_loss=0.3476 | val_corr=(0.586, 0.11) | test_loss=0.349 | test_corr=(0.58, 0.11)
Epoch 18/400 | time=0.669s | train_loss=0.343 | train_corr=(0.6, 0.099) | val_loss=0.3527 | val_corr=(0.594, 0.103) | test_loss=0.3557 | test_corr=(0.584, 0.103)
Epoch 19/400 | time=0.662s | train_loss=0.345 | train_corr=(0.604, 0.12) | val_loss=0.3428 | val_corr=(0.606, 0.12) | test_loss=0.3448 | test_corr=(0.599, 0.122)
Epoch 20/400 | time=0.647s | train_loss=0.347 | train_corr=(0.608, 0.163) | val_loss=0.3716 | val_corr=(0.595, 0.144) | test_loss=0.3685 | test_corr=(0.59, 0.147)
Epoch 21/400 | time=0.655s | train_loss=0.3456 | train_corr=(0.608, 0.181) | val_loss=0.3405 | val_corr=(0.612, 0.154) | test_loss=0.3428 | test_corr=(0.606, 0.163)
Epoch 22/400 | time=0.662s | train_loss=0.3325 | train_corr=(0.629, 0.181) | val_loss=0.3368 | val_corr=(0.62, 0.191) | test_loss=0.3382 | test_corr=(0.614, 0.2)
Epoch 23/400 | time=0.659s | train_loss=0.3293 | train_corr=(0.632, 0.24) | val_loss=0.3305 | val_corr=(0.627, 0.23) | test_loss=0.3325 | test_corr=(0.619, 0.236)
Epoch 24/400 | time=0.656s | train_loss=0.3272 | train_corr=(0.625, 0.243) | val_loss=0.3253 | val_corr=(0.638, 0.279) | test_loss=0.3281 | test_corr=(0.627, 0.288)
Epoch 25/400 | time=0.654s | train_loss=0.3189 | train_corr=(0.643, 0.281) | val_loss=0.3245 | val_corr=(0.643, 0.346) | test_loss=0.3262 | test_corr=(0.632, 0.348)
Epoch 26/400 | time=0.651s | train_loss=0.3183 | train_corr=(0.641, 0.431) | val_loss=0.3102 | val_corr=(0.656, 0.464) | test_loss=0.3144 | test_corr=(0.644, 0.459)
Epoch 27/400 | time=0.658s | train_loss=0.3135 | train_corr=(0.65, 0.43) | val_loss=0.3133 | val_corr=(0.663, 0.531) | test_loss=0.3148 | test_corr=(0.658, 0.522)
Epoch 28/400 | time=0.647s | train_loss=0.3165 | train_corr=(0.646, 0.47) | val_loss=0.3071 | val_corr=(0.649, 0.541) | test_loss=0.3098 | test_corr=(0.637, 0.543)
Epoch 29/400 | time=0.659s | train_loss=0.2903 | train_corr=(0.686, 0.677) | val_loss=0.288 | val_corr=(0.685, 0.682) | test_loss=0.2926 | test_corr=(0.671, 0.688)
Epoch 30/400 | time=0.66s | train_loss=0.2786 | train_corr=(0.691, 0.728) | val_loss=0.2754 | val_corr=(0.712, 0.737) | test_loss=0.2775 | test_corr=(0.699, 0.734)
Epoch 31/400 | time=0.652s | train_loss=0.274 | train_corr=(0.725, 0.764) | val_loss=0.2697 | val_corr=(0.711, 0.772) | test_loss=0.2708 | test_corr=(0.7, 0.771)
Epoch 32/400 | time=0.647s | train_loss=0.2653 | train_corr=(0.708, 0.79) | val_loss=0.2728 | val_corr=(0.721, 0.806) | test_loss=0.2716 | test_corr=(0.712, 0.798)
Epoch 33/400 | time=0.634s | train_loss=0.2539 | train_corr=(0.71, 0.835) | val_loss=0.2581 | val_corr=(0.726, 0.824) | test_loss=0.2593 | test_corr=(0.718, 0.824)
Epoch 34/400 | time=0.636s | train_loss=0.2409 | train_corr=(0.733, 0.834) | val_loss=0.2464 | val_corr=(0.729, 0.837) | test_loss=0.2511 | test_corr=(0.719, 0.826)
Epoch 35/400 | time=0.638s | train_loss=0.2358 | train_corr=(0.753, 0.869) | val_loss=0.234 | val_corr=(0.749, 0.869) | test_loss=0.239 | test_corr=(0.737, 0.86)
Epoch 36/400 | time=0.614s | train_loss=0.2223 | train_corr=(0.76, 0.875) | val_loss=0.2186 | val_corr=(0.765, 0.897) | test_loss=0.2268 | test_corr=(0.753, 0.883)
Epoch 37/400 | time=0.62s | train_loss=0.216 | train_corr=(0.774, 0.906) | val_loss=0.212 | val_corr=(0.776, 0.906) | test_loss=0.2215 | test_corr=(0.76, 0.887)
Epoch 38/400 | time=0.654s | train_loss=0.2033 | train_corr=(0.795, 0.921) | val_loss=0.2058 | val_corr=(0.785, 0.913) | test_loss=0.2168 | test_corr=(0.766, 0.893)
Epoch 39/400 | time=0.651s | train_loss=0.2059 | train_corr=(0.782, 0.909) | val_loss=0.1993 | val_corr=(0.792, 0.922) | test_loss=0.2118 | test_corr=(0.776, 0.902)
Epoch 40/400 | time=0.638s | train_loss=0.2086 | train_corr=(0.789, 0.931) | val_loss=0.2007 | val_corr=(0.796, 0.923) | test_loss=0.2143 | test_corr=(0.777, 0.897)
Epoch 41/400 | time=0.64s | train_loss=0.2021 | train_corr=(0.805, 0.933) | val_loss=0.1905 | val_corr=(0.809, 0.936) | test_loss=0.206 | test_corr=(0.785, 0.904)
Epoch 42/400 | time=0.622s | train_loss=0.1893 | train_corr=(0.806, 0.94) | val_loss=0.2045 | val_corr=(0.812, 0.936) | test_loss=0.2152 | test_corr=(0.793, 0.909)
Epoch 43/400 | time=0.651s | train_loss=0.189 | train_corr=(0.812, 0.936) | val_loss=0.1908 | val_corr=(0.814, 0.94) | test_loss=0.203 | test_corr=(0.793, 0.912)
Epoch 44/400 | time=0.66s | train_loss=0.1834 | train_corr=(0.818, 0.937) | val_loss=0.179 | val_corr=(0.821, 0.947) | test_loss=0.1949 | test_corr=(0.8, 0.916)
Epoch 45/400 | time=0.639s | train_loss=0.1756 | train_corr=(0.824, 0.949) | val_loss=0.175 | val_corr=(0.825, 0.949) | test_loss=0.1948 | test_corr=(0.793, 0.914)
Epoch 46/400 | time=0.634s | train_loss=0.172 | train_corr=(0.834, 0.949) | val_loss=0.1728 | val_corr=(0.828, 0.954) | test_loss=0.1941 | test_corr=(0.8, 0.919)
Epoch 47/400 | time=0.628s | train_loss=0.165 | train_corr=(0.837, 0.952) | val_loss=0.1639 | val_corr=(0.839, 0.956) | test_loss=0.1832 | test_corr=(0.81, 0.923)
Epoch 48/400 | time=0.639s | train_loss=0.1703 | train_corr=(0.836, 0.961) | val_loss=0.1751 | val_corr=(0.831, 0.954) | test_loss=0.1991 | test_corr=(0.8, 0.913)
Epoch 49/400 | time=0.614s | train_loss=0.1801 | train_corr=(0.821, 0.958) | val_loss=0.1638 | val_corr=(0.838, 0.958) | test_loss=0.1838 | test_corr=(0.81, 0.921)
Epoch 50/400 | time=0.611s | train_loss=0.1604 | train_corr=(0.841, 0.961) | val_loss=0.1726 | val_corr=(0.842, 0.958) | test_loss=0.1903 | test_corr=(0.81, 0.924)
Epoch 51/400 | time=0.604s | train_loss=0.1674 | train_corr=(0.84, 0.949) | val_loss=0.1688 | val_corr=(0.84, 0.956) | test_loss=0.1868 | test_corr=(0.812, 0.919)
Epoch 52/400 | time=0.605s | train_loss=0.1696 | train_corr=(0.832, 0.951) | val_loss=0.1645 | val_corr=(0.838, 0.95) | test_loss=0.1876 | test_corr=(0.809, 0.907)
Epoch 53/400 | time=0.606s | train_loss=0.1598 | train_corr=(0.839, 0.961) | val_loss=0.1646 | val_corr=(0.845, 0.957) | test_loss=0.189 | test_corr=(0.814, 0.921)
Epoch 54/400 | time=0.606s | train_loss=0.1581 | train_corr=(0.852, 0.965) | val_loss=0.1623 | val_corr=(0.846, 0.955) | test_loss=0.1856 | test_corr=(0.812, 0.917)
Epoch 55/400 | time=0.604s | train_loss=0.1572 | train_corr=(0.853, 0.957) | val_loss=0.1489 | val_corr=(0.857, 0.966) | test_loss=0.1752 | test_corr=(0.822, 0.927)
Epoch 56/400 | time=0.616s | train_loss=0.146 | train_corr=(0.859, 0.966) | val_loss=0.1461 | val_corr=(0.86, 0.967) | test_loss=0.172 | test_corr=(0.826, 0.929)
Epoch 57/400 | time=0.613s | train_loss=0.1457 | train_corr=(0.859, 0.969) | val_loss=0.1482 | val_corr=(0.856, 0.967) | test_loss=0.1739 | test_corr=(0.823, 0.93)
Epoch 58/400 | time=0.611s | train_loss=0.1467 | train_corr=(0.86, 0.958) | val_loss=0.157 | val_corr=(0.861, 0.964) | test_loss=0.1765 | test_corr=(0.827, 0.925)
Epoch 59/400 | time=0.61s | train_loss=0.1491 | train_corr=(0.87, 0.965) | val_loss=0.1441 | val_corr=(0.863, 0.968) | test_loss=0.171 | test_corr=(0.829, 0.927)
Epoch 60/400 | time=0.609s | train_loss=0.142 | train_corr=(0.867, 0.969) | val_loss=0.1527 | val_corr=(0.852, 0.971) | test_loss=0.1757 | test_corr=(0.819, 0.927)
Epoch 61/400 | time=0.609s | train_loss=0.136 | train_corr=(0.862, 0.973) | val_loss=0.1484 | val_corr=(0.867, 0.972) | test_loss=0.1714 | test_corr=(0.83, 0.931)
Epoch 62/400 | time=0.617s | train_loss=0.1342 | train_corr=(0.877, 0.972) | val_loss=0.136 | val_corr=(0.873, 0.971) | test_loss=0.1629 | test_corr=(0.837, 0.929)
Epoch 63/400 | time=0.657s | train_loss=0.1337 | train_corr=(0.875, 0.974) | val_loss=0.1334 | val_corr=(0.864, 0.974) | test_loss=0.1625 | test_corr=(0.827, 0.931)
Epoch 64/400 | time=0.646s | train_loss=0.1365 | train_corr=(0.879, 0.972) | val_loss=0.1311 | val_corr=(0.874, 0.975) | test_loss=0.1596 | test_corr=(0.838, 0.932)
Epoch 65/400 | time=0.632s | train_loss=0.1358 | train_corr=(0.883, 0.975) | val_loss=0.1294 | val_corr=(0.875, 0.976) | test_loss=0.1604 | test_corr=(0.838, 0.934)
Epoch 66/400 | time=0.628s | train_loss=0.1421 | train_corr=(0.878, 0.967) | val_loss=0.1303 | val_corr=(0.879, 0.973) | test_loss=0.1606 | test_corr=(0.84, 0.93)
Epoch 67/400 | time=0.641s | train_loss=0.1434 | train_corr=(0.864, 0.971) | val_loss=0.1392 | val_corr=(0.873, 0.968) | test_loss=0.1671 | test_corr=(0.834, 0.92)
Epoch 68/400 | time=0.636s | train_loss=0.1299 | train_corr=(0.878, 0.974) | val_loss=0.1314 | val_corr=(0.88, 0.973) | test_loss=0.1638 | test_corr=(0.84, 0.93)
Epoch 69/400 | time=0.614s | train_loss=0.1246 | train_corr=(0.882, 0.977) | val_loss=0.1244 | val_corr=(0.883, 0.978) | test_loss=0.1567 | test_corr=(0.844, 0.936)
Epoch 70/400 | time=0.609s | train_loss=0.1223 | train_corr=(0.875, 0.977) | val_loss=0.1211 | val_corr=(0.883, 0.979) | test_loss=0.1547 | test_corr=(0.843, 0.938)
Epoch 71/400 | time=0.638s | train_loss=0.1256 | train_corr=(0.876, 0.982) | val_loss=0.1282 | val_corr=(0.884, 0.975) | test_loss=0.1582 | test_corr=(0.843, 0.933)
Epoch 72/400 | time=0.632s | train_loss=0.1303 | train_corr=(0.879, 0.971) | val_loss=0.131 | val_corr=(0.883, 0.974) | test_loss=0.1564 | test_corr=(0.846, 0.934)
Epoch 73/400 | time=0.602s | train_loss=0.1323 | train_corr=(0.875, 0.973) | val_loss=0.14 | val_corr=(0.88, 0.972) | test_loss=0.1619 | test_corr=(0.845, 0.934)
Epoch 74/400 | time=0.6s | train_loss=0.1346 | train_corr=(0.874, 0.971) | val_loss=0.1378 | val_corr=(0.883, 0.973) | test_loss=0.1621 | test_corr=(0.845, 0.933)
Epoch 75/400 | time=0.602s | train_loss=0.1273 | train_corr=(0.879, 0.972) | val_loss=0.1268 | val_corr=(0.887, 0.976) | test_loss=0.1589 | test_corr=(0.847, 0.93)
Epoch 76/400 | time=0.601s | train_loss=0.1375 | train_corr=(0.884, 0.966) | val_loss=0.1267 | val_corr=(0.889, 0.974) | test_loss=0.1603 | test_corr=(0.849, 0.934)
Epoch 77/400 | time=0.605s | train_loss=0.1268 | train_corr=(0.882, 0.976) | val_loss=0.1217 | val_corr=(0.889, 0.976) | test_loss=0.1532 | test_corr=(0.848, 0.935)
Epoch 78/400 | time=0.608s | train_loss=0.1172 | train_corr=(0.894, 0.98) | val_loss=0.1184 | val_corr=(0.889, 0.978) | test_loss=0.1491 | test_corr=(0.85, 0.937)
Epoch 79/400 | time=0.602s | train_loss=0.1185 | train_corr=(0.889, 0.98) | val_loss=0.1149 | val_corr=(0.893, 0.98) | test_loss=0.1511 | test_corr=(0.849, 0.939)
Epoch 80/400 | time=0.61s | train_loss=0.1189 | train_corr=(0.891, 0.978) | val_loss=0.1166 | val_corr=(0.893, 0.981) | test_loss=0.1496 | test_corr=(0.852, 0.941)
Epoch 81/400 | time=0.655s | train_loss=0.1156 | train_corr=(0.895, 0.98) | val_loss=0.1153 | val_corr=(0.891, 0.978) | test_loss=0.1478 | test_corr=(0.85, 0.935)
Epoch 82/400 | time=0.654s | train_loss=0.1131 | train_corr=(0.896, 0.982) | val_loss=0.1254 | val_corr=(0.89, 0.98) | test_loss=0.1519 | test_corr=(0.848, 0.937)
Epoch 83/400 | time=0.64s | train_loss=0.1094 | train_corr=(0.896, 0.985) | val_loss=0.1177 | val_corr=(0.893, 0.982) | test_loss=0.1483 | test_corr=(0.852, 0.939)
Epoch 84/400 | time=0.631s | train_loss=0.1126 | train_corr=(0.903, 0.98) | val_loss=0.1266 | val_corr=(0.888, 0.98) | test_loss=0.1525 | test_corr=(0.847, 0.936)
Epoch 85/400 | time=0.607s | train_loss=0.1149 | train_corr=(0.897, 0.978) | val_loss=0.128 | val_corr=(0.89, 0.976) | test_loss=0.1536 | test_corr=(0.85, 0.934)
Epoch 86/400 | time=0.604s | train_loss=0.1221 | train_corr=(0.889, 0.976) | val_loss=0.113 | val_corr=(0.897, 0.981) | test_loss=0.15 | test_corr=(0.855, 0.941)
Epoch 87/400 | time=0.603s | train_loss=0.1107 | train_corr=(0.896, 0.98) | val_loss=0.1132 | val_corr=(0.899, 0.978) | test_loss=0.1463 | test_corr=(0.857, 0.939)
Epoch 88/400 | time=0.615s | train_loss=0.1079 | train_corr=(0.901, 0.982) | val_loss=0.1142 | val_corr=(0.896, 0.98) | test_loss=0.1503 | test_corr=(0.857, 0.939)
Epoch 89/400 | time=0.603s | train_loss=0.1128 | train_corr=(0.899, 0.975) | val_loss=0.1172 | val_corr=(0.896, 0.977) | test_loss=0.1548 | test_corr=(0.851, 0.936)
Epoch 90/400 | time=0.604s | train_loss=0.132 | train_corr=(0.884, 0.975) | val_loss=0.1137 | val_corr=(0.896, 0.977) | test_loss=0.1517 | test_corr=(0.851, 0.933)
Epoch 91/400 | time=0.605s | train_loss=0.1138 | train_corr=(0.896, 0.979) | val_loss=0.1119 | val_corr=(0.897, 0.979) | test_loss=0.1427 | test_corr=(0.857, 0.939)
Epoch 92/400 | time=0.608s | train_loss=0.1101 | train_corr=(0.905, 0.982) | val_loss=0.1133 | val_corr=(0.9, 0.981) | test_loss=0.1444 | test_corr=(0.856, 0.941)
Epoch 93/400 | time=0.607s | train_loss=0.109 | train_corr=(0.905, 0.983) | val_loss=0.105 | val_corr=(0.901, 0.983) | test_loss=0.1411 | test_corr=(0.859, 0.94)
Epoch 94/400 | time=0.623s | train_loss=0.1063 | train_corr=(0.902, 0.983) | val_loss=0.1085 | val_corr=(0.902, 0.981) | test_loss=0.1429 | test_corr=(0.859, 0.937)
Epoch 95/400 | time=0.619s | train_loss=0.102 | train_corr=(0.905, 0.987) | val_loss=0.1027 | val_corr=(0.906, 0.984) | test_loss=0.1398 | test_corr=(0.862, 0.942)
Epoch 96/400 | time=0.605s | train_loss=0.1 | train_corr=(0.907, 0.985) | val_loss=0.1017 | val_corr=(0.903, 0.984) | test_loss=0.1397 | test_corr=(0.86, 0.94)
Epoch 97/400 | time=0.609s | train_loss=0.1003 | train_corr=(0.905, 0.985) | val_loss=0.1 | val_corr=(0.907, 0.985) | test_loss=0.1374 | test_corr=(0.864, 0.943)
Epoch 98/400 | time=0.603s | train_loss=0.0995 | train_corr=(0.91, 0.984) | val_loss=0.1026 | val_corr=(0.906, 0.983) | test_loss=0.14 | test_corr=(0.86, 0.939)
Epoch 99/400 | time=0.607s | train_loss=0.0995 | train_corr=(0.911, 0.984) | val_loss=0.0992 | val_corr=(0.909, 0.985) | test_loss=0.1375 | test_corr=(0.863, 0.942)
Epoch 100/400 | time=0.599s | train_loss=0.0992 | train_corr=(0.902, 0.985) | val_loss=0.099 | val_corr=(0.908, 0.983) | test_loss=0.1393 | test_corr=(0.864, 0.938)
Epoch 101/400 | time=0.601s | train_loss=0.0998 | train_corr=(0.909, 0.984) | val_loss=0.1023 | val_corr=(0.909, 0.985) | test_loss=0.1414 | test_corr=(0.865, 0.943)
Epoch 102/400 | time=0.6s | train_loss=0.0993 | train_corr=(0.903, 0.986) | val_loss=0.1013 | val_corr=(0.909, 0.984) | test_loss=0.14 | test_corr=(0.865, 0.942)
Epoch 103/400 | time=0.603s | train_loss=0.1 | train_corr=(0.911, 0.983) | val_loss=0.1029 | val_corr=(0.91, 0.982) | test_loss=0.1398 | test_corr=(0.867, 0.939)
Epoch 104/400 | time=0.6s | train_loss=0.1032 | train_corr=(0.914, 0.982) | val_loss=0.115 | val_corr=(0.902, 0.98) | test_loss=0.1463 | test_corr=(0.861, 0.936)
Epoch 105/400 | time=0.601s | train_loss=0.1105 | train_corr=(0.902, 0.978) | val_loss=0.1195 | val_corr=(0.899, 0.982) | test_loss=0.1447 | test_corr=(0.859, 0.942)
Epoch 106/400 | time=0.601s | train_loss=0.1242 | train_corr=(0.903, 0.979) | val_loss=0.1224 | val_corr=(0.896, 0.978) | test_loss=0.1496 | test_corr=(0.855, 0.936)
Epoch 107/400 | time=0.603s | train_loss=0.1378 | train_corr=(0.892, 0.975) | val_loss=0.1238 | val_corr=(0.901, 0.975) | test_loss=0.1637 | test_corr=(0.854, 0.933)
Epoch 108/400 | time=0.597s | train_loss=0.1187 | train_corr=(0.896, 0.971) | val_loss=0.1293 | val_corr=(0.892, 0.973) | test_loss=0.1551 | test_corr=(0.855, 0.933)
Epoch 109/400 | time=0.608s | train_loss=0.1122 | train_corr=(0.906, 0.976) | val_loss=0.1096 | val_corr=(0.904, 0.977) | test_loss=0.1481 | test_corr=(0.858, 0.936)
Epoch 110/400 | time=0.614s | train_loss=0.1 | train_corr=(0.909, 0.985) | val_loss=0.121 | val_corr=(0.903, 0.979) | test_loss=0.1507 | test_corr=(0.86, 0.937)
Epoch 111/400 | time=0.611s | train_loss=0.0996 | train_corr=(0.911, 0.985) | val_loss=0.1069 | val_corr=(0.913, 0.981) | test_loss=0.1389 | test_corr=(0.869, 0.938)
Epoch 112/400 | time=0.603s | train_loss=0.0991 | train_corr=(0.915, 0.982) | val_loss=0.0988 | val_corr=(0.912, 0.984) | test_loss=0.1371 | test_corr=(0.868, 0.942)
Epoch 113/400 | time=0.669s | train_loss=0.0994 | train_corr=(0.91, 0.982) | val_loss=0.0981 | val_corr=(0.911, 0.983) | test_loss=0.1342 | test_corr=(0.868, 0.94)
Epoch 114/400 | time=0.67s | train_loss=0.0966 | train_corr=(0.914, 0.984) | val_loss=0.0952 | val_corr=(0.916, 0.984) | test_loss=0.1313 | test_corr=(0.874, 0.945)
Epoch 115/400 | time=1.015s | train_loss=0.0924 | train_corr=(0.919, 0.984) | val_loss=0.096 | val_corr=(0.916, 0.986) | test_loss=0.1379 | test_corr=(0.871, 0.941)
Epoch 116/400 | time=0.646s | train_loss=0.1012 | train_corr=(0.914, 0.983) | val_loss=0.0962 | val_corr=(0.915, 0.985) | test_loss=0.1329 | test_corr=(0.871, 0.944)
Epoch 117/400 | time=0.63s | train_loss=0.089 | train_corr=(0.916, 0.989) | val_loss=0.0951 | val_corr=(0.917, 0.984) | test_loss=0.1321 | test_corr=(0.873, 0.944)
Epoch 118/400 | time=0.636s | train_loss=0.0912 | train_corr=(0.916, 0.987) | val_loss=0.0914 | val_corr=(0.919, 0.986) | test_loss=0.1326 | test_corr=(0.873, 0.942)
Epoch 119/400 | time=0.647s | train_loss=0.0951 | train_corr=(0.918, 0.987) | val_loss=0.0907 | val_corr=(0.918, 0.987) | test_loss=0.1321 | test_corr=(0.873, 0.945)
Epoch 120/400 | time=0.636s | train_loss=0.0987 | train_corr=(0.917, 0.983) | val_loss=0.0944 | val_corr=(0.918, 0.984) | test_loss=0.1352 | test_corr=(0.872, 0.941)
Epoch 121/400 | time=0.638s | train_loss=0.0945 | train_corr=(0.918, 0.984) | val_loss=0.0969 | val_corr=(0.919, 0.982) | test_loss=0.1332 | test_corr=(0.874, 0.94)
Epoch 122/400 | time=0.64s | train_loss=0.0903 | train_corr=(0.921, 0.986) | val_loss=0.0919 | val_corr=(0.92, 0.985) | test_loss=0.1319 | test_corr=(0.875, 0.944)
Epoch 123/400 | time=0.642s | train_loss=0.0894 | train_corr=(0.919, 0.987) | val_loss=0.0922 | val_corr=(0.919, 0.986) | test_loss=0.1343 | test_corr=(0.873, 0.943)
Epoch 124/400 | time=0.638s | train_loss=0.0886 | train_corr=(0.921, 0.985) | val_loss=0.0918 | val_corr=(0.921, 0.985) | test_loss=0.1323 | test_corr=(0.875, 0.943)
Epoch 125/400 | time=0.637s | train_loss=0.0903 | train_corr=(0.922, 0.985) | val_loss=0.0938 | val_corr=(0.92, 0.983) | test_loss=0.1354 | test_corr=(0.874, 0.94)
Epoch 126/400 | time=0.642s | train_loss=0.0918 | train_corr=(0.921, 0.987) | val_loss=0.0898 | val_corr=(0.919, 0.985) | test_loss=0.1329 | test_corr=(0.873, 0.94)
Epoch 127/400 | time=0.638s | train_loss=0.0931 | train_corr=(0.921, 0.983) | val_loss=0.095 | val_corr=(0.918, 0.983) | test_loss=0.133 | test_corr=(0.873, 0.939)
Epoch 128/400 | time=0.642s | train_loss=0.1007 | train_corr=(0.916, 0.982) | val_loss=0.0982 | val_corr=(0.921, 0.98) | test_loss=0.1323 | test_corr=(0.877, 0.94)
Epoch 129/400 | time=0.639s | train_loss=0.092 | train_corr=(0.922, 0.984) | val_loss=0.0927 | val_corr=(0.923, 0.983) | test_loss=0.132 | test_corr=(0.877, 0.942)
Epoch 130/400 | time=0.638s | train_loss=0.0882 | train_corr=(0.926, 0.986) | val_loss=0.0911 | val_corr=(0.924, 0.985) | test_loss=0.1295 | test_corr=(0.878, 0.944)
Epoch 131/400 | time=0.636s | train_loss=0.0872 | train_corr=(0.929, 0.987) | val_loss=0.0854 | val_corr=(0.924, 0.988) | test_loss=0.128 | test_corr=(0.878, 0.946)
Epoch 132/400 | time=0.637s | train_loss=0.0874 | train_corr=(0.925, 0.986) | val_loss=0.0986 | val_corr=(0.922, 0.983) | test_loss=0.1314 | test_corr=(0.878, 0.943)
Epoch 133/400 | time=0.635s | train_loss=0.0879 | train_corr=(0.926, 0.985) | val_loss=0.0877 | val_corr=(0.926, 0.988) | test_loss=0.1259 | test_corr=(0.881, 0.947)
Epoch 134/400 | time=0.63s | train_loss=0.0858 | train_corr=(0.926, 0.99) | val_loss=0.0879 | val_corr=(0.926, 0.987) | test_loss=0.1308 | test_corr=(0.88, 0.946)
Epoch 135/400 | time=0.62s | train_loss=0.0915 | train_corr=(0.926, 0.987) | val_loss=0.0882 | val_corr=(0.924, 0.985) | test_loss=0.1311 | test_corr=(0.878, 0.936)
Epoch 136/400 | time=0.62s | train_loss=0.0918 | train_corr=(0.924, 0.984) | val_loss=0.0896 | val_corr=(0.926, 0.984) | test_loss=0.128 | test_corr=(0.879, 0.942)
Epoch 137/400 | time=0.616s | train_loss=0.0834 | train_corr=(0.928, 0.987) | val_loss=0.0868 | val_corr=(0.923, 0.986) | test_loss=0.1273 | test_corr=(0.876, 0.943)
Epoch 138/400 | time=0.628s | train_loss=0.0854 | train_corr=(0.926, 0.986) | val_loss=0.0858 | val_corr=(0.929, 0.985) | test_loss=0.1279 | test_corr=(0.881, 0.943)
Epoch 139/400 | time=0.623s | train_loss=0.0881 | train_corr=(0.927, 0.985) | val_loss=0.0852 | val_corr=(0.928, 0.988) | test_loss=0.1279 | test_corr=(0.882, 0.946)
Epoch 140/400 | time=0.625s | train_loss=0.0852 | train_corr=(0.932, 0.987) | val_loss=0.0834 | val_corr=(0.93, 0.988) | test_loss=0.127 | test_corr=(0.882, 0.945)
Epoch 141/400 | time=0.637s | train_loss=0.0795 | train_corr=(0.929, 0.99) | val_loss=0.0814 | val_corr=(0.929, 0.988) | test_loss=0.124 | test_corr=(0.881, 0.944)
Epoch 142/400 | time=0.604s | train_loss=0.0808 | train_corr=(0.935, 0.987) | val_loss=0.0814 | val_corr=(0.931, 0.988) | test_loss=0.1255 | test_corr=(0.883, 0.946)
Epoch 143/400 | time=0.601s | train_loss=0.0813 | train_corr=(0.933, 0.989) | val_loss=0.0833 | val_corr=(0.93, 0.987) | test_loss=0.1279 | test_corr=(0.882, 0.943)
Epoch 144/400 | time=0.605s | train_loss=0.0784 | train_corr=(0.929, 0.989) | val_loss=0.0794 | val_corr=(0.931, 0.989) | test_loss=0.1243 | test_corr=(0.883, 0.945)
Epoch 145/400 | time=0.6s | train_loss=0.0832 | train_corr=(0.933, 0.989) | val_loss=0.0808 | val_corr=(0.93, 0.988) | test_loss=0.1261 | test_corr=(0.882, 0.942)
Epoch 146/400 | time=0.604s | train_loss=0.0828 | train_corr=(0.929, 0.987) | val_loss=0.0836 | val_corr=(0.93, 0.984) | test_loss=0.126 | test_corr=(0.882, 0.941)
Epoch 147/400 | time=0.603s | train_loss=0.0849 | train_corr=(0.931, 0.983) | val_loss=0.0837 | val_corr=(0.93, 0.986) | test_loss=0.1264 | test_corr=(0.883, 0.945)
Epoch 148/400 | time=0.612s | train_loss=0.0822 | train_corr=(0.927, 0.989) | val_loss=0.0846 | val_corr=(0.93, 0.988) | test_loss=0.1261 | test_corr=(0.883, 0.948)
Epoch 149/400 | time=0.599s | train_loss=0.0797 | train_corr=(0.935, 0.989) | val_loss=0.0838 | val_corr=(0.929, 0.986) | test_loss=0.1273 | test_corr=(0.88, 0.943)
Epoch 150/400 | time=0.601s | train_loss=0.085 | train_corr=(0.928, 0.986) | val_loss=0.0848 | val_corr=(0.932, 0.985) | test_loss=0.1289 | test_corr=(0.882, 0.942)
Epoch 151/400 | time=0.6s | train_loss=0.081 | train_corr=(0.937, 0.986) | val_loss=0.0825 | val_corr=(0.936, 0.986) | test_loss=0.1266 | test_corr=(0.885, 0.943)
Epoch 152/400 | time=0.599s | train_loss=0.0811 | train_corr=(0.936, 0.986) | val_loss=0.0806 | val_corr=(0.936, 0.987) | test_loss=0.1248 | test_corr=(0.889, 0.946)
Epoch 153/400 | time=0.599s | train_loss=0.0822 | train_corr=(0.939, 0.989) | val_loss=0.08 | val_corr=(0.937, 0.987) | test_loss=0.1255 | test_corr=(0.887, 0.944)
Epoch 154/400 | time=0.6s | train_loss=0.0845 | train_corr=(0.937, 0.984) | val_loss=0.0866 | val_corr=(0.935, 0.983) | test_loss=0.1281 | test_corr=(0.885, 0.939)
Epoch 155/400 | time=0.599s | train_loss=0.0823 | train_corr=(0.938, 0.988) | val_loss=0.0834 | val_corr=(0.939, 0.985) | test_loss=0.1306 | test_corr=(0.885, 0.941)
Epoch 156/400 | time=0.599s | train_loss=0.0803 | train_corr=(0.939, 0.987) | val_loss=0.0787 | val_corr=(0.941, 0.989) | test_loss=0.1219 | test_corr=(0.89, 0.945)
Epoch 157/400 | time=0.598s | train_loss=0.0816 | train_corr=(0.938, 0.985) | val_loss=0.0825 | val_corr=(0.942, 0.986) | test_loss=0.1303 | test_corr=(0.889, 0.943)
Epoch 158/400 | time=0.601s | train_loss=0.0759 | train_corr=(0.943, 0.989) | val_loss=0.0834 | val_corr=(0.945, 0.986) | test_loss=0.1264 | test_corr=(0.894, 0.942)
Epoch 159/400 | time=0.599s | train_loss=0.0734 | train_corr=(0.946, 0.99) | val_loss=0.0777 | val_corr=(0.944, 0.987) | test_loss=0.1237 | test_corr=(0.89, 0.942)
Epoch 160/400 | time=0.6s | train_loss=0.0785 | train_corr=(0.946, 0.988) | val_loss=0.0748 | val_corr=(0.947, 0.989) | test_loss=0.1205 | test_corr=(0.895, 0.944)
Epoch 161/400 | time=0.603s | train_loss=0.0843 | train_corr=(0.946, 0.988) | val_loss=0.0995 | val_corr=(0.942, 0.982) | test_loss=0.1356 | test_corr=(0.894, 0.94)
Epoch 162/400 | time=0.6s | train_loss=0.0848 | train_corr=(0.944, 0.986) | val_loss=0.1044 | val_corr=(0.939, 0.986) | test_loss=0.137 | test_corr=(0.888, 0.945)
Epoch 163/400 | time=0.602s | train_loss=0.0968 | train_corr=(0.937, 0.981) | val_loss=0.0895 | val_corr=(0.938, 0.984) | test_loss=0.129 | test_corr=(0.889, 0.941)
Epoch 164/400 | time=0.599s | train_loss=0.0873 | train_corr=(0.944, 0.984) | val_loss=0.0796 | val_corr=(0.949, 0.987) | test_loss=0.1219 | test_corr=(0.898, 0.943)
Epoch 165/400 | time=0.6s | train_loss=0.0826 | train_corr=(0.948, 0.985) | val_loss=0.0792 | val_corr=(0.947, 0.985) | test_loss=0.1275 | test_corr=(0.89, 0.938)
Epoch 166/400 | time=0.598s | train_loss=0.0772 | train_corr=(0.947, 0.989) | val_loss=0.0875 | val_corr=(0.942, 0.983) | test_loss=0.1282 | test_corr=(0.89, 0.939)
Epoch 167/400 | time=0.598s | train_loss=0.0771 | train_corr=(0.949, 0.987) | val_loss=0.0763 | val_corr=(0.948, 0.985) | test_loss=0.1249 | test_corr=(0.892, 0.938)
Epoch 168/400 | time=0.6s | train_loss=0.0727 | train_corr=(0.951, 0.988) | val_loss=0.0768 | val_corr=(0.948, 0.988) | test_loss=0.1255 | test_corr=(0.894, 0.946)
Epoch 169/400 | time=0.6s | train_loss=0.0808 | train_corr=(0.946, 0.986) | val_loss=0.0735 | val_corr=(0.949, 0.991) | test_loss=0.1202 | test_corr=(0.893, 0.948)
Epoch 170/400 | time=0.597s | train_loss=0.0711 | train_corr=(0.952, 0.99) | val_loss=0.0726 | val_corr=(0.953, 0.991) | test_loss=0.1173 | test_corr=(0.899, 0.948)
Epoch 171/400 | time=0.598s | train_loss=0.074 | train_corr=(0.951, 0.99) | val_loss=0.0712 | val_corr=(0.952, 0.99) | test_loss=0.1171 | test_corr=(0.898, 0.948)
Epoch 172/400 | time=0.599s | train_loss=0.0753 | train_corr=(0.948, 0.987) | val_loss=0.0774 | val_corr=(0.949, 0.983) | test_loss=0.1272 | test_corr=(0.891, 0.937)
Epoch 173/400 | time=0.615s | train_loss=0.0734 | train_corr=(0.95, 0.989) | val_loss=0.0759 | val_corr=(0.95, 0.989) | test_loss=0.1242 | test_corr=(0.895, 0.947)
Epoch 174/400 | time=0.598s | train_loss=0.0708 | train_corr=(0.95, 0.988) | val_loss=0.0756 | val_corr=(0.95, 0.988) | test_loss=0.1262 | test_corr=(0.893, 0.946)
Epoch 175/400 | time=0.603s | train_loss=0.0728 | train_corr=(0.95, 0.988) | val_loss=0.07 | val_corr=(0.953, 0.989) | test_loss=0.1184 | test_corr=(0.897, 0.948)
Epoch 176/400 | time=0.598s | train_loss=0.0703 | train_corr=(0.956, 0.988) | val_loss=0.0701 | val_corr=(0.955, 0.989) | test_loss=0.1206 | test_corr=(0.898, 0.944)
Epoch 177/400 | time=0.6s | train_loss=0.0726 | train_corr=(0.952, 0.987) | val_loss=0.0778 | val_corr=(0.949, 0.989) | test_loss=0.121 | test_corr=(0.895, 0.946)
Epoch 178/400 | time=0.6s | train_loss=0.0843 | train_corr=(0.95, 0.984) | val_loss=0.0806 | val_corr=(0.95, 0.986) | test_loss=0.1242 | test_corr=(0.897, 0.943)
Epoch 179/400 | time=0.597s | train_loss=0.0734 | train_corr=(0.95, 0.988) | val_loss=0.0721 | val_corr=(0.951, 0.989) | test_loss=0.1181 | test_corr=(0.897, 0.947)
Epoch 180/400 | time=0.599s | train_loss=0.0699 | train_corr=(0.955, 0.99) | val_loss=0.0722 | val_corr=(0.952, 0.989) | test_loss=0.1235 | test_corr=(0.894, 0.944)
Epoch 181/400 | time=0.598s | train_loss=0.0694 | train_corr=(0.955, 0.989) | val_loss=0.0689 | val_corr=(0.954, 0.991) | test_loss=0.1205 | test_corr=(0.898, 0.948)
Epoch 182/400 | time=0.597s | train_loss=0.0708 | train_corr=(0.951, 0.987) | val_loss=0.0695 | val_corr=(0.956, 0.991) | test_loss=0.1176 | test_corr=(0.9, 0.947)
Epoch 183/400 | time=0.597s | train_loss=0.064 | train_corr=(0.957, 0.992) | val_loss=0.0662 | val_corr=(0.954, 0.991) | test_loss=0.1173 | test_corr=(0.899, 0.946)
Epoch 184/400 | time=0.598s | train_loss=0.0654 | train_corr=(0.955, 0.992) | val_loss=0.0663 | val_corr=(0.956, 0.992) | test_loss=0.1149 | test_corr=(0.9, 0.948)
Epoch 185/400 | time=0.596s | train_loss=0.0724 | train_corr=(0.954, 0.987) | val_loss=0.0835 | val_corr=(0.952, 0.979) | test_loss=0.1319 | test_corr=(0.893, 0.933)
Epoch 186/400 | time=0.597s | train_loss=0.0769 | train_corr=(0.951, 0.987) | val_loss=0.0783 | val_corr=(0.949, 0.988) | test_loss=0.1227 | test_corr=(0.894, 0.943)
Epoch 187/400 | time=0.598s | train_loss=0.0723 | train_corr=(0.953, 0.988) | val_loss=0.0688 | val_corr=(0.953, 0.991) | test_loss=0.117 | test_corr=(0.899, 0.948)
Epoch 188/400 | time=0.596s | train_loss=0.0698 | train_corr=(0.954, 0.991) | val_loss=0.0708 | val_corr=(0.952, 0.99) | test_loss=0.1208 | test_corr=(0.894, 0.947)
Epoch 189/400 | time=0.598s | train_loss=0.0735 | train_corr=(0.954, 0.989) | val_loss=0.0689 | val_corr=(0.955, 0.99) | test_loss=0.1173 | test_corr=(0.898, 0.947)
Epoch 190/400 | time=0.6s | train_loss=0.0645 | train_corr=(0.955, 0.992) | val_loss=0.0673 | val_corr=(0.955, 0.991) | test_loss=0.1207 | test_corr=(0.894, 0.945)
Epoch 191/400 | time=0.596s | train_loss=0.0666 | train_corr=(0.954, 0.992) | val_loss=0.068 | val_corr=(0.955, 0.991) | test_loss=0.1162 | test_corr=(0.899, 0.944)
Epoch 192/400 | time=0.61s | train_loss=0.0664 | train_corr=(0.954, 0.992) | val_loss=0.0638 | val_corr=(0.956, 0.992) | test_loss=0.1152 | test_corr=(0.899, 0.947)
Epoch 193/400 | time=0.628s | train_loss=0.0649 | train_corr=(0.957, 0.991) | val_loss=0.0648 | val_corr=(0.955, 0.992) | test_loss=0.1168 | test_corr=(0.897, 0.948)
Epoch 194/400 | time=0.644s | train_loss=0.0626 | train_corr=(0.957, 0.992) | val_loss=0.0655 | val_corr=(0.956, 0.991) | test_loss=0.1152 | test_corr=(0.9, 0.946)
Epoch 195/400 | time=0.619s | train_loss=0.0605 | train_corr=(0.956, 0.993) | val_loss=0.0637 | val_corr=(0.956, 0.99) | test_loss=0.1161 | test_corr=(0.899, 0.947)
Epoch 196/400 | time=0.622s | train_loss=0.0637 | train_corr=(0.956, 0.991) | val_loss=0.0626 | val_corr=(0.957, 0.992) | test_loss=0.1145 | test_corr=(0.899, 0.948)
Epoch 197/400 | time=0.603s | train_loss=0.0656 | train_corr=(0.957, 0.991) | val_loss=0.0733 | val_corr=(0.954, 0.988) | test_loss=0.1238 | test_corr=(0.897, 0.947)
Epoch 198/400 | time=0.603s | train_loss=0.065 | train_corr=(0.955, 0.989) | val_loss=0.0657 | val_corr=(0.956, 0.99) | test_loss=0.1195 | test_corr=(0.897, 0.945)
Epoch 199/400 | time=0.602s | train_loss=0.0667 | train_corr=(0.955, 0.993) | val_loss=0.0651 | val_corr=(0.956, 0.992) | test_loss=0.1154 | test_corr=(0.899, 0.946)
Epoch 200/400 | time=0.602s | train_loss=0.0706 | train_corr=(0.954, 0.987) | val_loss=0.0741 | val_corr=(0.951, 0.985) | test_loss=0.1231 | test_corr=(0.891, 0.937)
Epoch 201/400 | time=0.602s | train_loss=0.0691 | train_corr=(0.956, 0.99) | val_loss=0.0725 | val_corr=(0.957, 0.99) | test_loss=0.1199 | test_corr=(0.899, 0.945)
Epoch 202/400 | time=0.605s | train_loss=0.0805 | train_corr=(0.952, 0.984) | val_loss=0.0692 | val_corr=(0.953, 0.989) | test_loss=0.1201 | test_corr=(0.896, 0.947)
Epoch 203/400 | time=0.605s | train_loss=0.0669 | train_corr=(0.956, 0.99) | val_loss=0.0718 | val_corr=(0.955, 0.989) | test_loss=0.1194 | test_corr=(0.898, 0.944)
Epoch 204/400 | time=0.604s | train_loss=0.0711 | train_corr=(0.955, 0.989) | val_loss=0.0655 | val_corr=(0.956, 0.99) | test_loss=0.1186 | test_corr=(0.897, 0.947)
Epoch 205/400 | time=0.605s | train_loss=0.0628 | train_corr=(0.954, 0.992) | val_loss=0.0666 | val_corr=(0.956, 0.99) | test_loss=0.1152 | test_corr=(0.899, 0.947)
Epoch 206/400 | time=0.602s | train_loss=0.0636 | train_corr=(0.956, 0.992) | val_loss=0.0623 | val_corr=(0.957, 0.992) | test_loss=0.1129 | test_corr=(0.9, 0.95)
Epoch 207/400 | time=0.603s | train_loss=0.0611 | train_corr=(0.955, 0.993) | val_loss=0.0641 | val_corr=(0.956, 0.99) | test_loss=0.1148 | test_corr=(0.899, 0.947)
Epoch 208/400 | time=0.61s | train_loss=0.0611 | train_corr=(0.958, 0.992) | val_loss=0.0667 | val_corr=(0.956, 0.988) | test_loss=0.1202 | test_corr=(0.896, 0.944)
Epoch 209/400 | time=0.628s | train_loss=0.0656 | train_corr=(0.957, 0.991) | val_loss=0.0644 | val_corr=(0.956, 0.989) | test_loss=0.1184 | test_corr=(0.898, 0.944)
Epoch 210/400 | time=0.612s | train_loss=0.0684 | train_corr=(0.957, 0.99) | val_loss=0.0638 | val_corr=(0.956, 0.991) | test_loss=0.1167 | test_corr=(0.898, 0.946)
Epoch 211/400 | time=0.605s | train_loss=0.0636 | train_corr=(0.957, 0.991) | val_loss=0.0639 | val_corr=(0.956, 0.991) | test_loss=0.1185 | test_corr=(0.897, 0.947)
Epoch 212/400 | time=0.612s | train_loss=0.0607 | train_corr=(0.958, 0.992) | val_loss=0.0644 | val_corr=(0.956, 0.991) | test_loss=0.1177 | test_corr=(0.897, 0.947)
Epoch 213/400 | time=0.609s | train_loss=0.0683 | train_corr=(0.955, 0.988) | val_loss=0.064 | val_corr=(0.956, 0.992) | test_loss=0.1173 | test_corr=(0.898, 0.95)
Epoch 214/400 | time=0.654s | train_loss=0.0617 | train_corr=(0.959, 0.991) | val_loss=0.0641 | val_corr=(0.957, 0.991) | test_loss=0.1187 | test_corr=(0.897, 0.943)
Epoch 215/400 | time=0.664s | train_loss=0.0603 | train_corr=(0.956, 0.994) | val_loss=0.0593 | val_corr=(0.958, 0.993) | test_loss=0.1111 | test_corr=(0.901, 0.95)
Epoch 216/400 | time=0.663s | train_loss=0.0612 | train_corr=(0.957, 0.992) | val_loss=0.0631 | val_corr=(0.958, 0.99) | test_loss=0.1166 | test_corr=(0.898, 0.948)
Epoch 217/400 | time=0.995s | train_loss=0.0629 | train_corr=(0.956, 0.99) | val_loss=0.0647 | val_corr=(0.957, 0.989) | test_loss=0.1161 | test_corr=(0.898, 0.945)
Epoch 218/400 | time=0.652s | train_loss=0.0622 | train_corr=(0.959, 0.991) | val_loss=0.0626 | val_corr=(0.957, 0.99) | test_loss=0.1166 | test_corr=(0.899, 0.944)
Epoch 219/400 | time=0.646s | train_loss=0.0583 | train_corr=(0.957, 0.993) | val_loss=0.0601 | val_corr=(0.958, 0.992) | test_loss=0.1144 | test_corr=(0.899, 0.946)
Epoch 220/400 | time=0.647s | train_loss=0.0595 | train_corr=(0.958, 0.992) | val_loss=0.0593 | val_corr=(0.959, 0.993) | test_loss=0.113 | test_corr=(0.898, 0.949)
Epoch 221/400 | time=0.648s | train_loss=0.0598 | train_corr=(0.958, 0.992) | val_loss=0.0636 | val_corr=(0.958, 0.992) | test_loss=0.1142 | test_corr=(0.901, 0.947)
Epoch 222/400 | time=0.649s | train_loss=0.0584 | train_corr=(0.96, 0.994) | val_loss=0.0649 | val_corr=(0.955, 0.992) | test_loss=0.1195 | test_corr=(0.896, 0.948)
Epoch 223/400 | time=0.644s | train_loss=0.0664 | train_corr=(0.959, 0.989) | val_loss=0.0624 | val_corr=(0.956, 0.992) | test_loss=0.1191 | test_corr=(0.897, 0.946)
Epoch 224/400 | time=0.628s | train_loss=0.0643 | train_corr=(0.957, 0.991) | val_loss=0.0685 | val_corr=(0.957, 0.989) | test_loss=0.1246 | test_corr=(0.897, 0.943)
Epoch 225/400 | time=0.626s | train_loss=0.0616 | train_corr=(0.958, 0.992) | val_loss=0.062 | val_corr=(0.956, 0.991) | test_loss=0.113 | test_corr=(0.9, 0.949)
Epoch 226/400 | time=0.623s | train_loss=0.0585 | train_corr=(0.958, 0.993) | val_loss=0.0604 | val_corr=(0.958, 0.993) | test_loss=0.1154 | test_corr=(0.898, 0.948)
Epoch 227/400 | time=0.617s | train_loss=0.0582 | train_corr=(0.958, 0.993) | val_loss=0.057 | val_corr=(0.959, 0.993) | test_loss=0.1133 | test_corr=(0.898, 0.948)
Epoch 228/400 | time=0.622s | train_loss=0.0554 | train_corr=(0.96, 0.994) | val_loss=0.0568 | val_corr=(0.96, 0.994) | test_loss=0.1111 | test_corr=(0.9, 0.949)
Epoch 229/400 | time=0.616s | train_loss=0.057 | train_corr=(0.959, 0.994) | val_loss=0.0608 | val_corr=(0.958, 0.992) | test_loss=0.117 | test_corr=(0.898, 0.947)
Epoch 230/400 | time=0.616s | train_loss=0.0581 | train_corr=(0.96, 0.993) | val_loss=0.0584 | val_corr=(0.959, 0.993) | test_loss=0.1128 | test_corr=(0.9, 0.949)
Epoch 231/400 | time=0.616s | train_loss=0.0591 | train_corr=(0.957, 0.994) | val_loss=0.0601 | val_corr=(0.958, 0.992) | test_loss=0.1151 | test_corr=(0.899, 0.946)
Epoch 232/400 | time=0.616s | train_loss=0.0598 | train_corr=(0.957, 0.993) | val_loss=0.0605 | val_corr=(0.958, 0.993) | test_loss=0.114 | test_corr=(0.898, 0.948)
Epoch 233/400 | time=0.621s | train_loss=0.0607 | train_corr=(0.96, 0.991) | val_loss=0.0624 | val_corr=(0.958, 0.99) | test_loss=0.1169 | test_corr=(0.897, 0.943)
Epoch 234/400 | time=0.628s | train_loss=0.0624 | train_corr=(0.958, 0.991) | val_loss=0.0607 | val_corr=(0.958, 0.991) | test_loss=0.1166 | test_corr=(0.898, 0.945)
Epoch 235/400 | time=0.619s | train_loss=0.064 | train_corr=(0.956, 0.993) | val_loss=0.0578 | val_corr=(0.959, 0.993) | test_loss=0.1138 | test_corr=(0.898, 0.948)
Epoch 236/400 | time=0.63s | train_loss=0.0588 | train_corr=(0.959, 0.992) | val_loss=0.0594 | val_corr=(0.959, 0.992) | test_loss=0.1121 | test_corr=(0.901, 0.949)
Epoch 237/400 | time=0.621s | train_loss=0.0567 | train_corr=(0.961, 0.993) | val_loss=0.0569 | val_corr=(0.959, 0.994) | test_loss=0.1118 | test_corr=(0.901, 0.947)
Epoch 238/400 | time=0.619s | train_loss=0.0597 | train_corr=(0.96, 0.993) | val_loss=0.0594 | val_corr=(0.96, 0.994) | test_loss=0.1129 | test_corr=(0.901, 0.947)
Epoch 239/400 | time=0.621s | train_loss=0.0591 | train_corr=(0.958, 0.993) | val_loss=0.0576 | val_corr=(0.96, 0.994) | test_loss=0.1104 | test_corr=(0.902, 0.95)
Epoch 240/400 | time=0.612s | train_loss=0.0672 | train_corr=(0.959, 0.99) | val_loss=0.059 | val_corr=(0.958, 0.993) | test_loss=0.1118 | test_corr=(0.9, 0.948)
Epoch 241/400 | time=0.63s | train_loss=0.0626 | train_corr=(0.959, 0.991) | val_loss=0.0614 | val_corr=(0.956, 0.991) | test_loss=0.1149 | test_corr=(0.898, 0.946)
Epoch 242/400 | time=0.632s | train_loss=0.0587 | train_corr=(0.958, 0.993) | val_loss=0.0565 | val_corr=(0.959, 0.993) | test_loss=0.1132 | test_corr=(0.898, 0.946)
Epoch 243/400 | time=0.625s | train_loss=0.0626 | train_corr=(0.956, 0.991) | val_loss=0.0606 | val_corr=(0.959, 0.992) | test_loss=0.1122 | test_corr=(0.9, 0.948)
Epoch 244/400 | time=0.628s | train_loss=0.059 | train_corr=(0.957, 0.993) | val_loss=0.0568 | val_corr=(0.959, 0.993) | test_loss=0.1103 | test_corr=(0.9, 0.949)
Epoch 245/400 | time=0.624s | train_loss=0.0569 | train_corr=(0.961, 0.993) | val_loss=0.0568 | val_corr=(0.959, 0.994) | test_loss=0.113 | test_corr=(0.9, 0.951)
Epoch 246/400 | time=0.62s | train_loss=0.0537 | train_corr=(0.96, 0.995) | val_loss=0.0545 | val_corr=(0.961, 0.994) | test_loss=0.111 | test_corr=(0.9, 0.949)
Epoch 247/400 | time=0.621s | train_loss=0.0553 | train_corr=(0.961, 0.994) | val_loss=0.0564 | val_corr=(0.961, 0.993) | test_loss=0.1134 | test_corr=(0.898, 0.946)
Epoch 248/400 | time=0.63s | train_loss=0.0611 | train_corr=(0.956, 0.994) | val_loss=0.0562 | val_corr=(0.959, 0.994) | test_loss=0.1103 | test_corr=(0.901, 0.95)
Epoch 249/400 | time=0.627s | train_loss=0.0568 | train_corr=(0.96, 0.993) | val_loss=0.0642 | val_corr=(0.958, 0.991) | test_loss=0.12 | test_corr=(0.897, 0.945)
Epoch 250/400 | time=0.626s | train_loss=0.0579 | train_corr=(0.958, 0.994) | val_loss=0.0625 | val_corr=(0.96, 0.991) | test_loss=0.1149 | test_corr=(0.899, 0.943)
Epoch 251/400 | time=0.644s | train_loss=0.0571 | train_corr=(0.96, 0.993) | val_loss=0.0592 | val_corr=(0.957, 0.993) | test_loss=0.116 | test_corr=(0.897, 0.948)
Epoch 252/400 | time=0.648s | train_loss=0.0564 | train_corr=(0.961, 0.992) | val_loss=0.054 | val_corr=(0.96, 0.994) | test_loss=0.1114 | test_corr=(0.899, 0.949)
Epoch 253/400 | time=0.652s | train_loss=0.0527 | train_corr=(0.961, 0.995) | val_loss=0.055 | val_corr=(0.96, 0.994) | test_loss=0.1097 | test_corr=(0.903, 0.948)
Epoch 254/400 | time=0.655s | train_loss=0.0594 | train_corr=(0.96, 0.992) | val_loss=0.056 | val_corr=(0.96, 0.994) | test_loss=0.1118 | test_corr=(0.899, 0.947)
Epoch 255/400 | time=0.659s | train_loss=0.0555 | train_corr=(0.961, 0.993) | val_loss=0.0586 | val_corr=(0.957, 0.994) | test_loss=0.1161 | test_corr=(0.895, 0.949)
Epoch 256/400 | time=0.655s | train_loss=0.0575 | train_corr=(0.962, 0.993) | val_loss=0.0558 | val_corr=(0.96, 0.994) | test_loss=0.1118 | test_corr=(0.899, 0.949)
Epoch 257/400 | time=0.659s | train_loss=0.0668 | train_corr=(0.96, 0.987) | val_loss=0.0637 | val_corr=(0.957, 0.991) | test_loss=0.122 | test_corr=(0.894, 0.943)
Epoch 258/400 | time=0.657s | train_loss=0.0576 | train_corr=(0.962, 0.994) | val_loss=0.0566 | val_corr=(0.961, 0.994) | test_loss=0.111 | test_corr=(0.901, 0.946)
Epoch 259/400 | time=0.657s | train_loss=0.0535 | train_corr=(0.961, 0.996) | val_loss=0.0569 | val_corr=(0.962, 0.994) | test_loss=0.1111 | test_corr=(0.9, 0.95)
Epoch 260/400 | time=0.654s | train_loss=0.0545 | train_corr=(0.961, 0.994) | val_loss=0.0558 | val_corr=(0.96, 0.993) | test_loss=0.1093 | test_corr=(0.902, 0.95)
Epoch 261/400 | time=0.653s | train_loss=0.0539 | train_corr=(0.959, 0.995) | val_loss=0.054 | val_corr=(0.96, 0.994) | test_loss=0.1113 | test_corr=(0.899, 0.948)
Epoch 262/400 | time=0.651s | train_loss=0.0545 | train_corr=(0.962, 0.994) | val_loss=0.0555 | val_corr=(0.96, 0.994) | test_loss=0.1122 | test_corr=(0.9, 0.951)
Epoch 263/400 | time=0.66s | train_loss=0.0553 | train_corr=(0.96, 0.994) | val_loss=0.0546 | val_corr=(0.961, 0.994) | test_loss=0.1093 | test_corr=(0.902, 0.947)
Epoch 264/400 | time=0.646s | train_loss=0.0606 | train_corr=(0.959, 0.992) | val_loss=0.0609 | val_corr=(0.959, 0.989) | test_loss=0.1136 | test_corr=(0.897, 0.947)
Epoch 265/400 | time=0.629s | train_loss=0.0681 | train_corr=(0.955, 0.987) | val_loss=0.0585 | val_corr=(0.959, 0.993) | test_loss=0.1117 | test_corr=(0.899, 0.947)
Epoch 266/400 | time=0.64s | train_loss=0.0558 | train_corr=(0.96, 0.993) | val_loss=0.0568 | val_corr=(0.96, 0.992) | test_loss=0.112 | test_corr=(0.901, 0.945)
Epoch 267/400 | time=0.639s | train_loss=0.0615 | train_corr=(0.958, 0.99) | val_loss=0.057 | val_corr=(0.96, 0.993) | test_loss=0.112 | test_corr=(0.9, 0.947)
Epoch 268/400 | time=0.646s | train_loss=0.0524 | train_corr=(0.96, 0.995) | val_loss=0.0549 | val_corr=(0.961, 0.993) | test_loss=0.1095 | test_corr=(0.901, 0.947)
Epoch 269/400 | time=0.65s | train_loss=0.0521 | train_corr=(0.961, 0.994) | val_loss=0.0555 | val_corr=(0.961, 0.994) | test_loss=0.1082 | test_corr=(0.903, 0.95)
Epoch 270/400 | time=0.646s | train_loss=0.0515 | train_corr=(0.962, 0.995) | val_loss=0.0534 | val_corr=(0.961, 0.994) | test_loss=0.1111 | test_corr=(0.899, 0.947)
Epoch 271/400 | time=0.642s | train_loss=0.0603 | train_corr=(0.962, 0.994) | val_loss=0.0586 | val_corr=(0.958, 0.993) | test_loss=0.1157 | test_corr=(0.899, 0.949)
Epoch 272/400 | time=0.637s | train_loss=0.054 | train_corr=(0.96, 0.994) | val_loss=0.0538 | val_corr=(0.961, 0.994) | test_loss=0.1108 | test_corr=(0.9, 0.95)
Epoch 273/400 | time=0.641s | train_loss=0.0556 | train_corr=(0.96, 0.995) | val_loss=0.0542 | val_corr=(0.961, 0.994) | test_loss=0.1075 | test_corr=(0.903, 0.951)
Epoch 274/400 | time=0.627s | train_loss=0.0631 | train_corr=(0.96, 0.994) | val_loss=0.0589 | val_corr=(0.958, 0.992) | test_loss=0.1138 | test_corr=(0.899, 0.945)
Epoch 275/400 | time=0.637s | train_loss=0.0553 | train_corr=(0.96, 0.994) | val_loss=0.0563 | val_corr=(0.959, 0.993) | test_loss=0.1122 | test_corr=(0.898, 0.949)
Epoch 276/400 | time=0.636s | train_loss=0.0577 | train_corr=(0.96, 0.992) | val_loss=0.056 | val_corr=(0.96, 0.993) | test_loss=0.109 | test_corr=(0.902, 0.951)
Epoch 277/400 | time=0.644s | train_loss=0.0553 | train_corr=(0.959, 0.993) | val_loss=0.0566 | val_corr=(0.961, 0.994) | test_loss=0.1103 | test_corr=(0.902, 0.951)
Epoch 278/400 | time=0.636s | train_loss=0.0539 | train_corr=(0.961, 0.995) | val_loss=0.0514 | val_corr=(0.962, 0.995) | test_loss=0.1075 | test_corr=(0.901, 0.95)
Epoch 279/400 | time=0.641s | train_loss=0.0535 | train_corr=(0.96, 0.995) | val_loss=0.0532 | val_corr=(0.963, 0.994) | test_loss=0.1095 | test_corr=(0.9, 0.949)
Epoch 280/400 | time=0.634s | train_loss=0.0577 | train_corr=(0.962, 0.993) | val_loss=0.0554 | val_corr=(0.959, 0.994) | test_loss=0.1144 | test_corr=(0.897, 0.946)
Epoch 281/400 | time=0.641s | train_loss=0.0592 | train_corr=(0.962, 0.992) | val_loss=0.0554 | val_corr=(0.96, 0.994) | test_loss=0.112 | test_corr=(0.9, 0.947)
Epoch 282/400 | time=0.629s | train_loss=0.0588 | train_corr=(0.961, 0.991) | val_loss=0.0567 | val_corr=(0.959, 0.993) | test_loss=0.1142 | test_corr=(0.899, 0.948)
Epoch 283/400 | time=0.641s | train_loss=0.0643 | train_corr=(0.958, 0.993) | val_loss=0.0611 | val_corr=(0.957, 0.992) | test_loss=0.116 | test_corr=(0.895, 0.947)
Epoch 284/400 | time=0.641s | train_loss=0.0586 | train_corr=(0.959, 0.994) | val_loss=0.0633 | val_corr=(0.962, 0.99) | test_loss=0.1177 | test_corr=(0.899, 0.945)
Epoch 285/400 | time=0.637s | train_loss=0.0586 | train_corr=(0.959, 0.99) | val_loss=0.0591 | val_corr=(0.962, 0.992) | test_loss=0.1141 | test_corr=(0.9, 0.946)
Epoch 286/400 | time=0.64s | train_loss=0.0565 | train_corr=(0.959, 0.994) | val_loss=0.0578 | val_corr=(0.961, 0.992) | test_loss=0.1108 | test_corr=(0.902, 0.947)
Epoch 287/400 | time=0.636s | train_loss=0.0518 | train_corr=(0.962, 0.994) | val_loss=0.0567 | val_corr=(0.962, 0.992) | test_loss=0.1147 | test_corr=(0.901, 0.944)
Epoch 288/400 | time=0.651s | train_loss=0.0506 | train_corr=(0.961, 0.995) | val_loss=0.0544 | val_corr=(0.962, 0.995) | test_loss=0.1071 | test_corr=(0.905, 0.95)
Epoch 289/400 | time=0.655s | train_loss=0.0507 | train_corr=(0.963, 0.995) | val_loss=0.0493 | val_corr=(0.962, 0.996) | test_loss=0.1093 | test_corr=(0.9, 0.949)
Epoch 290/400 | time=0.646s | train_loss=0.0502 | train_corr=(0.963, 0.996) | val_loss=0.0498 | val_corr=(0.963, 0.995) | test_loss=0.1084 | test_corr=(0.901, 0.949)
Epoch 291/400 | time=0.64s | train_loss=0.0488 | train_corr=(0.962, 0.995) | val_loss=0.0499 | val_corr=(0.963, 0.996) | test_loss=0.1066 | test_corr=(0.903, 0.951)
Epoch 292/400 | time=0.638s | train_loss=0.053 | train_corr=(0.961, 0.993) | val_loss=0.0504 | val_corr=(0.963, 0.995) | test_loss=0.1075 | test_corr=(0.901, 0.95)
Epoch 293/400 | time=0.63s | train_loss=0.0527 | train_corr=(0.961, 0.994) | val_loss=0.0539 | val_corr=(0.96, 0.992) | test_loss=0.1095 | test_corr=(0.898, 0.947)
Epoch 294/400 | time=0.624s | train_loss=0.0545 | train_corr=(0.962, 0.994) | val_loss=0.0521 | val_corr=(0.961, 0.994) | test_loss=0.1079 | test_corr=(0.902, 0.949)
Epoch 295/400 | time=0.614s | train_loss=0.0509 | train_corr=(0.963, 0.994) | val_loss=0.0518 | val_corr=(0.962, 0.994) | test_loss=0.1097 | test_corr=(0.9, 0.947)
Epoch 296/400 | time=0.625s | train_loss=0.0528 | train_corr=(0.962, 0.995) | val_loss=0.0531 | val_corr=(0.961, 0.994) | test_loss=0.11 | test_corr=(0.899, 0.948)
Epoch 297/400 | time=0.634s | train_loss=0.052 | train_corr=(0.962, 0.995) | val_loss=0.0543 | val_corr=(0.962, 0.993) | test_loss=0.1119 | test_corr=(0.901, 0.946)
Epoch 298/400 | time=0.624s | train_loss=0.0558 | train_corr=(0.962, 0.992) | val_loss=0.0522 | val_corr=(0.961, 0.994) | test_loss=0.1093 | test_corr=(0.9, 0.95)
Epoch 299/400 | time=0.62s | train_loss=0.048 | train_corr=(0.963, 0.996) | val_loss=0.0535 | val_corr=(0.961, 0.994) | test_loss=0.1125 | test_corr=(0.9, 0.947)
Epoch 300/400 | time=0.633s | train_loss=0.0489 | train_corr=(0.962, 0.995) | val_loss=0.0526 | val_corr=(0.961, 0.994) | test_loss=0.107 | test_corr=(0.903, 0.952)
Epoch 301/400 | time=0.625s | train_loss=0.0506 | train_corr=(0.965, 0.996) | val_loss=0.051 | val_corr=(0.962, 0.994) | test_loss=0.1105 | test_corr=(0.9, 0.947)
Epoch 302/400 | time=0.628s | train_loss=0.0485 | train_corr=(0.963, 0.996) | val_loss=0.05 | val_corr=(0.964, 0.996) | test_loss=0.1065 | test_corr=(0.903, 0.951)
Epoch 303/400 | time=0.628s | train_loss=0.0491 | train_corr=(0.962, 0.996) | val_loss=0.0495 | val_corr=(0.964, 0.994) | test_loss=0.1075 | test_corr=(0.904, 0.949)
Epoch 304/400 | time=0.63s | train_loss=0.0483 | train_corr=(0.963, 0.996) | val_loss=0.0481 | val_corr=(0.965, 0.996) | test_loss=0.1055 | test_corr=(0.905, 0.951)
Epoch 305/400 | time=0.64s | train_loss=0.049 | train_corr=(0.963, 0.995) | val_loss=0.0499 | val_corr=(0.963, 0.994) | test_loss=0.1095 | test_corr=(0.9, 0.947)
Epoch 306/400 | time=0.63s | train_loss=0.0489 | train_corr=(0.963, 0.994) | val_loss=0.0487 | val_corr=(0.963, 0.995) | test_loss=0.1061 | test_corr=(0.902, 0.95)
Epoch 307/400 | time=0.627s | train_loss=0.0546 | train_corr=(0.964, 0.993) | val_loss=0.0576 | val_corr=(0.959, 0.994) | test_loss=0.1155 | test_corr=(0.896, 0.948)
Epoch 308/400 | time=0.613s | train_loss=0.0514 | train_corr=(0.963, 0.995) | val_loss=0.0522 | val_corr=(0.961, 0.995) | test_loss=0.1091 | test_corr=(0.901, 0.949)
Epoch 309/400 | time=0.608s | train_loss=0.0491 | train_corr=(0.964, 0.995) | val_loss=0.0503 | val_corr=(0.963, 0.994) | test_loss=0.1089 | test_corr=(0.902, 0.949)
Epoch 310/400 | time=0.605s | train_loss=0.0479 | train_corr=(0.963, 0.995) | val_loss=0.0541 | val_corr=(0.962, 0.993) | test_loss=0.1106 | test_corr=(0.9, 0.949)
Epoch 311/400 | time=0.602s | train_loss=0.0483 | train_corr=(0.962, 0.994) | val_loss=0.0481 | val_corr=(0.963, 0.995) | test_loss=0.1059 | test_corr=(0.903, 0.95)
Epoch 312/400 | time=0.603s | train_loss=0.0492 | train_corr=(0.963, 0.995) | val_loss=0.0538 | val_corr=(0.963, 0.993) | test_loss=0.1069 | test_corr=(0.904, 0.951)
Epoch 313/400 | time=0.603s | train_loss=0.0522 | train_corr=(0.962, 0.993) | val_loss=0.0541 | val_corr=(0.961, 0.992) | test_loss=0.1081 | test_corr=(0.9, 0.952)
Epoch 314/400 | time=0.603s | train_loss=0.0503 | train_corr=(0.961, 0.994) | val_loss=0.0513 | val_corr=(0.962, 0.993) | test_loss=0.1076 | test_corr=(0.902, 0.949)
Epoch 315/400 | time=0.604s | train_loss=0.0491 | train_corr=(0.963, 0.994) | val_loss=0.0509 | val_corr=(0.963, 0.995) | test_loss=0.1074 | test_corr=(0.901, 0.953)
Epoch 316/400 | time=0.603s | train_loss=0.0481 | train_corr=(0.963, 0.995) | val_loss=0.0498 | val_corr=(0.963, 0.994) | test_loss=0.1085 | test_corr=(0.901, 0.949)
Epoch 317/400 | time=0.602s | train_loss=0.0484 | train_corr=(0.966, 0.995) | val_loss=0.0501 | val_corr=(0.963, 0.995) | test_loss=0.1087 | test_corr=(0.902, 0.95)
Epoch 318/400 | time=0.605s | train_loss=0.047 | train_corr=(0.963, 0.996) | val_loss=0.0507 | val_corr=(0.964, 0.994) | test_loss=0.106 | test_corr=(0.904, 0.952)
Epoch 319/400 | time=0.605s | train_loss=0.0471 | train_corr=(0.965, 0.996) | val_loss=0.0477 | val_corr=(0.963, 0.996) | test_loss=0.1079 | test_corr=(0.9, 0.95)
Epoch 320/400 | time=0.602s | train_loss=0.0509 | train_corr=(0.965, 0.996) | val_loss=0.0487 | val_corr=(0.963, 0.996) | test_loss=0.109 | test_corr=(0.901, 0.952)
Epoch 321/400 | time=0.602s | train_loss=0.0499 | train_corr=(0.964, 0.993) | val_loss=0.0518 | val_corr=(0.964, 0.994) | test_loss=0.1096 | test_corr=(0.9, 0.948)
Epoch 322/400 | time=0.6s | train_loss=0.0503 | train_corr=(0.963, 0.994) | val_loss=0.0475 | val_corr=(0.964, 0.994) | test_loss=0.1056 | test_corr=(0.903, 0.949)
Epoch 323/400 | time=0.602s | train_loss=0.051 | train_corr=(0.963, 0.994) | val_loss=0.0494 | val_corr=(0.962, 0.995) | test_loss=0.1089 | test_corr=(0.899, 0.948)
Epoch 324/400 | time=0.599s | train_loss=0.0477 | train_corr=(0.965, 0.995) | val_loss=0.0544 | val_corr=(0.959, 0.993) | test_loss=0.1129 | test_corr=(0.896, 0.949)
Epoch 325/400 | time=0.599s | train_loss=0.0503 | train_corr=(0.961, 0.995) | val_loss=0.0602 | val_corr=(0.962, 0.989) | test_loss=0.1134 | test_corr=(0.901, 0.945)
Epoch 326/400 | time=0.597s | train_loss=0.0504 | train_corr=(0.965, 0.994) | val_loss=0.0554 | val_corr=(0.961, 0.991) | test_loss=0.113 | test_corr=(0.897, 0.944)
Epoch 327/400 | time=0.597s | train_loss=0.0489 | train_corr=(0.964, 0.995) | val_loss=0.059 | val_corr=(0.962, 0.99) | test_loss=0.1128 | test_corr=(0.899, 0.944)
Epoch 328/400 | time=0.601s | train_loss=0.0575 | train_corr=(0.96, 0.989) | val_loss=0.0606 | val_corr=(0.961, 0.99) | test_loss=0.1091 | test_corr=(0.904, 0.948)
Epoch 329/400 | time=0.599s | train_loss=0.0542 | train_corr=(0.959, 0.991) | val_loss=0.0581 | val_corr=(0.963, 0.993) | test_loss=0.1093 | test_corr=(0.902, 0.949)
Epoch 330/400 | time=0.598s | train_loss=0.0556 | train_corr=(0.961, 0.99) | val_loss=0.0567 | val_corr=(0.963, 0.993) | test_loss=0.1093 | test_corr=(0.904, 0.949)
Epoch 331/400 | time=0.599s | train_loss=0.0526 | train_corr=(0.96, 0.994) | val_loss=0.0616 | val_corr=(0.962, 0.992) | test_loss=0.1143 | test_corr=(0.901, 0.946)
Epoch 332/400 | time=0.598s | train_loss=0.051 | train_corr=(0.962, 0.995) | val_loss=0.0509 | val_corr=(0.963, 0.994) | test_loss=0.1064 | test_corr=(0.902, 0.95)
Epoch 333/400 | time=0.598s | train_loss=0.0476 | train_corr=(0.963, 0.995) | val_loss=0.0494 | val_corr=(0.965, 0.994) | test_loss=0.1054 | test_corr=(0.903, 0.949)
Epoch 334/400 | time=0.599s | train_loss=0.0464 | train_corr=(0.965, 0.995) | val_loss=0.0457 | val_corr=(0.964, 0.996) | test_loss=0.1052 | test_corr=(0.902, 0.95)
Epoch 335/400 | time=0.602s | train_loss=0.0483 | train_corr=(0.965, 0.995) | val_loss=0.0446 | val_corr=(0.964, 0.996) | test_loss=0.1043 | test_corr=(0.904, 0.949)
Epoch 336/400 | time=0.598s | train_loss=0.0433 | train_corr=(0.966, 0.996) | val_loss=0.0457 | val_corr=(0.966, 0.996) | test_loss=0.1043 | test_corr=(0.904, 0.95)
Epoch 337/400 | time=0.602s | train_loss=0.0449 | train_corr=(0.965, 0.995) | val_loss=0.0454 | val_corr=(0.963, 0.995) | test_loss=0.1047 | test_corr=(0.902, 0.951)
Epoch 338/400 | time=0.624s | train_loss=0.0466 | train_corr=(0.963, 0.994) | val_loss=0.0453 | val_corr=(0.965, 0.996) | test_loss=0.1044 | test_corr=(0.903, 0.95)
Epoch 339/400 | time=0.612s | train_loss=0.0442 | train_corr=(0.964, 0.996) | val_loss=0.0457 | val_corr=(0.965, 0.995) | test_loss=0.1054 | test_corr=(0.903, 0.949)
Epoch 340/400 | time=0.597s | train_loss=0.0441 | train_corr=(0.965, 0.995) | val_loss=0.047 | val_corr=(0.965, 0.995) | test_loss=0.1051 | test_corr=(0.903, 0.949)
Epoch 341/400 | time=0.598s | train_loss=0.0432 | train_corr=(0.965, 0.996) | val_loss=0.0448 | val_corr=(0.965, 0.996) | test_loss=0.1027 | test_corr=(0.904, 0.951)
Epoch 342/400 | time=0.6s | train_loss=0.0455 | train_corr=(0.965, 0.995) | val_loss=0.0441 | val_corr=(0.965, 0.996) | test_loss=0.1035 | test_corr=(0.903, 0.95)
Epoch 343/400 | time=0.6s | train_loss=0.0429 | train_corr=(0.966, 0.996) | val_loss=0.0432 | val_corr=(0.965, 0.996) | test_loss=0.1031 | test_corr=(0.905, 0.951)
Epoch 344/400 | time=0.598s | train_loss=0.0452 | train_corr=(0.966, 0.996) | val_loss=0.045 | val_corr=(0.965, 0.995) | test_loss=0.1043 | test_corr=(0.903, 0.95)
Epoch 345/400 | time=0.599s | train_loss=0.0463 | train_corr=(0.964, 0.994) | val_loss=0.0453 | val_corr=(0.964, 0.995) | test_loss=0.1043 | test_corr=(0.903, 0.952)
Epoch 346/400 | time=0.598s | train_loss=0.0438 | train_corr=(0.968, 0.996) | val_loss=0.046 | val_corr=(0.964, 0.995) | test_loss=0.1053 | test_corr=(0.902, 0.951)
Epoch 347/400 | time=0.598s | train_loss=0.0437 | train_corr=(0.967, 0.996) | val_loss=0.0478 | val_corr=(0.962, 0.996) | test_loss=0.1083 | test_corr=(0.9, 0.951)
Epoch 348/400 | time=0.599s | train_loss=0.0462 | train_corr=(0.967, 0.995) | val_loss=0.0452 | val_corr=(0.966, 0.996) | test_loss=0.103 | test_corr=(0.905, 0.952)
Epoch 349/400 | time=0.599s | train_loss=0.0476 | train_corr=(0.965, 0.996) | val_loss=0.0466 | val_corr=(0.964, 0.995) | test_loss=0.106 | test_corr=(0.902, 0.95)
Epoch 350/400 | time=0.6s | train_loss=0.0442 | train_corr=(0.963, 0.996) | val_loss=0.0432 | val_corr=(0.966, 0.997) | test_loss=0.1033 | test_corr=(0.904, 0.951)
Epoch 351/400 | time=0.598s | train_loss=0.0438 | train_corr=(0.965, 0.996) | val_loss=0.0439 | val_corr=(0.964, 0.996) | test_loss=0.1047 | test_corr=(0.902, 0.951)
Epoch 352/400 | time=0.602s | train_loss=0.0423 | train_corr=(0.966, 0.997) | val_loss=0.0429 | val_corr=(0.965, 0.996) | test_loss=0.1059 | test_corr=(0.901, 0.948)
Epoch 353/400 | time=0.6s | train_loss=0.0419 | train_corr=(0.966, 0.996) | val_loss=0.0427 | val_corr=(0.966, 0.996) | test_loss=0.1041 | test_corr=(0.903, 0.949)
Epoch 354/400 | time=0.604s | train_loss=0.0415 | train_corr=(0.965, 0.997) | val_loss=0.044 | val_corr=(0.965, 0.996) | test_loss=0.1047 | test_corr=(0.902, 0.948)
Epoch 355/400 | time=0.601s | train_loss=0.041 | train_corr=(0.966, 0.996) | val_loss=0.0421 | val_corr=(0.965, 0.996) | test_loss=0.1032 | test_corr=(0.904, 0.95)
Epoch 356/400 | time=0.599s | train_loss=0.0468 | train_corr=(0.964, 0.995) | val_loss=0.045 | val_corr=(0.965, 0.995) | test_loss=0.1035 | test_corr=(0.903, 0.95)
Epoch 357/400 | time=0.601s | train_loss=0.0414 | train_corr=(0.966, 0.997) | val_loss=0.0423 | val_corr=(0.966, 0.996) | test_loss=0.1035 | test_corr=(0.903, 0.951)
Epoch 358/400 | time=0.601s | train_loss=0.0433 | train_corr=(0.965, 0.996) | val_loss=0.042 | val_corr=(0.965, 0.996) | test_loss=0.104 | test_corr=(0.902, 0.95)
Epoch 359/400 | time=0.597s | train_loss=0.0413 | train_corr=(0.964, 0.997) | val_loss=0.0428 | val_corr=(0.966, 0.997) | test_loss=0.103 | test_corr=(0.904, 0.951)
Epoch 360/400 | time=0.598s | train_loss=0.0416 | train_corr=(0.966, 0.995) | val_loss=0.0452 | val_corr=(0.967, 0.996) | test_loss=0.1045 | test_corr=(0.905, 0.95)
Epoch 361/400 | time=0.599s | train_loss=0.0426 | train_corr=(0.967, 0.996) | val_loss=0.0469 | val_corr=(0.966, 0.994) | test_loss=0.1058 | test_corr=(0.904, 0.949)
Epoch 362/400 | time=0.599s | train_loss=0.0434 | train_corr=(0.965, 0.995) | val_loss=0.0459 | val_corr=(0.965, 0.996) | test_loss=0.106 | test_corr=(0.903, 0.949)
Epoch 363/400 | time=0.598s | train_loss=0.0418 | train_corr=(0.967, 0.996) | val_loss=0.0442 | val_corr=(0.966, 0.996) | test_loss=0.1047 | test_corr=(0.903, 0.949)
Epoch 364/400 | time=0.599s | train_loss=0.0418 | train_corr=(0.966, 0.996) | val_loss=0.0415 | val_corr=(0.965, 0.996) | test_loss=0.1033 | test_corr=(0.904, 0.949)
Epoch 365/400 | time=0.601s | train_loss=0.0448 | train_corr=(0.965, 0.995) | val_loss=0.0445 | val_corr=(0.965, 0.994) | test_loss=0.104 | test_corr=(0.903, 0.949)
Epoch 366/400 | time=0.585s | train_loss=0.0432 | train_corr=(0.965, 0.996) | val_loss=0.0475 | val_corr=(0.962, 0.994) | test_loss=0.1081 | test_corr=(0.899, 0.945)
Epoch 367/400 | time=0.607s | train_loss=0.0466 | train_corr=(0.962, 0.995) | val_loss=0.0449 | val_corr=(0.966, 0.996) | test_loss=0.1038 | test_corr=(0.904, 0.951)
Epoch 368/400 | time=0.612s | train_loss=0.046 | train_corr=(0.965, 0.995) | val_loss=0.0465 | val_corr=(0.963, 0.995) | test_loss=0.1069 | test_corr=(0.901, 0.949)
Epoch 369/400 | time=0.609s | train_loss=0.0544 | train_corr=(0.962, 0.993) | val_loss=0.0441 | val_corr=(0.965, 0.996) | test_loss=0.1036 | test_corr=(0.905, 0.951)
Epoch 370/400 | time=0.608s | train_loss=0.0476 | train_corr=(0.964, 0.994) | val_loss=0.0488 | val_corr=(0.965, 0.994) | test_loss=0.106 | test_corr=(0.904, 0.949)
Epoch 371/400 | time=0.658s | train_loss=0.0478 | train_corr=(0.965, 0.994) | val_loss=0.0495 | val_corr=(0.963, 0.993) | test_loss=0.1089 | test_corr=(0.901, 0.948)
Epoch 372/400 | time=0.661s | train_loss=0.0441 | train_corr=(0.963, 0.995) | val_loss=0.047 | val_corr=(0.963, 0.994) | test_loss=0.1068 | test_corr=(0.902, 0.947)
Epoch 373/400 | time=0.661s | train_loss=0.0434 | train_corr=(0.965, 0.996) | val_loss=0.0459 | val_corr=(0.963, 0.995) | test_loss=0.1037 | test_corr=(0.903, 0.949)
Epoch 374/400 | time=0.952s | train_loss=0.0445 | train_corr=(0.965, 0.995) | val_loss=0.0465 | val_corr=(0.964, 0.995) | test_loss=0.105 | test_corr=(0.902, 0.949)
Epoch 375/400 | time=0.686s | train_loss=0.0462 | train_corr=(0.965, 0.994) | val_loss=0.0439 | val_corr=(0.964, 0.996) | test_loss=0.1044 | test_corr=(0.904, 0.95)
Epoch 376/400 | time=0.709s | train_loss=0.0451 | train_corr=(0.964, 0.996) | val_loss=0.0427 | val_corr=(0.965, 0.996) | test_loss=0.1032 | test_corr=(0.903, 0.949)
Epoch 377/400 | time=0.698s | train_loss=0.0436 | train_corr=(0.965, 0.995) | val_loss=0.0434 | val_corr=(0.965, 0.995) | test_loss=0.1026 | test_corr=(0.904, 0.951)
Epoch 378/400 | time=0.698s | train_loss=0.0432 | train_corr=(0.965, 0.996) | val_loss=0.0438 | val_corr=(0.965, 0.995) | test_loss=0.1043 | test_corr=(0.902, 0.948)
Epoch 379/400 | time=0.703s | train_loss=0.053 | train_corr=(0.961, 0.99) | val_loss=0.0477 | val_corr=(0.963, 0.994) | test_loss=0.1081 | test_corr=(0.899, 0.949)
Epoch 380/400 | time=0.711s | train_loss=0.046 | train_corr=(0.965, 0.995) | val_loss=0.0441 | val_corr=(0.965, 0.996) | test_loss=0.1039 | test_corr=(0.903, 0.95)
Epoch 381/400 | time=0.709s | train_loss=0.0434 | train_corr=(0.968, 0.996) | val_loss=0.0467 | val_corr=(0.963, 0.994) | test_loss=0.1045 | test_corr=(0.9, 0.952)
Epoch 382/400 | time=0.694s | train_loss=0.0434 | train_corr=(0.965, 0.995) | val_loss=0.047 | val_corr=(0.965, 0.995) | test_loss=0.1046 | test_corr=(0.904, 0.949)
Epoch 383/400 | time=0.701s | train_loss=0.0432 | train_corr=(0.964, 0.997) | val_loss=0.0444 | val_corr=(0.965, 0.994) | test_loss=0.1039 | test_corr=(0.903, 0.948)
Epoch 384/400 | time=0.703s | train_loss=0.0424 | train_corr=(0.966, 0.995) | val_loss=0.044 | val_corr=(0.965, 0.995) | test_loss=0.1023 | test_corr=(0.904, 0.951)
Epoch 385/400 | time=0.672s | train_loss=0.0449 | train_corr=(0.966, 0.994) | val_loss=0.0419 | val_corr=(0.965, 0.996) | test_loss=0.1042 | test_corr=(0.901, 0.948)
Epoch 386/400 | time=0.667s | train_loss=0.0412 | train_corr=(0.967, 0.996) | val_loss=0.0425 | val_corr=(0.965, 0.996) | test_loss=0.1035 | test_corr=(0.903, 0.95)
Epoch 387/400 | time=0.684s | train_loss=0.0411 | train_corr=(0.966, 0.996) | val_loss=0.0411 | val_corr=(0.965, 0.996) | test_loss=0.1022 | test_corr=(0.904, 0.951)
Epoch 388/400 | time=0.703s | train_loss=0.0435 | train_corr=(0.964, 0.995) | val_loss=0.0432 | val_corr=(0.966, 0.996) | test_loss=0.103 | test_corr=(0.903, 0.949)
Epoch 389/400 | time=0.694s | train_loss=0.0402 | train_corr=(0.966, 0.997) | val_loss=0.0432 | val_corr=(0.964, 0.995) | test_loss=0.1048 | test_corr=(0.901, 0.95)
Epoch 390/400 | time=0.68s | train_loss=0.0405 | train_corr=(0.966, 0.996) | val_loss=0.0434 | val_corr=(0.967, 0.995) | test_loss=0.1021 | test_corr=(0.905, 0.951)
Epoch 391/400 | time=0.653s | train_loss=0.0415 | train_corr=(0.968, 0.996) | val_loss=0.0447 | val_corr=(0.965, 0.993) | test_loss=0.1048 | test_corr=(0.901, 0.948)
Epoch 392/400 | time=0.673s | train_loss=0.0427 | train_corr=(0.965, 0.996) | val_loss=0.0437 | val_corr=(0.965, 0.995) | test_loss=0.1032 | test_corr=(0.902, 0.951)
Epoch 393/400 | time=0.676s | train_loss=0.0454 | train_corr=(0.964, 0.994) | val_loss=0.0438 | val_corr=(0.964, 0.995) | test_loss=0.1038 | test_corr=(0.901, 0.95)
Epoch 394/400 | time=0.677s | train_loss=0.0499 | train_corr=(0.961, 0.99) | val_loss=0.0496 | val_corr=(0.964, 0.991) | test_loss=0.1052 | test_corr=(0.903, 0.949)
Epoch 395/400 | time=0.68s | train_loss=0.0497 | train_corr=(0.96, 0.995) | val_loss=0.0474 | val_corr=(0.964, 0.994) | test_loss=0.1054 | test_corr=(0.9, 0.948)
Epoch 396/400 | time=0.673s | train_loss=0.0455 | train_corr=(0.964, 0.996) | val_loss=0.0547 | val_corr=(0.965, 0.994) | test_loss=0.1109 | test_corr=(0.903, 0.949)
Epoch 397/400 | time=0.668s | train_loss=0.0511 | train_corr=(0.962, 0.992) | val_loss=0.0455 | val_corr=(0.965, 0.995) | test_loss=0.1064 | test_corr=(0.902, 0.947)
Epoch 398/400 | time=0.664s | train_loss=0.0445 | train_corr=(0.965, 0.995) | val_loss=0.0458 | val_corr=(0.964, 0.994) | test_loss=0.1083 | test_corr=(0.9, 0.945)
Epoch 399/400 | time=0.645s | train_loss=0.0409 | train_corr=(0.964, 0.997) | val_loss=0.0433 | val_corr=(0.964, 0.995) | test_loss=0.1044 | test_corr=(0.898, 0.95)
Epoch 400/400 | time=0.657s | train_loss=0.041 | train_corr=(0.963, 0.996) | val_loss=0.0419 | val_corr=(0.965, 0.996) | test_loss=0.1029 | test_corr=(0.902, 0.95)
Finished at Thu Apr  9 16:49:29 CEST 2026
