Running on host gpu012
Using 8 Julia threads
Starting at Wed Apr  8 20:38:59 CEST 2026
Loading Modules
Finished Loading Modules
Running hpc_AENODE_train.jl

Training AE for 200 epochs with λdiv=1000.0, λcurl=100.0)
Epoch 1/200 | time=120.294s | train_loss=0.818 | train_corr=(0.365, 0.024) | val_loss=0.823 | val_corr=(0.368, 0.013) | test_loss=0.8218 | test_corr=(0.368, 0.018)
Epoch 2/200 | time=0.643s | train_loss=0.5951 | train_corr=(0.289, -0.008) | val_loss=0.5201 | val_corr=(0.4, 0.013) | test_loss=0.518 | test_corr=(0.405, 0.024)
Epoch 3/200 | time=0.636s | train_loss=0.4139 | train_corr=(0.458, -0.0) | val_loss=0.4109 | val_corr=(0.465, 0.013) | test_loss=0.4096 | test_corr=(0.473, 0.024)
Epoch 4/200 | time=0.658s | train_loss=0.3885 | train_corr=(0.542, -0.011) | val_loss=0.3837 | val_corr=(0.528, -0.014) | test_loss=0.3815 | test_corr=(0.529, -0.001)
Epoch 5/200 | time=0.652s | train_loss=0.3694 | train_corr=(0.544, 0.015) | val_loss=0.3702 | val_corr=(0.549, 0.024) | test_loss=0.3705 | test_corr=(0.547, 0.021)
Epoch 6/200 | time=0.659s | train_loss=0.3732 | train_corr=(0.545, 0.032) | val_loss=0.3669 | val_corr=(0.548, 0.028) | test_loss=0.3671 | test_corr=(0.547, 0.019)
Epoch 7/200 | time=0.65s | train_loss=0.3597 | train_corr=(0.567, 0.045) | val_loss=0.3645 | val_corr=(0.547, 0.035) | test_loss=0.3655 | test_corr=(0.544, 0.025)
Epoch 8/200 | time=0.641s | train_loss=0.3654 | train_corr=(0.552, -0.004) | val_loss=0.3619 | val_corr=(0.553, 0.036) | test_loss=0.3622 | test_corr=(0.552, 0.027)
Epoch 9/200 | time=0.658s | train_loss=0.3523 | train_corr=(0.572, 0.059) | val_loss=0.3608 | val_corr=(0.558, 0.042) | test_loss=0.3618 | test_corr=(0.554, 0.039)
Epoch 10/200 | time=0.655s | train_loss=0.3638 | train_corr=(0.552, -0.018) | val_loss=0.3585 | val_corr=(0.56, 0.047) | test_loss=0.3587 | test_corr=(0.555, 0.046)
Epoch 11/200 | time=0.641s | train_loss=0.3672 | train_corr=(0.559, 0.027) | val_loss=0.372 | val_corr=(0.549, 0.061) | test_loss=0.3701 | test_corr=(0.547, 0.058)
Epoch 12/200 | time=0.643s | train_loss=0.3584 | train_corr=(0.562, 0.098) | val_loss=0.3766 | val_corr=(0.552, 0.056) | test_loss=0.375 | test_corr=(0.551, 0.053)
Epoch 13/200 | time=0.631s | train_loss=0.3569 | train_corr=(0.583, 0.031) | val_loss=0.3576 | val_corr=(0.571, 0.052) | test_loss=0.3581 | test_corr=(0.566, 0.053)
Epoch 14/200 | time=0.631s | train_loss=0.3475 | train_corr=(0.597, 0.031) | val_loss=0.3551 | val_corr=(0.572, 0.064) | test_loss=0.3559 | test_corr=(0.567, 0.066)
Epoch 15/200 | time=0.644s | train_loss=0.3543 | train_corr=(0.567, 0.075) | val_loss=0.3554 | val_corr=(0.567, 0.082) | test_loss=0.3557 | test_corr=(0.564, 0.082)
Epoch 16/200 | time=0.637s | train_loss=0.3453 | train_corr=(0.582, 0.112) | val_loss=0.3514 | val_corr=(0.573, 0.088) | test_loss=0.3532 | test_corr=(0.567, 0.09)
Epoch 17/200 | time=0.649s | train_loss=0.3469 | train_corr=(0.577, 0.088) | val_loss=0.3482 | val_corr=(0.575, 0.099) | test_loss=0.3495 | test_corr=(0.569, 0.1)
Epoch 18/200 | time=0.645s | train_loss=0.3447 | train_corr=(0.58, 0.095) | val_loss=0.3468 | val_corr=(0.578, 0.113) | test_loss=0.3489 | test_corr=(0.571, 0.114)
Epoch 19/200 | time=0.644s | train_loss=0.3412 | train_corr=(0.584, 0.116) | val_loss=0.3472 | val_corr=(0.583, 0.115) | test_loss=0.3502 | test_corr=(0.575, 0.115)
Epoch 20/200 | time=0.63s | train_loss=0.3467 | train_corr=(0.587, 0.13) | val_loss=0.345 | val_corr=(0.587, 0.128) | test_loss=0.3457 | test_corr=(0.579, 0.128)
Epoch 21/200 | time=0.65s | train_loss=0.341 | train_corr=(0.593, 0.159) | val_loss=0.3422 | val_corr=(0.6, 0.126) | test_loss=0.3452 | test_corr=(0.59, 0.126)
Epoch 22/200 | time=0.64s | train_loss=0.3362 | train_corr=(0.615, 0.138) | val_loss=0.3373 | val_corr=(0.602, 0.146) | test_loss=0.3388 | test_corr=(0.593, 0.143)
Epoch 23/200 | time=0.646s | train_loss=0.3293 | train_corr=(0.618, 0.206) | val_loss=0.3317 | val_corr=(0.612, 0.177) | test_loss=0.3345 | test_corr=(0.602, 0.171)
Epoch 24/200 | time=0.637s | train_loss=0.3337 | train_corr=(0.616, 0.169) | val_loss=0.3293 | val_corr=(0.62, 0.195) | test_loss=0.3314 | test_corr=(0.609, 0.189)
Epoch 25/200 | time=0.64s | train_loss=0.32 | train_corr=(0.632, 0.199) | val_loss=0.3261 | val_corr=(0.629, 0.224) | test_loss=0.3302 | test_corr=(0.617, 0.223)
Epoch 26/200 | time=0.639s | train_loss=0.3238 | train_corr=(0.625, 0.246) | val_loss=0.3205 | val_corr=(0.633, 0.278) | test_loss=0.3237 | test_corr=(0.62, 0.276)
Epoch 27/200 | time=0.648s | train_loss=0.3163 | train_corr=(0.634, 0.314) | val_loss=0.3164 | val_corr=(0.65, 0.347) | test_loss=0.3182 | test_corr=(0.638, 0.336)
Epoch 28/200 | time=0.638s | train_loss=0.3148 | train_corr=(0.642, 0.356) | val_loss=0.3108 | val_corr=(0.656, 0.436) | test_loss=0.3149 | test_corr=(0.644, 0.422)
Epoch 29/200 | time=0.642s | train_loss=0.3009 | train_corr=(0.664, 0.544) | val_loss=0.3017 | val_corr=(0.67, 0.558) | test_loss=0.3048 | test_corr=(0.661, 0.535)
Epoch 30/200 | time=0.644s | train_loss=0.3023 | train_corr=(0.654, 0.627) | val_loss=0.2931 | val_corr=(0.664, 0.645) | test_loss=0.2998 | test_corr=(0.653, 0.63)
Epoch 31/200 | time=0.646s | train_loss=0.2879 | train_corr=(0.701, 0.675) | val_loss=0.2855 | val_corr=(0.674, 0.673) | test_loss=0.2919 | test_corr=(0.662, 0.654)
Epoch 32/200 | time=0.643s | train_loss=0.2816 | train_corr=(0.673, 0.728) | val_loss=0.2811 | val_corr=(0.691, 0.788) | test_loss=0.2832 | test_corr=(0.674, 0.768)
Epoch 33/200 | time=0.654s | train_loss=0.2604 | train_corr=(0.706, 0.82) | val_loss=0.2518 | val_corr=(0.717, 0.832) | test_loss=0.2601 | test_corr=(0.701, 0.809)
Epoch 34/200 | time=0.651s | train_loss=0.2426 | train_corr=(0.732, 0.847) | val_loss=0.2405 | val_corr=(0.735, 0.854) | test_loss=0.2508 | test_corr=(0.72, 0.823)
Epoch 35/200 | time=0.657s | train_loss=0.241 | train_corr=(0.747, 0.865) | val_loss=0.2375 | val_corr=(0.737, 0.873) | test_loss=0.2478 | test_corr=(0.723, 0.853)
Epoch 36/200 | time=0.658s | train_loss=0.2329 | train_corr=(0.754, 0.856) | val_loss=0.2248 | val_corr=(0.759, 0.885) | test_loss=0.236 | test_corr=(0.74, 0.861)
Epoch 37/200 | time=0.642s | train_loss=0.2201 | train_corr=(0.765, 0.902) | val_loss=0.2241 | val_corr=(0.762, 0.9) | test_loss=0.2358 | test_corr=(0.742, 0.861)
Epoch 38/200 | time=0.655s | train_loss=0.2153 | train_corr=(0.78, 0.897) | val_loss=0.2134 | val_corr=(0.775, 0.912) | test_loss=0.2314 | test_corr=(0.754, 0.886)
Epoch 39/200 | time=0.665s | train_loss=0.2109 | train_corr=(0.77, 0.906) | val_loss=0.205 | val_corr=(0.769, 0.905) | test_loss=0.2222 | test_corr=(0.748, 0.873)
Epoch 40/200 | time=0.672s | train_loss=0.1964 | train_corr=(0.791, 0.924) | val_loss=0.2009 | val_corr=(0.789, 0.917) | test_loss=0.2156 | test_corr=(0.768, 0.886)
Epoch 41/200 | time=0.658s | train_loss=0.2054 | train_corr=(0.788, 0.901) | val_loss=0.1947 | val_corr=(0.795, 0.924) | test_loss=0.2128 | test_corr=(0.771, 0.897)
Epoch 42/200 | time=0.663s | train_loss=0.188 | train_corr=(0.798, 0.919) | val_loss=0.1928 | val_corr=(0.807, 0.929) | test_loss=0.2092 | test_corr=(0.782, 0.896)
Epoch 43/200 | time=0.666s | train_loss=0.1803 | train_corr=(0.807, 0.929) | val_loss=0.2092 | val_corr=(0.807, 0.936) | test_loss=0.2196 | test_corr=(0.781, 0.902)
Epoch 44/200 | time=0.659s | train_loss=0.2048 | train_corr=(0.798, 0.926) | val_loss=0.1857 | val_corr=(0.811, 0.936) | test_loss=0.2063 | test_corr=(0.785, 0.902)
Epoch 45/200 | time=0.67s | train_loss=0.1728 | train_corr=(0.821, 0.947) | val_loss=0.1764 | val_corr=(0.822, 0.942) | test_loss=0.1984 | test_corr=(0.79, 0.908)
Epoch 46/200 | time=0.685s | train_loss=0.175 | train_corr=(0.818, 0.943) | val_loss=0.173 | val_corr=(0.82, 0.951) | test_loss=0.1917 | test_corr=(0.791, 0.914)
Epoch 47/200 | time=0.686s | train_loss=0.1733 | train_corr=(0.83, 0.949) | val_loss=0.1694 | val_corr=(0.827, 0.952) | test_loss=0.194 | test_corr=(0.796, 0.911)
Epoch 48/200 | time=0.674s | train_loss=0.1699 | train_corr=(0.842, 0.955) | val_loss=0.1794 | val_corr=(0.827, 0.938) | test_loss=0.2075 | test_corr=(0.794, 0.896)
Epoch 49/200 | time=0.674s | train_loss=0.1763 | train_corr=(0.824, 0.945) | val_loss=0.1718 | val_corr=(0.833, 0.946) | test_loss=0.1966 | test_corr=(0.799, 0.91)
Epoch 50/200 | time=0.674s | train_loss=0.1713 | train_corr=(0.824, 0.945) | val_loss=0.1659 | val_corr=(0.835, 0.951) | test_loss=0.1874 | test_corr=(0.805, 0.916)
Epoch 51/200 | time=0.675s | train_loss=0.1705 | train_corr=(0.826, 0.941) | val_loss=0.2087 | val_corr=(0.828, 0.952) | test_loss=0.2203 | test_corr=(0.798, 0.905)
Epoch 52/200 | time=0.687s | train_loss=0.1633 | train_corr=(0.847, 0.959) | val_loss=0.1637 | val_corr=(0.841, 0.954) | test_loss=0.1915 | test_corr=(0.807, 0.912)
Epoch 53/200 | time=0.673s | train_loss=0.155 | train_corr=(0.853, 0.956) | val_loss=0.1549 | val_corr=(0.849, 0.958) | test_loss=0.1811 | test_corr=(0.813, 0.913)
Epoch 54/200 | time=0.673s | train_loss=0.1523 | train_corr=(0.85, 0.963) | val_loss=0.1525 | val_corr=(0.85, 0.957) | test_loss=0.1798 | test_corr=(0.813, 0.909)
Epoch 55/200 | time=0.661s | train_loss=0.1482 | train_corr=(0.851, 0.967) | val_loss=0.1434 | val_corr=(0.855, 0.969) | test_loss=0.1734 | test_corr=(0.817, 0.926)
Epoch 56/200 | time=0.659s | train_loss=0.1408 | train_corr=(0.867, 0.966) | val_loss=0.1492 | val_corr=(0.861, 0.951) | test_loss=0.1795 | test_corr=(0.821, 0.912)
Epoch 57/200 | time=0.659s | train_loss=0.1413 | train_corr=(0.862, 0.97) | val_loss=0.1465 | val_corr=(0.858, 0.963) | test_loss=0.1796 | test_corr=(0.819, 0.915)
Epoch 58/200 | time=0.66s | train_loss=0.136 | train_corr=(0.873, 0.972) | val_loss=0.1403 | val_corr=(0.86, 0.967) | test_loss=0.17 | test_corr=(0.825, 0.929)
Epoch 59/200 | time=0.664s | train_loss=0.1396 | train_corr=(0.87, 0.967) | val_loss=0.1357 | val_corr=(0.869, 0.972) | test_loss=0.1683 | test_corr=(0.83, 0.928)
Epoch 60/200 | time=0.661s | train_loss=0.138 | train_corr=(0.879, 0.972) | val_loss=0.1396 | val_corr=(0.871, 0.97) | test_loss=0.1709 | test_corr=(0.83, 0.921)
Epoch 61/200 | time=0.66s | train_loss=0.1477 | train_corr=(0.862, 0.957) | val_loss=0.1405 | val_corr=(0.876, 0.958) | test_loss=0.1766 | test_corr=(0.83, 0.906)
Epoch 62/200 | time=0.664s | train_loss=0.133 | train_corr=(0.883, 0.969) | val_loss=0.1343 | val_corr=(0.883, 0.967) | test_loss=0.1692 | test_corr=(0.839, 0.923)
Epoch 63/200 | time=0.672s | train_loss=0.1528 | train_corr=(0.878, 0.964) | val_loss=0.137 | val_corr=(0.893, 0.969) | test_loss=0.1669 | test_corr=(0.847, 0.923)
Epoch 64/200 | time=0.661s | train_loss=0.1398 | train_corr=(0.904, 0.969) | val_loss=0.1241 | val_corr=(0.913, 0.97) | test_loss=0.1591 | test_corr=(0.861, 0.928)
Epoch 65/200 | time=0.662s | train_loss=0.1342 | train_corr=(0.915, 0.967) | val_loss=0.1225 | val_corr=(0.922, 0.968) | test_loss=0.1584 | test_corr=(0.868, 0.927)
Epoch 66/200 | time=0.677s | train_loss=0.1242 | train_corr=(0.933, 0.969) | val_loss=0.1357 | val_corr=(0.92, 0.958) | test_loss=0.1776 | test_corr=(0.86, 0.919)
Epoch 67/200 | time=0.661s | train_loss=0.1214 | train_corr=(0.921, 0.969) | val_loss=0.1109 | val_corr=(0.935, 0.976) | test_loss=0.1543 | test_corr=(0.877, 0.928)
Epoch 68/200 | time=0.671s | train_loss=0.112 | train_corr=(0.938, 0.975) | val_loss=0.1146 | val_corr=(0.94, 0.976) | test_loss=0.1507 | test_corr=(0.884, 0.934)
Epoch 69/200 | time=0.672s | train_loss=0.1055 | train_corr=(0.941, 0.98) | val_loss=0.1024 | val_corr=(0.944, 0.978) | test_loss=0.1487 | test_corr=(0.881, 0.926)
Epoch 70/200 | time=0.679s | train_loss=0.1114 | train_corr=(0.941, 0.985) | val_loss=0.0981 | val_corr=(0.944, 0.981) | test_loss=0.1466 | test_corr=(0.882, 0.931)
Epoch 71/200 | time=0.67s | train_loss=0.1358 | train_corr=(0.924, 0.979) | val_loss=0.1373 | val_corr=(0.926, 0.973) | test_loss=0.1818 | test_corr=(0.862, 0.93)
Epoch 72/200 | time=0.682s | train_loss=0.1178 | train_corr=(0.937, 0.972) | val_loss=0.1326 | val_corr=(0.94, 0.973) | test_loss=0.1629 | test_corr=(0.881, 0.929)
Epoch 73/200 | time=0.642s | train_loss=0.1202 | train_corr=(0.929, 0.96) | val_loss=0.1149 | val_corr=(0.932, 0.97) | test_loss=0.1555 | test_corr=(0.874, 0.927)
Epoch 74/200 | time=0.654s | train_loss=0.1107 | train_corr=(0.94, 0.976) | val_loss=0.1047 | val_corr=(0.944, 0.974) | test_loss=0.1451 | test_corr=(0.882, 0.931)
Epoch 75/200 | time=0.633s | train_loss=0.1018 | train_corr=(0.943, 0.979) | val_loss=0.0942 | val_corr=(0.947, 0.982) | test_loss=0.1415 | test_corr=(0.884, 0.934)
Epoch 76/200 | time=0.639s | train_loss=0.108 | train_corr=(0.952, 0.981) | val_loss=0.1015 | val_corr=(0.945, 0.98) | test_loss=0.1533 | test_corr=(0.877, 0.934)
Epoch 77/200 | time=0.642s | train_loss=0.1064 | train_corr=(0.935, 0.974) | val_loss=0.1012 | val_corr=(0.947, 0.98) | test_loss=0.1418 | test_corr=(0.888, 0.934)
Epoch 78/200 | time=0.647s | train_loss=0.0987 | train_corr=(0.943, 0.98) | val_loss=0.0932 | val_corr=(0.944, 0.984) | test_loss=0.141 | test_corr=(0.882, 0.937)
Epoch 79/200 | time=0.644s | train_loss=0.0926 | train_corr=(0.954, 0.985) | val_loss=0.0875 | val_corr=(0.951, 0.984) | test_loss=0.1394 | test_corr=(0.886, 0.938)
Epoch 80/200 | time=0.634s | train_loss=0.085 | train_corr=(0.954, 0.987) | val_loss=0.0874 | val_corr=(0.955, 0.986) | test_loss=0.1385 | test_corr=(0.886, 0.934)
Epoch 81/200 | time=0.645s | train_loss=0.0824 | train_corr=(0.955, 0.987) | val_loss=0.0857 | val_corr=(0.954, 0.985) | test_loss=0.1366 | test_corr=(0.889, 0.937)
Epoch 82/200 | time=0.637s | train_loss=0.0862 | train_corr=(0.951, 0.986) | val_loss=0.0839 | val_corr=(0.953, 0.986) | test_loss=0.1371 | test_corr=(0.886, 0.933)
Epoch 83/200 | time=0.639s | train_loss=0.0819 | train_corr=(0.953, 0.987) | val_loss=0.0873 | val_corr=(0.951, 0.983) | test_loss=0.1398 | test_corr=(0.885, 0.929)
Epoch 84/200 | time=0.636s | train_loss=0.0822 | train_corr=(0.954, 0.989) | val_loss=0.0851 | val_corr=(0.953, 0.985) | test_loss=0.1403 | test_corr=(0.886, 0.933)
Epoch 85/200 | time=0.647s | train_loss=0.0943 | train_corr=(0.954, 0.983) | val_loss=0.0855 | val_corr=(0.951, 0.989) | test_loss=0.139 | test_corr=(0.886, 0.939)
Epoch 86/200 | time=0.646s | train_loss=0.0988 | train_corr=(0.944, 0.974) | val_loss=0.096 | val_corr=(0.955, 0.985) | test_loss=0.1408 | test_corr=(0.888, 0.934)
Epoch 87/200 | time=0.647s | train_loss=0.0955 | train_corr=(0.945, 0.972) | val_loss=0.0901 | val_corr=(0.95, 0.978) | test_loss=0.1385 | test_corr=(0.886, 0.925)
Epoch 88/200 | time=0.638s | train_loss=0.0843 | train_corr=(0.95, 0.987) | val_loss=0.084 | val_corr=(0.953, 0.986) | test_loss=0.1384 | test_corr=(0.884, 0.936)
Epoch 89/200 | time=0.644s | train_loss=0.0811 | train_corr=(0.953, 0.987) | val_loss=0.0868 | val_corr=(0.95, 0.982) | test_loss=0.1407 | test_corr=(0.884, 0.936)
Epoch 90/200 | time=0.646s | train_loss=0.0846 | train_corr=(0.955, 0.987) | val_loss=0.0781 | val_corr=(0.955, 0.99) | test_loss=0.1356 | test_corr=(0.886, 0.941)
Epoch 91/200 | time=0.645s | train_loss=0.0967 | train_corr=(0.958, 0.988) | val_loss=0.0847 | val_corr=(0.951, 0.987) | test_loss=0.1404 | test_corr=(0.884, 0.937)
Epoch 92/200 | time=0.638s | train_loss=0.0761 | train_corr=(0.96, 0.99) | val_loss=0.0797 | val_corr=(0.958, 0.988) | test_loss=0.1322 | test_corr=(0.89, 0.938)
Epoch 93/200 | time=0.652s | train_loss=0.0817 | train_corr=(0.954, 0.989) | val_loss=0.0756 | val_corr=(0.956, 0.99) | test_loss=0.1312 | test_corr=(0.89, 0.94)
Epoch 94/200 | time=0.648s | train_loss=0.0697 | train_corr=(0.961, 0.991) | val_loss=0.0752 | val_corr=(0.958, 0.988) | test_loss=0.1316 | test_corr=(0.888, 0.937)
Epoch 95/200 | time=0.646s | train_loss=0.0757 | train_corr=(0.959, 0.989) | val_loss=0.0747 | val_corr=(0.959, 0.989) | test_loss=0.1296 | test_corr=(0.892, 0.938)
Epoch 96/200 | time=0.647s | train_loss=0.0749 | train_corr=(0.957, 0.989) | val_loss=0.0787 | val_corr=(0.96, 0.99) | test_loss=0.1304 | test_corr=(0.893, 0.939)
Epoch 97/200 | time=0.647s | train_loss=0.071 | train_corr=(0.959, 0.991) | val_loss=0.0739 | val_corr=(0.96, 0.99) | test_loss=0.1284 | test_corr=(0.894, 0.939)
Epoch 98/200 | time=0.647s | train_loss=0.0769 | train_corr=(0.956, 0.987) | val_loss=0.0793 | val_corr=(0.958, 0.989) | test_loss=0.1337 | test_corr=(0.891, 0.935)
Epoch 99/200 | time=0.649s | train_loss=0.0711 | train_corr=(0.961, 0.99) | val_loss=0.0722 | val_corr=(0.96, 0.99) | test_loss=0.1282 | test_corr=(0.892, 0.94)
Epoch 100/200 | time=0.648s | train_loss=0.0716 | train_corr=(0.958, 0.991) | val_loss=0.0732 | val_corr=(0.958, 0.991) | test_loss=0.1317 | test_corr=(0.89, 0.941)
Epoch 101/200 | time=0.644s | train_loss=0.0698 | train_corr=(0.961, 0.99) | val_loss=0.0714 | val_corr=(0.959, 0.991) | test_loss=0.1313 | test_corr=(0.89, 0.941)
Epoch 102/200 | time=0.637s | train_loss=0.0691 | train_corr=(0.962, 0.991) | val_loss=0.0702 | val_corr=(0.96, 0.99) | test_loss=0.131 | test_corr=(0.889, 0.939)
Epoch 103/200 | time=0.641s | train_loss=0.0756 | train_corr=(0.958, 0.984) | val_loss=0.0764 | val_corr=(0.958, 0.985) | test_loss=0.1353 | test_corr=(0.887, 0.93)
Epoch 104/200 | time=0.647s | train_loss=0.0748 | train_corr=(0.957, 0.986) | val_loss=0.0845 | val_corr=(0.953, 0.987) | test_loss=0.1436 | test_corr=(0.884, 0.935)
Epoch 105/200 | time=0.638s | train_loss=0.0796 | train_corr=(0.957, 0.988) | val_loss=0.0746 | val_corr=(0.956, 0.988) | test_loss=0.1337 | test_corr=(0.884, 0.94)
Epoch 106/200 | time=0.642s | train_loss=0.0787 | train_corr=(0.957, 0.985) | val_loss=0.0804 | val_corr=(0.959, 0.985) | test_loss=0.1334 | test_corr=(0.889, 0.939)
Epoch 107/200 | time=0.638s | train_loss=0.0756 | train_corr=(0.955, 0.989) | val_loss=0.0753 | val_corr=(0.956, 0.987) | test_loss=0.1304 | test_corr=(0.888, 0.94)
Epoch 108/200 | time=0.647s | train_loss=0.0742 | train_corr=(0.958, 0.99) | val_loss=0.0791 | val_corr=(0.953, 0.988) | test_loss=0.1371 | test_corr=(0.883, 0.942)
Epoch 109/200 | time=0.646s | train_loss=0.0792 | train_corr=(0.958, 0.987) | val_loss=0.078 | val_corr=(0.954, 0.986) | test_loss=0.1312 | test_corr=(0.888, 0.939)
Epoch 110/200 | time=0.647s | train_loss=0.0733 | train_corr=(0.956, 0.985) | val_loss=0.0854 | val_corr=(0.958, 0.984) | test_loss=0.1347 | test_corr=(0.888, 0.934)
Epoch 111/200 | time=0.652s | train_loss=0.069 | train_corr=(0.96, 0.989) | val_loss=0.0754 | val_corr=(0.96, 0.987) | test_loss=0.1294 | test_corr=(0.892, 0.932)
Epoch 112/200 | time=0.666s | train_loss=0.0666 | train_corr=(0.962, 0.991) | val_loss=0.0696 | val_corr=(0.96, 0.989) | test_loss=0.1288 | test_corr=(0.889, 0.939)
Epoch 113/200 | time=0.658s | train_loss=0.0662 | train_corr=(0.96, 0.993) | val_loss=0.0679 | val_corr=(0.962, 0.992) | test_loss=0.1253 | test_corr=(0.894, 0.942)
Epoch 114/200 | time=0.655s | train_loss=0.068 | train_corr=(0.959, 0.991) | val_loss=0.0656 | val_corr=(0.961, 0.992) | test_loss=0.1281 | test_corr=(0.888, 0.938)
Epoch 115/200 | time=0.646s | train_loss=0.0635 | train_corr=(0.96, 0.993) | val_loss=0.0638 | val_corr=(0.962, 0.992) | test_loss=0.1254 | test_corr=(0.891, 0.942)
Epoch 116/200 | time=0.661s | train_loss=0.0619 | train_corr=(0.962, 0.993) | val_loss=0.0666 | val_corr=(0.96, 0.991) | test_loss=0.1271 | test_corr=(0.891, 0.941)
Epoch 117/200 | time=0.638s | train_loss=0.064 | train_corr=(0.964, 0.992) | val_loss=0.0694 | val_corr=(0.959, 0.991) | test_loss=0.1313 | test_corr=(0.888, 0.941)
Epoch 118/200 | time=0.62s | train_loss=0.062 | train_corr=(0.964, 0.993) | val_loss=0.0646 | val_corr=(0.962, 0.991) | test_loss=0.1257 | test_corr=(0.892, 0.937)
Epoch 119/200 | time=0.63s | train_loss=0.0686 | train_corr=(0.959, 0.989) | val_loss=0.0675 | val_corr=(0.958, 0.991) | test_loss=0.1323 | test_corr=(0.887, 0.94)
Epoch 120/200 | time=0.629s | train_loss=0.0708 | train_corr=(0.963, 0.99) | val_loss=0.0664 | val_corr=(0.961, 0.991) | test_loss=0.1302 | test_corr=(0.888, 0.941)
Epoch 121/200 | time=0.636s | train_loss=0.0699 | train_corr=(0.962, 0.991) | val_loss=0.0664 | val_corr=(0.963, 0.991) | test_loss=0.1252 | test_corr=(0.892, 0.943)
Epoch 122/200 | time=0.631s | train_loss=0.0659 | train_corr=(0.963, 0.989) | val_loss=0.0675 | val_corr=(0.962, 0.99) | test_loss=0.1249 | test_corr=(0.894, 0.939)
Epoch 123/200 | time=0.649s | train_loss=0.068 | train_corr=(0.961, 0.987) | val_loss=0.0631 | val_corr=(0.961, 0.992) | test_loss=0.1244 | test_corr=(0.891, 0.94)
Epoch 124/200 | time=0.637s | train_loss=0.07 | train_corr=(0.963, 0.99) | val_loss=0.0669 | val_corr=(0.959, 0.99) | test_loss=0.1276 | test_corr=(0.888, 0.939)
Epoch 125/200 | time=0.631s | train_loss=0.0644 | train_corr=(0.963, 0.991) | val_loss=0.0656 | val_corr=(0.961, 0.99) | test_loss=0.1271 | test_corr=(0.889, 0.937)
Epoch 126/200 | time=0.629s | train_loss=0.066 | train_corr=(0.96, 0.991) | val_loss=0.0691 | val_corr=(0.958, 0.989) | test_loss=0.1325 | test_corr=(0.886, 0.934)
Epoch 127/200 | time=0.638s | train_loss=0.0706 | train_corr=(0.962, 0.984) | val_loss=0.0727 | val_corr=(0.958, 0.983) | test_loss=0.1288 | test_corr=(0.886, 0.931)
Epoch 128/200 | time=0.632s | train_loss=0.0733 | train_corr=(0.959, 0.985) | val_loss=0.0926 | val_corr=(0.96, 0.985) | test_loss=0.1389 | test_corr=(0.891, 0.936)
Epoch 129/200 | time=0.647s | train_loss=0.0721 | train_corr=(0.958, 0.984) | val_loss=0.079 | val_corr=(0.951, 0.985) | test_loss=0.1322 | test_corr=(0.886, 0.94)
Epoch 130/200 | time=0.665s | train_loss=0.0665 | train_corr=(0.961, 0.991) | val_loss=0.0655 | val_corr=(0.961, 0.99) | test_loss=0.1257 | test_corr=(0.891, 0.939)
Epoch 131/200 | time=0.653s | train_loss=0.0719 | train_corr=(0.962, 0.986) | val_loss=0.0718 | val_corr=(0.957, 0.983) | test_loss=0.1309 | test_corr=(0.886, 0.936)
Epoch 132/200 | time=0.652s | train_loss=0.063 | train_corr=(0.961, 0.992) | val_loss=0.0678 | val_corr=(0.962, 0.992) | test_loss=0.1238 | test_corr=(0.893, 0.943)
Epoch 133/200 | time=0.656s | train_loss=0.0633 | train_corr=(0.962, 0.993) | val_loss=0.0611 | val_corr=(0.964, 0.993) | test_loss=0.1207 | test_corr=(0.895, 0.944)
Epoch 134/200 | time=0.652s | train_loss=0.0603 | train_corr=(0.962, 0.992) | val_loss=0.0642 | val_corr=(0.962, 0.99) | test_loss=0.122 | test_corr=(0.893, 0.942)
Epoch 135/200 | time=0.649s | train_loss=0.0625 | train_corr=(0.96, 0.99) | val_loss=0.0727 | val_corr=(0.961, 0.986) | test_loss=0.1265 | test_corr=(0.893, 0.939)
Epoch 136/200 | time=0.643s | train_loss=0.065 | train_corr=(0.961, 0.987) | val_loss=0.0678 | val_corr=(0.963, 0.988) | test_loss=0.1222 | test_corr=(0.896, 0.94)
Epoch 137/200 | time=0.655s | train_loss=0.0606 | train_corr=(0.962, 0.993) | val_loss=0.0668 | val_corr=(0.96, 0.987) | test_loss=0.1283 | test_corr=(0.889, 0.931)
Epoch 138/200 | time=0.658s | train_loss=0.0584 | train_corr=(0.964, 0.994) | val_loss=0.0651 | val_corr=(0.962, 0.99) | test_loss=0.1222 | test_corr=(0.893, 0.939)
Epoch 139/200 | time=0.651s | train_loss=0.0621 | train_corr=(0.963, 0.99) | val_loss=0.0591 | val_corr=(0.962, 0.993) | test_loss=0.1224 | test_corr=(0.893, 0.944)
Epoch 140/200 | time=0.637s | train_loss=0.0592 | train_corr=(0.965, 0.993) | val_loss=0.0622 | val_corr=(0.961, 0.991) | test_loss=0.1261 | test_corr=(0.889, 0.943)
Epoch 141/200 | time=0.662s | train_loss=0.0589 | train_corr=(0.965, 0.993) | val_loss=0.0567 | val_corr=(0.965, 0.993) | test_loss=0.1183 | test_corr=(0.895, 0.945)
Epoch 142/200 | time=0.65s | train_loss=0.0537 | train_corr=(0.965, 0.995) | val_loss=0.0547 | val_corr=(0.965, 0.995) | test_loss=0.1195 | test_corr=(0.894, 0.943)
Epoch 143/200 | time=0.651s | train_loss=0.0562 | train_corr=(0.965, 0.995) | val_loss=0.0549 | val_corr=(0.965, 0.994) | test_loss=0.119 | test_corr=(0.894, 0.942)
Epoch 144/200 | time=0.653s | train_loss=0.0573 | train_corr=(0.962, 0.994) | val_loss=0.0549 | val_corr=(0.965, 0.994) | test_loss=0.1192 | test_corr=(0.894, 0.941)
Epoch 145/200 | time=0.652s | train_loss=0.0592 | train_corr=(0.963, 0.992) | val_loss=0.0612 | val_corr=(0.962, 0.991) | test_loss=0.1227 | test_corr=(0.891, 0.941)
Epoch 146/200 | time=0.65s | train_loss=0.0571 | train_corr=(0.963, 0.994) | val_loss=0.0672 | val_corr=(0.965, 0.99) | test_loss=0.124 | test_corr=(0.894, 0.939)
Epoch 147/200 | time=0.654s | train_loss=0.0576 | train_corr=(0.964, 0.993) | val_loss=0.061 | val_corr=(0.963, 0.991) | test_loss=0.123 | test_corr=(0.89, 0.94)
Epoch 148/200 | time=0.654s | train_loss=0.057 | train_corr=(0.964, 0.993) | val_loss=0.0568 | val_corr=(0.965, 0.994) | test_loss=0.1201 | test_corr=(0.894, 0.943)
Epoch 149/200 | time=0.646s | train_loss=0.0577 | train_corr=(0.966, 0.993) | val_loss=0.0577 | val_corr=(0.965, 0.994) | test_loss=0.1202 | test_corr=(0.893, 0.941)
Epoch 150/200 | time=0.636s | train_loss=0.0659 | train_corr=(0.961, 0.99) | val_loss=0.0729 | val_corr=(0.96, 0.986) | test_loss=0.1287 | test_corr=(0.89, 0.934)
Epoch 151/200 | time=0.634s | train_loss=0.0618 | train_corr=(0.961, 0.991) | val_loss=0.0627 | val_corr=(0.963, 0.991) | test_loss=0.1224 | test_corr=(0.893, 0.941)
Epoch 152/200 | time=0.636s | train_loss=0.0586 | train_corr=(0.964, 0.992) | val_loss=0.061 | val_corr=(0.962, 0.989) | test_loss=0.1227 | test_corr=(0.891, 0.94)
Epoch 153/200 | time=0.635s | train_loss=0.0573 | train_corr=(0.963, 0.992) | val_loss=0.0571 | val_corr=(0.965, 0.993) | test_loss=0.1175 | test_corr=(0.895, 0.944)
Epoch 154/200 | time=0.643s | train_loss=0.0562 | train_corr=(0.964, 0.994) | val_loss=0.0575 | val_corr=(0.963, 0.993) | test_loss=0.1218 | test_corr=(0.892, 0.943)
Epoch 155/200 | time=0.648s | train_loss=0.0556 | train_corr=(0.963, 0.994) | val_loss=0.0553 | val_corr=(0.965, 0.994) | test_loss=0.1169 | test_corr=(0.897, 0.944)
Epoch 156/200 | time=0.638s | train_loss=0.0535 | train_corr=(0.965, 0.994) | val_loss=0.0571 | val_corr=(0.967, 0.993) | test_loss=0.1176 | test_corr=(0.896, 0.946)
Epoch 157/200 | time=0.645s | train_loss=0.0522 | train_corr=(0.965, 0.995) | val_loss=0.0559 | val_corr=(0.967, 0.993) | test_loss=0.1172 | test_corr=(0.897, 0.946)
Epoch 158/200 | time=0.642s | train_loss=0.0592 | train_corr=(0.961, 0.994) | val_loss=0.0578 | val_corr=(0.966, 0.993) | test_loss=0.1205 | test_corr=(0.893, 0.943)
Epoch 159/200 | time=0.636s | train_loss=0.0521 | train_corr=(0.966, 0.995) | val_loss=0.056 | val_corr=(0.963, 0.994) | test_loss=0.121 | test_corr=(0.892, 0.944)
Epoch 160/200 | time=0.646s | train_loss=0.0542 | train_corr=(0.969, 0.995) | val_loss=0.0542 | val_corr=(0.964, 0.995) | test_loss=0.1221 | test_corr=(0.891, 0.944)
Epoch 161/200 | time=0.637s | train_loss=0.0527 | train_corr=(0.967, 0.994) | val_loss=0.0546 | val_corr=(0.965, 0.993) | test_loss=0.1198 | test_corr=(0.891, 0.939)
Epoch 162/200 | time=0.646s | train_loss=0.0542 | train_corr=(0.964, 0.995) | val_loss=0.0666 | val_corr=(0.965, 0.99) | test_loss=0.1237 | test_corr=(0.895, 0.939)
Epoch 163/200 | time=0.643s | train_loss=0.0604 | train_corr=(0.963, 0.991) | val_loss=0.0637 | val_corr=(0.961, 0.986) | test_loss=0.1227 | test_corr=(0.891, 0.938)
Epoch 164/200 | time=0.64s | train_loss=0.0541 | train_corr=(0.962, 0.994) | val_loss=0.0575 | val_corr=(0.964, 0.991) | test_loss=0.1211 | test_corr=(0.891, 0.94)
Epoch 165/200 | time=0.633s | train_loss=0.0585 | train_corr=(0.962, 0.991) | val_loss=0.06 | val_corr=(0.965, 0.991) | test_loss=0.1212 | test_corr=(0.895, 0.941)
Epoch 166/200 | time=0.655s | train_loss=0.0563 | train_corr=(0.963, 0.993) | val_loss=0.0592 | val_corr=(0.965, 0.991) | test_loss=0.121 | test_corr=(0.893, 0.939)
Epoch 167/200 | time=0.634s | train_loss=0.0555 | train_corr=(0.964, 0.993) | val_loss=0.0552 | val_corr=(0.964, 0.993) | test_loss=0.1206 | test_corr=(0.891, 0.942)
Epoch 168/200 | time=0.624s | train_loss=0.0551 | train_corr=(0.965, 0.991) | val_loss=0.0531 | val_corr=(0.965, 0.993) | test_loss=0.1171 | test_corr=(0.893, 0.942)
Epoch 169/200 | time=0.645s | train_loss=0.0577 | train_corr=(0.965, 0.993) | val_loss=0.0557 | val_corr=(0.964, 0.992) | test_loss=0.1185 | test_corr=(0.893, 0.945)
Epoch 170/200 | time=0.634s | train_loss=0.0519 | train_corr=(0.964, 0.995) | val_loss=0.0539 | val_corr=(0.965, 0.993) | test_loss=0.1172 | test_corr=(0.894, 0.944)
Epoch 171/200 | time=0.646s | train_loss=0.0564 | train_corr=(0.963, 0.993) | val_loss=0.0595 | val_corr=(0.966, 0.993) | test_loss=0.1187 | test_corr=(0.896, 0.942)
Epoch 172/200 | time=0.644s | train_loss=0.0596 | train_corr=(0.96, 0.988) | val_loss=0.0636 | val_corr=(0.96, 0.984) | test_loss=0.1224 | test_corr=(0.891, 0.941)
Epoch 173/200 | time=0.633s | train_loss=0.0584 | train_corr=(0.964, 0.992) | val_loss=0.0591 | val_corr=(0.962, 0.991) | test_loss=0.123 | test_corr=(0.89, 0.943)
Epoch 174/200 | time=0.642s | train_loss=0.0533 | train_corr=(0.964, 0.994) | val_loss=0.0568 | val_corr=(0.964, 0.993) | test_loss=0.1191 | test_corr=(0.894, 0.942)
Epoch 175/200 | time=0.656s | train_loss=0.0532 | train_corr=(0.965, 0.993) | val_loss=0.0535 | val_corr=(0.965, 0.993) | test_loss=0.1188 | test_corr=(0.893, 0.94)
Epoch 176/200 | time=0.656s | train_loss=0.0516 | train_corr=(0.966, 0.994) | val_loss=0.0536 | val_corr=(0.964, 0.994) | test_loss=0.1187 | test_corr=(0.892, 0.944)
Epoch 177/200 | time=0.654s | train_loss=0.0523 | train_corr=(0.966, 0.993) | val_loss=0.0534 | val_corr=(0.965, 0.994) | test_loss=0.1203 | test_corr=(0.891, 0.943)
Epoch 178/200 | time=0.639s | train_loss=0.0523 | train_corr=(0.964, 0.994) | val_loss=0.0526 | val_corr=(0.967, 0.995) | test_loss=0.1164 | test_corr=(0.895, 0.944)
Epoch 179/200 | time=0.659s | train_loss=0.0496 | train_corr=(0.967, 0.995) | val_loss=0.0552 | val_corr=(0.968, 0.994) | test_loss=0.1175 | test_corr=(0.897, 0.944)
Epoch 180/200 | time=0.656s | train_loss=0.0542 | train_corr=(0.965, 0.995) | val_loss=0.0502 | val_corr=(0.966, 0.995) | test_loss=0.1151 | test_corr=(0.895, 0.946)
Epoch 181/200 | time=0.651s | train_loss=0.0512 | train_corr=(0.965, 0.993) | val_loss=0.0505 | val_corr=(0.967, 0.994) | test_loss=0.1157 | test_corr=(0.895, 0.945)
Epoch 182/200 | time=0.649s | train_loss=0.0605 | train_corr=(0.961, 0.986) | val_loss=0.0554 | val_corr=(0.962, 0.994) | test_loss=0.1208 | test_corr=(0.891, 0.947)
Epoch 183/200 | time=0.636s | train_loss=0.065 | train_corr=(0.961, 0.986) | val_loss=0.0717 | val_corr=(0.958, 0.978) | test_loss=0.1323 | test_corr=(0.883, 0.923)
Epoch 184/200 | time=0.649s | train_loss=0.0622 | train_corr=(0.96, 0.99) | val_loss=0.0636 | val_corr=(0.959, 0.987) | test_loss=0.1241 | test_corr=(0.888, 0.942)
Epoch 185/200 | time=0.64s | train_loss=0.0611 | train_corr=(0.962, 0.989) | val_loss=0.0724 | val_corr=(0.956, 0.983) | test_loss=0.1359 | test_corr=(0.883, 0.93)
Epoch 186/200 | time=0.638s | train_loss=0.06 | train_corr=(0.963, 0.99) | val_loss=0.0657 | val_corr=(0.963, 0.988) | test_loss=0.1252 | test_corr=(0.892, 0.936)
Epoch 187/200 | time=0.654s | train_loss=0.0569 | train_corr=(0.963, 0.992) | val_loss=0.0582 | val_corr=(0.961, 0.992) | test_loss=0.1233 | test_corr=(0.888, 0.942)
Epoch 188/200 | time=0.638s | train_loss=0.0578 | train_corr=(0.967, 0.993) | val_loss=0.0575 | val_corr=(0.962, 0.992) | test_loss=0.1276 | test_corr=(0.886, 0.941)
Epoch 189/200 | time=0.63s | train_loss=0.0583 | train_corr=(0.961, 0.989) | val_loss=0.0581 | val_corr=(0.962, 0.991) | test_loss=0.1228 | test_corr=(0.889, 0.937)
Epoch 190/200 | time=0.652s | train_loss=0.0642 | train_corr=(0.964, 0.991) | val_loss=0.059 | val_corr=(0.961, 0.991) | test_loss=0.1256 | test_corr=(0.887, 0.938)
Epoch 191/200 | time=0.651s | train_loss=0.054 | train_corr=(0.966, 0.993) | val_loss=0.0569 | val_corr=(0.966, 0.994) | test_loss=0.12 | test_corr=(0.895, 0.942)
Epoch 192/200 | time=0.656s | train_loss=0.053 | train_corr=(0.964, 0.994) | val_loss=0.0533 | val_corr=(0.967, 0.993) | test_loss=0.1166 | test_corr=(0.894, 0.943)
Epoch 193/200 | time=0.648s | train_loss=0.0505 | train_corr=(0.968, 0.995) | val_loss=0.0501 | val_corr=(0.966, 0.994) | test_loss=0.1165 | test_corr=(0.895, 0.943)
Epoch 194/200 | time=0.635s | train_loss=0.0579 | train_corr=(0.967, 0.994) | val_loss=0.0534 | val_corr=(0.968, 0.995) | test_loss=0.1161 | test_corr=(0.897, 0.944)
Epoch 195/200 | time=0.633s | train_loss=0.0511 | train_corr=(0.964, 0.995) | val_loss=0.0603 | val_corr=(0.968, 0.992) | test_loss=0.1192 | test_corr=(0.897, 0.944)
Epoch 196/200 | time=0.654s | train_loss=0.0495 | train_corr=(0.966, 0.995) | val_loss=0.0492 | val_corr=(0.967, 0.995) | test_loss=0.1146 | test_corr=(0.896, 0.945)
Epoch 197/200 | time=0.64s | train_loss=0.0522 | train_corr=(0.963, 0.996) | val_loss=0.0479 | val_corr=(0.966, 0.996) | test_loss=0.1154 | test_corr=(0.894, 0.945)
Epoch 198/200 | time=0.635s | train_loss=0.0473 | train_corr=(0.965, 0.995) | val_loss=0.0474 | val_corr=(0.965, 0.996) | test_loss=0.1165 | test_corr=(0.892, 0.945)
Epoch 199/200 | time=0.65s | train_loss=0.049 | train_corr=(0.966, 0.996) | val_loss=0.0486 | val_corr=(0.968, 0.995) | test_loss=0.1144 | test_corr=(0.895, 0.944)
Epoch 200/200 | time=0.64s | train_loss=0.0532 | train_corr=(0.964, 0.994) | val_loss=0.0531 | val_corr=(0.964, 0.992) | test_loss=0.117 | test_corr=(0.893, 0.945)
────────────────────────────────────────────────────────────────────────────────────
                                           Time                    Allocations      
                                  ───────────────────────   ────────────────────────
        Tot / % measured:              1902s /  14.8%            303GiB /  89.1%    

Section                   ncalls     time    %tot     avg     alloc    %tot      avg
────────────────────────────────────────────────────────────────────────────────────
epoch                        200     249s   88.8%   1.25s    249GiB   92.1%  1.25GiB
  train                      200     182s   64.9%   911ms    107GiB   39.7%   550MiB
    single_train_step!     2.00k     161s   57.3%  80.5ms   44.8GiB   16.6%  22.9MiB
    get training batch     2.00k    21.1s    7.5%  10.5ms   62.5GiB   23.1%  32.0MiB
  test                       200    52.9s   18.8%   264ms    118GiB   43.6%   604MiB
    get test loss          2.60k    31.4s   11.2%  12.1ms   39.9GiB   14.7%  15.7MiB
    get test batch         2.60k    21.4s    7.6%  8.22ms   78.1GiB   28.9%  30.8MiB
  validation                 200    14.2s    5.1%  71.1ms   23.8GiB    8.8%   122MiB
    validation loss          600    9.24s    3.3%  15.4ms   8.14GiB    3.0%  13.9MiB
    get validation data      600    4.64s    1.7%  7.73ms   15.6GiB    5.8%  26.7MiB
get_data                       1    31.5s   11.2%   31.5s   21.3GiB    7.9%  21.3GiB
────────────────────────────────────────────────────────────────────────────────────Iter 1/250 | loss=47953.52 | avg_time=54.78s/iter | elapsed=54.8s | ETA=13640.3s
Iter 10/250 | loss=25054.79 | avg_time=6.471s/iter | elapsed=64.7s | ETA=1553.1s
Iter 20/250 | loss=16274.614 | avg_time=3.761s/iter | elapsed=75.2s | ETA=865.0s
Iter 30/250 | loss=10744.279 | avg_time=2.901s/iter | elapsed=87.0s | ETA=638.3s
Iter 40/250 | loss=7218.364 | avg_time=2.434s/iter | elapsed=97.4s | ETA=511.2s
Iter 50/250 | loss=5475.535 | avg_time=2.187s/iter | elapsed=109.4s | ETA=437.4s
Iter 60/250 | loss=4229.39 | avg_time=2.035s/iter | elapsed=122.1s | ETA=386.7s
Iter 70/250 | loss=3204.341 | avg_time=1.891s/iter | elapsed=132.3s | ETA=340.3s
Iter 80/250 | loss=2621.1633 | avg_time=1.823s/iter | elapsed=145.8s | ETA=309.9s
Iter 90/250 | loss=2496.777 | avg_time=1.742s/iter | elapsed=156.8s | ETA=278.7s
Iter 100/250 | loss=2187.3997 | avg_time=1.705s/iter | elapsed=170.5s | ETA=255.7s
Iter 110/250 | loss=2276.4224 | avg_time=1.677s/iter | elapsed=184.5s | ETA=234.8s
Iter 120/250 | loss=1980.9514 | avg_time=1.634s/iter | elapsed=196.0s | ETA=212.4s
Iter 130/250 | loss=1986.0149 | avg_time=1.62s/iter | elapsed=210.6s | ETA=194.4s
Iter 140/250 | loss=1766.7397 | avg_time=1.586s/iter | elapsed=222.0s | ETA=174.5s
Iter 150/250 | loss=1499.2238 | avg_time=1.577s/iter | elapsed=236.6s | ETA=157.7s
Iter 160/250 | loss=1366.1123 | avg_time=1.568s/iter | elapsed=250.9s | ETA=141.1s
Iter 170/250 | loss=1450.1702 | avg_time=1.54s/iter | elapsed=261.9s | ETA=123.2s
Iter 180/250 | loss=1269.4144 | avg_time=1.533s/iter | elapsed=276.0s | ETA=107.3s
Iter 190/250 | loss=1258.4159 | avg_time=1.527s/iter | elapsed=290.2s | ETA=91.6s
Iter 200/250 | loss=1311.8201 | avg_time=1.507s/iter | elapsed=301.4s | ETA=75.3s
Iter 210/250 | loss=1331.4618 | avg_time=1.503s/iter | elapsed=315.6s | ETA=60.1s
Iter 220/250 | loss=1322.6924 | avg_time=1.487s/iter | elapsed=327.2s | ETA=44.6s
Iter 230/250 | loss=1314.9773 | avg_time=1.484s/iter | elapsed=341.3s | ETA=29.7s
Iter 240/250 | loss=1037.58 | avg_time=1.481s/iter | elapsed=355.5s | ETA=14.8s
Iter 250/250 | loss=1120.6786 | avg_time=1.467s/iter | elapsed=366.7s | ETA=0.0s
Iter 250/250 | loss=1037.58 | avg_time=1.471s/iter | elapsed=367.8s | ETA=0.0s
Finished at Wed Apr  8 20:53:36 CEST 2026
