Running on host gpu014
Using 8 Julia threads
Starting at Thu Apr  9 14:46:59 CEST 2026
Loading Modules
Finished Loading Modules
Running hpc_AENODE_retrain.jl
Epoch 1/200 | time=114.937s | train_loss=0.8182 | train_corr=(0.365, 0.024) | val_loss=0.8229 | val_corr=(0.368, 0.014) | test_loss=0.8217 | test_corr=(0.368, 0.018)
Epoch 2/200 | time=0.692s | train_loss=0.6067 | train_corr=(0.286, -0.008) | val_loss=0.5259 | val_corr=(0.4, 0.012) | test_loss=0.5235 | test_corr=(0.405, 0.022)
Epoch 3/200 | time=0.671s | train_loss=0.4119 | train_corr=(0.466, -0.004) | val_loss=0.4071 | val_corr=(0.475, 0.012) | test_loss=0.4057 | test_corr=(0.483, 0.024)
Epoch 4/200 | time=0.672s | train_loss=0.3756 | train_corr=(0.525, 0.005) | val_loss=0.399 | val_corr=(0.524, 0.003) | test_loss=0.4006 | test_corr=(0.521, 0.012)
Epoch 5/200 | time=0.665s | train_loss=0.3784 | train_corr=(0.511, 0.02) | val_loss=0.3771 | val_corr=(0.526, 0.025) | test_loss=0.3757 | test_corr=(0.528, 0.02)
Epoch 6/200 | time=0.661s | train_loss=0.3794 | train_corr=(0.531, 0.041) | val_loss=0.3698 | val_corr=(0.545, 0.036) | test_loss=0.3696 | test_corr=(0.543, 0.025)
Epoch 7/200 | time=0.659s | train_loss=0.3608 | train_corr=(0.571, 0.036) | val_loss=0.3663 | val_corr=(0.552, 0.035) | test_loss=0.367 | test_corr=(0.55, 0.024)
Epoch 8/200 | time=0.666s | train_loss=0.3659 | train_corr=(0.551, -0.018) | val_loss=0.363 | val_corr=(0.555, 0.037) | test_loss=0.3634 | test_corr=(0.554, 0.028)
Epoch 9/200 | time=0.673s | train_loss=0.3534 | train_corr=(0.57, 0.05) | val_loss=0.3609 | val_corr=(0.557, 0.046) | test_loss=0.3615 | test_corr=(0.554, 0.041)
Epoch 10/200 | time=0.666s | train_loss=0.3651 | train_corr=(0.55, 0.004) | val_loss=0.3586 | val_corr=(0.558, 0.046) | test_loss=0.3587 | test_corr=(0.556, 0.045)
Epoch 11/200 | time=0.673s | train_loss=0.3554 | train_corr=(0.554, 0.062) | val_loss=0.3592 | val_corr=(0.557, 0.059) | test_loss=0.3599 | test_corr=(0.553, 0.058)
Epoch 12/200 | time=0.668s | train_loss=0.3521 | train_corr=(0.568, 0.08) | val_loss=0.357 | val_corr=(0.568, 0.059) | test_loss=0.3568 | test_corr=(0.567, 0.059)
Epoch 13/200 | time=0.67s | train_loss=0.3475 | train_corr=(0.586, 0.059) | val_loss=0.3554 | val_corr=(0.565, 0.071) | test_loss=0.3565 | test_corr=(0.559, 0.072)
Epoch 14/200 | time=0.661s | train_loss=0.346 | train_corr=(0.583, 0.058) | val_loss=0.3524 | val_corr=(0.564, 0.079) | test_loss=0.3531 | test_corr=(0.56, 0.08)
Epoch 15/200 | time=0.659s | train_loss=0.3529 | train_corr=(0.562, 0.09) | val_loss=0.3515 | val_corr=(0.566, 0.09) | test_loss=0.3522 | test_corr=(0.559, 0.09)
Epoch 16/200 | time=0.664s | train_loss=0.3464 | train_corr=(0.584, 0.106) | val_loss=0.3504 | val_corr=(0.568, 0.095) | test_loss=0.3507 | test_corr=(0.565, 0.095)
Epoch 17/200 | time=0.66s | train_loss=0.3491 | train_corr=(0.571, 0.1) | val_loss=0.3492 | val_corr=(0.576, 0.099) | test_loss=0.3515 | test_corr=(0.568, 0.1)
Epoch 18/200 | time=0.665s | train_loss=0.3404 | train_corr=(0.587, 0.095) | val_loss=0.3455 | val_corr=(0.586, 0.103) | test_loss=0.3478 | test_corr=(0.578, 0.104)
Epoch 19/200 | time=0.659s | train_loss=0.3421 | train_corr=(0.585, 0.114) | val_loss=0.3555 | val_corr=(0.587, 0.11) | test_loss=0.359 | test_corr=(0.577, 0.11)
Epoch 20/200 | time=0.655s | train_loss=0.343 | train_corr=(0.596, 0.12) | val_loss=0.3426 | val_corr=(0.6, 0.114) | test_loss=0.3448 | test_corr=(0.588, 0.114)
Epoch 21/200 | time=0.656s | train_loss=0.3369 | train_corr=(0.606, 0.129) | val_loss=0.3361 | val_corr=(0.612, 0.123) | test_loss=0.3389 | test_corr=(0.601, 0.121)
Epoch 22/200 | time=0.65s | train_loss=0.3287 | train_corr=(0.628, 0.177) | val_loss=0.3321 | val_corr=(0.614, 0.158) | test_loss=0.3348 | test_corr=(0.602, 0.155)
Epoch 23/200 | time=0.638s | train_loss=0.3235 | train_corr=(0.63, 0.183) | val_loss=0.327 | val_corr=(0.622, 0.213) | test_loss=0.3292 | test_corr=(0.612, 0.206)
Epoch 24/200 | time=0.644s | train_loss=0.3245 | train_corr=(0.632, 0.273) | val_loss=0.3225 | val_corr=(0.628, 0.28) | test_loss=0.3245 | test_corr=(0.617, 0.27)
Epoch 25/200 | time=0.64s | train_loss=0.32 | train_corr=(0.643, 0.329) | val_loss=0.3224 | val_corr=(0.634, 0.409) | test_loss=0.3237 | test_corr=(0.622, 0.384)
Epoch 26/200 | time=0.642s | train_loss=0.3132 | train_corr=(0.626, 0.441) | val_loss=0.3081 | val_corr=(0.642, 0.484) | test_loss=0.3118 | test_corr=(0.633, 0.458)
Epoch 27/200 | time=0.653s | train_loss=0.3057 | train_corr=(0.636, 0.528) | val_loss=0.3012 | val_corr=(0.657, 0.569) | test_loss=0.3073 | test_corr=(0.649, 0.54)
Epoch 28/200 | time=0.653s | train_loss=0.3015 | train_corr=(0.664, 0.579) | val_loss=0.2917 | val_corr=(0.666, 0.648) | test_loss=0.2957 | test_corr=(0.657, 0.609)
Epoch 29/200 | time=0.653s | train_loss=0.2785 | train_corr=(0.689, 0.711) | val_loss=0.2832 | val_corr=(0.685, 0.72) | test_loss=0.2881 | test_corr=(0.681, 0.709)
Epoch 30/200 | time=0.646s | train_loss=0.286 | train_corr=(0.675, 0.698) | val_loss=0.2883 | val_corr=(0.669, 0.646) | test_loss=0.2884 | test_corr=(0.672, 0.656)
Epoch 31/200 | time=0.617s | train_loss=0.2666 | train_corr=(0.721, 0.708) | val_loss=0.2637 | val_corr=(0.709, 0.787) | test_loss=0.271 | test_corr=(0.697, 0.776)
Epoch 32/200 | time=0.62s | train_loss=0.2537 | train_corr=(0.7, 0.822) | val_loss=0.2498 | val_corr=(0.71, 0.837) | test_loss=0.2569 | test_corr=(0.697, 0.808)
Epoch 33/200 | time=0.62s | train_loss=0.2466 | train_corr=(0.717, 0.841) | val_loss=0.2434 | val_corr=(0.727, 0.862) | test_loss=0.2481 | test_corr=(0.718, 0.841)
Epoch 34/200 | time=0.638s | train_loss=0.2314 | train_corr=(0.74, 0.864) | val_loss=0.2311 | val_corr=(0.736, 0.865) | test_loss=0.2413 | test_corr=(0.725, 0.843)
Epoch 35/200 | time=0.636s | train_loss=0.237 | train_corr=(0.751, 0.877) | val_loss=0.2282 | val_corr=(0.749, 0.881) | test_loss=0.2381 | test_corr=(0.735, 0.86)
Epoch 36/200 | time=0.622s | train_loss=0.2191 | train_corr=(0.758, 0.883) | val_loss=0.2209 | val_corr=(0.758, 0.898) | test_loss=0.2292 | test_corr=(0.744, 0.87)
Epoch 37/200 | time=0.622s | train_loss=0.2097 | train_corr=(0.767, 0.912) | val_loss=0.2105 | val_corr=(0.771, 0.906) | test_loss=0.2224 | test_corr=(0.755, 0.875)
Epoch 38/200 | time=0.622s | train_loss=0.2026 | train_corr=(0.791, 0.92) | val_loss=0.1981 | val_corr=(0.781, 0.925) | test_loss=0.2107 | test_corr=(0.764, 0.898)
Epoch 39/200 | time=0.622s | train_loss=0.2016 | train_corr=(0.781, 0.926) | val_loss=0.1988 | val_corr=(0.785, 0.925) | test_loss=0.2126 | test_corr=(0.764, 0.897)
Epoch 40/200 | time=0.624s | train_loss=0.191 | train_corr=(0.795, 0.936) | val_loss=0.1882 | val_corr=(0.796, 0.937) | test_loss=0.2035 | test_corr=(0.774, 0.9)
Epoch 41/200 | time=0.619s | train_loss=0.1937 | train_corr=(0.806, 0.927) | val_loss=0.1846 | val_corr=(0.802, 0.941) | test_loss=0.2022 | test_corr=(0.779, 0.906)
Epoch 42/200 | time=0.639s | train_loss=0.1854 | train_corr=(0.807, 0.928) | val_loss=0.1843 | val_corr=(0.803, 0.941) | test_loss=0.1998 | test_corr=(0.78, 0.906)
Epoch 43/200 | time=0.629s | train_loss=0.1822 | train_corr=(0.792, 0.937) | val_loss=0.1776 | val_corr=(0.811, 0.944) | test_loss=0.1982 | test_corr=(0.786, 0.908)
Epoch 44/200 | time=0.609s | train_loss=0.1853 | train_corr=(0.806, 0.941) | val_loss=0.192 | val_corr=(0.817, 0.941) | test_loss=0.2149 | test_corr=(0.788, 0.907)
Epoch 45/200 | time=0.605s | train_loss=0.1758 | train_corr=(0.822, 0.948) | val_loss=0.1796 | val_corr=(0.822, 0.95) | test_loss=0.2008 | test_corr=(0.792, 0.91)
Epoch 46/200 | time=0.607s | train_loss=0.1712 | train_corr=(0.821, 0.948) | val_loss=0.1758 | val_corr=(0.827, 0.948) | test_loss=0.1978 | test_corr=(0.797, 0.912)
Epoch 47/200 | time=0.629s | train_loss=0.1646 | train_corr=(0.837, 0.957) | val_loss=0.1625 | val_corr=(0.831, 0.957) | test_loss=0.1876 | test_corr=(0.801, 0.912)
Epoch 48/200 | time=0.608s | train_loss=0.1784 | train_corr=(0.833, 0.947) | val_loss=0.186 | val_corr=(0.816, 0.945) | test_loss=0.2016 | test_corr=(0.788, 0.91)
Epoch 49/200 | time=0.608s | train_loss=0.1735 | train_corr=(0.828, 0.946) | val_loss=0.1681 | val_corr=(0.831, 0.949) | test_loss=0.196 | test_corr=(0.795, 0.897)
Epoch 50/200 | time=0.608s | train_loss=0.1777 | train_corr=(0.826, 0.95) | val_loss=0.1707 | val_corr=(0.825, 0.948) | test_loss=0.1943 | test_corr=(0.795, 0.897)
Epoch 51/200 | time=0.609s | train_loss=0.1643 | train_corr=(0.833, 0.952) | val_loss=0.161 | val_corr=(0.834, 0.958) | test_loss=0.1861 | test_corr=(0.799, 0.91)
Epoch 52/200 | time=0.607s | train_loss=0.1538 | train_corr=(0.842, 0.959) | val_loss=0.1567 | val_corr=(0.84, 0.961) | test_loss=0.1823 | test_corr=(0.805, 0.911)
Epoch 53/200 | time=0.608s | train_loss=0.1559 | train_corr=(0.839, 0.956) | val_loss=0.1573 | val_corr=(0.85, 0.965) | test_loss=0.1875 | test_corr=(0.812, 0.919)
Epoch 54/200 | time=0.609s | train_loss=0.1485 | train_corr=(0.85, 0.963) | val_loss=0.1494 | val_corr=(0.85, 0.963) | test_loss=0.1779 | test_corr=(0.816, 0.92)
Epoch 55/200 | time=0.608s | train_loss=0.1474 | train_corr=(0.854, 0.964) | val_loss=0.1458 | val_corr=(0.852, 0.966) | test_loss=0.1743 | test_corr=(0.812, 0.923)
Epoch 56/200 | time=0.607s | train_loss=0.1382 | train_corr=(0.855, 0.97) | val_loss=0.1402 | val_corr=(0.858, 0.969) | test_loss=0.1716 | test_corr=(0.82, 0.922)
Epoch 57/200 | time=0.608s | train_loss=0.1388 | train_corr=(0.856, 0.97) | val_loss=0.1378 | val_corr=(0.856, 0.97) | test_loss=0.169 | test_corr=(0.819, 0.924)
Epoch 58/200 | time=0.656s | train_loss=0.1371 | train_corr=(0.863, 0.97) | val_loss=0.1371 | val_corr=(0.862, 0.969) | test_loss=0.171 | test_corr=(0.822, 0.919)
Epoch 59/200 | time=0.662s | train_loss=0.1353 | train_corr=(0.865, 0.97) | val_loss=0.1451 | val_corr=(0.855, 0.969) | test_loss=0.171 | test_corr=(0.82, 0.924)
Epoch 60/200 | time=0.639s | train_loss=0.1333 | train_corr=(0.867, 0.972) | val_loss=0.1512 | val_corr=(0.848, 0.968) | test_loss=0.1766 | test_corr=(0.807, 0.921)
Epoch 61/200 | time=0.628s | train_loss=0.1342 | train_corr=(0.858, 0.97) | val_loss=0.1496 | val_corr=(0.86, 0.967) | test_loss=0.1769 | test_corr=(0.818, 0.921)
Epoch 62/200 | time=0.621s | train_loss=0.1304 | train_corr=(0.869, 0.974) | val_loss=0.1336 | val_corr=(0.867, 0.972) | test_loss=0.1637 | test_corr=(0.827, 0.927)
Epoch 63/200 | time=0.61s | train_loss=0.1349 | train_corr=(0.865, 0.969) | val_loss=0.128 | val_corr=(0.87, 0.973) | test_loss=0.1635 | test_corr=(0.828, 0.927)
Epoch 64/200 | time=0.623s | train_loss=0.1283 | train_corr=(0.88, 0.975) | val_loss=0.1301 | val_corr=(0.874, 0.974) | test_loss=0.16 | test_corr=(0.833, 0.932)
Epoch 65/200 | time=0.61s | train_loss=0.1267 | train_corr=(0.877, 0.974) | val_loss=0.1301 | val_corr=(0.872, 0.976) | test_loss=0.1597 | test_corr=(0.832, 0.931)
Epoch 66/200 | time=0.633s | train_loss=0.1243 | train_corr=(0.881, 0.971) | val_loss=0.1288 | val_corr=(0.878, 0.974) | test_loss=0.168 | test_corr=(0.833, 0.928)
Epoch 67/200 | time=0.633s | train_loss=0.1272 | train_corr=(0.879, 0.977) | val_loss=0.1232 | val_corr=(0.88, 0.977) | test_loss=0.1565 | test_corr=(0.837, 0.932)
Epoch 68/200 | time=0.608s | train_loss=0.1238 | train_corr=(0.878, 0.976) | val_loss=0.1427 | val_corr=(0.872, 0.964) | test_loss=0.1687 | test_corr=(0.832, 0.924)
Epoch 69/200 | time=0.609s | train_loss=0.1359 | train_corr=(0.872, 0.973) | val_loss=0.1249 | val_corr=(0.883, 0.973) | test_loss=0.1596 | test_corr=(0.838, 0.929)
Epoch 70/200 | time=0.61s | train_loss=0.119 | train_corr=(0.879, 0.974) | val_loss=0.1212 | val_corr=(0.887, 0.979) | test_loss=0.1585 | test_corr=(0.845, 0.934)
Epoch 71/200 | time=0.61s | train_loss=0.1248 | train_corr=(0.887, 0.97) | val_loss=0.1365 | val_corr=(0.882, 0.975) | test_loss=0.1644 | test_corr=(0.838, 0.931)
Epoch 72/200 | time=0.608s | train_loss=0.1247 | train_corr=(0.881, 0.976) | val_loss=0.1418 | val_corr=(0.877, 0.974) | test_loss=0.1675 | test_corr=(0.834, 0.93)
Epoch 73/200 | time=0.611s | train_loss=0.1377 | train_corr=(0.882, 0.978) | val_loss=0.1325 | val_corr=(0.879, 0.975) | test_loss=0.1623 | test_corr=(0.836, 0.93)
Epoch 74/200 | time=0.635s | train_loss=0.1257 | train_corr=(0.889, 0.969) | val_loss=0.1213 | val_corr=(0.884, 0.973) | test_loss=0.1558 | test_corr=(0.84, 0.928)
Epoch 75/200 | time=0.608s | train_loss=0.1166 | train_corr=(0.894, 0.978) | val_loss=0.1144 | val_corr=(0.893, 0.977) | test_loss=0.1518 | test_corr=(0.845, 0.931)
Epoch 76/200 | time=0.61s | train_loss=0.1186 | train_corr=(0.893, 0.977) | val_loss=0.117 | val_corr=(0.895, 0.977) | test_loss=0.1574 | test_corr=(0.85, 0.933)
Epoch 77/200 | time=0.625s | train_loss=0.1121 | train_corr=(0.895, 0.979) | val_loss=0.11 | val_corr=(0.895, 0.979) | test_loss=0.1476 | test_corr=(0.85, 0.935)
Epoch 78/200 | time=0.616s | train_loss=0.1079 | train_corr=(0.906, 0.983) | val_loss=0.1191 | val_corr=(0.893, 0.98) | test_loss=0.1504 | test_corr=(0.849, 0.936)
Epoch 79/200 | time=0.605s | train_loss=0.1132 | train_corr=(0.899, 0.981) | val_loss=0.109 | val_corr=(0.898, 0.98) | test_loss=0.1443 | test_corr=(0.852, 0.935)
Epoch 80/200 | time=0.605s | train_loss=0.1117 | train_corr=(0.895, 0.977) | val_loss=0.1063 | val_corr=(0.901, 0.983) | test_loss=0.1441 | test_corr=(0.855, 0.938)
Epoch 81/200 | time=0.605s | train_loss=0.1096 | train_corr=(0.905, 0.978) | val_loss=0.1176 | val_corr=(0.902, 0.976) | test_loss=0.1485 | test_corr=(0.856, 0.935)
Epoch 82/200 | time=0.605s | train_loss=0.1224 | train_corr=(0.899, 0.965) | val_loss=0.1179 | val_corr=(0.898, 0.976) | test_loss=0.1503 | test_corr=(0.852, 0.931)
Epoch 83/200 | time=0.604s | train_loss=0.1039 | train_corr=(0.905, 0.98) | val_loss=0.1049 | val_corr=(0.904, 0.981) | test_loss=0.1445 | test_corr=(0.856, 0.938)
Epoch 84/200 | time=0.605s | train_loss=0.103 | train_corr=(0.91, 0.98) | val_loss=0.1038 | val_corr=(0.906, 0.983) | test_loss=0.141 | test_corr=(0.86, 0.938)
Epoch 85/200 | time=0.605s | train_loss=0.0999 | train_corr=(0.914, 0.983) | val_loss=0.106 | val_corr=(0.909, 0.982) | test_loss=0.143 | test_corr=(0.863, 0.937)
Epoch 86/200 | time=0.606s | train_loss=0.0996 | train_corr=(0.91, 0.979) | val_loss=0.1022 | val_corr=(0.911, 0.98) | test_loss=0.1394 | test_corr=(0.862, 0.937)
Epoch 87/200 | time=0.605s | train_loss=0.1286 | train_corr=(0.907, 0.983) | val_loss=0.1183 | val_corr=(0.913, 0.982) | test_loss=0.1619 | test_corr=(0.862, 0.94)
Epoch 88/200 | time=0.605s | train_loss=0.1083 | train_corr=(0.913, 0.978) | val_loss=0.1001 | val_corr=(0.915, 0.981) | test_loss=0.1412 | test_corr=(0.865, 0.939)
Epoch 89/200 | time=0.605s | train_loss=0.109 | train_corr=(0.912, 0.974) | val_loss=0.1071 | val_corr=(0.912, 0.971) | test_loss=0.1418 | test_corr=(0.865, 0.935)
Epoch 90/200 | time=0.608s | train_loss=0.1051 | train_corr=(0.909, 0.979) | val_loss=0.1329 | val_corr=(0.897, 0.978) | test_loss=0.1589 | test_corr=(0.85, 0.935)
Epoch 91/200 | time=0.609s | train_loss=0.1285 | train_corr=(0.91, 0.981) | val_loss=0.1153 | val_corr=(0.907, 0.978) | test_loss=0.1493 | test_corr=(0.859, 0.933)
Epoch 92/200 | time=0.611s | train_loss=0.1004 | train_corr=(0.917, 0.982) | val_loss=0.1029 | val_corr=(0.918, 0.977) | test_loss=0.1434 | test_corr=(0.87, 0.937)
Epoch 93/200 | time=0.608s | train_loss=0.1017 | train_corr=(0.918, 0.979) | val_loss=0.1004 | val_corr=(0.919, 0.978) | test_loss=0.1421 | test_corr=(0.87, 0.934)
Epoch 94/200 | time=0.605s | train_loss=0.0984 | train_corr=(0.913, 0.982) | val_loss=0.0999 | val_corr=(0.911, 0.982) | test_loss=0.1394 | test_corr=(0.86, 0.938)
Epoch 95/200 | time=0.606s | train_loss=0.0929 | train_corr=(0.923, 0.986) | val_loss=0.098 | val_corr=(0.92, 0.983) | test_loss=0.1362 | test_corr=(0.87, 0.94)
Epoch 96/200 | time=0.606s | train_loss=0.0936 | train_corr=(0.925, 0.981) | val_loss=0.0958 | val_corr=(0.916, 0.984) | test_loss=0.135 | test_corr=(0.868, 0.941)
Epoch 97/200 | time=0.606s | train_loss=0.088 | train_corr=(0.922, 0.986) | val_loss=0.0923 | val_corr=(0.92, 0.986) | test_loss=0.134 | test_corr=(0.869, 0.938)
Epoch 98/200 | time=0.605s | train_loss=0.0894 | train_corr=(0.927, 0.985) | val_loss=0.0955 | val_corr=(0.919, 0.985) | test_loss=0.1362 | test_corr=(0.869, 0.939)
Epoch 99/200 | time=0.605s | train_loss=0.0867 | train_corr=(0.926, 0.986) | val_loss=0.0898 | val_corr=(0.927, 0.986) | test_loss=0.1345 | test_corr=(0.874, 0.943)
Epoch 100/200 | time=0.605s | train_loss=0.0892 | train_corr=(0.925, 0.985) | val_loss=0.0922 | val_corr=(0.928, 0.986) | test_loss=0.1399 | test_corr=(0.874, 0.944)
Epoch 101/200 | time=0.605s | train_loss=0.0859 | train_corr=(0.93, 0.987) | val_loss=0.0848 | val_corr=(0.93, 0.987) | test_loss=0.1312 | test_corr=(0.877, 0.944)
Epoch 102/200 | time=0.602s | train_loss=0.084 | train_corr=(0.932, 0.988) | val_loss=0.0844 | val_corr=(0.931, 0.986) | test_loss=0.1328 | test_corr=(0.877, 0.939)
Epoch 103/200 | time=0.602s | train_loss=0.0849 | train_corr=(0.931, 0.986) | val_loss=0.0876 | val_corr=(0.928, 0.985) | test_loss=0.132 | test_corr=(0.875, 0.939)
Epoch 104/200 | time=0.617s | train_loss=0.0864 | train_corr=(0.934, 0.985) | val_loss=0.0885 | val_corr=(0.929, 0.983) | test_loss=0.1327 | test_corr=(0.877, 0.934)
Epoch 105/200 | time=0.617s | train_loss=0.0913 | train_corr=(0.931, 0.985) | val_loss=0.0885 | val_corr=(0.931, 0.983) | test_loss=0.1381 | test_corr=(0.876, 0.937)
Epoch 106/200 | time=0.623s | train_loss=0.0961 | train_corr=(0.929, 0.985) | val_loss=0.1048 | val_corr=(0.927, 0.984) | test_loss=0.1547 | test_corr=(0.869, 0.941)
Epoch 107/200 | time=0.627s | train_loss=0.094 | train_corr=(0.933, 0.983) | val_loss=0.0963 | val_corr=(0.931, 0.982) | test_loss=0.1433 | test_corr=(0.876, 0.943)
Epoch 108/200 | time=0.671s | train_loss=0.1021 | train_corr=(0.929, 0.981) | val_loss=0.0992 | val_corr=(0.93, 0.979) | test_loss=0.1406 | test_corr=(0.876, 0.94)
Epoch 109/200 | time=0.674s | train_loss=0.0945 | train_corr=(0.93, 0.983) | val_loss=0.094 | val_corr=(0.931, 0.983) | test_loss=0.1421 | test_corr=(0.875, 0.942)
Epoch 110/200 | time=1.017s | train_loss=0.0851 | train_corr=(0.934, 0.984) | val_loss=0.1134 | val_corr=(0.924, 0.983) | test_loss=0.1445 | test_corr=(0.872, 0.942)
Epoch 111/200 | time=0.641s | train_loss=0.0946 | train_corr=(0.929, 0.985) | val_loss=0.0864 | val_corr=(0.935, 0.985) | test_loss=0.1311 | test_corr=(0.881, 0.941)
Epoch 112/200 | time=0.622s | train_loss=0.0869 | train_corr=(0.94, 0.986) | val_loss=0.0901 | val_corr=(0.934, 0.983) | test_loss=0.1332 | test_corr=(0.878, 0.94)
Epoch 113/200 | time=0.619s | train_loss=0.0859 | train_corr=(0.934, 0.982) | val_loss=0.0838 | val_corr=(0.938, 0.985) | test_loss=0.1285 | test_corr=(0.882, 0.943)
Epoch 114/200 | time=0.623s | train_loss=0.0878 | train_corr=(0.936, 0.982) | val_loss=0.0841 | val_corr=(0.936, 0.984) | test_loss=0.1326 | test_corr=(0.88, 0.94)
Epoch 115/200 | time=0.615s | train_loss=0.0796 | train_corr=(0.943, 0.988) | val_loss=0.0801 | val_corr=(0.941, 0.987) | test_loss=0.1284 | test_corr=(0.884, 0.942)
Epoch 116/200 | time=0.617s | train_loss=0.0825 | train_corr=(0.941, 0.987) | val_loss=0.0804 | val_corr=(0.941, 0.988) | test_loss=0.1294 | test_corr=(0.884, 0.943)
Epoch 117/200 | time=0.626s | train_loss=0.0759 | train_corr=(0.941, 0.989) | val_loss=0.0774 | val_corr=(0.941, 0.989) | test_loss=0.1282 | test_corr=(0.882, 0.941)
Epoch 118/200 | time=0.617s | train_loss=0.0762 | train_corr=(0.943, 0.988) | val_loss=0.0849 | val_corr=(0.938, 0.988) | test_loss=0.1277 | test_corr=(0.884, 0.943)
Epoch 119/200 | time=0.611s | train_loss=0.0786 | train_corr=(0.943, 0.988) | val_loss=0.0754 | val_corr=(0.942, 0.99) | test_loss=0.1247 | test_corr=(0.885, 0.945)
Epoch 120/200 | time=0.613s | train_loss=0.076 | train_corr=(0.944, 0.989) | val_loss=0.0748 | val_corr=(0.944, 0.989) | test_loss=0.1266 | test_corr=(0.885, 0.944)
Epoch 121/200 | time=0.619s | train_loss=0.0793 | train_corr=(0.944, 0.989) | val_loss=0.0787 | val_corr=(0.942, 0.989) | test_loss=0.1255 | test_corr=(0.887, 0.944)
Epoch 122/200 | time=0.622s | train_loss=0.0745 | train_corr=(0.946, 0.988) | val_loss=0.0773 | val_corr=(0.944, 0.988) | test_loss=0.1322 | test_corr=(0.882, 0.943)
Epoch 123/200 | time=0.62s | train_loss=0.0802 | train_corr=(0.944, 0.988) | val_loss=0.0874 | val_corr=(0.943, 0.988) | test_loss=0.1432 | test_corr=(0.88, 0.945)
Epoch 124/200 | time=0.628s | train_loss=0.0781 | train_corr=(0.947, 0.987) | val_loss=0.0901 | val_corr=(0.941, 0.985) | test_loss=0.1422 | test_corr=(0.883, 0.94)
Epoch 125/200 | time=0.625s | train_loss=0.0751 | train_corr=(0.947, 0.987) | val_loss=0.0774 | val_corr=(0.944, 0.987) | test_loss=0.1274 | test_corr=(0.886, 0.943)
Epoch 126/200 | time=0.629s | train_loss=0.0821 | train_corr=(0.944, 0.99) | val_loss=0.1012 | val_corr=(0.939, 0.988) | test_loss=0.1397 | test_corr=(0.884, 0.943)
Epoch 127/200 | time=0.626s | train_loss=0.0961 | train_corr=(0.94, 0.985) | val_loss=0.092 | val_corr=(0.939, 0.985) | test_loss=0.1333 | test_corr=(0.883, 0.94)
Epoch 128/200 | time=0.625s | train_loss=0.1024 | train_corr=(0.935, 0.982) | val_loss=0.0843 | val_corr=(0.942, 0.982) | test_loss=0.1294 | test_corr=(0.886, 0.939)
Epoch 129/200 | time=0.614s | train_loss=0.0926 | train_corr=(0.937, 0.98) | val_loss=0.0872 | val_corr=(0.939, 0.984) | test_loss=0.1383 | test_corr=(0.879, 0.94)
Epoch 130/200 | time=0.616s | train_loss=0.0875 | train_corr=(0.945, 0.981) | val_loss=0.0846 | val_corr=(0.944, 0.983) | test_loss=0.1365 | test_corr=(0.881, 0.934)
Epoch 131/200 | time=0.623s | train_loss=0.0773 | train_corr=(0.946, 0.987) | val_loss=0.086 | val_corr=(0.944, 0.983) | test_loss=0.1367 | test_corr=(0.881, 0.939)
Epoch 132/200 | time=0.615s | train_loss=0.0731 | train_corr=(0.947, 0.99) | val_loss=0.0733 | val_corr=(0.947, 0.989) | test_loss=0.125 | test_corr=(0.887, 0.941)
Epoch 133/200 | time=0.616s | train_loss=0.0722 | train_corr=(0.948, 0.989) | val_loss=0.0711 | val_corr=(0.947, 0.99) | test_loss=0.1231 | test_corr=(0.886, 0.943)
Epoch 134/200 | time=0.626s | train_loss=0.0739 | train_corr=(0.947, 0.991) | val_loss=0.0725 | val_corr=(0.948, 0.991) | test_loss=0.1238 | test_corr=(0.886, 0.945)
Epoch 135/200 | time=0.614s | train_loss=0.0722 | train_corr=(0.947, 0.989) | val_loss=0.0857 | val_corr=(0.946, 0.986) | test_loss=0.1305 | test_corr=(0.887, 0.937)
Epoch 136/200 | time=0.625s | train_loss=0.074 | train_corr=(0.947, 0.989) | val_loss=0.076 | val_corr=(0.946, 0.989) | test_loss=0.13 | test_corr=(0.881, 0.942)
Epoch 137/200 | time=0.625s | train_loss=0.0677 | train_corr=(0.951, 0.99) | val_loss=0.0724 | val_corr=(0.948, 0.99) | test_loss=0.1258 | test_corr=(0.884, 0.943)
Epoch 138/200 | time=0.624s | train_loss=0.0713 | train_corr=(0.947, 0.988) | val_loss=0.074 | val_corr=(0.946, 0.987) | test_loss=0.1283 | test_corr=(0.883, 0.941)
Epoch 139/200 | time=0.625s | train_loss=0.0825 | train_corr=(0.945, 0.987) | val_loss=0.0788 | val_corr=(0.947, 0.984) | test_loss=0.1311 | test_corr=(0.883, 0.942)
Epoch 140/200 | time=0.631s | train_loss=0.0865 | train_corr=(0.945, 0.986) | val_loss=0.0804 | val_corr=(0.945, 0.981) | test_loss=0.1275 | test_corr=(0.887, 0.944)
Epoch 141/200 | time=0.614s | train_loss=0.0719 | train_corr=(0.95, 0.987) | val_loss=0.0711 | val_corr=(0.95, 0.99) | test_loss=0.1258 | test_corr=(0.886, 0.945)
Epoch 142/200 | time=0.62s | train_loss=0.069 | train_corr=(0.953, 0.988) | val_loss=0.0751 | val_corr=(0.948, 0.985) | test_loss=0.1256 | test_corr=(0.889, 0.936)
Epoch 143/200 | time=0.618s | train_loss=0.0715 | train_corr=(0.95, 0.99) | val_loss=0.0798 | val_corr=(0.944, 0.987) | test_loss=0.1259 | test_corr=(0.886, 0.942)
Epoch 144/200 | time=0.623s | train_loss=0.0742 | train_corr=(0.948, 0.985) | val_loss=0.0832 | val_corr=(0.945, 0.988) | test_loss=0.1259 | test_corr=(0.889, 0.944)
Epoch 145/200 | time=0.627s | train_loss=0.0744 | train_corr=(0.95, 0.989) | val_loss=0.0714 | val_corr=(0.951, 0.988) | test_loss=0.1211 | test_corr=(0.891, 0.942)
Epoch 146/200 | time=0.625s | train_loss=0.0834 | train_corr=(0.946, 0.988) | val_loss=0.0844 | val_corr=(0.945, 0.982) | test_loss=0.1309 | test_corr=(0.885, 0.931)
Epoch 147/200 | time=0.63s | train_loss=0.0765 | train_corr=(0.951, 0.983) | val_loss=0.0749 | val_corr=(0.948, 0.983) | test_loss=0.1266 | test_corr=(0.885, 0.94)
Epoch 148/200 | time=0.631s | train_loss=0.0734 | train_corr=(0.95, 0.987) | val_loss=0.0724 | val_corr=(0.95, 0.988) | test_loss=0.1223 | test_corr=(0.891, 0.943)
Epoch 149/200 | time=0.624s | train_loss=0.0705 | train_corr=(0.953, 0.987) | val_loss=0.0752 | val_corr=(0.95, 0.989) | test_loss=0.1232 | test_corr=(0.89, 0.944)
Epoch 150/200 | time=0.626s | train_loss=0.0749 | train_corr=(0.95, 0.988) | val_loss=0.0744 | val_corr=(0.944, 0.988) | test_loss=0.1273 | test_corr=(0.88, 0.94)
Epoch 151/200 | time=0.624s | train_loss=0.0651 | train_corr=(0.954, 0.99) | val_loss=0.069 | val_corr=(0.953, 0.989) | test_loss=0.1196 | test_corr=(0.892, 0.943)
Epoch 152/200 | time=0.626s | train_loss=0.073 | train_corr=(0.952, 0.991) | val_loss=0.0648 | val_corr=(0.954, 0.991) | test_loss=0.1235 | test_corr=(0.886, 0.944)
Epoch 153/200 | time=0.625s | train_loss=0.0726 | train_corr=(0.951, 0.991) | val_loss=0.0652 | val_corr=(0.954, 0.991) | test_loss=0.1219 | test_corr=(0.889, 0.944)
Epoch 154/200 | time=0.636s | train_loss=0.0726 | train_corr=(0.951, 0.987) | val_loss=0.07 | val_corr=(0.953, 0.989) | test_loss=0.1184 | test_corr=(0.893, 0.944)
Epoch 155/200 | time=0.625s | train_loss=0.0685 | train_corr=(0.951, 0.99) | val_loss=0.0755 | val_corr=(0.951, 0.988) | test_loss=0.1252 | test_corr=(0.889, 0.94)
Epoch 156/200 | time=0.63s | train_loss=0.0629 | train_corr=(0.957, 0.992) | val_loss=0.0671 | val_corr=(0.954, 0.988) | test_loss=0.122 | test_corr=(0.889, 0.939)
Epoch 157/200 | time=0.63s | train_loss=0.0667 | train_corr=(0.954, 0.989) | val_loss=0.0672 | val_corr=(0.955, 0.99) | test_loss=0.12 | test_corr=(0.893, 0.943)
Epoch 158/200 | time=0.631s | train_loss=0.0712 | train_corr=(0.951, 0.988) | val_loss=0.0702 | val_corr=(0.953, 0.989) | test_loss=0.1259 | test_corr=(0.888, 0.942)
Epoch 159/200 | time=0.633s | train_loss=0.0716 | train_corr=(0.95, 0.988) | val_loss=0.0678 | val_corr=(0.951, 0.99) | test_loss=0.1204 | test_corr=(0.889, 0.947)
Epoch 160/200 | time=0.626s | train_loss=0.0614 | train_corr=(0.958, 0.992) | val_loss=0.0634 | val_corr=(0.956, 0.99) | test_loss=0.1169 | test_corr=(0.891, 0.946)
Epoch 161/200 | time=0.624s | train_loss=0.0617 | train_corr=(0.958, 0.991) | val_loss=0.0624 | val_corr=(0.956, 0.991) | test_loss=0.1163 | test_corr=(0.894, 0.945)
Epoch 162/200 | time=0.625s | train_loss=0.0618 | train_corr=(0.955, 0.99) | val_loss=0.0652 | val_corr=(0.955, 0.991) | test_loss=0.1164 | test_corr=(0.894, 0.945)
Epoch 163/200 | time=0.625s | train_loss=0.0647 | train_corr=(0.954, 0.989) | val_loss=0.0716 | val_corr=(0.951, 0.986) | test_loss=0.1284 | test_corr=(0.881, 0.939)
Epoch 164/200 | time=0.627s | train_loss=0.0791 | train_corr=(0.955, 0.99) | val_loss=0.0689 | val_corr=(0.952, 0.989) | test_loss=0.1248 | test_corr=(0.886, 0.942)
Epoch 165/200 | time=0.624s | train_loss=0.0693 | train_corr=(0.957, 0.988) | val_loss=0.0702 | val_corr=(0.952, 0.988) | test_loss=0.1287 | test_corr=(0.881, 0.937)
Epoch 166/200 | time=0.625s | train_loss=0.0688 | train_corr=(0.954, 0.989) | val_loss=0.0656 | val_corr=(0.955, 0.992) | test_loss=0.1261 | test_corr=(0.887, 0.944)
Epoch 167/200 | time=0.625s | train_loss=0.0619 | train_corr=(0.958, 0.991) | val_loss=0.0661 | val_corr=(0.955, 0.991) | test_loss=0.1245 | test_corr=(0.889, 0.942)
Epoch 168/200 | time=0.626s | train_loss=0.0628 | train_corr=(0.958, 0.991) | val_loss=0.0602 | val_corr=(0.957, 0.992) | test_loss=0.1178 | test_corr=(0.891, 0.945)
Epoch 169/200 | time=0.627s | train_loss=0.0677 | train_corr=(0.953, 0.99) | val_loss=0.0624 | val_corr=(0.956, 0.991) | test_loss=0.1184 | test_corr=(0.889, 0.945)
Epoch 170/200 | time=0.627s | train_loss=0.0645 | train_corr=(0.956, 0.99) | val_loss=0.0695 | val_corr=(0.953, 0.988) | test_loss=0.1261 | test_corr=(0.887, 0.941)
Epoch 171/200 | time=0.625s | train_loss=0.0815 | train_corr=(0.951, 0.988) | val_loss=0.0678 | val_corr=(0.955, 0.988) | test_loss=0.1229 | test_corr=(0.887, 0.94)
Epoch 172/200 | time=0.611s | train_loss=0.0785 | train_corr=(0.948, 0.986) | val_loss=0.0759 | val_corr=(0.95, 0.98) | test_loss=0.1274 | test_corr=(0.886, 0.93)
Epoch 173/200 | time=0.61s | train_loss=0.0676 | train_corr=(0.953, 0.987) | val_loss=0.064 | val_corr=(0.957, 0.99) | test_loss=0.1209 | test_corr=(0.889, 0.942)
Epoch 174/200 | time=0.612s | train_loss=0.0617 | train_corr=(0.956, 0.992) | val_loss=0.0604 | val_corr=(0.958, 0.991) | test_loss=0.1167 | test_corr=(0.892, 0.945)
Epoch 175/200 | time=0.608s | train_loss=0.0615 | train_corr=(0.957, 0.989) | val_loss=0.0611 | val_corr=(0.957, 0.99) | test_loss=0.1161 | test_corr=(0.891, 0.944)
Epoch 176/200 | time=0.607s | train_loss=0.0685 | train_corr=(0.957, 0.993) | val_loss=0.0606 | val_corr=(0.957, 0.992) | test_loss=0.1221 | test_corr=(0.89, 0.943)
Epoch 177/200 | time=0.606s | train_loss=0.0571 | train_corr=(0.96, 0.992) | val_loss=0.0584 | val_corr=(0.959, 0.992) | test_loss=0.1158 | test_corr=(0.893, 0.949)
Epoch 178/200 | time=0.606s | train_loss=0.0543 | train_corr=(0.96, 0.994) | val_loss=0.0555 | val_corr=(0.959, 0.993) | test_loss=0.1137 | test_corr=(0.894, 0.947)
Epoch 179/200 | time=0.606s | train_loss=0.0534 | train_corr=(0.96, 0.994) | val_loss=0.0546 | val_corr=(0.96, 0.994) | test_loss=0.1126 | test_corr=(0.895, 0.947)
Epoch 180/200 | time=0.606s | train_loss=0.0586 | train_corr=(0.959, 0.993) | val_loss=0.0576 | val_corr=(0.96, 0.992) | test_loss=0.1161 | test_corr=(0.894, 0.948)
Epoch 181/200 | time=0.606s | train_loss=0.0592 | train_corr=(0.96, 0.992) | val_loss=0.0621 | val_corr=(0.958, 0.992) | test_loss=0.1216 | test_corr=(0.889, 0.946)
Epoch 182/200 | time=0.606s | train_loss=0.0638 | train_corr=(0.955, 0.988) | val_loss=0.059 | val_corr=(0.958, 0.991) | test_loss=0.1157 | test_corr=(0.892, 0.948)
Epoch 183/200 | time=0.606s | train_loss=0.0597 | train_corr=(0.959, 0.99) | val_loss=0.0616 | val_corr=(0.96, 0.991) | test_loss=0.116 | test_corr=(0.892, 0.945)
Epoch 184/200 | time=0.606s | train_loss=0.0584 | train_corr=(0.96, 0.992) | val_loss=0.0595 | val_corr=(0.959, 0.991) | test_loss=0.1133 | test_corr=(0.894, 0.947)
Epoch 185/200 | time=0.606s | train_loss=0.0665 | train_corr=(0.954, 0.99) | val_loss=0.0978 | val_corr=(0.944, 0.976) | test_loss=0.1404 | test_corr=(0.881, 0.925)
Epoch 186/200 | time=0.608s | train_loss=0.0724 | train_corr=(0.953, 0.989) | val_loss=0.065 | val_corr=(0.955, 0.991) | test_loss=0.1197 | test_corr=(0.89, 0.944)
Epoch 187/200 | time=0.606s | train_loss=0.0669 | train_corr=(0.957, 0.989) | val_loss=0.0616 | val_corr=(0.958, 0.99) | test_loss=0.1175 | test_corr=(0.892, 0.944)
Epoch 188/200 | time=0.607s | train_loss=0.0593 | train_corr=(0.96, 0.992) | val_loss=0.0644 | val_corr=(0.955, 0.991) | test_loss=0.1224 | test_corr=(0.885, 0.944)
Epoch 189/200 | time=0.611s | train_loss=0.0643 | train_corr=(0.957, 0.992) | val_loss=0.062 | val_corr=(0.956, 0.989) | test_loss=0.1171 | test_corr=(0.893, 0.944)
Epoch 190/200 | time=0.606s | train_loss=0.0589 | train_corr=(0.958, 0.992) | val_loss=0.0609 | val_corr=(0.957, 0.991) | test_loss=0.121 | test_corr=(0.886, 0.942)
Epoch 191/200 | time=0.608s | train_loss=0.0559 | train_corr=(0.96, 0.992) | val_loss=0.0549 | val_corr=(0.961, 0.993) | test_loss=0.112 | test_corr=(0.894, 0.947)
Epoch 192/200 | time=0.607s | train_loss=0.0604 | train_corr=(0.957, 0.994) | val_loss=0.0556 | val_corr=(0.96, 0.993) | test_loss=0.1127 | test_corr=(0.894, 0.945)
Epoch 193/200 | time=0.607s | train_loss=0.0517 | train_corr=(0.962, 0.993) | val_loss=0.053 | val_corr=(0.962, 0.994) | test_loss=0.1114 | test_corr=(0.895, 0.947)
Epoch 194/200 | time=0.606s | train_loss=0.0525 | train_corr=(0.962, 0.994) | val_loss=0.0567 | val_corr=(0.962, 0.994) | test_loss=0.1129 | test_corr=(0.895, 0.946)
Epoch 195/200 | time=0.606s | train_loss=0.0561 | train_corr=(0.962, 0.994) | val_loss=0.0549 | val_corr=(0.961, 0.992) | test_loss=0.1142 | test_corr=(0.891, 0.947)
Epoch 196/200 | time=0.607s | train_loss=0.0527 | train_corr=(0.963, 0.993) | val_loss=0.0537 | val_corr=(0.96, 0.993) | test_loss=0.1145 | test_corr=(0.89, 0.947)
Epoch 197/200 | time=0.606s | train_loss=0.0547 | train_corr=(0.963, 0.992) | val_loss=0.0552 | val_corr=(0.962, 0.992) | test_loss=0.1126 | test_corr=(0.893, 0.948)
Epoch 198/200 | time=0.607s | train_loss=0.056 | train_corr=(0.963, 0.992) | val_loss=0.065 | val_corr=(0.956, 0.993) | test_loss=0.1265 | test_corr=(0.885, 0.946)
Epoch 199/200 | time=0.606s | train_loss=0.0605 | train_corr=(0.958, 0.994) | val_loss=0.0576 | val_corr=(0.959, 0.993) | test_loss=0.1151 | test_corr=(0.89, 0.946)
Epoch 200/200 | time=0.606s | train_loss=0.0571 | train_corr=(0.961, 0.989) | val_loss=0.0614 | val_corr=(0.957, 0.992) | test_loss=0.1206 | test_corr=(0.888, 0.947)
────────────────────────────────────────────────────────────────────────────────────
                                           Time                    Allocations      
                                  ───────────────────────   ────────────────────────
        Tot / % measured:               442s /  59.6%            304GiB /  88.9%    

Section                   ncalls     time    %tot     avg     alloc    %tot      avg
────────────────────────────────────────────────────────────────────────────────────
epoch                        200     239s   90.8%   1.20s    249GiB   92.1%  1.25GiB
  train                      200     174s   66.2%   872ms    107GiB   39.7%   550MiB
    single_train_step!     2.00k     153s   57.9%  76.3ms   44.8GiB   16.6%  22.9MiB
    get training batch     2.00k    21.7s    8.2%  10.9ms   62.5GiB   23.1%  32.0MiB
  test                       200    51.8s   19.6%   259ms    118GiB   43.6%   604MiB
    get test loss          2.60k    31.9s   12.1%  12.3ms   39.9GiB   14.7%  15.7MiB
    get test batch         2.60k    19.8s    7.5%  7.61ms   78.1GiB   28.9%  30.8MiB
  validation                 200    13.3s    5.0%  66.4ms   23.8GiB    8.8%   122MiB
    validation loss          600    8.32s    3.2%  13.9ms   8.14GiB    3.0%  13.9MiB
    get validation data      600    4.61s    1.7%  7.68ms   15.6GiB    5.8%  26.7MiB
get_data                       1    24.1s    9.2%   24.1s   21.3GiB    7.9%  21.3GiB
────────────────────────────────────────────────────────────────────────────────────Iter 1/250 | loss=34927.477 | avg_time=35.769s/iter | elapsed=35.8s | ETA=8906.4s
Iter 10/250 | loss=17052.576 | avg_time=3.763s/iter | elapsed=37.6s | ETA=903.2s
Iter 20/250 | loss=9935.759 | avg_time=1.962s/iter | elapsed=39.2s | ETA=451.4s
Iter 30/250 | loss=5225.131 | avg_time=1.359s/iter | elapsed=40.8s | ETA=298.9s
Iter 40/250 | loss=3419.0986 | avg_time=1.059s/iter | elapsed=42.4s | ETA=222.4s
Iter 50/250 | loss=2360.572 | avg_time=0.877s/iter | elapsed=43.9s | ETA=175.5s
Iter 60/250 | loss=1907.2234 | avg_time=0.758s/iter | elapsed=45.5s | ETA=144.0s
Iter 70/250 | loss=1621.101 | avg_time=0.672s/iter | elapsed=47.0s | ETA=121.0s
Iter 80/250 | loss=1661.3322 | avg_time=0.607s/iter | elapsed=48.6s | ETA=103.3s
Iter 90/250 | loss=1327.508 | avg_time=0.558s/iter | elapsed=50.2s | ETA=89.3s
Iter 100/250 | loss=1631.7922 | avg_time=0.518s/iter | elapsed=51.8s | ETA=77.8s
Iter 110/250 | loss=1264.9049 | avg_time=0.486s/iter | elapsed=53.4s | ETA=68.0s
Iter 120/250 | loss=1255.6411 | avg_time=0.458s/iter | elapsed=55.0s | ETA=59.6s
Iter 130/250 | loss=1231.9545 | avg_time=0.436s/iter | elapsed=56.7s | ETA=52.3s
Iter 140/250 | loss=1033.8391 | avg_time=0.416s/iter | elapsed=58.3s | ETA=45.8s
Iter 150/250 | loss=991.77423 | avg_time=0.399s/iter | elapsed=59.9s | ETA=39.9s
Iter 160/250 | loss=1071.7783 | avg_time=0.385s/iter | elapsed=61.6s | ETA=34.6s
Iter 170/250 | loss=1162.8291 | avg_time=0.372s/iter | elapsed=63.2s | ETA=29.8s
Iter 180/250 | loss=1038.4287 | avg_time=0.36s/iter | elapsed=64.9s | ETA=25.2s
Iter 190/250 | loss=1117.0658 | avg_time=0.35s/iter | elapsed=66.5s | ETA=21.0s
Iter 200/250 | loss=973.9088 | avg_time=0.341s/iter | elapsed=68.2s | ETA=17.1s
Iter 210/250 | loss=873.5037 | avg_time=0.332s/iter | elapsed=69.8s | ETA=13.3s
Iter 220/250 | loss=917.4086 | avg_time=0.325s/iter | elapsed=71.4s | ETA=9.7s
Iter 230/250 | loss=979.94635 | avg_time=0.317s/iter | elapsed=73.0s | ETA=6.3s
Iter 240/250 | loss=1113.0997 | avg_time=0.311s/iter | elapsed=74.6s | ETA=3.1s
Iter 250/250 | loss=900.2667 | avg_time=0.305s/iter | elapsed=76.2s | ETA=0.0s
Iter 250/250 | loss=778.4958 | avg_time=0.305s/iter | elapsed=76.4s | ETA=0.0s
Epoch 1/200 | time=0.704s | train_loss=0.1144 | train_corr=(0.906, 0.953) | val_loss=0.0885 | val_corr=(0.93, 0.969) | test_loss=0.1158 | test_corr=(0.904, 0.964)
Epoch 2/200 | time=0.829s | train_loss=0.0941 | train_corr=(0.928, 0.958) | val_loss=0.082 | val_corr=(0.933, 0.97) | test_loss=0.1026 | test_corr=(0.915, 0.967)
Epoch 3/200 | time=0.9s | train_loss=0.0892 | train_corr=(0.927, 0.96) | val_loss=0.078 | val_corr=(0.934, 0.971) | test_loss=0.1006 | test_corr=(0.911, 0.967)
Epoch 4/200 | time=0.634s | train_loss=0.0751 | train_corr=(0.938, 0.978) | val_loss=0.0768 | val_corr=(0.935, 0.972) | test_loss=0.0984 | test_corr=(0.915, 0.968)
Epoch 5/200 | time=0.665s | train_loss=0.1062 | train_corr=(0.899, 0.941) | val_loss=0.0758 | val_corr=(0.936, 0.973) | test_loss=0.0995 | test_corr=(0.911, 0.967)
Epoch 6/200 | time=0.643s | train_loss=0.0575 | train_corr=(0.956, 0.991) | val_loss=0.0755 | val_corr=(0.938, 0.973) | test_loss=0.1001 | test_corr=(0.912, 0.967)
Epoch 7/200 | time=0.634s | train_loss=0.083 | train_corr=(0.93, 0.96) | val_loss=0.0748 | val_corr=(0.938, 0.973) | test_loss=0.0992 | test_corr=(0.913, 0.966)
Epoch 8/200 | time=0.68s | train_loss=0.0712 | train_corr=(0.942, 0.981) | val_loss=0.0744 | val_corr=(0.94, 0.973) | test_loss=0.0985 | test_corr=(0.912, 0.968)
Epoch 9/200 | time=0.638s | train_loss=0.071 | train_corr=(0.945, 0.974) | val_loss=0.0739 | val_corr=(0.941, 0.974) | test_loss=0.0977 | test_corr=(0.916, 0.968)
Epoch 10/200 | time=0.642s | train_loss=0.0705 | train_corr=(0.945, 0.978) | val_loss=0.073 | val_corr=(0.941, 0.975) | test_loss=0.0971 | test_corr=(0.914, 0.969)
Epoch 11/200 | time=0.642s | train_loss=0.068 | train_corr=(0.946, 0.984) | val_loss=0.0722 | val_corr=(0.942, 0.975) | test_loss=0.0977 | test_corr=(0.916, 0.967)
Epoch 12/200 | time=0.64s | train_loss=0.0623 | train_corr=(0.951, 0.983) | val_loss=0.0722 | val_corr=(0.943, 0.976) | test_loss=0.0967 | test_corr=(0.916, 0.968)
Epoch 13/200 | time=0.642s | train_loss=0.0711 | train_corr=(0.944, 0.979) | val_loss=0.0711 | val_corr=(0.944, 0.977) | test_loss=0.0973 | test_corr=(0.915, 0.968)
Epoch 14/200 | time=0.627s | train_loss=0.0808 | train_corr=(0.93, 0.965) | val_loss=0.0708 | val_corr=(0.945, 0.977) | test_loss=0.0937 | test_corr=(0.919, 0.97)
Epoch 15/200 | time=0.646s | train_loss=0.0746 | train_corr=(0.943, 0.97) | val_loss=0.0698 | val_corr=(0.946, 0.978) | test_loss=0.0938 | test_corr=(0.919, 0.971)
Epoch 16/200 | time=0.634s | train_loss=0.061 | train_corr=(0.955, 0.99) | val_loss=0.0694 | val_corr=(0.946, 0.978) | test_loss=0.0932 | test_corr=(0.919, 0.97)
Epoch 17/200 | time=0.642s | train_loss=0.0579 | train_corr=(0.958, 0.992) | val_loss=0.0687 | val_corr=(0.948, 0.98) | test_loss=0.0941 | test_corr=(0.919, 0.97)
Epoch 18/200 | time=0.646s | train_loss=0.0651 | train_corr=(0.95, 0.984) | val_loss=0.0678 | val_corr=(0.949, 0.98) | test_loss=0.0928 | test_corr=(0.919, 0.971)
Epoch 19/200 | time=0.628s | train_loss=0.0575 | train_corr=(0.956, 0.989) | val_loss=0.0664 | val_corr=(0.95, 0.982) | test_loss=0.0909 | test_corr=(0.922, 0.973)
Epoch 20/200 | time=0.64s | train_loss=0.0663 | train_corr=(0.948, 0.978) | val_loss=0.0663 | val_corr=(0.95, 0.982) | test_loss=0.0916 | test_corr=(0.92, 0.972)
Epoch 21/200 | time=0.632s | train_loss=0.0617 | train_corr=(0.956, 0.986) | val_loss=0.065 | val_corr=(0.952, 0.983) | test_loss=0.0937 | test_corr=(0.919, 0.97)
Epoch 22/200 | time=0.64s | train_loss=0.0645 | train_corr=(0.951, 0.984) | val_loss=0.0644 | val_corr=(0.953, 0.984) | test_loss=0.0892 | test_corr=(0.924, 0.973)
Epoch 23/200 | time=0.646s | train_loss=0.0658 | train_corr=(0.949, 0.982) | val_loss=0.0633 | val_corr=(0.953, 0.985) | test_loss=0.0914 | test_corr=(0.921, 0.972)
Epoch 24/200 | time=0.639s | train_loss=0.061 | train_corr=(0.952, 0.984) | val_loss=0.0628 | val_corr=(0.953, 0.986) | test_loss=0.0889 | test_corr=(0.926, 0.974)
Epoch 25/200 | time=0.643s | train_loss=0.0581 | train_corr=(0.958, 0.99) | val_loss=0.0625 | val_corr=(0.953, 0.987) | test_loss=0.0909 | test_corr=(0.922, 0.973)
Epoch 26/200 | time=0.645s | train_loss=0.0566 | train_corr=(0.958, 0.992) | val_loss=0.0615 | val_corr=(0.955, 0.987) | test_loss=0.0902 | test_corr=(0.924, 0.973)
Epoch 27/200 | time=0.635s | train_loss=0.0527 | train_corr=(0.96, 0.992) | val_loss=0.0605 | val_corr=(0.955, 0.988) | test_loss=0.0893 | test_corr=(0.925, 0.973)
Epoch 28/200 | time=0.64s | train_loss=0.0647 | train_corr=(0.953, 0.984) | val_loss=0.0616 | val_corr=(0.955, 0.987) | test_loss=0.09 | test_corr=(0.923, 0.973)
Epoch 29/200 | time=0.63s | train_loss=0.0544 | train_corr=(0.959, 0.992) | val_loss=0.0608 | val_corr=(0.955, 0.988) | test_loss=0.0893 | test_corr=(0.925, 0.974)
Epoch 30/200 | time=0.645s | train_loss=0.0542 | train_corr=(0.96, 0.992) | val_loss=0.0597 | val_corr=(0.956, 0.989) | test_loss=0.0891 | test_corr=(0.924, 0.973)
Epoch 31/200 | time=0.632s | train_loss=0.0665 | train_corr=(0.952, 0.986) | val_loss=0.0609 | val_corr=(0.956, 0.988) | test_loss=0.0914 | test_corr=(0.922, 0.973)
Epoch 32/200 | time=0.637s | train_loss=0.0548 | train_corr=(0.959, 0.991) | val_loss=0.0597 | val_corr=(0.956, 0.989) | test_loss=0.0893 | test_corr=(0.925, 0.972)
Epoch 33/200 | time=0.64s | train_loss=0.0584 | train_corr=(0.957, 0.99) | val_loss=0.0612 | val_corr=(0.956, 0.988) | test_loss=0.0919 | test_corr=(0.922, 0.972)
Epoch 34/200 | time=0.627s | train_loss=0.0539 | train_corr=(0.959, 0.992) | val_loss=0.0586 | val_corr=(0.957, 0.99) | test_loss=0.0881 | test_corr=(0.926, 0.974)
Epoch 35/200 | time=0.639s | train_loss=0.0512 | train_corr=(0.961, 0.993) | val_loss=0.0579 | val_corr=(0.957, 0.99) | test_loss=0.091 | test_corr=(0.922, 0.972)
Epoch 36/200 | time=0.629s | train_loss=0.0568 | train_corr=(0.958, 0.992) | val_loss=0.0576 | val_corr=(0.957, 0.991) | test_loss=0.0902 | test_corr=(0.922, 0.973)
Epoch 37/200 | time=0.632s | train_loss=0.0555 | train_corr=(0.959, 0.992) | val_loss=0.057 | val_corr=(0.958, 0.991) | test_loss=0.0891 | test_corr=(0.924, 0.973)
Epoch 38/200 | time=0.635s | train_loss=0.0582 | train_corr=(0.96, 0.991) | val_loss=0.0574 | val_corr=(0.958, 0.99) | test_loss=0.09 | test_corr=(0.924, 0.973)
Epoch 39/200 | time=0.624s | train_loss=0.054 | train_corr=(0.959, 0.992) | val_loss=0.0573 | val_corr=(0.958, 0.991) | test_loss=0.0881 | test_corr=(0.925, 0.974)
Epoch 40/200 | time=0.639s | train_loss=0.0515 | train_corr=(0.961, 0.994) | val_loss=0.0569 | val_corr=(0.958, 0.991) | test_loss=0.088 | test_corr=(0.927, 0.974)
Epoch 41/200 | time=0.631s | train_loss=0.0526 | train_corr=(0.96, 0.993) | val_loss=0.0565 | val_corr=(0.958, 0.991) | test_loss=0.0895 | test_corr=(0.924, 0.973)
Epoch 42/200 | time=0.631s | train_loss=0.0532 | train_corr=(0.96, 0.993) | val_loss=0.0564 | val_corr=(0.958, 0.992) | test_loss=0.0893 | test_corr=(0.924, 0.974)
Epoch 43/200 | time=0.633s | train_loss=0.053 | train_corr=(0.96, 0.993) | val_loss=0.0564 | val_corr=(0.959, 0.991) | test_loss=0.0893 | test_corr=(0.925, 0.974)
Epoch 44/200 | time=0.624s | train_loss=0.0504 | train_corr=(0.963, 0.994) | val_loss=0.0556 | val_corr=(0.96, 0.992) | test_loss=0.0875 | test_corr=(0.928, 0.974)
Epoch 45/200 | time=0.635s | train_loss=0.0521 | train_corr=(0.963, 0.994) | val_loss=0.0563 | val_corr=(0.958, 0.992) | test_loss=0.0888 | test_corr=(0.925, 0.974)
Epoch 46/200 | time=0.631s | train_loss=0.0549 | train_corr=(0.959, 0.992) | val_loss=0.0558 | val_corr=(0.959, 0.992) | test_loss=0.0883 | test_corr=(0.927, 0.974)
Epoch 47/200 | time=0.637s | train_loss=0.0559 | train_corr=(0.959, 0.993) | val_loss=0.0553 | val_corr=(0.959, 0.992) | test_loss=0.0893 | test_corr=(0.925, 0.973)
Epoch 48/200 | time=0.636s | train_loss=0.0492 | train_corr=(0.964, 0.994) | val_loss=0.0554 | val_corr=(0.96, 0.991) | test_loss=0.0882 | test_corr=(0.926, 0.974)
Epoch 49/200 | time=0.633s | train_loss=0.0539 | train_corr=(0.961, 0.993) | val_loss=0.0542 | val_corr=(0.96, 0.992) | test_loss=0.0873 | test_corr=(0.927, 0.975)
Epoch 50/200 | time=0.639s | train_loss=0.0538 | train_corr=(0.961, 0.993) | val_loss=0.0545 | val_corr=(0.96, 0.992) | test_loss=0.0889 | test_corr=(0.925, 0.974)
Epoch 51/200 | time=0.641s | train_loss=0.053 | train_corr=(0.961, 0.993) | val_loss=0.0551 | val_corr=(0.959, 0.992) | test_loss=0.0879 | test_corr=(0.926, 0.974)
Epoch 52/200 | time=0.643s | train_loss=0.0508 | train_corr=(0.961, 0.993) | val_loss=0.0553 | val_corr=(0.96, 0.992) | test_loss=0.0881 | test_corr=(0.926, 0.974)
Epoch 53/200 | time=0.638s | train_loss=0.053 | train_corr=(0.96, 0.993) | val_loss=0.0543 | val_corr=(0.96, 0.992) | test_loss=0.087 | test_corr=(0.927, 0.975)
Epoch 54/200 | time=0.628s | train_loss=0.0489 | train_corr=(0.962, 0.994) | val_loss=0.0543 | val_corr=(0.96, 0.992) | test_loss=0.0871 | test_corr=(0.928, 0.974)
Epoch 55/200 | time=0.644s | train_loss=0.0496 | train_corr=(0.962, 0.994) | val_loss=0.0545 | val_corr=(0.96, 0.992) | test_loss=0.089 | test_corr=(0.925, 0.973)
Epoch 56/200 | time=0.635s | train_loss=0.0513 | train_corr=(0.963, 0.994) | val_loss=0.0541 | val_corr=(0.96, 0.992) | test_loss=0.0872 | test_corr=(0.927, 0.975)
Epoch 57/200 | time=0.641s | train_loss=0.0503 | train_corr=(0.961, 0.995) | val_loss=0.0539 | val_corr=(0.96, 0.993) | test_loss=0.0879 | test_corr=(0.926, 0.974)
Epoch 58/200 | time=0.636s | train_loss=0.048 | train_corr=(0.964, 0.995) | val_loss=0.053 | val_corr=(0.961, 0.993) | test_loss=0.0867 | test_corr=(0.927, 0.974)
Epoch 59/200 | time=0.628s | train_loss=0.049 | train_corr=(0.963, 0.994) | val_loss=0.0534 | val_corr=(0.961, 0.993) | test_loss=0.0884 | test_corr=(0.927, 0.974)
Epoch 60/200 | time=0.644s | train_loss=0.0496 | train_corr=(0.963, 0.994) | val_loss=0.0531 | val_corr=(0.961, 0.993) | test_loss=0.0865 | test_corr=(0.927, 0.975)
Epoch 61/200 | time=0.637s | train_loss=0.0509 | train_corr=(0.961, 0.994) | val_loss=0.0529 | val_corr=(0.961, 0.993) | test_loss=0.0861 | test_corr=(0.927, 0.975)
Epoch 62/200 | time=0.64s | train_loss=0.0475 | train_corr=(0.964, 0.995) | val_loss=0.0528 | val_corr=(0.961, 0.993) | test_loss=0.0855 | test_corr=(0.929, 0.976)
Epoch 63/200 | time=0.636s | train_loss=0.0479 | train_corr=(0.964, 0.995) | val_loss=0.0523 | val_corr=(0.961, 0.993) | test_loss=0.0868 | test_corr=(0.926, 0.975)
Epoch 64/200 | time=0.631s | train_loss=0.0454 | train_corr=(0.964, 0.995) | val_loss=0.0525 | val_corr=(0.961, 0.993) | test_loss=0.0866 | test_corr=(0.928, 0.975)
Epoch 65/200 | time=0.64s | train_loss=0.0474 | train_corr=(0.964, 0.995) | val_loss=0.0524 | val_corr=(0.962, 0.993) | test_loss=0.0863 | test_corr=(0.926, 0.975)
Epoch 66/200 | time=0.638s | train_loss=0.0503 | train_corr=(0.961, 0.994) | val_loss=0.0522 | val_corr=(0.961, 0.993) | test_loss=0.0866 | test_corr=(0.927, 0.975)
Epoch 67/200 | time=0.638s | train_loss=0.0499 | train_corr=(0.962, 0.994) | val_loss=0.0519 | val_corr=(0.962, 0.993) | test_loss=0.0863 | test_corr=(0.928, 0.975)
Epoch 68/200 | time=0.644s | train_loss=0.0478 | train_corr=(0.964, 0.995) | val_loss=0.0522 | val_corr=(0.961, 0.993) | test_loss=0.0862 | test_corr=(0.929, 0.976)
Epoch 69/200 | time=0.629s | train_loss=0.0499 | train_corr=(0.963, 0.994) | val_loss=0.0517 | val_corr=(0.961, 0.993) | test_loss=0.0856 | test_corr=(0.928, 0.975)
Epoch 70/200 | time=0.641s | train_loss=0.0479 | train_corr=(0.963, 0.995) | val_loss=0.0522 | val_corr=(0.961, 0.993) | test_loss=0.0864 | test_corr=(0.928, 0.975)
Epoch 71/200 | time=0.638s | train_loss=0.0483 | train_corr=(0.962, 0.994) | val_loss=0.0514 | val_corr=(0.962, 0.993) | test_loss=0.0859 | test_corr=(0.928, 0.975)
Epoch 72/200 | time=0.64s | train_loss=0.0467 | train_corr=(0.964, 0.995) | val_loss=0.0509 | val_corr=(0.962, 0.994) | test_loss=0.0856 | test_corr=(0.929, 0.976)
Epoch 73/200 | time=0.645s | train_loss=0.0467 | train_corr=(0.964, 0.995) | val_loss=0.0508 | val_corr=(0.963, 0.994) | test_loss=0.0852 | test_corr=(0.928, 0.976)
Epoch 74/200 | time=0.629s | train_loss=0.0452 | train_corr=(0.965, 0.995) | val_loss=0.0513 | val_corr=(0.962, 0.994) | test_loss=0.0849 | test_corr=(0.93, 0.976)
Epoch 75/200 | time=0.64s | train_loss=0.0481 | train_corr=(0.964, 0.995) | val_loss=0.0509 | val_corr=(0.962, 0.993) | test_loss=0.0855 | test_corr=(0.927, 0.976)
Epoch 76/200 | time=0.639s | train_loss=0.0458 | train_corr=(0.964, 0.995) | val_loss=0.0503 | val_corr=(0.963, 0.994) | test_loss=0.0851 | test_corr=(0.928, 0.975)
Epoch 77/200 | time=0.641s | train_loss=0.0471 | train_corr=(0.964, 0.995) | val_loss=0.0504 | val_corr=(0.963, 0.994) | test_loss=0.085 | test_corr=(0.93, 0.976)
Epoch 78/200 | time=0.645s | train_loss=0.0482 | train_corr=(0.964, 0.994) | val_loss=0.051 | val_corr=(0.962, 0.993) | test_loss=0.0855 | test_corr=(0.928, 0.976)
Epoch 79/200 | time=0.629s | train_loss=0.0445 | train_corr=(0.963, 0.996) | val_loss=0.0503 | val_corr=(0.962, 0.994) | test_loss=0.0855 | test_corr=(0.929, 0.975)
Epoch 80/200 | time=0.648s | train_loss=0.0468 | train_corr=(0.964, 0.995) | val_loss=0.0516 | val_corr=(0.961, 0.993) | test_loss=0.0861 | test_corr=(0.928, 0.975)
Epoch 81/200 | time=0.641s | train_loss=0.0495 | train_corr=(0.963, 0.994) | val_loss=0.0511 | val_corr=(0.962, 0.993) | test_loss=0.0849 | test_corr=(0.93, 0.975)
Epoch 82/200 | time=0.638s | train_loss=0.051 | train_corr=(0.963, 0.994) | val_loss=0.0503 | val_corr=(0.962, 0.993) | test_loss=0.0852 | test_corr=(0.929, 0.975)
Epoch 83/200 | time=0.647s | train_loss=0.0482 | train_corr=(0.964, 0.994) | val_loss=0.0503 | val_corr=(0.962, 0.993) | test_loss=0.0857 | test_corr=(0.927, 0.976)
Epoch 84/200 | time=0.629s | train_loss=0.0456 | train_corr=(0.964, 0.995) | val_loss=0.05 | val_corr=(0.963, 0.994) | test_loss=0.0836 | test_corr=(0.931, 0.976)
Epoch 85/200 | time=0.641s | train_loss=0.0444 | train_corr=(0.965, 0.996) | val_loss=0.05 | val_corr=(0.963, 0.994) | test_loss=0.085 | test_corr=(0.93, 0.976)
Epoch 86/200 | time=0.638s | train_loss=0.0472 | train_corr=(0.964, 0.994) | val_loss=0.0497 | val_corr=(0.963, 0.994) | test_loss=0.0837 | test_corr=(0.93, 0.976)
Epoch 87/200 | time=0.638s | train_loss=0.0483 | train_corr=(0.964, 0.995) | val_loss=0.0496 | val_corr=(0.963, 0.994) | test_loss=0.0858 | test_corr=(0.929, 0.975)
Epoch 88/200 | time=0.642s | train_loss=0.0468 | train_corr=(0.963, 0.995) | val_loss=0.05 | val_corr=(0.963, 0.994) | test_loss=0.0846 | test_corr=(0.929, 0.976)
Epoch 89/200 | time=0.628s | train_loss=0.0448 | train_corr=(0.964, 0.995) | val_loss=0.0492 | val_corr=(0.963, 0.994) | test_loss=0.0838 | test_corr=(0.93, 0.977)
Epoch 90/200 | time=0.64s | train_loss=0.0467 | train_corr=(0.964, 0.996) | val_loss=0.0496 | val_corr=(0.963, 0.994) | test_loss=0.0838 | test_corr=(0.93, 0.976)
Epoch 91/200 | time=0.639s | train_loss=0.0446 | train_corr=(0.965, 0.995) | val_loss=0.0493 | val_corr=(0.963, 0.994) | test_loss=0.0846 | test_corr=(0.929, 0.976)
Epoch 92/200 | time=0.637s | train_loss=0.0441 | train_corr=(0.965, 0.995) | val_loss=0.0493 | val_corr=(0.964, 0.994) | test_loss=0.0838 | test_corr=(0.93, 0.976)
Epoch 93/200 | time=0.643s | train_loss=0.0439 | train_corr=(0.966, 0.996) | val_loss=0.0498 | val_corr=(0.962, 0.994) | test_loss=0.0849 | test_corr=(0.929, 0.976)
Epoch 94/200 | time=0.627s | train_loss=0.0448 | train_corr=(0.966, 0.995) | val_loss=0.049 | val_corr=(0.963, 0.994) | test_loss=0.0831 | test_corr=(0.93, 0.977)
Epoch 95/200 | time=0.639s | train_loss=0.0443 | train_corr=(0.965, 0.995) | val_loss=0.0514 | val_corr=(0.962, 0.994) | test_loss=0.0879 | test_corr=(0.926, 0.976)
Epoch 96/200 | time=0.648s | train_loss=0.0454 | train_corr=(0.964, 0.996) | val_loss=0.0497 | val_corr=(0.964, 0.994) | test_loss=0.083 | test_corr=(0.932, 0.976)
Epoch 97/200 | time=0.637s | train_loss=0.0437 | train_corr=(0.965, 0.996) | val_loss=0.0488 | val_corr=(0.964, 0.994) | test_loss=0.0832 | test_corr=(0.931, 0.976)
Epoch 98/200 | time=0.641s | train_loss=0.0458 | train_corr=(0.965, 0.995) | val_loss=0.0488 | val_corr=(0.963, 0.994) | test_loss=0.0849 | test_corr=(0.929, 0.976)
Epoch 99/200 | time=0.629s | train_loss=0.0475 | train_corr=(0.963, 0.995) | val_loss=0.0508 | val_corr=(0.962, 0.994) | test_loss=0.0854 | test_corr=(0.93, 0.977)
Epoch 100/200 | time=0.641s | train_loss=0.0466 | train_corr=(0.965, 0.995) | val_loss=0.049 | val_corr=(0.963, 0.994) | test_loss=0.0855 | test_corr=(0.929, 0.975)
Epoch 101/200 | time=0.639s | train_loss=0.0453 | train_corr=(0.964, 0.995) | val_loss=0.0487 | val_corr=(0.963, 0.994) | test_loss=0.084 | test_corr=(0.93, 0.976)
Epoch 102/200 | time=0.638s | train_loss=0.0441 | train_corr=(0.965, 0.996) | val_loss=0.0487 | val_corr=(0.963, 0.994) | test_loss=0.0837 | test_corr=(0.93, 0.977)
Epoch 103/200 | time=0.644s | train_loss=0.0453 | train_corr=(0.964, 0.996) | val_loss=0.0484 | val_corr=(0.963, 0.994) | test_loss=0.0826 | test_corr=(0.931, 0.977)
Epoch 104/200 | time=0.629s | train_loss=0.0425 | train_corr=(0.965, 0.996) | val_loss=0.0479 | val_corr=(0.964, 0.994) | test_loss=0.0852 | test_corr=(0.928, 0.976)
Epoch 105/200 | time=0.641s | train_loss=0.0426 | train_corr=(0.965, 0.996) | val_loss=0.0479 | val_corr=(0.964, 0.994) | test_loss=0.0843 | test_corr=(0.929, 0.976)
Epoch 106/200 | time=0.639s | train_loss=0.043 | train_corr=(0.966, 0.996) | val_loss=0.0476 | val_corr=(0.964, 0.994) | test_loss=0.0837 | test_corr=(0.93, 0.976)
Epoch 107/200 | time=0.636s | train_loss=0.0425 | train_corr=(0.966, 0.996) | val_loss=0.0477 | val_corr=(0.964, 0.994) | test_loss=0.0828 | test_corr=(0.932, 0.977)
Epoch 108/200 | time=0.637s | train_loss=0.0428 | train_corr=(0.965, 0.996) | val_loss=0.0483 | val_corr=(0.963, 0.994) | test_loss=0.0834 | test_corr=(0.93, 0.977)
Epoch 109/200 | time=0.629s | train_loss=0.0419 | train_corr=(0.967, 0.996) | val_loss=0.0478 | val_corr=(0.964, 0.994) | test_loss=0.0843 | test_corr=(0.929, 0.976)
Epoch 110/200 | time=0.64s | train_loss=0.0456 | train_corr=(0.965, 0.995) | val_loss=0.0489 | val_corr=(0.963, 0.994) | test_loss=0.0837 | test_corr=(0.931, 0.977)
Epoch 111/200 | time=0.651s | train_loss=0.0472 | train_corr=(0.962, 0.996) | val_loss=0.0481 | val_corr=(0.964, 0.994) | test_loss=0.0834 | test_corr=(0.93, 0.976)
Epoch 112/200 | time=0.639s | train_loss=0.0457 | train_corr=(0.965, 0.995) | val_loss=0.0491 | val_corr=(0.964, 0.994) | test_loss=0.0829 | test_corr=(0.932, 0.976)
Epoch 113/200 | time=0.651s | train_loss=0.0429 | train_corr=(0.965, 0.996) | val_loss=0.0493 | val_corr=(0.962, 0.994) | test_loss=0.0849 | test_corr=(0.929, 0.977)
Epoch 114/200 | time=0.631s | train_loss=0.0436 | train_corr=(0.966, 0.996) | val_loss=0.0483 | val_corr=(0.963, 0.994) | test_loss=0.085 | test_corr=(0.929, 0.976)
Epoch 115/200 | time=0.642s | train_loss=0.0435 | train_corr=(0.965, 0.996) | val_loss=0.0474 | val_corr=(0.964, 0.994) | test_loss=0.0833 | test_corr=(0.93, 0.976)
Epoch 116/200 | time=0.64s | train_loss=0.0433 | train_corr=(0.966, 0.996) | val_loss=0.0471 | val_corr=(0.965, 0.994) | test_loss=0.0836 | test_corr=(0.931, 0.976)
Epoch 117/200 | time=0.636s | train_loss=0.0439 | train_corr=(0.965, 0.996) | val_loss=0.0479 | val_corr=(0.963, 0.994) | test_loss=0.0846 | test_corr=(0.93, 0.976)
Epoch 118/200 | time=0.639s | train_loss=0.0441 | train_corr=(0.966, 0.996) | val_loss=0.0471 | val_corr=(0.964, 0.994) | test_loss=0.083 | test_corr=(0.931, 0.977)
Epoch 119/200 | time=0.631s | train_loss=0.0433 | train_corr=(0.966, 0.996) | val_loss=0.0482 | val_corr=(0.965, 0.994) | test_loss=0.0833 | test_corr=(0.931, 0.976)
Epoch 120/200 | time=0.641s | train_loss=0.0439 | train_corr=(0.966, 0.995) | val_loss=0.0492 | val_corr=(0.963, 0.995) | test_loss=0.0859 | test_corr=(0.93, 0.976)
Epoch 121/200 | time=0.642s | train_loss=0.043 | train_corr=(0.966, 0.995) | val_loss=0.0471 | val_corr=(0.965, 0.994) | test_loss=0.0828 | test_corr=(0.931, 0.976)
Epoch 122/200 | time=0.643s | train_loss=0.042 | train_corr=(0.967, 0.996) | val_loss=0.0481 | val_corr=(0.963, 0.994) | test_loss=0.0842 | test_corr=(0.93, 0.977)
Epoch 123/200 | time=0.644s | train_loss=0.0424 | train_corr=(0.965, 0.996) | val_loss=0.0468 | val_corr=(0.965, 0.994) | test_loss=0.0824 | test_corr=(0.931, 0.976)
Epoch 124/200 | time=0.632s | train_loss=0.0438 | train_corr=(0.966, 0.995) | val_loss=0.0472 | val_corr=(0.964, 0.995) | test_loss=0.0832 | test_corr=(0.931, 0.977)
Epoch 125/200 | time=0.641s | train_loss=0.0428 | train_corr=(0.965, 0.996) | val_loss=0.0469 | val_corr=(0.965, 0.994) | test_loss=0.0818 | test_corr=(0.932, 0.977)
Epoch 126/200 | time=0.633s | train_loss=0.0441 | train_corr=(0.964, 0.995) | val_loss=0.0472 | val_corr=(0.964, 0.995) | test_loss=0.085 | test_corr=(0.929, 0.976)
Epoch 127/200 | time=0.645s | train_loss=0.0439 | train_corr=(0.967, 0.995) | val_loss=0.0465 | val_corr=(0.964, 0.995) | test_loss=0.083 | test_corr=(0.931, 0.976)
Epoch 128/200 | time=0.637s | train_loss=0.0431 | train_corr=(0.966, 0.996) | val_loss=0.0477 | val_corr=(0.964, 0.994) | test_loss=0.0818 | test_corr=(0.932, 0.977)
Epoch 129/200 | time=0.632s | train_loss=0.0431 | train_corr=(0.966, 0.996) | val_loss=0.0469 | val_corr=(0.965, 0.994) | test_loss=0.0822 | test_corr=(0.932, 0.977)
Epoch 130/200 | time=0.641s | train_loss=0.0397 | train_corr=(0.967, 0.996) | val_loss=0.0463 | val_corr=(0.965, 0.995) | test_loss=0.0824 | test_corr=(0.931, 0.976)
Epoch 131/200 | time=0.639s | train_loss=0.0417 | train_corr=(0.966, 0.996) | val_loss=0.0463 | val_corr=(0.965, 0.995) | test_loss=0.0821 | test_corr=(0.931, 0.977)
Epoch 132/200 | time=0.639s | train_loss=0.0418 | train_corr=(0.965, 0.996) | val_loss=0.046 | val_corr=(0.965, 0.995) | test_loss=0.0823 | test_corr=(0.931, 0.976)
Epoch 133/200 | time=0.642s | train_loss=0.0417 | train_corr=(0.966, 0.996) | val_loss=0.0467 | val_corr=(0.964, 0.994) | test_loss=0.0827 | test_corr=(0.931, 0.977)
Epoch 134/200 | time=0.629s | train_loss=0.0416 | train_corr=(0.966, 0.996) | val_loss=0.0461 | val_corr=(0.965, 0.995) | test_loss=0.0823 | test_corr=(0.931, 0.977)
Epoch 135/200 | time=0.64s | train_loss=0.0435 | train_corr=(0.966, 0.996) | val_loss=0.0466 | val_corr=(0.964, 0.995) | test_loss=0.0838 | test_corr=(0.93, 0.976)
Epoch 136/200 | time=0.638s | train_loss=0.0449 | train_corr=(0.963, 0.996) | val_loss=0.0465 | val_corr=(0.964, 0.995) | test_loss=0.0829 | test_corr=(0.931, 0.977)
Epoch 137/200 | time=0.637s | train_loss=0.0472 | train_corr=(0.965, 0.996) | val_loss=0.0487 | val_corr=(0.965, 0.994) | test_loss=0.0854 | test_corr=(0.93, 0.976)
Epoch 138/200 | time=0.643s | train_loss=0.0441 | train_corr=(0.967, 0.996) | val_loss=0.0469 | val_corr=(0.965, 0.995) | test_loss=0.0837 | test_corr=(0.93, 0.975)
Epoch 139/200 | time=0.63s | train_loss=0.0441 | train_corr=(0.966, 0.995) | val_loss=0.0506 | val_corr=(0.963, 0.994) | test_loss=0.0862 | test_corr=(0.928, 0.975)
Epoch 140/200 | time=0.643s | train_loss=0.0419 | train_corr=(0.965, 0.996) | val_loss=0.0485 | val_corr=(0.963, 0.995) | test_loss=0.0853 | test_corr=(0.93, 0.977)
Epoch 141/200 | time=0.64s | train_loss=0.0419 | train_corr=(0.967, 0.996) | val_loss=0.0479 | val_corr=(0.965, 0.994) | test_loss=0.0835 | test_corr=(0.93, 0.976)
Epoch 142/200 | time=0.639s | train_loss=0.0426 | train_corr=(0.967, 0.996) | val_loss=0.0461 | val_corr=(0.965, 0.995) | test_loss=0.084 | test_corr=(0.93, 0.975)
Epoch 143/200 | time=0.641s | train_loss=0.041 | train_corr=(0.965, 0.996) | val_loss=0.0462 | val_corr=(0.964, 0.994) | test_loss=0.0821 | test_corr=(0.931, 0.977)
Epoch 144/200 | time=0.629s | train_loss=0.0431 | train_corr=(0.964, 0.995) | val_loss=0.0461 | val_corr=(0.965, 0.994) | test_loss=0.0816 | test_corr=(0.932, 0.977)
Epoch 145/200 | time=0.643s | train_loss=0.0413 | train_corr=(0.966, 0.996) | val_loss=0.0462 | val_corr=(0.966, 0.995) | test_loss=0.0819 | test_corr=(0.932, 0.977)
Epoch 146/200 | time=0.641s | train_loss=0.0425 | train_corr=(0.966, 0.996) | val_loss=0.0463 | val_corr=(0.965, 0.995) | test_loss=0.0821 | test_corr=(0.933, 0.977)
Epoch 147/200 | time=0.636s | train_loss=0.0421 | train_corr=(0.967, 0.995) | val_loss=0.046 | val_corr=(0.964, 0.995) | test_loss=0.0835 | test_corr=(0.93, 0.976)
Epoch 148/200 | time=0.637s | train_loss=0.0409 | train_corr=(0.967, 0.996) | val_loss=0.0455 | val_corr=(0.965, 0.995) | test_loss=0.0813 | test_corr=(0.932, 0.977)
Epoch 149/200 | time=0.629s | train_loss=0.0416 | train_corr=(0.967, 0.996) | val_loss=0.045 | val_corr=(0.965, 0.995) | test_loss=0.0821 | test_corr=(0.931, 0.977)
Epoch 150/200 | time=0.641s | train_loss=0.042 | train_corr=(0.967, 0.996) | val_loss=0.0449 | val_corr=(0.965, 0.995) | test_loss=0.0821 | test_corr=(0.931, 0.977)
Epoch 151/200 | time=0.639s | train_loss=0.0398 | train_corr=(0.967, 0.997) | val_loss=0.0452 | val_corr=(0.965, 0.995) | test_loss=0.0823 | test_corr=(0.932, 0.977)
Epoch 152/200 | time=0.638s | train_loss=0.0406 | train_corr=(0.967, 0.996) | val_loss=0.0447 | val_corr=(0.966, 0.995) | test_loss=0.0821 | test_corr=(0.931, 0.977)
Epoch 153/200 | time=0.646s | train_loss=0.0415 | train_corr=(0.967, 0.996) | val_loss=0.0462 | val_corr=(0.964, 0.995) | test_loss=0.0825 | test_corr=(0.931, 0.977)
Epoch 154/200 | time=0.629s | train_loss=0.0408 | train_corr=(0.966, 0.996) | val_loss=0.0454 | val_corr=(0.965, 0.995) | test_loss=0.0829 | test_corr=(0.931, 0.976)
Epoch 155/200 | time=0.639s | train_loss=0.0435 | train_corr=(0.966, 0.995) | val_loss=0.0465 | val_corr=(0.964, 0.995) | test_loss=0.0828 | test_corr=(0.931, 0.977)
Epoch 156/200 | time=0.642s | train_loss=0.0416 | train_corr=(0.966, 0.996) | val_loss=0.0449 | val_corr=(0.965, 0.995) | test_loss=0.083 | test_corr=(0.931, 0.977)
Epoch 157/200 | time=0.638s | train_loss=0.0399 | train_corr=(0.967, 0.997) | val_loss=0.045 | val_corr=(0.966, 0.995) | test_loss=0.082 | test_corr=(0.931, 0.977)
Epoch 158/200 | time=0.64s | train_loss=0.0416 | train_corr=(0.966, 0.996) | val_loss=0.0453 | val_corr=(0.965, 0.995) | test_loss=0.083 | test_corr=(0.931, 0.977)
Epoch 159/200 | time=0.632s | train_loss=0.0427 | train_corr=(0.965, 0.996) | val_loss=0.045 | val_corr=(0.965, 0.995) | test_loss=0.0821 | test_corr=(0.932, 0.977)
Epoch 160/200 | time=0.643s | train_loss=0.0414 | train_corr=(0.967, 0.996) | val_loss=0.0446 | val_corr=(0.965, 0.995) | test_loss=0.0818 | test_corr=(0.932, 0.977)
Epoch 161/200 | time=0.642s | train_loss=0.0414 | train_corr=(0.967, 0.996) | val_loss=0.045 | val_corr=(0.965, 0.995) | test_loss=0.0833 | test_corr=(0.931, 0.977)
Epoch 162/200 | time=0.634s | train_loss=0.0403 | train_corr=(0.967, 0.996) | val_loss=0.0458 | val_corr=(0.966, 0.995) | test_loss=0.0824 | test_corr=(0.931, 0.976)
Epoch 163/200 | time=0.636s | train_loss=0.0411 | train_corr=(0.964, 0.996) | val_loss=0.0452 | val_corr=(0.965, 0.995) | test_loss=0.0827 | test_corr=(0.93, 0.976)
Epoch 164/200 | time=0.627s | train_loss=0.0401 | train_corr=(0.968, 0.996) | val_loss=0.0444 | val_corr=(0.966, 0.995) | test_loss=0.082 | test_corr=(0.932, 0.976)
Epoch 165/200 | time=0.64s | train_loss=0.0439 | train_corr=(0.965, 0.995) | val_loss=0.0447 | val_corr=(0.965, 0.995) | test_loss=0.0827 | test_corr=(0.93, 0.977)
Epoch 166/200 | time=0.638s | train_loss=0.0394 | train_corr=(0.967, 0.996) | val_loss=0.0444 | val_corr=(0.965, 0.995) | test_loss=0.081 | test_corr=(0.932, 0.978)
Epoch 167/200 | time=0.635s | train_loss=0.0404 | train_corr=(0.968, 0.996) | val_loss=0.0448 | val_corr=(0.965, 0.995) | test_loss=0.082 | test_corr=(0.931, 0.977)
Epoch 168/200 | time=0.636s | train_loss=0.0416 | train_corr=(0.966, 0.996) | val_loss=0.0451 | val_corr=(0.966, 0.995) | test_loss=0.0824 | test_corr=(0.931, 0.977)
Epoch 169/200 | time=0.627s | train_loss=0.0397 | train_corr=(0.967, 0.997) | val_loss=0.0455 | val_corr=(0.964, 0.995) | test_loss=0.0831 | test_corr=(0.929, 0.977)
Epoch 170/200 | time=0.639s | train_loss=0.0392 | train_corr=(0.968, 0.997) | val_loss=0.0457 | val_corr=(0.966, 0.995) | test_loss=0.082 | test_corr=(0.932, 0.977)
Epoch 171/200 | time=0.642s | train_loss=0.0407 | train_corr=(0.967, 0.997) | val_loss=0.0443 | val_corr=(0.965, 0.995) | test_loss=0.0838 | test_corr=(0.929, 0.976)
Epoch 172/200 | time=0.637s | train_loss=0.0406 | train_corr=(0.965, 0.996) | val_loss=0.0448 | val_corr=(0.965, 0.995) | test_loss=0.0828 | test_corr=(0.931, 0.976)
Epoch 173/200 | time=0.638s | train_loss=0.0422 | train_corr=(0.965, 0.996) | val_loss=0.0468 | val_corr=(0.966, 0.995) | test_loss=0.0838 | test_corr=(0.931, 0.976)
Epoch 174/200 | time=0.637s | train_loss=0.0426 | train_corr=(0.966, 0.996) | val_loss=0.045 | val_corr=(0.965, 0.995) | test_loss=0.0827 | test_corr=(0.931, 0.976)
Epoch 175/200 | time=0.64s | train_loss=0.041 | train_corr=(0.967, 0.996) | val_loss=0.0452 | val_corr=(0.965, 0.994) | test_loss=0.0823 | test_corr=(0.931, 0.976)
Epoch 176/200 | time=0.641s | train_loss=0.0403 | train_corr=(0.965, 0.996) | val_loss=0.0447 | val_corr=(0.965, 0.995) | test_loss=0.0822 | test_corr=(0.931, 0.977)
Epoch 177/200 | time=0.637s | train_loss=0.0403 | train_corr=(0.967, 0.996) | val_loss=0.0445 | val_corr=(0.966, 0.995) | test_loss=0.0824 | test_corr=(0.931, 0.977)
Epoch 178/200 | time=0.637s | train_loss=0.0394 | train_corr=(0.967, 0.997) | val_loss=0.0451 | val_corr=(0.965, 0.995) | test_loss=0.0829 | test_corr=(0.931, 0.977)
Epoch 179/200 | time=0.628s | train_loss=0.0396 | train_corr=(0.966, 0.996) | val_loss=0.0448 | val_corr=(0.966, 0.995) | test_loss=0.0825 | test_corr=(0.931, 0.976)
Epoch 180/200 | time=0.641s | train_loss=0.0385 | train_corr=(0.968, 0.997) | val_loss=0.0446 | val_corr=(0.965, 0.995) | test_loss=0.0822 | test_corr=(0.932, 0.977)
Epoch 181/200 | time=0.639s | train_loss=0.0397 | train_corr=(0.967, 0.996) | val_loss=0.0442 | val_corr=(0.965, 0.995) | test_loss=0.0803 | test_corr=(0.933, 0.978)
Epoch 182/200 | time=0.636s | train_loss=0.0387 | train_corr=(0.969, 0.997) | val_loss=0.0437 | val_corr=(0.966, 0.995) | test_loss=0.0809 | test_corr=(0.932, 0.977)
Epoch 183/200 | time=0.644s | train_loss=0.0422 | train_corr=(0.967, 0.996) | val_loss=0.046 | val_corr=(0.964, 0.995) | test_loss=0.0837 | test_corr=(0.931, 0.977)
Epoch 184/200 | time=0.63s | train_loss=0.0407 | train_corr=(0.966, 0.996) | val_loss=0.0442 | val_corr=(0.967, 0.995) | test_loss=0.082 | test_corr=(0.931, 0.977)
Epoch 185/200 | time=0.637s | train_loss=0.0395 | train_corr=(0.966, 0.996) | val_loss=0.0444 | val_corr=(0.966, 0.995) | test_loss=0.0815 | test_corr=(0.932, 0.977)
Epoch 186/200 | time=0.634s | train_loss=0.0393 | train_corr=(0.967, 0.996) | val_loss=0.0442 | val_corr=(0.966, 0.995) | test_loss=0.083 | test_corr=(0.93, 0.976)
Epoch 187/200 | time=0.639s | train_loss=0.0413 | train_corr=(0.968, 0.996) | val_loss=0.045 | val_corr=(0.965, 0.995) | test_loss=0.0821 | test_corr=(0.931, 0.978)
Epoch 188/200 | time=0.643s | train_loss=0.0407 | train_corr=(0.966, 0.997) | val_loss=0.045 | val_corr=(0.965, 0.995) | test_loss=0.084 | test_corr=(0.93, 0.976)
Epoch 189/200 | time=0.631s | train_loss=0.0415 | train_corr=(0.967, 0.996) | val_loss=0.0445 | val_corr=(0.966, 0.995) | test_loss=0.0835 | test_corr=(0.93, 0.976)
Epoch 190/200 | time=0.64s | train_loss=0.0412 | train_corr=(0.967, 0.996) | val_loss=0.0462 | val_corr=(0.964, 0.995) | test_loss=0.0834 | test_corr=(0.931, 0.977)
Epoch 191/200 | time=0.632s | train_loss=0.0388 | train_corr=(0.967, 0.997) | val_loss=0.0435 | val_corr=(0.966, 0.995) | test_loss=0.0801 | test_corr=(0.934, 0.977)
Epoch 192/200 | time=0.633s | train_loss=0.0415 | train_corr=(0.967, 0.996) | val_loss=0.0441 | val_corr=(0.965, 0.995) | test_loss=0.0825 | test_corr=(0.931, 0.977)
Epoch 193/200 | time=0.647s | train_loss=0.0391 | train_corr=(0.967, 0.996) | val_loss=0.0437 | val_corr=(0.966, 0.995) | test_loss=0.0814 | test_corr=(0.932, 0.977)
Epoch 194/200 | time=0.625s | train_loss=0.0399 | train_corr=(0.967, 0.996) | val_loss=0.0438 | val_corr=(0.966, 0.995) | test_loss=0.0809 | test_corr=(0.932, 0.977)
Epoch 195/200 | time=0.64s | train_loss=0.0427 | train_corr=(0.967, 0.996) | val_loss=0.043 | val_corr=(0.966, 0.995) | test_loss=0.0814 | test_corr=(0.933, 0.977)
Epoch 196/200 | time=0.629s | train_loss=0.0385 | train_corr=(0.968, 0.997) | val_loss=0.043 | val_corr=(0.966, 0.995) | test_loss=0.0808 | test_corr=(0.932, 0.977)
Epoch 197/200 | time=0.63s | train_loss=0.0387 | train_corr=(0.968, 0.997) | val_loss=0.043 | val_corr=(0.966, 0.995) | test_loss=0.0817 | test_corr=(0.932, 0.976)
Epoch 198/200 | time=0.639s | train_loss=0.0383 | train_corr=(0.968, 0.996) | val_loss=0.0433 | val_corr=(0.965, 0.995) | test_loss=0.0815 | test_corr=(0.931, 0.977)
Epoch 199/200 | time=0.626s | train_loss=0.0378 | train_corr=(0.966, 0.997) | val_loss=0.0427 | val_corr=(0.966, 0.995) | test_loss=0.0804 | test_corr=(0.932, 0.977)
Epoch 200/200 | time=0.632s | train_loss=0.038 | train_corr=(0.968, 0.997) | val_loss=0.0434 | val_corr=(0.966, 0.995) | test_loss=0.081 | test_corr=(0.932, 0.977)
────────────────────────────────────────────────────────────────────────────────────
                                           Time                    Allocations      
                                  ───────────────────────   ────────────────────────
        Tot / % measured:               675s /  58.7%            680GiB /  78.2%    

Section                   ncalls     time    %tot     avg     alloc    %tot      avg
────────────────────────────────────────────────────────────────────────────────────
epoch                        400     368s   92.7%   919ms    490GiB   92.1%  1.23GiB
  train                      400     237s   59.8%   593ms    206GiB   38.8%   529MiB
    single_train_step!     4.00k     193s   48.6%  48.2ms   81.5GiB   15.3%  20.9MiB
    get training batch     4.00k    44.3s   11.2%  11.1ms    125GiB   23.5%  32.0MiB
  test                       400     105s   26.6%   264ms    236GiB   44.4%   604MiB
    get test loss          5.20k    62.6s   15.8%  12.0ms   79.8GiB   15.0%  15.7MiB
    get test batch         5.20k    42.7s   10.8%  8.22ms    156GiB   29.4%  30.8MiB
  validation                 400    24.9s    6.3%  62.3ms   47.5GiB    8.9%   122MiB
    validation loss        1.20k    14.4s    3.6%  12.0ms   16.1GiB    3.0%  13.8MiB
    get validation data    1.20k    10.2s    2.6%  8.49ms   31.3GiB    5.9%  26.7MiB
get_data                       2    29.0s    7.3%   14.5s   41.8GiB    7.9%  20.9GiB
────────────────────────────────────────────────────────────────────────────────────Finished at Thu Apr  9 15:00:41 CEST 2026
