┌ Info: CUDA loaded successfully
│   device = CuDevice(0): NVIDIA A100 80GB PCIe
└   capability = v"8.0.0"
┌ Info: cuDNN loaded successfully
└   version = v"8.90.7"
[ Info: Starting HPC AE training job
[ Info:   SLURM_JOB_ID: 9563640
[ Info:   SLURM_NTASKS: 1
[ Info:   SLURM_CPUS_PER_TASK: 8
[ Info:   Hostname: gpu012
[ Info: Loading training data from: /scratch/mfbclaeys/data/datasets/RE2500/2e8/U_128_full.jld2
[ Info: ── Step 1/2: Training Autoencoder ──
[ Info: removed ghost cells; input data size (u): (256, 256, 2, 4402)
GKS: cannot open display - headless operation mode active
[ Info: training force plot saved to data/Lux_models/Apr08-2102__E200_HW256x256_C4to2_nc6_nd2_z16_C8_lr0p001_wd0p0009_bs16_NY_LL1_Tl0p0/trainin_force.png
[ Info: Training on CUDADevice{Nothing, Missing}(nothing)
[ Info: Parametric Encoder built:
[ Info:   Conv: 4→8 -> 8→16 -> 16→32 -> 32→64 -> 64→128 -> 128→256
[ Info:   Sizes: (256, 256, 4) -> (128, 128, 8) -> (64, 64, 16) -> (32, 32, 32) -> (16, 16, 64) -> (8, 8, 128) -> (4, 4, 256)
[ Info:   Dense: 4096→2048 -> 2048→16
[ Info: Parametric Decoder built:
[ Info:   Dense: 16→2048 -> 2048→4096
[ Info:   Sizes: (4, 4, 256) -> (8, 8, 128) -> (16, 16, 64) -> (32, 32, 32) -> (64, 64, 16) -> (128, 128, 8) -> (256, 256, 4) -> (256, 256, 2) -> (256, 256, 2)
[ Info:   Conv: 256→128 -> 128→64 -> 64→32 -> 32→16 -> 16→8 -> 8→4 -> 4→2 -> 2→2
[ Info: AE initiated
┌ Info: CUDA.functional()
└   CUDA.functional() = true
┌ Info: CUDA device
└   CUDA.device() = CuDevice(0): NVIDIA A100 80GB PCIe
[ Info: Start Training, total 200 epochs
[ Info: Epoch 1/200
[ Info: Epoch 2/200
[ Info: Epoch 3/200
[ Info: Epoch 4/200
[ Info: Epoch 5/200
[ Info: Epoch 6/200
[ Info: Epoch 7/200
[ Info: Epoch 8/200
[ Info: Epoch 9/200
[ Info: Epoch 10/200
[ Info: Epoch 11/200
[ Info: Epoch 12/200
[ Info: Epoch 13/200
[ Info: Epoch 14/200
[ Info: Epoch 15/200
[ Info: Epoch 16/200
[ Info: Epoch 17/200
[ Info: Epoch 18/200
[ Info: Epoch 19/200
[ Info: Epoch 20/200
[ Info: Epoch 21/200
[ Info: Epoch 22/200
[ Info: Epoch 23/200
[ Info: Epoch 24/200
[ Info: Epoch 25/200
[ Info: Epoch 26/200
[ Info: Epoch 27/200
[ Info: Epoch 28/200
[ Info: Epoch 29/200
[ Info: Epoch 30/200
[ Info: Epoch 31/200
[ Info: Epoch 32/200
[ Info: Epoch 33/200
[ Info: Epoch 34/200
[ Info: Epoch 35/200
[ Info: Epoch 36/200
[ Info: Epoch 37/200
[ Info: Epoch 38/200
[ Info: Epoch 39/200
[ Info: Epoch 40/200
[ Info: Epoch 41/200
[ Info: Epoch 42/200
[ Info: Epoch 43/200
[ Info: Epoch 44/200
[ Info: Epoch 45/200
[ Info: Epoch 46/200
[ Info: Epoch 47/200
[ Info: Epoch 48/200
[ Info: Epoch 49/200
[ Info: Epoch 50/200
[ Info: Epoch 51/200
[ Info: Epoch 52/200
[ Info: Epoch 53/200
[ Info: Epoch 54/200
[ Info: Epoch 55/200
[ Info: Epoch 56/200
[ Info: Epoch 57/200
[ Info: Epoch 58/200
[ Info: Epoch 59/200
[ Info: Epoch 60/200
[ Info: Epoch 61/200
[ Info: Epoch 62/200
[ Info: Epoch 63/200
[ Info: Epoch 64/200
[ Info: Epoch 65/200
[ Info: Epoch 66/200
[ Info: Epoch 67/200
[ Info: Epoch 68/200
[ Info: Epoch 69/200
[ Info: Epoch 70/200
[ Info: Epoch 71/200
[ Info: Epoch 72/200
[ Info: Epoch 73/200
[ Info: Epoch 74/200
[ Info: Epoch 75/200
[ Info: Epoch 76/200
[ Info: Epoch 77/200
[ Info: Epoch 78/200
[ Info: Epoch 79/200
[ Info: Epoch 80/200
[ Info: Epoch 81/200
[ Info: Epoch 82/200
[ Info: Epoch 83/200
[ Info: Epoch 84/200
[ Info: Epoch 85/200
[ Info: Epoch 86/200
[ Info: Epoch 87/200
[ Info: Epoch 88/200
[ Info: Epoch 89/200
[ Info: Epoch 90/200
[ Info: Epoch 91/200
[ Info: Epoch 92/200
[ Info: Epoch 93/200
[ Info: Epoch 94/200
[ Info: Epoch 95/200
[ Info: Epoch 96/200
[ Info: Epoch 97/200
[ Info: Epoch 98/200
[ Info: Epoch 99/200
[ Info: Epoch 100/200
[ Info: Epoch 101/200
[ Info: Epoch 102/200
[ Info: Epoch 103/200
[ Info: Epoch 104/200
[ Info: Epoch 105/200
[ Info: Epoch 106/200
[ Info: Epoch 107/200
[ Info: Epoch 108/200
[ Info: Epoch 109/200
[ Info: Epoch 110/200
[ Info: Epoch 111/200
[ Info: Epoch 112/200
[ Info: Epoch 113/200
[ Info: Epoch 114/200
[ Info: Epoch 115/200
[ Info: Epoch 116/200
[ Info: Epoch 117/200
[ Info: Epoch 118/200
[ Info: Epoch 119/200
[ Info: Epoch 120/200
[ Info: Epoch 121/200
[ Info: Epoch 122/200
[ Info: Epoch 123/200
[ Info: Epoch 124/200
[ Info: Epoch 125/200
[ Info: Epoch 126/200
[ Info: Epoch 127/200
[ Info: Epoch 128/200
[ Info: Epoch 129/200
[ Info: Epoch 130/200
[ Info: Epoch 131/200
[ Info: Epoch 132/200
[ Info: Epoch 133/200
[ Info: Epoch 134/200
[ Info: Epoch 135/200
[ Info: Epoch 136/200
[ Info: Epoch 137/200
[ Info: Epoch 138/200
[ Info: Epoch 139/200
[ Info: Epoch 140/200
[ Info: Epoch 141/200
[ Info: Epoch 142/200
[ Info: Epoch 143/200
[ Info: Epoch 144/200
[ Info: Epoch 145/200
[ Info: Epoch 146/200
[ Info: Epoch 147/200
[ Info: Epoch 148/200
[ Info: Epoch 149/200
[ Info: Epoch 150/200
[ Info: Epoch 151/200
[ Info: Epoch 152/200
[ Info: Epoch 153/200
[ Info: Epoch 154/200
[ Info: Epoch 155/200
[ Info: Epoch 156/200
[ Info: Epoch 157/200
[ Info: Epoch 158/200
[ Info: Epoch 159/200
[ Info: Epoch 160/200
[ Info: Epoch 161/200
[ Info: Epoch 162/200
[ Info: Epoch 163/200
[ Info: Epoch 164/200
[ Info: Epoch 165/200
[ Info: Epoch 166/200
[ Info: Epoch 167/200
[ Info: Epoch 168/200
[ Info: Epoch 169/200
[ Info: Epoch 170/200
[ Info: Epoch 171/200
[ Info: Epoch 172/200
[ Info: Epoch 173/200
[ Info: Epoch 174/200
[ Info: Epoch 175/200
[ Info: Epoch 176/200
[ Info: Epoch 177/200
[ Info: Epoch 178/200
[ Info: Epoch 179/200
[ Info: Epoch 180/200
[ Info: Epoch 181/200
[ Info: Epoch 182/200
[ Info: Epoch 183/200
[ Info: Epoch 184/200
[ Info: Epoch 185/200
[ Info: Epoch 186/200
[ Info: Epoch 187/200
[ Info: Epoch 188/200
[ Info: Epoch 189/200
[ Info: Epoch 190/200
[ Info: Epoch 191/200
[ Info: Epoch 192/200
[ Info: Epoch 193/200
[ Info: Epoch 194/200
[ Info: Epoch 195/200
[ Info: Epoch 196/200
[ Info: Epoch 197/200
[ Info: Epoch 198/200
[ Info: Epoch 199/200
[ Info: Epoch 200/200
[ Info: Model saved: data/Lux_models/Apr08-2102__E200_HW256x256_C4to2_nc6_nd2_z16_C8_lr0p001_wd0p0009_bs16_NY_LL1_Tl0p0/checkpoint.jld2
[ Info: Selected 2 snapshots with indices [3547, 1759] for reconstruction
[ Info: Saved reconstruction plot to data/Lux_models/Apr08-2102__E200_HW256x256_C4to2_nc6_nd2_z16_C8_lr0p001_wd0p0009_bs16_NY_LL1_Tl0p0/reconstruction.png
[ Info: Saved loss plot to data/Lux_models/Apr08-2102__E200_HW256x256_C4to2_nc6_nd2_z16_C8_lr0p001_wd0p0009_bs16_NY_LL1_Tl0p0/loss_evolution.png
┌ Info: AE training complete
│   elapsed_min = 4.9
└   checkpoint = "data/Lux_models/Apr08-2102__E200_HW256x256_C4to2_nc6_nd2_z16_C8_lr0p001_wd0p0009_bs16_NY_LL1_Tl0p0/checkpoint.jld2"
[ Info: ── Step 2/2: Training Neural ODE ──
[ Info: Encoding latent vectors from AE in memory (no disk I/O)
[ Info: removed ghost cells; input data size (u): (256, 256, 2, 4402)
ERROR: LoadError: ArgumentError: Objects are on devices with different types: CUDADevice and CPUDevice.
Stacktrace:
  [1] combine_devices(T1::Type{CUDADevice}, T2::Type{CPUDevice})
    @ MLDataDevices.Internal ~/.julia/packages/MLDataDevices/Zv4TL/src/internal.jl:146
  [2] macro expansion
    @ ~/.julia/packages/MLDataDevices/Zv4TL/src/internal.jl:265 [inlined]
  [3] unrolled_mapreduce
    @ ~/.julia/packages/MLDataDevices/Zv4TL/src/internal.jl:252 [inlined]
  [4] unrolled_mapreduce(f::typeof(get_device_type), op::typeof(MLDataDevices.Internal.combine_devices), itr::Tuple{CUDA.CuArray{Float32, 4, CUDA.DeviceMemory}, Array{Float32, 4}, CUDA.CuArray{Float32, 1, CUDA.DeviceMemory}})
    @ MLDataDevices.Internal ~/.julia/packages/MLDataDevices/Zv4TL/src/internal.jl:243
  [5] get_device_type(x::Tuple{CUDA.CuArray{Float32, 4, CUDA.DeviceMemory}, Array{Float32, 4}, CUDA.CuArray{Float32, 1, CUDA.DeviceMemory}})
    @ MLDataDevices.Internal ~/.julia/packages/MLDataDevices/Zv4TL/src/internal.jl:217
  [6] get_device_type(x::Tuple{CUDA.CuArray{Float32, 4, CUDA.DeviceMemory}, Array{Float32, 4}, CUDA.CuArray{Float32, 1, CUDA.DeviceMemory}})
    @ MLDataDevices ~/.julia/packages/MLDataDevices/Zv4TL/src/public.jl:520
  [7] internal_operation_mode(xs::Tuple{CUDA.CuArray{Float32, 4, CUDA.DeviceMemory}, Array{Float32, 4}, CUDA.CuArray{Float32, 1, CUDA.DeviceMemory}})
    @ LuxLib ~/.julia/packages/LuxLib/26qlD/src/traits.jl:193
  [8] select_fastest_activation(::typeof(identity), ::CUDA.CuArray{Float32, 4, CUDA.DeviceMemory}, ::Array{Float32, 4}, ::CUDA.CuArray{Float32, 1, CUDA.DeviceMemory})
    @ LuxLib.Impl ~/.julia/packages/LuxLib/26qlD/src/impl/activation.jl:158
  [9] fused_conv_bias_activation(σ::typeof(identity), weight::CUDA.CuArray{Float32, 4, CUDA.DeviceMemory}, x::Array{Float32, 4}, b::CUDA.CuArray{Float32, 1, CUDA.DeviceMemory}, cdims::DenseConvDims{2, 2, 2, 4, 2})
    @ LuxLib.API ~/.julia/packages/LuxLib/26qlD/src/api/conv.jl:37
 [10] var"##c::Convinternal#337"(c::Conv{typeof(identity), Int64, Int64, Tuple{Int64, Int64}, Tuple{Int64, Int64}, NTuple{4, Int64}, Tuple{Int64, Int64}, Int64, Nothing, Nothing, Static.True, Static.True}, x::Array{Float32, 4}, ps::@NamedTuple{weight::CUDA.CuArray{Float32, 4, CUDA.DeviceMemory}, bias::CUDA.CuArray{Float32, 1, CUDA.DeviceMemory}}, st::@NamedTuple{})
    @ Lux ~/.julia/packages/Lux/Cf0S4/src/layers/conv.jl:259
 [11] Conv
    @ ~/.julia/packages/ReactantCore/SEqVX/src/ReactantCore.jl:286 [inlined]
 [12] (::Conv{typeof(identity), Int64, Int64, Tuple{Int64, Int64}, Tuple{Int64, Int64}, NTuple{4, Int64}, Tuple{Int64, Int64}, Int64, Nothing, Nothing, Static.True, Static.True})(x::Array{Float32, 4}, ps::@NamedTuple{weight::CUDA.CuArray{Float32, 4, CUDA.DeviceMemory}, bias::CUDA.CuArray{Float32, 1, CUDA.DeviceMemory}}, st::@NamedTuple{})
    @ Lux ./none:0
 [13] apply
    @ ~/.julia/packages/LuxCore/kQC9S/src/LuxCore.jl:155 [inlined]
 [14] macro expansion
    @ ~/.julia/packages/Lux/Cf0S4/src/layers/containers.jl:0 [inlined]
 [15] applychain(layers::@NamedTuple{layer_1::Conv{typeof(identity), Int64, Int64, Tuple{Int64, Int64}, Tuple{Int64, Int64}, NTuple{4, Int64}, Tuple{Int64, Int64}, Int64, Nothing, Nothing, Static.True, Static.True}, layer_2::WrappedFunction{typeof(relu)}, layer_3::MaxPool{Lux.PoolingLayer{Lux.GenericPoolMode{Tuple{Int64, Int64}, Tuple{Int64, Int64}, NTuple{4, Int64}, Tuple{Int64, Int64}}, Lux.MaxPoolOp}}}, x::Array{Float32, 4}, ps::@NamedTuple{layer_1::@NamedTuple{weight::CUDA.CuArray{Float32, 4, CUDA.DeviceMemory}, bias::CUDA.CuArray{Float32, 1, CUDA.DeviceMemory}}, layer_2::@NamedTuple{}, layer_3::@NamedTuple{}}, st::@NamedTuple{layer_1::@NamedTuple{}, layer_2::@NamedTuple{}, layer_3::@NamedTuple{}})
    @ Lux ~/.julia/packages/Lux/Cf0S4/src/layers/containers.jl:577
 [16] (::Chain{@NamedTuple{layer_1::Conv{typeof(identity), Int64, Int64, Tuple{Int64, Int64}, Tuple{Int64, Int64}, NTuple{4, Int64}, Tuple{Int64, Int64}, Int64, Nothing, Nothing, Static.True, Static.True}, layer_2::WrappedFunction{typeof(relu)}, layer_3::MaxPool{Lux.PoolingLayer{Lux.GenericPoolMode{Tuple{Int64, Int64}, Tuple{Int64, Int64}, NTuple{4, Int64}, Tuple{Int64, Int64}}, Lux.MaxPoolOp}}}, Nothing})(x::Array{Float32, 4}, ps::@NamedTuple{layer_1::@NamedTuple{weight::CUDA.CuArray{Float32, 4, CUDA.DeviceMemory}, bias::CUDA.CuArray{Float32, 1, CUDA.DeviceMemory}}, layer_2::@NamedTuple{}, layer_3::@NamedTuple{}}, st::@NamedTuple{layer_1::@NamedTuple{}, layer_2::@NamedTuple{}, layer_3::@NamedTuple{}})
    @ Lux ~/.julia/packages/Lux/Cf0S4/src/layers/containers.jl:575
 [17] apply
    @ ~/.julia/packages/LuxCore/kQC9S/src/LuxCore.jl:155 [inlined]
 [18] macro expansion
    @ ~/.julia/packages/Lux/Cf0S4/src/layers/containers.jl:0 [inlined]
 [19] applychain(layers::@NamedTuple{layer_1::Chain{@NamedTuple{layer_1::Conv{typeof(identity), Int64, Int64, Tuple{Int64, Int64}, Tuple{Int64, Int64}, NTuple{4, Int64}, Tuple{Int64, Int64}, Int64, Nothing, Nothing, Static.True, Static.True}, layer_2::WrappedFunction{typeof(relu)}, layer_3::MaxPool{Lux.PoolingLayer{Lux.GenericPoolMode{Tuple{Int64, Int64}, Tuple{Int64, Int64}, NTuple{4, Int64}, Tuple{Int64, Int64}}, Lux.MaxPoolOp}}}, Nothing}, layer_2::Chain{@NamedTuple{layer_1::Conv{typeof(identity), Int64, Int64, Tuple{Int64, Int64}, Tuple{Int64, Int64}, NTuple{4, Int64}, Tuple{Int64, Int64}, Int64, Nothing, Nothing, Static.True, Static.True}, layer_2::BatchNorm{typeof(identity), Float32, Float32, Int64, typeof(zeros32), typeof(ones32), Static.True, Static.True, Static.False}, layer_3::WrappedFunction{typeof(relu)}, layer_4::MaxPool{Lux.PoolingLayer{Lux.GenericPoolMode{Tuple{Int64, Int64}, Tuple{Int64, Int64}, NTuple{4, Int64}, Tuple{Int64, Int64}}, Lux.MaxPoolOp}}}, Nothing}, layer_3::Chain{@NamedTuple{layer_1::Conv{typeof(identity), Int64, Int64, Tuple{Int64, Int64}, Tuple{Int64, Int64}, NTuple{4, Int64}, Tuple{Int64, Int64}, Int64, Nothing, Nothing, Static.True, Static.True}, layer_2::BatchNorm{typeof(identity), Float32, Float32, Int64, typeof(zeros32), typeof(ones32), Static.True, Static.True, Static.False}, layer_3::WrappedFunction{typeof(relu)}, layer_4::MaxPool{Lux.PoolingLayer{Lux.GenericPoolMode{Tuple{Int64, Int64}, Tuple{Int64, Int64}, NTuple{4, Int64}, Tuple{Int64, Int64}}, Lux.MaxPoolOp}}}, Nothing}, layer_4::Chain{@NamedTuple{layer_1::Conv{typeof(identity), Int64, Int64, Tuple{Int64, Int64}, Tuple{Int64, Int64}, NTuple{4, Int64}, Tuple{Int64, Int64}, Int64, Nothing, Nothing, Static.True, Static.True}, layer_2::BatchNorm{typeof(identity), Float32, Float32, Int64, typeof(zeros32), typeof(ones32), Static.True, Static.True, Static.False}, layer_3::WrappedFunction{typeof(relu)}, layer_4::MaxPool{Lux.PoolingLayer{Lux.GenericPoolMode{Tuple{Int64, Int64}, Tuple{Int64, Int64}, NTuple{4, Int64}, Tuple{Int64, Int64}}, Lux.MaxPoolOp}}}, Nothing}, layer_5::Chain{@NamedTuple{layer_1::Conv{typeof(identity), Int64, Int64, Tuple{Int64, Int64}, Tuple{Int64, Int64}, NTuple{4, Int64}, Tuple{Int64, Int64}, Int64, Nothing, Nothing, Static.True, Static.True}, layer_2::BatchNorm{typeof(identity), Float32, Float32, Int64, typeof(zeros32), typeof(ones32), Static.True, Static.True, Static.False}, layer_3::WrappedFunction{typeof(relu)}, layer_4::MaxPool{Lux.PoolingLayer{Lux.GenericPoolMode{Tuple{Int64, Int64}, Tuple{Int64, Int64}, NTuple{4, Int64}, Tuple{Int64, Int64}}, Lux.MaxPoolOp}}}, Nothing}, layer_6::Chain{@NamedTuple{layer_1::Conv{typeof(identity), Int64, Int64, Tuple{Int64, Int64}, Tuple{Int64, Int64}, NTuple{4, Int64}, Tuple{Int64, Int64}, Int64, Nothing, Nothing, Static.True, Static.True}, layer_2::WrappedFunction{typeof(relu)}, layer_3::MaxPool{Lux.PoolingLayer{Lux.GenericPoolMode{Tuple{Int64, Int64}, Tuple{Int64, Int64}, NTuple{4, Int64}, Tuple{Int64, Int64}}, Lux.MaxPoolOp}}}, Nothing}, layer_7::FlattenLayer{Nothing}, layer_8::Dense{typeof(identity), Int64, Int64, Nothing, Nothing, Static.True}, layer_9::WrappedFunction{typeof(relu)}, layer_10::Dense{typeof(identity), Int64, Int64, Nothing, Nothing, Static.True}}, x::Array{Float32, 4}, ps::@NamedTuple{layer_1::@NamedTuple{layer_1::@NamedTuple{weight::CUDA.CuArray{Float32, 4, CUDA.DeviceMemory}, bias::CUDA.CuArray{Float32, 1, CUDA.DeviceMemory}}, layer_2::@NamedTuple{}, layer_3::@NamedTuple{}}, layer_2::@NamedTuple{layer_1::@NamedTuple{weight::CUDA.CuArray{Float32, 4, CUDA.DeviceMemory}, bias::CUDA.CuArray{Float32, 1, CUDA.DeviceMemory}}, layer_2::@NamedTuple{scale::CUDA.CuArray{Float32, 1, CUDA.DeviceMemory}, bias::CUDA.CuArray{Float32, 1, CUDA.DeviceMemory}}, layer_3::@NamedTuple{}, layer_4::@NamedTuple{}}, layer_3::@NamedTuple{layer_1::@NamedTuple{weight::CUDA.CuArray{Float32, 4, CUDA.DeviceMemory}, bias::CUDA.CuArray{Float32, 1, CUDA.DeviceMemory}}, layer_2::@NamedTuple{scale::CUDA.CuArray{Float32, 1, CUDA.DeviceMemory}, bias::CUDA.CuArray{Float32, 1, CUDA.DeviceMemory}}, layer_3::@NamedTuple{}, layer_4::@NamedTuple{}}, layer_4::@NamedTuple{layer_1::@NamedTuple{weight::CUDA.CuArray{Float32, 4, CUDA.DeviceMemory}, bias::CUDA.CuArray{Float32, 1, CUDA.DeviceMemory}}, layer_2::@NamedTuple{scale::CUDA.CuArray{Float32, 1, CUDA.DeviceMemory}, bias::CUDA.CuArray{Float32, 1, CUDA.DeviceMemory}}, layer_3::@NamedTuple{}, layer_4::@NamedTuple{}}, layer_5::@NamedTuple{layer_1::@NamedTuple{weight::CUDA.CuArray{Float32, 4, CUDA.DeviceMemory}, bias::CUDA.CuArray{Float32, 1, CUDA.DeviceMemory}}, layer_2::@NamedTuple{scale::CUDA.CuArray{Float32, 1, CUDA.DeviceMemory}, bias::CUDA.CuArray{Float32, 1, CUDA.DeviceMemory}}, layer_3::@NamedTuple{}, layer_4::@NamedTuple{}}, layer_6::@NamedTuple{layer_1::@NamedTuple{weight::CUDA.CuArray{Float32, 4, CUDA.DeviceMemory}, bias::CUDA.CuArray{Float32, 1, CUDA.DeviceMemory}}, layer_2::@NamedTuple{}, layer_3::@NamedTuple{}}, layer_7::@NamedTuple{}, layer_8::@NamedTuple{weight::CUDA.CuArray{Float32, 2, CUDA.DeviceMemory}, bias::CUDA.CuArray{Float32, 1, CUDA.DeviceMemory}}, layer_9::@NamedTuple{}, layer_10::@NamedTuple{weight::CUDA.CuArray{Float32, 2, CUDA.DeviceMemory}, bias::CUDA.CuArray{Float32, 1, CUDA.DeviceMemory}}}, st::@NamedTuple{layer_1::@NamedTuple{layer_1::@NamedTuple{}, layer_2::@NamedTuple{}, layer_3::@NamedTuple{}}, layer_2::@NamedTuple{layer_1::@NamedTuple{}, layer_2::@NamedTuple{running_mean::CUDA.CuArray{Float32, 1, CUDA.DeviceMemory}, running_var::CUDA.CuArray{Float32, 1, CUDA.DeviceMemory}, training::Val{true}}, layer_3::@NamedTuple{}, layer_4::@NamedTuple{}}, layer_3::@NamedTuple{layer_1::@NamedTuple{}, layer_2::@NamedTuple{running_mean::CUDA.CuArray{Float32, 1, CUDA.DeviceMemory}, running_var::CUDA.CuArray{Float32, 1, CUDA.DeviceMemory}, training::Val{true}}, layer_3::@NamedTuple{}, layer_4::@NamedTuple{}}, layer_4::@NamedTuple{layer_1::@NamedTuple{}, layer_2::@NamedTuple{running_mean::CUDA.CuArray{Float32, 1, CUDA.DeviceMemory}, running_var::CUDA.CuArray{Float32, 1, CUDA.DeviceMemory}, training::Val{true}}, layer_3::@NamedTuple{}, layer_4::@NamedTuple{}}, layer_5::@NamedTuple{layer_1::@NamedTuple{}, layer_2::@NamedTuple{running_mean::CUDA.CuArray{Float32, 1, CUDA.DeviceMemory}, running_var::CUDA.CuArray{Float32, 1, CUDA.DeviceMemory}, training::Val{true}}, layer_3::@NamedTuple{}, layer_4::@NamedTuple{}}, layer_6::@NamedTuple{layer_1::@NamedTuple{}, layer_2::@NamedTuple{}, layer_3::@NamedTuple{}}, layer_7::@NamedTuple{}, layer_8::@NamedTuple{}, layer_9::@NamedTuple{}, layer_10::@NamedTuple{}})
    @ Lux ~/.julia/packages/Lux/Cf0S4/src/layers/containers.jl:577
 [20] (::Chain{@NamedTuple{layer_1::Chain{@NamedTuple{layer_1::Conv{typeof(identity), Int64, Int64, Tuple{Int64, Int64}, Tuple{Int64, Int64}, NTuple{4, Int64}, Tuple{Int64, Int64}, Int64, Nothing, Nothing, Static.True, Static.True}, layer_2::WrappedFunction{typeof(relu)}, layer_3::MaxPool{Lux.PoolingLayer{Lux.GenericPoolMode{Tuple{Int64, Int64}, Tuple{Int64, Int64}, NTuple{4, Int64}, Tuple{Int64, Int64}}, Lux.MaxPoolOp}}}, Nothing}, layer_2::Chain{@NamedTuple{layer_1::Conv{typeof(identity), Int64, Int64, Tuple{Int64, Int64}, Tuple{Int64, Int64}, NTuple{4, Int64}, Tuple{Int64, Int64}, Int64, Nothing, Nothing, Static.True, Static.True}, layer_2::BatchNorm{typeof(identity), Float32, Float32, Int64, typeof(zeros32), typeof(ones32), Static.True, Static.True, Static.False}, layer_3::WrappedFunction{typeof(relu)}, layer_4::MaxPool{Lux.PoolingLayer{Lux.GenericPoolMode{Tuple{Int64, Int64}, Tuple{Int64, Int64}, NTuple{4, Int64}, Tuple{Int64, Int64}}, Lux.MaxPoolOp}}}, Nothing}, layer_3::Chain{@NamedTuple{layer_1::Conv{typeof(identity), Int64, Int64, Tuple{Int64, Int64}, Tuple{Int64, Int64}, NTuple{4, Int64}, Tuple{Int64, Int64}, Int64, Nothing, Nothing, Static.True, Static.True}, layer_2::BatchNorm{typeof(identity), Float32, Float32, Int64, typeof(zeros32), typeof(ones32), Static.True, Static.True, Static.False}, layer_3::WrappedFunction{typeof(relu)}, layer_4::MaxPool{Lux.PoolingLayer{Lux.GenericPoolMode{Tuple{Int64, Int64}, Tuple{Int64, Int64}, NTuple{4, Int64}, Tuple{Int64, Int64}}, Lux.MaxPoolOp}}}, Nothing}, layer_4::Chain{@NamedTuple{layer_1::Conv{typeof(identity), Int64, Int64, Tuple{Int64, Int64}, Tuple{Int64, Int64}, NTuple{4, Int64}, Tuple{Int64, Int64}, Int64, Nothing, Nothing, Static.True, Static.True}, layer_2::BatchNorm{typeof(identity), Float32, Float32, Int64, typeof(zeros32), typeof(ones32), Static.True, Static.True, Static.False}, layer_3::WrappedFunction{typeof(relu)}, layer_4::MaxPool{Lux.PoolingLayer{Lux.GenericPoolMode{Tuple{Int64, Int64}, Tuple{Int64, Int64}, NTuple{4, Int64}, Tuple{Int64, Int64}}, Lux.MaxPoolOp}}}, Nothing}, layer_5::Chain{@NamedTuple{layer_1::Conv{typeof(identity), Int64, Int64, Tuple{Int64, Int64}, Tuple{Int64, Int64}, NTuple{4, Int64}, Tuple{Int64, Int64}, Int64, Nothing, Nothing, Static.True, Static.True}, layer_2::BatchNorm{typeof(identity), Float32, Float32, Int64, typeof(zeros32), typeof(ones32), Static.True, Static.True, Static.False}, layer_3::WrappedFunction{typeof(relu)}, layer_4::MaxPool{Lux.PoolingLayer{Lux.GenericPoolMode{Tuple{Int64, Int64}, Tuple{Int64, Int64}, NTuple{4, Int64}, Tuple{Int64, Int64}}, Lux.MaxPoolOp}}}, Nothing}, layer_6::Chain{@NamedTuple{layer_1::Conv{typeof(identity), Int64, Int64, Tuple{Int64, Int64}, Tuple{Int64, Int64}, NTuple{4, Int64}, Tuple{Int64, Int64}, Int64, Nothing, Nothing, Static.True, Static.True}, layer_2::WrappedFunction{typeof(relu)}, layer_3::MaxPool{Lux.PoolingLayer{Lux.GenericPoolMode{Tuple{Int64, Int64}, Tuple{Int64, Int64}, NTuple{4, Int64}, Tuple{Int64, Int64}}, Lux.MaxPoolOp}}}, Nothing}, layer_7::FlattenLayer{Nothing}, layer_8::Dense{typeof(identity), Int64, Int64, Nothing, Nothing, Static.True}, layer_9::WrappedFunction{typeof(relu)}, layer_10::Dense{typeof(identity), Int64, Int64, Nothing, Nothing, Static.True}}, Nothing})(x::Array{Float32, 4}, ps::@NamedTuple{layer_1::@NamedTuple{layer_1::@NamedTuple{weight::CUDA.CuArray{Float32, 4, CUDA.DeviceMemory}, bias::CUDA.CuArray{Float32, 1, CUDA.DeviceMemory}}, layer_2::@NamedTuple{}, layer_3::@NamedTuple{}}, layer_2::@NamedTuple{layer_1::@NamedTuple{weight::CUDA.CuArray{Float32, 4, CUDA.DeviceMemory}, bias::CUDA.CuArray{Float32, 1, CUDA.DeviceMemory}}, layer_2::@NamedTuple{scale::CUDA.CuArray{Float32, 1, CUDA.DeviceMemory}, bias::CUDA.CuArray{Float32, 1, CUDA.DeviceMemory}}, layer_3::@NamedTuple{}, layer_4::@NamedTuple{}}, layer_3::@NamedTuple{layer_1::@NamedTuple{weight::CUDA.CuArray{Float32, 4, CUDA.DeviceMemory}, bias::CUDA.CuArray{Float32, 1, CUDA.DeviceMemory}}, layer_2::@NamedTuple{scale::CUDA.CuArray{Float32, 1, CUDA.DeviceMemory}, bias::CUDA.CuArray{Float32, 1, CUDA.DeviceMemory}}, layer_3::@NamedTuple{}, layer_4::@NamedTuple{}}, layer_4::@NamedTuple{layer_1::@NamedTuple{weight::CUDA.CuArray{Float32, 4, CUDA.DeviceMemory}, bias::CUDA.CuArray{Float32, 1, CUDA.DeviceMemory}}, layer_2::@NamedTuple{scale::CUDA.CuArray{Float32, 1, CUDA.DeviceMemory}, bias::CUDA.CuArray{Float32, 1, CUDA.DeviceMemory}}, layer_3::@NamedTuple{}, layer_4::@NamedTuple{}}, layer_5::@NamedTuple{layer_1::@NamedTuple{weight::CUDA.CuArray{Float32, 4, CUDA.DeviceMemory}, bias::CUDA.CuArray{Float32, 1, CUDA.DeviceMemory}}, layer_2::@NamedTuple{scale::CUDA.CuArray{Float32, 1, CUDA.DeviceMemory}, bias::CUDA.CuArray{Float32, 1, CUDA.DeviceMemory}}, layer_3::@NamedTuple{}, layer_4::@NamedTuple{}}, layer_6::@NamedTuple{layer_1::@NamedTuple{weight::CUDA.CuArray{Float32, 4, CUDA.DeviceMemory}, bias::CUDA.CuArray{Float32, 1, CUDA.DeviceMemory}}, layer_2::@NamedTuple{}, layer_3::@NamedTuple{}}, layer_7::@NamedTuple{}, layer_8::@NamedTuple{weight::CUDA.CuArray{Float32, 2, CUDA.DeviceMemory}, bias::CUDA.CuArray{Float32, 1, CUDA.DeviceMemory}}, layer_9::@NamedTuple{}, layer_10::@NamedTuple{weight::CUDA.CuArray{Float32, 2, CUDA.DeviceMemory}, bias::CUDA.CuArray{Float32, 1, CUDA.DeviceMemory}}}, st::@NamedTuple{layer_1::@NamedTuple{layer_1::@NamedTuple{}, layer_2::@NamedTuple{}, layer_3::@NamedTuple{}}, layer_2::@NamedTuple{layer_1::@NamedTuple{}, layer_2::@NamedTuple{running_mean::CUDA.CuArray{Float32, 1, CUDA.DeviceMemory}, running_var::CUDA.CuArray{Float32, 1, CUDA.DeviceMemory}, training::Val{true}}, layer_3::@NamedTuple{}, layer_4::@NamedTuple{}}, layer_3::@NamedTuple{layer_1::@NamedTuple{}, layer_2::@NamedTuple{running_mean::CUDA.CuArray{Float32, 1, CUDA.DeviceMemory}, running_var::CUDA.CuArray{Float32, 1, CUDA.DeviceMemory}, training::Val{true}}, layer_3::@NamedTuple{}, layer_4::@NamedTuple{}}, layer_4::@NamedTuple{layer_1::@NamedTuple{}, layer_2::@NamedTuple{running_mean::CUDA.CuArray{Float32, 1, CUDA.DeviceMemory}, running_var::CUDA.CuArray{Float32, 1, CUDA.DeviceMemory}, training::Val{true}}, layer_3::@NamedTuple{}, layer_4::@NamedTuple{}}, layer_5::@NamedTuple{layer_1::@NamedTuple{}, layer_2::@NamedTuple{running_mean::CUDA.CuArray{Float32, 1, CUDA.DeviceMemory}, running_var::CUDA.CuArray{Float32, 1, CUDA.DeviceMemory}, training::Val{true}}, layer_3::@NamedTuple{}, layer_4::@NamedTuple{}}, layer_6::@NamedTuple{layer_1::@NamedTuple{}, layer_2::@NamedTuple{}, layer_3::@NamedTuple{}}, layer_7::@NamedTuple{}, layer_8::@NamedTuple{}, layer_9::@NamedTuple{}, layer_10::@NamedTuple{}})
    @ Lux ~/.julia/packages/Lux/Cf0S4/src/layers/containers.jl:575
 [21] (::Encoder{Chain{@NamedTuple{layer_1::Chain{@NamedTuple{layer_1::Conv{typeof(identity), Int64, Int64, Tuple{Int64, Int64}, Tuple{Int64, Int64}, NTuple{4, Int64}, Tuple{Int64, Int64}, Int64, Nothing, Nothing, Static.True, Static.True}, layer_2::WrappedFunction{typeof(relu)}, layer_3::MaxPool{Lux.PoolingLayer{Lux.GenericPoolMode{Tuple{Int64, Int64}, Tuple{Int64, Int64}, NTuple{4, Int64}, Tuple{Int64, Int64}}, Lux.MaxPoolOp}}}, Nothing}, layer_2::Chain{@NamedTuple{layer_1::Conv{typeof(identity), Int64, Int64, Tuple{Int64, Int64}, Tuple{Int64, Int64}, NTuple{4, Int64}, Tuple{Int64, Int64}, Int64, Nothing, Nothing, Static.True, Static.True}, layer_2::BatchNorm{typeof(identity), Float32, Float32, Int64, typeof(zeros32), typeof(ones32), Static.True, Static.True, Static.False}, layer_3::WrappedFunction{typeof(relu)}, layer_4::MaxPool{Lux.PoolingLayer{Lux.GenericPoolMode{Tuple{Int64, Int64}, Tuple{Int64, Int64}, NTuple{4, Int64}, Tuple{Int64, Int64}}, Lux.MaxPoolOp}}}, Nothing}, layer_3::Chain{@NamedTuple{layer_1::Conv{typeof(identity), Int64, Int64, Tuple{Int64, Int64}, Tuple{Int64, Int64}, NTuple{4, Int64}, Tuple{Int64, Int64}, Int64, Nothing, Nothing, Static.True, Static.True}, layer_2::BatchNorm{typeof(identity), Float32, Float32, Int64, typeof(zeros32), typeof(ones32), Static.True, Static.True, Static.False}, layer_3::WrappedFunction{typeof(relu)}, layer_4::MaxPool{Lux.PoolingLayer{Lux.GenericPoolMode{Tuple{Int64, Int64}, Tuple{Int64, Int64}, NTuple{4, Int64}, Tuple{Int64, Int64}}, Lux.MaxPoolOp}}}, Nothing}, layer_4::Chain{@NamedTuple{layer_1::Conv{typeof(identity), Int64, Int64, Tuple{Int64, Int64}, Tuple{Int64, Int64}, NTuple{4, Int64}, Tuple{Int64, Int64}, Int64, Nothing, Nothing, Static.True, Static.True}, layer_2::BatchNorm{typeof(identity), Float32, Float32, Int64, typeof(zeros32), typeof(ones32), Static.True, Static.True, Static.False}, layer_3::WrappedFunction{typeof(relu)}, layer_4::MaxPool{Lux.PoolingLayer{Lux.GenericPoolMode{Tuple{Int64, Int64}, Tuple{Int64, Int64}, NTuple{4, Int64}, Tuple{Int64, Int64}}, Lux.MaxPoolOp}}}, Nothing}, layer_5::Chain{@NamedTuple{layer_1::Conv{typeof(identity), Int64, Int64, Tuple{Int64, Int64}, Tuple{Int64, Int64}, NTuple{4, Int64}, Tuple{Int64, Int64}, Int64, Nothing, Nothing, Static.True, Static.True}, layer_2::BatchNorm{typeof(identity), Float32, Float32, Int64, typeof(zeros32), typeof(ones32), Static.True, Static.True, Static.False}, layer_3::WrappedFunction{typeof(relu)}, layer_4::MaxPool{Lux.PoolingLayer{Lux.GenericPoolMode{Tuple{Int64, Int64}, Tuple{Int64, Int64}, NTuple{4, Int64}, Tuple{Int64, Int64}}, Lux.MaxPoolOp}}}, Nothing}, layer_6::Chain{@NamedTuple{layer_1::Conv{typeof(identity), Int64, Int64, Tuple{Int64, Int64}, Tuple{Int64, Int64}, NTuple{4, Int64}, Tuple{Int64, Int64}, Int64, Nothing, Nothing, Static.True, Static.True}, layer_2::WrappedFunction{typeof(relu)}, layer_3::MaxPool{Lux.PoolingLayer{Lux.GenericPoolMode{Tuple{Int64, Int64}, Tuple{Int64, Int64}, NTuple{4, Int64}, Tuple{Int64, Int64}}, Lux.MaxPoolOp}}}, Nothing}, layer_7::FlattenLayer{Nothing}, layer_8::Dense{typeof(identity), Int64, Int64, Nothing, Nothing, Static.True}, layer_9::WrappedFunction{typeof(relu)}, layer_10::Dense{typeof(identity), Int64, Int64, Nothing, Nothing, Static.True}}, Nothing}})(x::Array{Float32, 4}, ps::@NamedTuple{layer_1::@NamedTuple{layer_1::@NamedTuple{weight::CUDA.CuArray{Float32, 4, CUDA.DeviceMemory}, bias::CUDA.CuArray{Float32, 1, CUDA.DeviceMemory}}, layer_2::@NamedTuple{}, layer_3::@NamedTuple{}}, layer_2::@NamedTuple{layer_1::@NamedTuple{weight::CUDA.CuArray{Float32, 4, CUDA.DeviceMemory}, bias::CUDA.CuArray{Float32, 1, CUDA.DeviceMemory}}, layer_2::@NamedTuple{scale::CUDA.CuArray{Float32, 1, CUDA.DeviceMemory}, bias::CUDA.CuArray{Float32, 1, CUDA.DeviceMemory}}, layer_3::@NamedTuple{}, layer_4::@NamedTuple{}}, layer_3::@NamedTuple{layer_1::@NamedTuple{weight::CUDA.CuArray{Float32, 4, CUDA.DeviceMemory}, bias::CUDA.CuArray{Float32, 1, CUDA.DeviceMemory}}, layer_2::@NamedTuple{scale::CUDA.CuArray{Float32, 1, CUDA.DeviceMemory}, bias::CUDA.CuArray{Float32, 1, CUDA.DeviceMemory}}, layer_3::@NamedTuple{}, layer_4::@NamedTuple{}}, layer_4::@NamedTuple{layer_1::@NamedTuple{weight::CUDA.CuArray{Float32, 4, CUDA.DeviceMemory}, bias::CUDA.CuArray{Float32, 1, CUDA.DeviceMemory}}, layer_2::@NamedTuple{scale::CUDA.CuArray{Float32, 1, CUDA.DeviceMemory}, bias::CUDA.CuArray{Float32, 1, CUDA.DeviceMemory}}, layer_3::@NamedTuple{}, layer_4::@NamedTuple{}}, layer_5::@NamedTuple{layer_1::@NamedTuple{weight::CUDA.CuArray{Float32, 4, CUDA.DeviceMemory}, bias::CUDA.CuArray{Float32, 1, CUDA.DeviceMemory}}, layer_2::@NamedTuple{scale::CUDA.CuArray{Float32, 1, CUDA.DeviceMemory}, bias::CUDA.CuArray{Float32, 1, CUDA.DeviceMemory}}, layer_3::@NamedTuple{}, layer_4::@NamedTuple{}}, layer_6::@NamedTuple{layer_1::@NamedTuple{weight::CUDA.CuArray{Float32, 4, CUDA.DeviceMemory}, bias::CUDA.CuArray{Float32, 1, CUDA.DeviceMemory}}, layer_2::@NamedTuple{}, layer_3::@NamedTuple{}}, layer_7::@NamedTuple{}, layer_8::@NamedTuple{weight::CUDA.CuArray{Float32, 2, CUDA.DeviceMemory}, bias::CUDA.CuArray{Float32, 1, CUDA.DeviceMemory}}, layer_9::@NamedTuple{}, layer_10::@NamedTuple{weight::CUDA.CuArray{Float32, 2, CUDA.DeviceMemory}, bias::CUDA.CuArray{Float32, 1, CUDA.DeviceMemory}}}, st::@NamedTuple{layer_1::@NamedTuple{layer_1::@NamedTuple{}, layer_2::@NamedTuple{}, layer_3::@NamedTuple{}}, layer_2::@NamedTuple{layer_1::@NamedTuple{}, layer_2::@NamedTuple{running_mean::CUDA.CuArray{Float32, 1, CUDA.DeviceMemory}, running_var::CUDA.CuArray{Float32, 1, CUDA.DeviceMemory}, training::Val{true}}, layer_3::@NamedTuple{}, layer_4::@NamedTuple{}}, layer_3::@NamedTuple{layer_1::@NamedTuple{}, layer_2::@NamedTuple{running_mean::CUDA.CuArray{Float32, 1, CUDA.DeviceMemory}, running_var::CUDA.CuArray{Float32, 1, CUDA.DeviceMemory}, training::Val{true}}, layer_3::@NamedTuple{}, layer_4::@NamedTuple{}}, layer_4::@NamedTuple{layer_1::@NamedTuple{}, layer_2::@NamedTuple{running_mean::CUDA.CuArray{Float32, 1, CUDA.DeviceMemory}, running_var::CUDA.CuArray{Float32, 1, CUDA.DeviceMemory}, training::Val{true}}, layer_3::@NamedTuple{}, layer_4::@NamedTuple{}}, layer_5::@NamedTuple{layer_1::@NamedTuple{}, layer_2::@NamedTuple{running_mean::CUDA.CuArray{Float32, 1, CUDA.DeviceMemory}, running_var::CUDA.CuArray{Float32, 1, CUDA.DeviceMemory}, training::Val{true}}, layer_3::@NamedTuple{}, layer_4::@NamedTuple{}}, layer_6::@NamedTuple{layer_1::@NamedTuple{}, layer_2::@NamedTuple{}, layer_3::@NamedTuple{}}, layer_7::@NamedTuple{}, layer_8::@NamedTuple{}, layer_9::@NamedTuple{}, layer_10::@NamedTuple{}})
    @ Thesis ~/Thesis/project/src/AE/AE.jl:255
 [22] get_latent_vectors(ae::AE{Encoder{Chain{@NamedTuple{layer_1::Chain{@NamedTuple{layer_1::Conv{typeof(identity), Int64, Int64, Tuple{Int64, Int64}, Tuple{Int64, Int64}, NTuple{4, Int64}, Tuple{Int64, Int64}, Int64, Nothing, Nothing, Static.True, Static.True}, layer_2::WrappedFunction{typeof(relu)}, layer_3::MaxPool{Lux.PoolingLayer{Lux.GenericPoolMode{Tuple{Int64, Int64}, Tuple{Int64, Int64}, NTuple{4, Int64}, Tuple{Int64, Int64}}, Lux.MaxPoolOp}}}, Nothing}, layer_2::Chain{@NamedTuple{layer_1::Conv{typeof(identity), Int64, Int64, Tuple{Int64, Int64}, Tuple{Int64, Int64}, NTuple{4, Int64}, Tuple{Int64, Int64}, Int64, Nothing, Nothing, Static.True, Static.True}, layer_2::BatchNorm{typeof(identity), Float32, Float32, Int64, typeof(zeros32), typeof(ones32), Static.True, Static.True, Static.False}, layer_3::WrappedFunction{typeof(relu)}, layer_4::MaxPool{Lux.PoolingLayer{Lux.GenericPoolMode{Tuple{Int64, Int64}, Tuple{Int64, Int64}, NTuple{4, Int64}, Tuple{Int64, Int64}}, Lux.MaxPoolOp}}}, Nothing}, layer_3::Chain{@NamedTuple{layer_1::Conv{typeof(identity), Int64, Int64, Tuple{Int64, Int64}, Tuple{Int64, Int64}, NTuple{4, Int64}, Tuple{Int64, Int64}, Int64, Nothing, Nothing, Static.True, Static.True}, layer_2::BatchNorm{typeof(identity), Float32, Float32, Int64, typeof(zeros32), typeof(ones32), Static.True, Static.True, Static.False}, layer_3::WrappedFunction{typeof(relu)}, layer_4::MaxPool{Lux.PoolingLayer{Lux.GenericPoolMode{Tuple{Int64, Int64}, Tuple{Int64, Int64}, NTuple{4, Int64}, Tuple{Int64, Int64}}, Lux.MaxPoolOp}}}, Nothing}, layer_4::Chain{@NamedTuple{layer_1::Conv{typeof(identity), Int64, Int64, Tuple{Int64, Int64}, Tuple{Int64, Int64}, NTuple{4, Int64}, Tuple{Int64, Int64}, Int64, Nothing, Nothing, Static.True, Static.True}, layer_2::BatchNorm{typeof(identity), Float32, Float32, Int64, typeof(zeros32), typeof(ones32), Static.True, Static.True, Static.False}, layer_3::WrappedFunction{typeof(relu)}, layer_4::MaxPool{Lux.PoolingLayer{Lux.GenericPoolMode{Tuple{Int64, Int64}, Tuple{Int64, Int64}, NTuple{4, Int64}, Tuple{Int64, Int64}}, Lux.MaxPoolOp}}}, Nothing}, layer_5::Chain{@NamedTuple{layer_1::Conv{typeof(identity), Int64, Int64, Tuple{Int64, Int64}, Tuple{Int64, Int64}, NTuple{4, Int64}, Tuple{Int64, Int64}, Int64, Nothing, Nothing, Static.True, Static.True}, layer_2::BatchNorm{typeof(identity), Float32, Float32, Int64, typeof(zeros32), typeof(ones32), Static.True, Static.True, Static.False}, layer_3::WrappedFunction{typeof(relu)}, layer_4::MaxPool{Lux.PoolingLayer{Lux.GenericPoolMode{Tuple{Int64, Int64}, Tuple{Int64, Int64}, NTuple{4, Int64}, Tuple{Int64, Int64}}, Lux.MaxPoolOp}}}, Nothing}, layer_6::Chain{@NamedTuple{layer_1::Conv{typeof(identity), Int64, Int64, Tuple{Int64, Int64}, Tuple{Int64, Int64}, NTuple{4, Int64}, Tuple{Int64, Int64}, Int64, Nothing, Nothing, Static.True, Static.True}, layer_2::WrappedFunction{typeof(relu)}, layer_3::MaxPool{Lux.PoolingLayer{Lux.GenericPoolMode{Tuple{Int64, Int64}, Tuple{Int64, Int64}, NTuple{4, Int64}, Tuple{Int64, Int64}}, Lux.MaxPoolOp}}}, Nothing}, layer_7::FlattenLayer{Nothing}, layer_8::Dense{typeof(identity), Int64, Int64, Nothing, Nothing, Static.True}, layer_9::WrappedFunction{typeof(relu)}, layer_10::Dense{typeof(identity), Int64, Int64, Nothing, Nothing, Static.True}}, Nothing}}, Decoder{Chain{@NamedTuple{layer_1::Dense{typeof(identity), Int64, Int64, Nothing, Nothing, Static.True}, layer_2::WrappedFunction{typeof(relu)}, layer_3::Dense{typeof(identity), Int64, Int64, Nothing, Nothing, Static.True}, layer_4::WrappedFunction{Thesis.var"#87#91"{Int64, Int64, Int64}}, layer_5::Chain{@NamedTuple{layer_1::WrappedFunction{Thesis.var"#83#84"{Int64}}, layer_2::Conv{typeof(identity), Int64, Int64, Tuple{Int64, Int64}, Tuple{Int64, Int64}, NTuple{4, Int64}, Tuple{Int64, Int64}, Int64, Nothing, Nothing, Static.True, Static.False}, layer_3::WrappedFunction{typeof(NNlib.gelu_tanh)}}, Nothing}, layer_6::Chain{@NamedTuple{layer_1::WrappedFunction{Thesis.var"#83#84"{Int64}}, layer_2::Conv{typeof(identity), Int64, Int64, Tuple{Int64, Int64}, Tuple{Int64, Int64}, NTuple{4, Int64}, Tuple{Int64, Int64}, Int64, Nothing, Nothing, Static.True, Static.False}, layer_3::WrappedFunction{typeof(NNlib.gelu_tanh)}}, Nothing}, layer_7::Chain{@NamedTuple{layer_1::WrappedFunction{Thesis.var"#83#84"{Int64}}, layer_2::Conv{typeof(identity), Int64, Int64, Tuple{Int64, Int64}, Tuple{Int64, Int64}, NTuple{4, Int64}, Tuple{Int64, Int64}, Int64, Nothing, Nothing, Static.True, Static.False}, layer_3::WrappedFunction{typeof(NNlib.gelu_tanh)}}, Nothing}, layer_8::Chain{@NamedTuple{layer_1::WrappedFunction{Thesis.var"#83#84"{Int64}}, layer_2::Conv{typeof(identity), Int64, Int64, Tuple{Int64, Int64}, Tuple{Int64, Int64}, NTuple{4, Int64}, Tuple{Int64, Int64}, Int64, Nothing, Nothing, Static.True, Static.False}, layer_3::WrappedFunction{typeof(NNlib.gelu_tanh)}}, Nothing}, layer_9::Chain{@NamedTuple{layer_1::WrappedFunction{Thesis.var"#83#84"{Int64}}, layer_2::Conv{typeof(identity), Int64, Int64, Tuple{Int64, Int64}, Tuple{Int64, Int64}, NTuple{4, Int64}, Tuple{Int64, Int64}, Int64, Nothing, Nothing, Static.True, Static.False}, layer_3::WrappedFunction{typeof(NNlib.gelu_tanh)}}, Nothing}, layer_10::Chain{@NamedTuple{layer_1::WrappedFunction{Thesis.var"#83#84"{Int64}}, layer_2::Conv{typeof(identity), Int64, Int64, Tuple{Int64, Int64}, Tuple{Int64, Int64}, NTuple{4, Int64}, Tuple{Int64, Int64}, Int64, Nothing, Nothing, Static.True, Static.False}, layer_3::WrappedFunction{typeof(NNlib.gelu_tanh)}}, Nothing}, layer_11::Conv{typeof(identity), Int64, Int64, Tuple{Int64, Int64}, Tuple{Int64, Int64}, NTuple{4, Int64}, Tuple{Int64, Int64}, Int64, Nothing, Nothing, Static.True, Static.False}, layer_12::Conv{typeof(identity), Int64, Int64, Tuple{Int64, Int64}, Tuple{Int64, Int64}, NTuple{4, Int64}, Tuple{Int64, Int64}, Int64, Nothing, Nothing, Static.True, Static.False}}, Nothing}}}, ps::@NamedTuple{encoder::@NamedTuple{layer_1::@NamedTuple{layer_1::@NamedTuple{weight::CUDA.CuArray{Float32, 4, CUDA.DeviceMemory}, bias::CUDA.CuArray{Float32, 1, CUDA.DeviceMemory}}, layer_2::@NamedTuple{}, layer_3::@NamedTuple{}}, layer_2::@NamedTuple{layer_1::@NamedTuple{weight::CUDA.CuArray{Float32, 4, CUDA.DeviceMemory}, bias::CUDA.CuArray{Float32, 1, CUDA.DeviceMemory}}, layer_2::@NamedTuple{scale::CUDA.CuArray{Float32, 1, CUDA.DeviceMemory}, bias::CUDA.CuArray{Float32, 1, CUDA.DeviceMemory}}, layer_3::@NamedTuple{}, layer_4::@NamedTuple{}}, layer_3::@NamedTuple{layer_1::@NamedTuple{weight::CUDA.CuArray{Float32, 4, CUDA.DeviceMemory}, bias::CUDA.CuArray{Float32, 1, CUDA.DeviceMemory}}, layer_2::@NamedTuple{scale::CUDA.CuArray{Float32, 1, CUDA.DeviceMemory}, bias::CUDA.CuArray{Float32, 1, CUDA.DeviceMemory}}, layer_3::@NamedTuple{}, layer_4::@NamedTuple{}}, layer_4::@NamedTuple{layer_1::@NamedTuple{weight::CUDA.CuArray{Float32, 4, CUDA.DeviceMemory}, bias::CUDA.CuArray{Float32, 1, CUDA.DeviceMemory}}, layer_2::@NamedTuple{scale::CUDA.CuArray{Float32, 1, CUDA.DeviceMemory}, bias::CUDA.CuArray{Float32, 1, CUDA.DeviceMemory}}, layer_3::@NamedTuple{}, layer_4::@NamedTuple{}}, layer_5::@NamedTuple{layer_1::@NamedTuple{weight::CUDA.CuArray{Float32, 4, CUDA.DeviceMemory}, bias::CUDA.CuArray{Float32, 1, CUDA.DeviceMemory}}, layer_2::@NamedTuple{scale::CUDA.CuArray{Float32, 1, CUDA.DeviceMemory}, bias::CUDA.CuArray{Float32, 1, CUDA.DeviceMemory}}, layer_3::@NamedTuple{}, layer_4::@NamedTuple{}}, layer_6::@NamedTuple{layer_1::@NamedTuple{weight::CUDA.CuArray{Float32, 4, CUDA.DeviceMemory}, bias::CUDA.CuArray{Float32, 1, CUDA.DeviceMemory}}, layer_2::@NamedTuple{}, layer_3::@NamedTuple{}}, layer_7::@NamedTuple{}, layer_8::@NamedTuple{weight::CUDA.CuArray{Float32, 2, CUDA.DeviceMemory}, bias::CUDA.CuArray{Float32, 1, CUDA.DeviceMemory}}, layer_9::@NamedTuple{}, layer_10::@NamedTuple{weight::CUDA.CuArray{Float32, 2, CUDA.DeviceMemory}, bias::CUDA.CuArray{Float32, 1, CUDA.DeviceMemory}}}, decoder::@NamedTuple{layer_1::@NamedTuple{weight::CUDA.CuArray{Float32, 2, CUDA.DeviceMemory}, bias::CUDA.CuArray{Float32, 1, CUDA.DeviceMemory}}, layer_2::@NamedTuple{}, layer_3::@NamedTuple{weight::CUDA.CuArray{Float32, 2, CUDA.DeviceMemory}, bias::CUDA.CuArray{Float32, 1, CUDA.DeviceMemory}}, layer_4::@NamedTuple{}, layer_5::@NamedTuple{layer_1::@NamedTuple{}, layer_2::@NamedTuple{weight::CUDA.CuArray{Float32, 4, CUDA.DeviceMemory}, bias::CUDA.CuArray{Float32, 1, CUDA.DeviceMemory}}, layer_3::@NamedTuple{}}, layer_6::@NamedTuple{layer_1::@NamedTuple{}, layer_2::@NamedTuple{weight::CUDA.CuArray{Float32, 4, CUDA.DeviceMemory}, bias::CUDA.CuArray{Float32, 1, CUDA.DeviceMemory}}, layer_3::@NamedTuple{}}, layer_7::@NamedTuple{layer_1::@NamedTuple{}, layer_2::@NamedTuple{weight::CUDA.CuArray{Float32, 4, CUDA.DeviceMemory}, bias::CUDA.CuArray{Float32, 1, CUDA.DeviceMemory}}, layer_3::@NamedTuple{}}, layer_8::@NamedTuple{layer_1::@NamedTuple{}, layer_2::@NamedTuple{weight::CUDA.CuArray{Float32, 4, CUDA.DeviceMemory}, bias::CUDA.CuArray{Float32, 1, CUDA.DeviceMemory}}, layer_3::@NamedTuple{}}, layer_9::@NamedTuple{layer_1::@NamedTuple{}, layer_2::@NamedTuple{weight::CUDA.CuArray{Float32, 4, CUDA.DeviceMemory}, bias::CUDA.CuArray{Float32, 1, CUDA.DeviceMemory}}, layer_3::@NamedTuple{}}, layer_10::@NamedTuple{layer_1::@NamedTuple{}, layer_2::@NamedTuple{weight::CUDA.CuArray{Float32, 4, CUDA.DeviceMemory}, bias::CUDA.CuArray{Float32, 1, CUDA.DeviceMemory}}, layer_3::@NamedTuple{}}, layer_11::@NamedTuple{weight::CUDA.CuArray{Float32, 4, CUDA.DeviceMemory}, bias::CUDA.CuArray{Float32, 1, CUDA.DeviceMemory}}, layer_12::@NamedTuple{weight::CUDA.CuArray{Float32, 4, CUDA.DeviceMemory}, bias::CUDA.CuArray{Float32, 1, CUDA.DeviceMemory}}}}, st::@NamedTuple{encoder::@NamedTuple{layer_1::@NamedTuple{layer_1::@NamedTuple{}, layer_2::@NamedTuple{}, layer_3::@NamedTuple{}}, layer_2::@NamedTuple{layer_1::@NamedTuple{}, layer_2::@NamedTuple{running_mean::CUDA.CuArray{Float32, 1, CUDA.DeviceMemory}, running_var::CUDA.CuArray{Float32, 1, CUDA.DeviceMemory}, training::Val{true}}, layer_3::@NamedTuple{}, layer_4::@NamedTuple{}}, layer_3::@NamedTuple{layer_1::@NamedTuple{}, layer_2::@NamedTuple{running_mean::CUDA.CuArray{Float32, 1, CUDA.DeviceMemory}, running_var::CUDA.CuArray{Float32, 1, CUDA.DeviceMemory}, training::Val{true}}, layer_3::@NamedTuple{}, layer_4::@NamedTuple{}}, layer_4::@NamedTuple{layer_1::@NamedTuple{}, layer_2::@NamedTuple{running_mean::CUDA.CuArray{Float32, 1, CUDA.DeviceMemory}, running_var::CUDA.CuArray{Float32, 1, CUDA.DeviceMemory}, training::Val{true}}, layer_3::@NamedTuple{}, layer_4::@NamedTuple{}}, layer_5::@NamedTuple{layer_1::@NamedTuple{}, layer_2::@NamedTuple{running_mean::CUDA.CuArray{Float32, 1, CUDA.DeviceMemory}, running_var::CUDA.CuArray{Float32, 1, CUDA.DeviceMemory}, training::Val{true}}, layer_3::@NamedTuple{}, layer_4::@NamedTuple{}}, layer_6::@NamedTuple{layer_1::@NamedTuple{}, layer_2::@NamedTuple{}, layer_3::@NamedTuple{}}, layer_7::@NamedTuple{}, layer_8::@NamedTuple{}, layer_9::@NamedTuple{}, layer_10::@NamedTuple{}}, decoder::@NamedTuple{layer_1::@NamedTuple{}, layer_2::@NamedTuple{}, layer_3::@NamedTuple{}, layer_4::@NamedTuple{}, layer_5::@NamedTuple{layer_1::@NamedTuple{}, layer_2::@NamedTuple{}, layer_3::@NamedTuple{}}, layer_6::@NamedTuple{layer_1::@NamedTuple{}, layer_2::@NamedTuple{}, layer_3::@NamedTuple{}}, layer_7::@NamedTuple{layer_1::@NamedTuple{}, layer_2::@NamedTuple{}, layer_3::@NamedTuple{}}, layer_8::@NamedTuple{layer_1::@NamedTuple{}, layer_2::@NamedTuple{}, layer_3::@NamedTuple{}}, layer_9::@NamedTuple{layer_1::@NamedTuple{}, layer_2::@NamedTuple{}, layer_3::@NamedTuple{}}, layer_10::@NamedTuple{layer_1::@NamedTuple{}, layer_2::@NamedTuple{}, layer_3::@NamedTuple{}}, layer_11::@NamedTuple{}, layer_12::@NamedTuple{}}}, normalizer::Normalizer, ae_args::LuxArgs; device::CPUDevice{Missing})
    @ Thesis ~/Thesis/project/src/NODE/NODE_core.jl:257
 [23] train_NODE(args::NodeArgs; ae::AE{Encoder{Chain{@NamedTuple{layer_1::Chain{@NamedTuple{layer_1::Conv{typeof(identity), Int64, Int64, Tuple{Int64, Int64}, Tuple{Int64, Int64}, NTuple{4, Int64}, Tuple{Int64, Int64}, Int64, Nothing, Nothing, Static.True, Static.True}, layer_2::WrappedFunction{typeof(relu)}, layer_3::MaxPool{Lux.PoolingLayer{Lux.GenericPoolMode{Tuple{Int64, Int64}, Tuple{Int64, Int64}, NTuple{4, Int64}, Tuple{Int64, Int64}}, Lux.MaxPoolOp}}}, Nothing}, layer_2::Chain{@NamedTuple{layer_1::Conv{typeof(identity), Int64, Int64, Tuple{Int64, Int64}, Tuple{Int64, Int64}, NTuple{4, Int64}, Tuple{Int64, Int64}, Int64, Nothing, Nothing, Static.True, Static.True}, layer_2::BatchNorm{typeof(identity), Float32, Float32, Int64, typeof(zeros32), typeof(ones32), Static.True, Static.True, Static.False}, layer_3::WrappedFunction{typeof(relu)}, layer_4::MaxPool{Lux.PoolingLayer{Lux.GenericPoolMode{Tuple{Int64, Int64}, Tuple{Int64, Int64}, NTuple{4, Int64}, Tuple{Int64, Int64}}, Lux.MaxPoolOp}}}, Nothing}, layer_3::Chain{@NamedTuple{layer_1::Conv{typeof(identity), Int64, Int64, Tuple{Int64, Int64}, Tuple{Int64, Int64}, NTuple{4, Int64}, Tuple{Int64, Int64}, Int64, Nothing, Nothing, Static.True, Static.True}, layer_2::BatchNorm{typeof(identity), Float32, Float32, Int64, typeof(zeros32), typeof(ones32), Static.True, Static.True, Static.False}, layer_3::WrappedFunction{typeof(relu)}, layer_4::MaxPool{Lux.PoolingLayer{Lux.GenericPoolMode{Tuple{Int64, Int64}, Tuple{Int64, Int64}, NTuple{4, Int64}, Tuple{Int64, Int64}}, Lux.MaxPoolOp}}}, Nothing}, layer_4::Chain{@NamedTuple{layer_1::Conv{typeof(identity), Int64, Int64, Tuple{Int64, Int64}, Tuple{Int64, Int64}, NTuple{4, Int64}, Tuple{Int64, Int64}, Int64, Nothing, Nothing, Static.True, Static.True}, layer_2::BatchNorm{typeof(identity), Float32, Float32, Int64, typeof(zeros32), typeof(ones32), Static.True, Static.True, Static.False}, layer_3::WrappedFunction{typeof(relu)}, layer_4::MaxPool{Lux.PoolingLayer{Lux.GenericPoolMode{Tuple{Int64, Int64}, Tuple{Int64, Int64}, NTuple{4, Int64}, Tuple{Int64, Int64}}, Lux.MaxPoolOp}}}, Nothing}, layer_5::Chain{@NamedTuple{layer_1::Conv{typeof(identity), Int64, Int64, Tuple{Int64, Int64}, Tuple{Int64, Int64}, NTuple{4, Int64}, Tuple{Int64, Int64}, Int64, Nothing, Nothing, Static.True, Static.True}, layer_2::BatchNorm{typeof(identity), Float32, Float32, Int64, typeof(zeros32), typeof(ones32), Static.True, Static.True, Static.False}, layer_3::WrappedFunction{typeof(relu)}, layer_4::MaxPool{Lux.PoolingLayer{Lux.GenericPoolMode{Tuple{Int64, Int64}, Tuple{Int64, Int64}, NTuple{4, Int64}, Tuple{Int64, Int64}}, Lux.MaxPoolOp}}}, Nothing}, layer_6::Chain{@NamedTuple{layer_1::Conv{typeof(identity), Int64, Int64, Tuple{Int64, Int64}, Tuple{Int64, Int64}, NTuple{4, Int64}, Tuple{Int64, Int64}, Int64, Nothing, Nothing, Static.True, Static.True}, layer_2::WrappedFunction{typeof(relu)}, layer_3::MaxPool{Lux.PoolingLayer{Lux.GenericPoolMode{Tuple{Int64, Int64}, Tuple{Int64, Int64}, NTuple{4, Int64}, Tuple{Int64, Int64}}, Lux.MaxPoolOp}}}, Nothing}, layer_7::FlattenLayer{Nothing}, layer_8::Dense{typeof(identity), Int64, Int64, Nothing, Nothing, Static.True}, layer_9::WrappedFunction{typeof(relu)}, layer_10::Dense{typeof(identity), Int64, Int64, Nothing, Nothing, Static.True}}, Nothing}}, Decoder{Chain{@NamedTuple{layer_1::Dense{typeof(identity), Int64, Int64, Nothing, Nothing, Static.True}, layer_2::WrappedFunction{typeof(relu)}, layer_3::Dense{typeof(identity), Int64, Int64, Nothing, Nothing, Static.True}, layer_4::WrappedFunction{Thesis.var"#87#91"{Int64, Int64, Int64}}, layer_5::Chain{@NamedTuple{layer_1::WrappedFunction{Thesis.var"#83#84"{Int64}}, layer_2::Conv{typeof(identity), Int64, Int64, Tuple{Int64, Int64}, Tuple{Int64, Int64}, NTuple{4, Int64}, Tuple{Int64, Int64}, Int64, Nothing, Nothing, Static.True, Static.False}, layer_3::WrappedFunction{typeof(NNlib.gelu_tanh)}}, Nothing}, layer_6::Chain{@NamedTuple{layer_1::WrappedFunction{Thesis.var"#83#84"{Int64}}, layer_2::Conv{typeof(identity), Int64, Int64, Tuple{Int64, Int64}, Tuple{Int64, Int64}, NTuple{4, Int64}, Tuple{Int64, Int64}, Int64, Nothing, Nothing, Static.True, Static.False}, layer_3::WrappedFunction{typeof(NNlib.gelu_tanh)}}, Nothing}, layer_7::Chain{@NamedTuple{layer_1::WrappedFunction{Thesis.var"#83#84"{Int64}}, layer_2::Conv{typeof(identity), Int64, Int64, Tuple{Int64, Int64}, Tuple{Int64, Int64}, NTuple{4, Int64}, Tuple{Int64, Int64}, Int64, Nothing, Nothing, Static.True, Static.False}, layer_3::WrappedFunction{typeof(NNlib.gelu_tanh)}}, Nothing}, layer_8::Chain{@NamedTuple{layer_1::WrappedFunction{Thesis.var"#83#84"{Int64}}, layer_2::Conv{typeof(identity), Int64, Int64, Tuple{Int64, Int64}, Tuple{Int64, Int64}, NTuple{4, Int64}, Tuple{Int64, Int64}, Int64, Nothing, Nothing, Static.True, Static.False}, layer_3::WrappedFunction{typeof(NNlib.gelu_tanh)}}, Nothing}, layer_9::Chain{@NamedTuple{layer_1::WrappedFunction{Thesis.var"#83#84"{Int64}}, layer_2::Conv{typeof(identity), Int64, Int64, Tuple{Int64, Int64}, Tuple{Int64, Int64}, NTuple{4, Int64}, Tuple{Int64, Int64}, Int64, Nothing, Nothing, Static.True, Static.False}, layer_3::WrappedFunction{typeof(NNlib.gelu_tanh)}}, Nothing}, layer_10::Chain{@NamedTuple{layer_1::WrappedFunction{Thesis.var"#83#84"{Int64}}, layer_2::Conv{typeof(identity), Int64, Int64, Tuple{Int64, Int64}, Tuple{Int64, Int64}, NTuple{4, Int64}, Tuple{Int64, Int64}, Int64, Nothing, Nothing, Static.True, Static.False}, layer_3::WrappedFunction{typeof(NNlib.gelu_tanh)}}, Nothing}, layer_11::Conv{typeof(identity), Int64, Int64, Tuple{Int64, Int64}, Tuple{Int64, Int64}, NTuple{4, Int64}, Tuple{Int64, Int64}, Int64, Nothing, Nothing, Static.True, Static.False}, layer_12::Conv{typeof(identity), Int64, Int64, Tuple{Int64, Int64}, Tuple{Int64, Int64}, NTuple{4, Int64}, Tuple{Int64, Int64}, Int64, Nothing, Nothing, Static.True, Static.False}}, Nothing}}}, ae_ps::@NamedTuple{encoder::@NamedTuple{layer_1::@NamedTuple{layer_1::@NamedTuple{weight::CUDA.CuArray{Float32, 4, CUDA.DeviceMemory}, bias::CUDA.CuArray{Float32, 1, CUDA.DeviceMemory}}, layer_2::@NamedTuple{}, layer_3::@NamedTuple{}}, layer_2::@NamedTuple{layer_1::@NamedTuple{weight::CUDA.CuArray{Float32, 4, CUDA.DeviceMemory}, bias::CUDA.CuArray{Float32, 1, CUDA.DeviceMemory}}, layer_2::@NamedTuple{scale::CUDA.CuArray{Float32, 1, CUDA.DeviceMemory}, bias::CUDA.CuArray{Float32, 1, CUDA.DeviceMemory}}, layer_3::@NamedTuple{}, layer_4::@NamedTuple{}}, layer_3::@NamedTuple{layer_1::@NamedTuple{weight::CUDA.CuArray{Float32, 4, CUDA.DeviceMemory}, bias::CUDA.CuArray{Float32, 1, CUDA.DeviceMemory}}, layer_2::@NamedTuple{scale::CUDA.CuArray{Float32, 1, CUDA.DeviceMemory}, bias::CUDA.CuArray{Float32, 1, CUDA.DeviceMemory}}, layer_3::@NamedTuple{}, layer_4::@NamedTuple{}}, layer_4::@NamedTuple{layer_1::@NamedTuple{weight::CUDA.CuArray{Float32, 4, CUDA.DeviceMemory}, bias::CUDA.CuArray{Float32, 1, CUDA.DeviceMemory}}, layer_2::@NamedTuple{scale::CUDA.CuArray{Float32, 1, CUDA.DeviceMemory}, bias::CUDA.CuArray{Float32, 1, CUDA.DeviceMemory}}, layer_3::@NamedTuple{}, layer_4::@NamedTuple{}}, layer_5::@NamedTuple{layer_1::@NamedTuple{weight::CUDA.CuArray{Float32, 4, CUDA.DeviceMemory}, bias::CUDA.CuArray{Float32, 1, CUDA.DeviceMemory}}, layer_2::@NamedTuple{scale::CUDA.CuArray{Float32, 1, CUDA.DeviceMemory}, bias::CUDA.CuArray{Float32, 1, CUDA.DeviceMemory}}, layer_3::@NamedTuple{}, layer_4::@NamedTuple{}}, layer_6::@NamedTuple{layer_1::@NamedTuple{weight::CUDA.CuArray{Float32, 4, CUDA.DeviceMemory}, bias::CUDA.CuArray{Float32, 1, CUDA.DeviceMemory}}, layer_2::@NamedTuple{}, layer_3::@NamedTuple{}}, layer_7::@NamedTuple{}, layer_8::@NamedTuple{weight::CUDA.CuArray{Float32, 2, CUDA.DeviceMemory}, bias::CUDA.CuArray{Float32, 1, CUDA.DeviceMemory}}, layer_9::@NamedTuple{}, layer_10::@NamedTuple{weight::CUDA.CuArray{Float32, 2, CUDA.DeviceMemory}, bias::CUDA.CuArray{Float32, 1, CUDA.DeviceMemory}}}, decoder::@NamedTuple{layer_1::@NamedTuple{weight::CUDA.CuArray{Float32, 2, CUDA.DeviceMemory}, bias::CUDA.CuArray{Float32, 1, CUDA.DeviceMemory}}, layer_2::@NamedTuple{}, layer_3::@NamedTuple{weight::CUDA.CuArray{Float32, 2, CUDA.DeviceMemory}, bias::CUDA.CuArray{Float32, 1, CUDA.DeviceMemory}}, layer_4::@NamedTuple{}, layer_5::@NamedTuple{layer_1::@NamedTuple{}, layer_2::@NamedTuple{weight::CUDA.CuArray{Float32, 4, CUDA.DeviceMemory}, bias::CUDA.CuArray{Float32, 1, CUDA.DeviceMemory}}, layer_3::@NamedTuple{}}, layer_6::@NamedTuple{layer_1::@NamedTuple{}, layer_2::@NamedTuple{weight::CUDA.CuArray{Float32, 4, CUDA.DeviceMemory}, bias::CUDA.CuArray{Float32, 1, CUDA.DeviceMemory}}, layer_3::@NamedTuple{}}, layer_7::@NamedTuple{layer_1::@NamedTuple{}, layer_2::@NamedTuple{weight::CUDA.CuArray{Float32, 4, CUDA.DeviceMemory}, bias::CUDA.CuArray{Float32, 1, CUDA.DeviceMemory}}, layer_3::@NamedTuple{}}, layer_8::@NamedTuple{layer_1::@NamedTuple{}, layer_2::@NamedTuple{weight::CUDA.CuArray{Float32, 4, CUDA.DeviceMemory}, bias::CUDA.CuArray{Float32, 1, CUDA.DeviceMemory}}, layer_3::@NamedTuple{}}, layer_9::@NamedTuple{layer_1::@NamedTuple{}, layer_2::@NamedTuple{weight::CUDA.CuArray{Float32, 4, CUDA.DeviceMemory}, bias::CUDA.CuArray{Float32, 1, CUDA.DeviceMemory}}, layer_3::@NamedTuple{}}, layer_10::@NamedTuple{layer_1::@NamedTuple{}, layer_2::@NamedTuple{weight::CUDA.CuArray{Float32, 4, CUDA.DeviceMemory}, bias::CUDA.CuArray{Float32, 1, CUDA.DeviceMemory}}, layer_3::@NamedTuple{}}, layer_11::@NamedTuple{weight::CUDA.CuArray{Float32, 4, CUDA.DeviceMemory}, bias::CUDA.CuArray{Float32, 1, CUDA.DeviceMemory}}, layer_12::@NamedTuple{weight::CUDA.CuArray{Float32, 4, CUDA.DeviceMemory}, bias::CUDA.CuArray{Float32, 1, CUDA.DeviceMemory}}}}, ae_st::@NamedTuple{encoder::@NamedTuple{layer_1::@NamedTuple{layer_1::@NamedTuple{}, layer_2::@NamedTuple{}, layer_3::@NamedTuple{}}, layer_2::@NamedTuple{layer_1::@NamedTuple{}, layer_2::@NamedTuple{running_mean::CUDA.CuArray{Float32, 1, CUDA.DeviceMemory}, running_var::CUDA.CuArray{Float32, 1, CUDA.DeviceMemory}, training::Val{true}}, layer_3::@NamedTuple{}, layer_4::@NamedTuple{}}, layer_3::@NamedTuple{layer_1::@NamedTuple{}, layer_2::@NamedTuple{running_mean::CUDA.CuArray{Float32, 1, CUDA.DeviceMemory}, running_var::CUDA.CuArray{Float32, 1, CUDA.DeviceMemory}, training::Val{true}}, layer_3::@NamedTuple{}, layer_4::@NamedTuple{}}, layer_4::@NamedTuple{layer_1::@NamedTuple{}, layer_2::@NamedTuple{running_mean::CUDA.CuArray{Float32, 1, CUDA.DeviceMemory}, running_var::CUDA.CuArray{Float32, 1, CUDA.DeviceMemory}, training::Val{true}}, layer_3::@NamedTuple{}, layer_4::@NamedTuple{}}, layer_5::@NamedTuple{layer_1::@NamedTuple{}, layer_2::@NamedTuple{running_mean::CUDA.CuArray{Float32, 1, CUDA.DeviceMemory}, running_var::CUDA.CuArray{Float32, 1, CUDA.DeviceMemory}, training::Val{true}}, layer_3::@NamedTuple{}, layer_4::@NamedTuple{}}, layer_6::@NamedTuple{layer_1::@NamedTuple{}, layer_2::@NamedTuple{}, layer_3::@NamedTuple{}}, layer_7::@NamedTuple{}, layer_8::@NamedTuple{}, layer_9::@NamedTuple{}, layer_10::@NamedTuple{}}, decoder::@NamedTuple{layer_1::@NamedTuple{}, layer_2::@NamedTuple{}, layer_3::@NamedTuple{}, layer_4::@NamedTuple{}, layer_5::@NamedTuple{layer_1::@NamedTuple{}, layer_2::@NamedTuple{}, layer_3::@NamedTuple{}}, layer_6::@NamedTuple{layer_1::@NamedTuple{}, layer_2::@NamedTuple{}, layer_3::@NamedTuple{}}, layer_7::@NamedTuple{layer_1::@NamedTuple{}, layer_2::@NamedTuple{}, layer_3::@NamedTuple{}}, layer_8::@NamedTuple{layer_1::@NamedTuple{}, layer_2::@NamedTuple{}, layer_3::@NamedTuple{}}, layer_9::@NamedTuple{layer_1::@NamedTuple{}, layer_2::@NamedTuple{}, layer_3::@NamedTuple{}}, layer_10::@NamedTuple{layer_1::@NamedTuple{}, layer_2::@NamedTuple{}, layer_3::@NamedTuple{}}, layer_11::@NamedTuple{}, layer_12::@NamedTuple{}}}, normalizer::Normalizer, ae_args::LuxArgs, kws::@Kwargs{})
    @ Thesis ~/Thesis/project/src/NODE/NODE_train.jl:17
 [24] main()
    @ Main ~/Thesis/project/scripts/AE+NODE/hpc_AENODE_train.jl:57
 [25] top-level scope
    @ ~/Thesis/project/scripts/AE+NODE/hpc_AENODE_train.jl:75
in expression starting at /home/mfbclaeys/Thesis/project/scripts/AE+NODE/hpc_AENODE_train.jl:75
srun: error: gpu012: task 0: Exited with exit code 1
srun: launch/slurm: _step_signal: Terminating StepId=9563640.0
