Running on host gpu011
Using 8 Julia threads
Starting at Thu Apr  9 15:14:51 CEST 2026
Loading Modules
Finished Loading Modules
Running hpc_AENODE_retrain.jl
Epoch 1/200 | time=141.054s | train_loss=0.817 | train_corr=(0.366, 0.024) | val_loss=0.8223 | val_corr=(0.368, 0.014) | test_loss=0.8211 | test_corr=(0.369, 0.018)
Epoch 2/200 | time=0.698s | train_loss=0.6191 | train_corr=(0.295, -0.007) | val_loss=0.6133 | val_corr=(0.407, -0.002) | test_loss=0.6113 | test_corr=(0.411, 0.009)
Epoch 3/200 | time=0.685s | train_loss=0.4097 | train_corr=(0.454, 0.003) | val_loss=0.4118 | val_corr=(0.471, 0.008) | test_loss=0.4106 | test_corr=(0.482, 0.02)
Epoch 4/200 | time=0.682s | train_loss=0.3812 | train_corr=(0.538, -0.007) | val_loss=0.3802 | val_corr=(0.534, -0.012) | test_loss=0.3815 | test_corr=(0.531, -0.001)
Epoch 5/200 | time=0.681s | train_loss=0.3675 | train_corr=(0.539, 0.032) | val_loss=0.3721 | val_corr=(0.545, 0.034) | test_loss=0.3712 | test_corr=(0.545, 0.027)
Epoch 6/200 | time=0.672s | train_loss=0.3741 | train_corr=(0.544, 0.034) | val_loss=0.3663 | val_corr=(0.554, 0.031) | test_loss=0.3665 | test_corr=(0.552, 0.02)
Epoch 7/200 | time=0.686s | train_loss=0.3588 | train_corr=(0.573, 0.036) | val_loss=0.3626 | val_corr=(0.556, 0.036) | test_loss=0.3632 | test_corr=(0.553, 0.025)
Epoch 8/200 | time=0.674s | train_loss=0.363 | train_corr=(0.557, 0.002) | val_loss=0.3604 | val_corr=(0.556, 0.045) | test_loss=0.3603 | test_corr=(0.555, 0.036)
Epoch 9/200 | time=0.673s | train_loss=0.35 | train_corr=(0.572, 0.069) | val_loss=0.3598 | val_corr=(0.559, 0.06) | test_loss=0.3607 | test_corr=(0.556, 0.055)
Epoch 10/200 | time=0.675s | train_loss=0.3616 | train_corr=(0.554, 0.044) | val_loss=0.3556 | val_corr=(0.563, 0.069) | test_loss=0.3564 | test_corr=(0.561, 0.067)
Epoch 11/200 | time=0.668s | train_loss=0.3529 | train_corr=(0.561, 0.111) | val_loss=0.3537 | val_corr=(0.564, 0.092) | test_loss=0.3548 | test_corr=(0.56, 0.088)
Epoch 12/200 | time=0.681s | train_loss=0.3487 | train_corr=(0.57, 0.108) | val_loss=0.3519 | val_corr=(0.57, 0.1) | test_loss=0.353 | test_corr=(0.567, 0.099)
Epoch 13/200 | time=0.66s | train_loss=0.3437 | train_corr=(0.588, 0.103) | val_loss=0.3512 | val_corr=(0.571, 0.107) | test_loss=0.353 | test_corr=(0.566, 0.105)
Epoch 14/200 | time=0.664s | train_loss=0.3427 | train_corr=(0.59, 0.126) | val_loss=0.3556 | val_corr=(0.566, 0.117) | test_loss=0.3571 | test_corr=(0.56, 0.115)
Epoch 15/200 | time=0.641s | train_loss=0.3549 | train_corr=(0.563, 0.136) | val_loss=0.3504 | val_corr=(0.567, 0.139) | test_loss=0.3505 | test_corr=(0.563, 0.136)
Epoch 16/200 | time=0.677s | train_loss=0.3439 | train_corr=(0.578, 0.149) | val_loss=0.3474 | val_corr=(0.571, 0.14) | test_loss=0.3494 | test_corr=(0.567, 0.14)
Epoch 17/200 | time=0.629s | train_loss=0.3424 | train_corr=(0.579, 0.141) | val_loss=0.3436 | val_corr=(0.578, 0.15) | test_loss=0.3454 | test_corr=(0.57, 0.15)
Epoch 18/200 | time=0.676s | train_loss=0.341 | train_corr=(0.581, 0.16) | val_loss=0.3468 | val_corr=(0.581, 0.154) | test_loss=0.3501 | test_corr=(0.575, 0.154)
Epoch 19/200 | time=0.649s | train_loss=0.3379 | train_corr=(0.586, 0.163) | val_loss=0.3379 | val_corr=(0.585, 0.171) | test_loss=0.3405 | test_corr=(0.578, 0.17)
Epoch 20/200 | time=0.657s | train_loss=0.3395 | train_corr=(0.586, 0.192) | val_loss=0.3409 | val_corr=(0.586, 0.187) | test_loss=0.3411 | test_corr=(0.578, 0.185)
Epoch 21/200 | time=0.659s | train_loss=0.3337 | train_corr=(0.593, 0.198) | val_loss=0.3293 | val_corr=(0.602, 0.214) | test_loss=0.3309 | test_corr=(0.594, 0.207)
Epoch 22/200 | time=0.66s | train_loss=0.3191 | train_corr=(0.622, 0.261) | val_loss=0.324 | val_corr=(0.61, 0.267) | test_loss=0.3271 | test_corr=(0.602, 0.252)
Epoch 23/200 | time=0.635s | train_loss=0.3164 | train_corr=(0.625, 0.326) | val_loss=0.3186 | val_corr=(0.62, 0.332) | test_loss=0.3204 | test_corr=(0.612, 0.317)
Epoch 24/200 | time=0.641s | train_loss=0.3152 | train_corr=(0.636, 0.394) | val_loss=0.3121 | val_corr=(0.627, 0.429) | test_loss=0.314 | test_corr=(0.621, 0.415)
Epoch 25/200 | time=0.621s | train_loss=0.3034 | train_corr=(0.634, 0.422) | val_loss=0.3164 | val_corr=(0.626, 0.469) | test_loss=0.3169 | test_corr=(0.617, 0.443)
Epoch 26/200 | time=0.634s | train_loss=0.3156 | train_corr=(0.619, 0.444) | val_loss=0.3009 | val_corr=(0.648, 0.53) | test_loss=0.3056 | test_corr=(0.639, 0.514)
Epoch 27/200 | time=0.635s | train_loss=0.2975 | train_corr=(0.639, 0.501) | val_loss=0.292 | val_corr=(0.657, 0.565) | test_loss=0.2968 | test_corr=(0.649, 0.538)
Epoch 28/200 | time=0.649s | train_loss=0.3066 | train_corr=(0.651, 0.521) | val_loss=0.2875 | val_corr=(0.661, 0.628) | test_loss=0.2965 | test_corr=(0.648, 0.577)
Epoch 29/200 | time=0.644s | train_loss=0.2833 | train_corr=(0.692, 0.673) | val_loss=0.2793 | val_corr=(0.688, 0.672) | test_loss=0.2832 | test_corr=(0.678, 0.652)
Epoch 30/200 | time=0.629s | train_loss=0.265 | train_corr=(0.695, 0.763) | val_loss=0.2607 | val_corr=(0.696, 0.787) | test_loss=0.2672 | test_corr=(0.689, 0.768)
Epoch 31/200 | time=0.627s | train_loss=0.2506 | train_corr=(0.729, 0.807) | val_loss=0.2518 | val_corr=(0.711, 0.816) | test_loss=0.2606 | test_corr=(0.7, 0.79)
Epoch 32/200 | time=0.619s | train_loss=0.2482 | train_corr=(0.712, 0.843) | val_loss=0.2418 | val_corr=(0.717, 0.84) | test_loss=0.2525 | test_corr=(0.703, 0.809)
Epoch 33/200 | time=0.64s | train_loss=0.2432 | train_corr=(0.719, 0.846) | val_loss=0.2471 | val_corr=(0.722, 0.846) | test_loss=0.2516 | test_corr=(0.715, 0.832)
Epoch 34/200 | time=0.634s | train_loss=0.2399 | train_corr=(0.738, 0.867) | val_loss=0.2432 | val_corr=(0.732, 0.872) | test_loss=0.2548 | test_corr=(0.724, 0.847)
Epoch 35/200 | time=0.64s | train_loss=0.2301 | train_corr=(0.751, 0.874) | val_loss=0.2376 | val_corr=(0.74, 0.864) | test_loss=0.2472 | test_corr=(0.731, 0.845)
Epoch 36/200 | time=0.638s | train_loss=0.2257 | train_corr=(0.76, 0.885) | val_loss=0.2275 | val_corr=(0.741, 0.875) | test_loss=0.2421 | test_corr=(0.728, 0.846)
Epoch 37/200 | time=0.64s | train_loss=0.2247 | train_corr=(0.752, 0.898) | val_loss=0.2166 | val_corr=(0.756, 0.901) | test_loss=0.2311 | test_corr=(0.74, 0.872)
Epoch 38/200 | time=0.638s | train_loss=0.2128 | train_corr=(0.777, 0.903) | val_loss=0.2093 | val_corr=(0.77, 0.901) | test_loss=0.2245 | test_corr=(0.753, 0.871)
Epoch 39/200 | time=0.662s | train_loss=0.2057 | train_corr=(0.779, 0.905) | val_loss=0.2034 | val_corr=(0.78, 0.916) | test_loss=0.2163 | test_corr=(0.76, 0.88)
Epoch 40/200 | time=0.632s | train_loss=0.194 | train_corr=(0.775, 0.933) | val_loss=0.1908 | val_corr=(0.791, 0.93) | test_loss=0.2081 | test_corr=(0.77, 0.902)
Epoch 41/200 | time=0.641s | train_loss=0.1906 | train_corr=(0.798, 0.93) | val_loss=0.1879 | val_corr=(0.797, 0.937) | test_loss=0.2093 | test_corr=(0.772, 0.905)
Epoch 42/200 | time=0.631s | train_loss=0.179 | train_corr=(0.797, 0.935) | val_loss=0.1831 | val_corr=(0.802, 0.936) | test_loss=0.2053 | test_corr=(0.773, 0.898)
Epoch 43/200 | time=0.632s | train_loss=0.181 | train_corr=(0.805, 0.934) | val_loss=0.1865 | val_corr=(0.81, 0.935) | test_loss=0.207 | test_corr=(0.786, 0.903)
Epoch 44/200 | time=0.627s | train_loss=0.1801 | train_corr=(0.799, 0.939) | val_loss=0.1782 | val_corr=(0.812, 0.941) | test_loss=0.2012 | test_corr=(0.785, 0.9)
Epoch 45/200 | time=0.635s | train_loss=0.182 | train_corr=(0.813, 0.946) | val_loss=0.1779 | val_corr=(0.81, 0.95) | test_loss=0.2026 | test_corr=(0.783, 0.913)
Epoch 46/200 | time=0.632s | train_loss=0.1709 | train_corr=(0.816, 0.953) | val_loss=0.1696 | val_corr=(0.817, 0.953) | test_loss=0.19 | test_corr=(0.789, 0.915)
Epoch 47/200 | time=0.644s | train_loss=0.1666 | train_corr=(0.832, 0.956) | val_loss=0.1727 | val_corr=(0.823, 0.949) | test_loss=0.1933 | test_corr=(0.792, 0.91)
Epoch 48/200 | time=0.639s | train_loss=0.1645 | train_corr=(0.831, 0.949) | val_loss=0.1749 | val_corr=(0.818, 0.938) | test_loss=0.197 | test_corr=(0.789, 0.911)
Epoch 49/200 | time=0.655s | train_loss=0.1777 | train_corr=(0.817, 0.951) | val_loss=0.169 | val_corr=(0.827, 0.947) | test_loss=0.1968 | test_corr=(0.792, 0.91)
Epoch 50/200 | time=0.637s | train_loss=0.166 | train_corr=(0.82, 0.952) | val_loss=0.1713 | val_corr=(0.823, 0.95) | test_loss=0.1969 | test_corr=(0.787, 0.911)
Epoch 51/200 | time=0.672s | train_loss=0.1718 | train_corr=(0.827, 0.943) | val_loss=0.1792 | val_corr=(0.82, 0.939) | test_loss=0.2013 | test_corr=(0.787, 0.891)
Epoch 52/200 | time=0.629s | train_loss=0.1635 | train_corr=(0.846, 0.951) | val_loss=0.1576 | val_corr=(0.833, 0.955) | test_loss=0.1867 | test_corr=(0.8, 0.914)
Epoch 53/200 | time=0.654s | train_loss=0.152 | train_corr=(0.845, 0.958) | val_loss=0.1521 | val_corr=(0.847, 0.96) | test_loss=0.1864 | test_corr=(0.809, 0.915)
Epoch 54/200 | time=0.63s | train_loss=0.1455 | train_corr=(0.843, 0.965) | val_loss=0.1483 | val_corr=(0.844, 0.965) | test_loss=0.1778 | test_corr=(0.806, 0.917)
Epoch 55/200 | time=0.629s | train_loss=0.1432 | train_corr=(0.848, 0.967) | val_loss=0.1415 | val_corr=(0.847, 0.968) | test_loss=0.1753 | test_corr=(0.807, 0.918)
Epoch 56/200 | time=0.64s | train_loss=0.1345 | train_corr=(0.857, 0.972) | val_loss=0.1369 | val_corr=(0.852, 0.97) | test_loss=0.1712 | test_corr=(0.812, 0.923)
Epoch 57/200 | time=0.643s | train_loss=0.1379 | train_corr=(0.856, 0.973) | val_loss=0.136 | val_corr=(0.857, 0.971) | test_loss=0.1735 | test_corr=(0.813, 0.922)
Epoch 58/200 | time=0.638s | train_loss=0.1362 | train_corr=(0.86, 0.971) | val_loss=0.1509 | val_corr=(0.858, 0.969) | test_loss=0.1874 | test_corr=(0.818, 0.922)
Epoch 59/200 | time=0.633s | train_loss=0.1502 | train_corr=(0.851, 0.97) | val_loss=0.1449 | val_corr=(0.862, 0.968) | test_loss=0.1837 | test_corr=(0.818, 0.922)
Epoch 60/200 | time=0.634s | train_loss=0.1365 | train_corr=(0.864, 0.969) | val_loss=0.1371 | val_corr=(0.862, 0.972) | test_loss=0.171 | test_corr=(0.819, 0.921)
Epoch 61/200 | time=0.644s | train_loss=0.1357 | train_corr=(0.861, 0.97) | val_loss=0.1497 | val_corr=(0.858, 0.969) | test_loss=0.179 | test_corr=(0.814, 0.92)
Epoch 62/200 | time=0.636s | train_loss=0.1375 | train_corr=(0.867, 0.97) | val_loss=0.1298 | val_corr=(0.863, 0.97) | test_loss=0.1649 | test_corr=(0.82, 0.923)
Epoch 63/200 | time=0.633s | train_loss=0.1396 | train_corr=(0.863, 0.964) | val_loss=0.1385 | val_corr=(0.868, 0.971) | test_loss=0.1796 | test_corr=(0.825, 0.927)
Epoch 64/200 | time=0.638s | train_loss=0.134 | train_corr=(0.868, 0.968) | val_loss=0.1337 | val_corr=(0.868, 0.969) | test_loss=0.1656 | test_corr=(0.826, 0.922)
Epoch 65/200 | time=0.649s | train_loss=0.1356 | train_corr=(0.874, 0.969) | val_loss=0.1283 | val_corr=(0.869, 0.971) | test_loss=0.1644 | test_corr=(0.826, 0.923)
Epoch 66/200 | time=0.636s | train_loss=0.1396 | train_corr=(0.864, 0.966) | val_loss=0.1356 | val_corr=(0.872, 0.969) | test_loss=0.1775 | test_corr=(0.826, 0.923)
Epoch 67/200 | time=0.632s | train_loss=0.1352 | train_corr=(0.866, 0.962) | val_loss=0.1307 | val_corr=(0.87, 0.97) | test_loss=0.1655 | test_corr=(0.828, 0.923)
Epoch 68/200 | time=0.638s | train_loss=0.1288 | train_corr=(0.873, 0.97) | val_loss=0.1276 | val_corr=(0.873, 0.972) | test_loss=0.1638 | test_corr=(0.829, 0.923)
Epoch 69/200 | time=0.64s | train_loss=0.1341 | train_corr=(0.867, 0.973) | val_loss=0.1245 | val_corr=(0.876, 0.968) | test_loss=0.1626 | test_corr=(0.833, 0.92)
Epoch 70/200 | time=0.627s | train_loss=0.1243 | train_corr=(0.873, 0.971) | val_loss=0.1238 | val_corr=(0.875, 0.974) | test_loss=0.1596 | test_corr=(0.831, 0.926)
Epoch 71/200 | time=0.637s | train_loss=0.1272 | train_corr=(0.882, 0.976) | val_loss=0.1296 | val_corr=(0.876, 0.971) | test_loss=0.1622 | test_corr=(0.831, 0.92)
Epoch 72/200 | time=0.631s | train_loss=0.1261 | train_corr=(0.877, 0.976) | val_loss=0.1225 | val_corr=(0.88, 0.975) | test_loss=0.1596 | test_corr=(0.837, 0.928)
Epoch 73/200 | time=0.639s | train_loss=0.1187 | train_corr=(0.885, 0.972) | val_loss=0.1233 | val_corr=(0.887, 0.972) | test_loss=0.1605 | test_corr=(0.84, 0.926)
Epoch 74/200 | time=0.631s | train_loss=0.1173 | train_corr=(0.885, 0.976) | val_loss=0.1158 | val_corr=(0.888, 0.976) | test_loss=0.154 | test_corr=(0.841, 0.93)
Epoch 75/200 | time=0.638s | train_loss=0.1105 | train_corr=(0.886, 0.978) | val_loss=0.1105 | val_corr=(0.886, 0.979) | test_loss=0.1518 | test_corr=(0.84, 0.934)
Epoch 76/200 | time=0.629s | train_loss=0.1161 | train_corr=(0.894, 0.976) | val_loss=0.1167 | val_corr=(0.891, 0.974) | test_loss=0.1599 | test_corr=(0.843, 0.928)
Epoch 77/200 | time=0.632s | train_loss=0.1119 | train_corr=(0.887, 0.978) | val_loss=0.1121 | val_corr=(0.886, 0.978) | test_loss=0.1551 | test_corr=(0.838, 0.933)
Epoch 78/200 | time=0.641s | train_loss=0.1213 | train_corr=(0.897, 0.978) | val_loss=0.1106 | val_corr=(0.89, 0.979) | test_loss=0.1496 | test_corr=(0.844, 0.933)
Epoch 79/200 | time=0.629s | train_loss=0.11 | train_corr=(0.892, 0.978) | val_loss=0.106 | val_corr=(0.896, 0.979) | test_loss=0.1508 | test_corr=(0.847, 0.931)
Epoch 80/200 | time=0.642s | train_loss=0.1055 | train_corr=(0.898, 0.978) | val_loss=0.1037 | val_corr=(0.898, 0.981) | test_loss=0.1471 | test_corr=(0.848, 0.932)
Epoch 81/200 | time=0.63s | train_loss=0.1025 | train_corr=(0.901, 0.983) | val_loss=0.1054 | val_corr=(0.893, 0.98) | test_loss=0.1489 | test_corr=(0.844, 0.931)
Epoch 82/200 | time=0.634s | train_loss=0.1065 | train_corr=(0.903, 0.98) | val_loss=0.1188 | val_corr=(0.891, 0.979) | test_loss=0.1526 | test_corr=(0.844, 0.932)
Epoch 83/200 | time=0.638s | train_loss=0.1131 | train_corr=(0.901, 0.975) | val_loss=0.1106 | val_corr=(0.894, 0.978) | test_loss=0.1546 | test_corr=(0.842, 0.927)
Epoch 84/200 | time=0.63s | train_loss=0.1111 | train_corr=(0.901, 0.974) | val_loss=0.107 | val_corr=(0.898, 0.978) | test_loss=0.1508 | test_corr=(0.846, 0.928)
Epoch 85/200 | time=0.637s | train_loss=0.1085 | train_corr=(0.905, 0.975) | val_loss=0.1087 | val_corr=(0.9, 0.972) | test_loss=0.1532 | test_corr=(0.85, 0.925)
Epoch 86/200 | time=0.635s | train_loss=0.1092 | train_corr=(0.893, 0.971) | val_loss=0.1047 | val_corr=(0.902, 0.978) | test_loss=0.1503 | test_corr=(0.852, 0.93)
Epoch 87/200 | time=0.643s | train_loss=0.1051 | train_corr=(0.902, 0.976) | val_loss=0.107 | val_corr=(0.901, 0.974) | test_loss=0.1496 | test_corr=(0.852, 0.927)
Epoch 88/200 | time=0.641s | train_loss=0.1063 | train_corr=(0.901, 0.98) | val_loss=0.1034 | val_corr=(0.905, 0.98) | test_loss=0.1516 | test_corr=(0.852, 0.929)
Epoch 89/200 | time=0.661s | train_loss=0.1095 | train_corr=(0.907, 0.977) | val_loss=0.1081 | val_corr=(0.902, 0.971) | test_loss=0.1503 | test_corr=(0.853, 0.924)
Epoch 90/200 | time=0.631s | train_loss=0.1069 | train_corr=(0.903, 0.975) | val_loss=0.1147 | val_corr=(0.897, 0.961) | test_loss=0.1565 | test_corr=(0.849, 0.916)
Epoch 91/200 | time=0.641s | train_loss=0.1093 | train_corr=(0.906, 0.977) | val_loss=0.1092 | val_corr=(0.905, 0.976) | test_loss=0.1564 | test_corr=(0.853, 0.933)
Epoch 92/200 | time=0.63s | train_loss=0.1015 | train_corr=(0.912, 0.978) | val_loss=0.1037 | val_corr=(0.906, 0.98) | test_loss=0.1443 | test_corr=(0.857, 0.934)
Epoch 93/200 | time=0.636s | train_loss=0.1063 | train_corr=(0.908, 0.977) | val_loss=0.1008 | val_corr=(0.91, 0.981) | test_loss=0.15 | test_corr=(0.857, 0.932)
Epoch 94/200 | time=0.651s | train_loss=0.0973 | train_corr=(0.909, 0.98) | val_loss=0.1028 | val_corr=(0.908, 0.981) | test_loss=0.1436 | test_corr=(0.858, 0.932)
Epoch 95/200 | time=0.638s | train_loss=0.0996 | train_corr=(0.915, 0.978) | val_loss=0.1075 | val_corr=(0.905, 0.978) | test_loss=0.1437 | test_corr=(0.858, 0.933)
Epoch 96/200 | time=0.633s | train_loss=0.1084 | train_corr=(0.913, 0.971) | val_loss=0.109 | val_corr=(0.905, 0.976) | test_loss=0.1438 | test_corr=(0.859, 0.935)
Epoch 97/200 | time=0.642s | train_loss=0.099 | train_corr=(0.913, 0.978) | val_loss=0.1058 | val_corr=(0.908, 0.979) | test_loss=0.143 | test_corr=(0.859, 0.935)
Epoch 98/200 | time=0.645s | train_loss=0.1006 | train_corr=(0.911, 0.979) | val_loss=0.108 | val_corr=(0.908, 0.977) | test_loss=0.1506 | test_corr=(0.855, 0.929)
Epoch 99/200 | time=0.656s | train_loss=0.0961 | train_corr=(0.914, 0.98) | val_loss=0.0958 | val_corr=(0.916, 0.982) | test_loss=0.1434 | test_corr=(0.862, 0.938)
Epoch 100/200 | time=0.632s | train_loss=0.0922 | train_corr=(0.918, 0.984) | val_loss=0.0956 | val_corr=(0.918, 0.982) | test_loss=0.1458 | test_corr=(0.864, 0.934)
Epoch 101/200 | time=0.668s | train_loss=0.0942 | train_corr=(0.918, 0.981) | val_loss=0.0931 | val_corr=(0.92, 0.983) | test_loss=0.1445 | test_corr=(0.863, 0.934)
Epoch 102/200 | time=0.647s | train_loss=0.0896 | train_corr=(0.919, 0.984) | val_loss=0.0913 | val_corr=(0.92, 0.982) | test_loss=0.14 | test_corr=(0.866, 0.934)
Epoch 103/200 | time=0.648s | train_loss=0.086 | train_corr=(0.924, 0.986) | val_loss=0.0884 | val_corr=(0.923, 0.985) | test_loss=0.135 | test_corr=(0.869, 0.939)
Epoch 104/200 | time=0.631s | train_loss=0.0906 | train_corr=(0.928, 0.987) | val_loss=0.0915 | val_corr=(0.921, 0.983) | test_loss=0.1384 | test_corr=(0.866, 0.936)
Epoch 105/200 | time=0.64s | train_loss=0.0959 | train_corr=(0.92, 0.981) | val_loss=0.0945 | val_corr=(0.918, 0.98) | test_loss=0.142 | test_corr=(0.864, 0.937)
Epoch 106/200 | time=0.632s | train_loss=0.0926 | train_corr=(0.919, 0.983) | val_loss=0.1023 | val_corr=(0.915, 0.969) | test_loss=0.1476 | test_corr=(0.863, 0.931)
Epoch 107/200 | time=0.644s | train_loss=0.0969 | train_corr=(0.925, 0.98) | val_loss=0.0961 | val_corr=(0.922, 0.979) | test_loss=0.1451 | test_corr=(0.867, 0.932)
Epoch 108/200 | time=0.637s | train_loss=0.1002 | train_corr=(0.921, 0.982) | val_loss=0.0959 | val_corr=(0.917, 0.978) | test_loss=0.1438 | test_corr=(0.86, 0.931)
Epoch 109/200 | time=0.628s | train_loss=0.0892 | train_corr=(0.925, 0.982) | val_loss=0.0913 | val_corr=(0.923, 0.981) | test_loss=0.1395 | test_corr=(0.87, 0.935)
Epoch 110/200 | time=0.643s | train_loss=0.0869 | train_corr=(0.927, 0.982) | val_loss=0.0883 | val_corr=(0.926, 0.982) | test_loss=0.1346 | test_corr=(0.871, 0.935)
Epoch 111/200 | time=0.647s | train_loss=0.0891 | train_corr=(0.93, 0.985) | val_loss=0.0942 | val_corr=(0.927, 0.985) | test_loss=0.1529 | test_corr=(0.867, 0.937)
Epoch 112/200 | time=0.637s | train_loss=0.0832 | train_corr=(0.933, 0.986) | val_loss=0.089 | val_corr=(0.93, 0.982) | test_loss=0.1366 | test_corr=(0.872, 0.932)
Epoch 113/200 | time=0.632s | train_loss=0.0824 | train_corr=(0.93, 0.985) | val_loss=0.0839 | val_corr=(0.932, 0.987) | test_loss=0.1369 | test_corr=(0.874, 0.942)
Epoch 114/200 | time=0.629s | train_loss=0.0829 | train_corr=(0.934, 0.986) | val_loss=0.081 | val_corr=(0.933, 0.986) | test_loss=0.1335 | test_corr=(0.875, 0.937)
Epoch 115/200 | time=0.634s | train_loss=0.0784 | train_corr=(0.937, 0.989) | val_loss=0.0856 | val_corr=(0.93, 0.986) | test_loss=0.1331 | test_corr=(0.873, 0.938)
Epoch 116/200 | time=0.641s | train_loss=0.0804 | train_corr=(0.935, 0.986) | val_loss=0.0843 | val_corr=(0.932, 0.986) | test_loss=0.136 | test_corr=(0.875, 0.938)
Epoch 117/200 | time=0.631s | train_loss=0.0805 | train_corr=(0.934, 0.986) | val_loss=0.0831 | val_corr=(0.932, 0.984) | test_loss=0.1328 | test_corr=(0.875, 0.934)
Epoch 118/200 | time=0.639s | train_loss=0.081 | train_corr=(0.934, 0.985) | val_loss=0.0896 | val_corr=(0.932, 0.985) | test_loss=0.1344 | test_corr=(0.876, 0.937)
Epoch 119/200 | time=0.632s | train_loss=0.0838 | train_corr=(0.934, 0.985) | val_loss=0.0805 | val_corr=(0.936, 0.985) | test_loss=0.1337 | test_corr=(0.875, 0.936)
Epoch 120/200 | time=0.638s | train_loss=0.0848 | train_corr=(0.936, 0.983) | val_loss=0.0807 | val_corr=(0.936, 0.985) | test_loss=0.1331 | test_corr=(0.878, 0.936)
Epoch 121/200 | time=0.631s | train_loss=0.0801 | train_corr=(0.938, 0.986) | val_loss=0.0763 | val_corr=(0.937, 0.988) | test_loss=0.1298 | test_corr=(0.879, 0.94)
Epoch 122/200 | time=0.639s | train_loss=0.0808 | train_corr=(0.94, 0.987) | val_loss=0.0792 | val_corr=(0.937, 0.987) | test_loss=0.1342 | test_corr=(0.878, 0.939)
Epoch 123/200 | time=0.63s | train_loss=0.0951 | train_corr=(0.934, 0.986) | val_loss=0.1362 | val_corr=(0.917, 0.98) | test_loss=0.1705 | test_corr=(0.865, 0.932)
Epoch 124/200 | time=0.638s | train_loss=0.0887 | train_corr=(0.935, 0.982) | val_loss=0.0916 | val_corr=(0.935, 0.979) | test_loss=0.1442 | test_corr=(0.87, 0.929)
Epoch 125/200 | time=0.634s | train_loss=0.0891 | train_corr=(0.934, 0.986) | val_loss=0.0888 | val_corr=(0.934, 0.982) | test_loss=0.143 | test_corr=(0.875, 0.936)
Epoch 126/200 | time=0.63s | train_loss=0.0859 | train_corr=(0.939, 0.982) | val_loss=0.0838 | val_corr=(0.937, 0.985) | test_loss=0.1374 | test_corr=(0.876, 0.937)
Epoch 127/200 | time=0.638s | train_loss=0.0793 | train_corr=(0.939, 0.987) | val_loss=0.0815 | val_corr=(0.94, 0.986) | test_loss=0.137 | test_corr=(0.88, 0.937)
Epoch 128/200 | time=0.64s | train_loss=0.0862 | train_corr=(0.934, 0.986) | val_loss=0.0796 | val_corr=(0.942, 0.986) | test_loss=0.1348 | test_corr=(0.878, 0.939)
Epoch 129/200 | time=0.633s | train_loss=0.0786 | train_corr=(0.94, 0.986) | val_loss=0.0764 | val_corr=(0.941, 0.986) | test_loss=0.1273 | test_corr=(0.883, 0.938)
Epoch 130/200 | time=0.638s | train_loss=0.076 | train_corr=(0.944, 0.987) | val_loss=0.0758 | val_corr=(0.944, 0.988) | test_loss=0.1274 | test_corr=(0.885, 0.942)
Epoch 131/200 | time=0.633s | train_loss=0.0858 | train_corr=(0.942, 0.988) | val_loss=0.0835 | val_corr=(0.941, 0.988) | test_loss=0.1427 | test_corr=(0.875, 0.941)
Epoch 132/200 | time=0.642s | train_loss=0.0867 | train_corr=(0.938, 0.984) | val_loss=0.0886 | val_corr=(0.94, 0.981) | test_loss=0.1413 | test_corr=(0.88, 0.939)
Epoch 133/200 | time=0.631s | train_loss=0.0995 | train_corr=(0.938, 0.98) | val_loss=0.0822 | val_corr=(0.943, 0.984) | test_loss=0.1362 | test_corr=(0.88, 0.938)
Epoch 134/200 | time=0.632s | train_loss=0.0799 | train_corr=(0.941, 0.984) | val_loss=0.0952 | val_corr=(0.936, 0.984) | test_loss=0.1353 | test_corr=(0.878, 0.94)
Epoch 135/200 | time=0.642s | train_loss=0.0832 | train_corr=(0.939, 0.984) | val_loss=0.0831 | val_corr=(0.941, 0.982) | test_loss=0.1317 | test_corr=(0.883, 0.933)
Epoch 136/200 | time=0.634s | train_loss=0.0818 | train_corr=(0.94, 0.984) | val_loss=0.0814 | val_corr=(0.942, 0.985) | test_loss=0.1361 | test_corr=(0.88, 0.939)
Epoch 137/200 | time=0.642s | train_loss=0.0776 | train_corr=(0.945, 0.988) | val_loss=0.0741 | val_corr=(0.945, 0.987) | test_loss=0.1278 | test_corr=(0.882, 0.94)
Epoch 138/200 | time=0.635s | train_loss=0.0744 | train_corr=(0.945, 0.987) | val_loss=0.0747 | val_corr=(0.944, 0.986) | test_loss=0.1258 | test_corr=(0.886, 0.94)
Epoch 139/200 | time=0.645s | train_loss=0.073 | train_corr=(0.946, 0.987) | val_loss=0.0737 | val_corr=(0.945, 0.987) | test_loss=0.1305 | test_corr=(0.883, 0.941)
Epoch 140/200 | time=0.651s | train_loss=0.0713 | train_corr=(0.949, 0.99) | val_loss=0.072 | val_corr=(0.946, 0.989) | test_loss=0.1283 | test_corr=(0.884, 0.94)
Epoch 141/200 | time=0.641s | train_loss=0.0705 | train_corr=(0.948, 0.989) | val_loss=0.0687 | val_corr=(0.947, 0.99) | test_loss=0.1234 | test_corr=(0.889, 0.943)
Epoch 142/200 | time=0.638s | train_loss=0.066 | train_corr=(0.95, 0.991) | val_loss=0.0705 | val_corr=(0.949, 0.989) | test_loss=0.1267 | test_corr=(0.886, 0.941)
Epoch 143/200 | time=0.638s | train_loss=0.0758 | train_corr=(0.946, 0.989) | val_loss=0.073 | val_corr=(0.945, 0.987) | test_loss=0.1283 | test_corr=(0.884, 0.937)
Epoch 144/200 | time=0.635s | train_loss=0.069 | train_corr=(0.949, 0.989) | val_loss=0.0669 | val_corr=(0.951, 0.99) | test_loss=0.1238 | test_corr=(0.888, 0.943)
Epoch 145/200 | time=0.634s | train_loss=0.0791 | train_corr=(0.949, 0.99) | val_loss=0.0694 | val_corr=(0.949, 0.99) | test_loss=0.1252 | test_corr=(0.887, 0.944)
Epoch 146/200 | time=0.638s | train_loss=0.1169 | train_corr=(0.926, 0.983) | val_loss=0.0832 | val_corr=(0.947, 0.985) | test_loss=0.1335 | test_corr=(0.886, 0.937)
Epoch 147/200 | time=0.636s | train_loss=0.0812 | train_corr=(0.945, 0.986) | val_loss=0.0811 | val_corr=(0.945, 0.985) | test_loss=0.1359 | test_corr=(0.883, 0.941)
Epoch 148/200 | time=0.643s | train_loss=0.0784 | train_corr=(0.946, 0.985) | val_loss=0.0844 | val_corr=(0.944, 0.984) | test_loss=0.1313 | test_corr=(0.883, 0.94)
Epoch 149/200 | time=0.639s | train_loss=0.0746 | train_corr=(0.947, 0.988) | val_loss=0.0784 | val_corr=(0.945, 0.986) | test_loss=0.1274 | test_corr=(0.882, 0.939)
Epoch 150/200 | time=0.643s | train_loss=0.0763 | train_corr=(0.947, 0.985) | val_loss=0.0786 | val_corr=(0.944, 0.983) | test_loss=0.1297 | test_corr=(0.884, 0.936)
Epoch 151/200 | time=0.641s | train_loss=0.0722 | train_corr=(0.951, 0.987) | val_loss=0.0714 | val_corr=(0.95, 0.987) | test_loss=0.1253 | test_corr=(0.886, 0.938)
Epoch 152/200 | time=0.658s | train_loss=0.0688 | train_corr=(0.952, 0.988) | val_loss=0.0761 | val_corr=(0.948, 0.987) | test_loss=0.1243 | test_corr=(0.887, 0.939)
Epoch 153/200 | time=0.634s | train_loss=0.0709 | train_corr=(0.949, 0.988) | val_loss=0.0696 | val_corr=(0.95, 0.989) | test_loss=0.1267 | test_corr=(0.884, 0.94)
Epoch 154/200 | time=0.647s | train_loss=0.0708 | train_corr=(0.95, 0.988) | val_loss=0.069 | val_corr=(0.951, 0.988) | test_loss=0.1245 | test_corr=(0.887, 0.942)
Epoch 155/200 | time=0.632s | train_loss=0.0685 | train_corr=(0.949, 0.988) | val_loss=0.0719 | val_corr=(0.95, 0.987) | test_loss=0.1244 | test_corr=(0.887, 0.941)
Epoch 156/200 | time=0.64s | train_loss=0.0647 | train_corr=(0.954, 0.99) | val_loss=0.0713 | val_corr=(0.952, 0.987) | test_loss=0.1218 | test_corr=(0.891, 0.94)
Epoch 157/200 | time=0.642s | train_loss=0.0642 | train_corr=(0.954, 0.99) | val_loss=0.0688 | val_corr=(0.953, 0.99) | test_loss=0.1212 | test_corr=(0.89, 0.941)
Epoch 158/200 | time=0.638s | train_loss=0.0751 | train_corr=(0.951, 0.991) | val_loss=0.0708 | val_corr=(0.952, 0.99) | test_loss=0.1203 | test_corr=(0.892, 0.943)
Epoch 159/200 | time=0.633s | train_loss=0.0675 | train_corr=(0.952, 0.991) | val_loss=0.0652 | val_corr=(0.953, 0.99) | test_loss=0.1231 | test_corr=(0.89, 0.942)
Epoch 160/200 | time=0.641s | train_loss=0.0641 | train_corr=(0.955, 0.992) | val_loss=0.0671 | val_corr=(0.954, 0.99) | test_loss=0.1209 | test_corr=(0.89, 0.944)
Epoch 161/200 | time=0.641s | train_loss=0.0639 | train_corr=(0.956, 0.991) | val_loss=0.0676 | val_corr=(0.954, 0.988) | test_loss=0.122 | test_corr=(0.891, 0.941)
Epoch 162/200 | time=0.633s | train_loss=0.0655 | train_corr=(0.953, 0.988) | val_loss=0.0733 | val_corr=(0.951, 0.99) | test_loss=0.1237 | test_corr=(0.891, 0.941)
Epoch 163/200 | time=0.644s | train_loss=0.0714 | train_corr=(0.952, 0.991) | val_loss=0.0764 | val_corr=(0.947, 0.987) | test_loss=0.1291 | test_corr=(0.884, 0.939)
Epoch 164/200 | time=0.63s | train_loss=0.069 | train_corr=(0.953, 0.991) | val_loss=0.0685 | val_corr=(0.952, 0.987) | test_loss=0.1216 | test_corr=(0.891, 0.939)
Epoch 165/200 | time=0.637s | train_loss=0.0707 | train_corr=(0.952, 0.986) | val_loss=0.0747 | val_corr=(0.949, 0.988) | test_loss=0.1327 | test_corr=(0.881, 0.941)
Epoch 166/200 | time=0.628s | train_loss=0.0721 | train_corr=(0.952, 0.988) | val_loss=0.0689 | val_corr=(0.953, 0.988) | test_loss=0.1213 | test_corr=(0.892, 0.944)
Epoch 167/200 | time=0.638s | train_loss=0.0664 | train_corr=(0.954, 0.991) | val_loss=0.0682 | val_corr=(0.952, 0.99) | test_loss=0.1261 | test_corr=(0.885, 0.945)
Epoch 168/200 | time=0.628s | train_loss=0.0691 | train_corr=(0.955, 0.988) | val_loss=0.0646 | val_corr=(0.954, 0.99) | test_loss=0.1217 | test_corr=(0.89, 0.942)
Epoch 169/200 | time=0.638s | train_loss=0.0628 | train_corr=(0.956, 0.991) | val_loss=0.0641 | val_corr=(0.955, 0.99) | test_loss=0.1212 | test_corr=(0.89, 0.943)
Epoch 170/200 | time=0.628s | train_loss=0.0619 | train_corr=(0.956, 0.991) | val_loss=0.0617 | val_corr=(0.956, 0.992) | test_loss=0.1176 | test_corr=(0.892, 0.945)
Epoch 171/200 | time=0.639s | train_loss=0.0666 | train_corr=(0.954, 0.992) | val_loss=0.0711 | val_corr=(0.953, 0.991) | test_loss=0.1223 | test_corr=(0.893, 0.943)
Epoch 172/200 | time=0.649s | train_loss=0.0614 | train_corr=(0.955, 0.992) | val_loss=0.0625 | val_corr=(0.956, 0.99) | test_loss=0.118 | test_corr=(0.892, 0.942)
Epoch 173/200 | time=0.634s | train_loss=0.0609 | train_corr=(0.955, 0.992) | val_loss=0.0603 | val_corr=(0.957, 0.992) | test_loss=0.1186 | test_corr=(0.891, 0.945)
Epoch 174/200 | time=0.636s | train_loss=0.0597 | train_corr=(0.956, 0.992) | val_loss=0.0591 | val_corr=(0.958, 0.992) | test_loss=0.116 | test_corr=(0.894, 0.946)
Epoch 175/200 | time=0.641s | train_loss=0.0574 | train_corr=(0.959, 0.993) | val_loss=0.059 | val_corr=(0.958, 0.992) | test_loss=0.1162 | test_corr=(0.895, 0.946)
Epoch 176/200 | time=0.639s | train_loss=0.0612 | train_corr=(0.957, 0.991) | val_loss=0.0618 | val_corr=(0.956, 0.99) | test_loss=0.121 | test_corr=(0.89, 0.942)
Epoch 177/200 | time=0.633s | train_loss=0.0578 | train_corr=(0.958, 0.992) | val_loss=0.0597 | val_corr=(0.958, 0.991) | test_loss=0.1182 | test_corr=(0.892, 0.943)
Epoch 178/200 | time=0.63s | train_loss=0.0577 | train_corr=(0.959, 0.992) | val_loss=0.0589 | val_corr=(0.958, 0.991) | test_loss=0.1172 | test_corr=(0.893, 0.945)
Epoch 179/200 | time=0.639s | train_loss=0.0602 | train_corr=(0.958, 0.99) | val_loss=0.0641 | val_corr=(0.957, 0.991) | test_loss=0.1179 | test_corr=(0.894, 0.945)
Epoch 180/200 | time=0.63s | train_loss=0.061 | train_corr=(0.956, 0.992) | val_loss=0.0745 | val_corr=(0.953, 0.984) | test_loss=0.1237 | test_corr=(0.893, 0.937)
Epoch 181/200 | time=0.626s | train_loss=0.064 | train_corr=(0.955, 0.991) | val_loss=0.0726 | val_corr=(0.956, 0.987) | test_loss=0.1246 | test_corr=(0.89, 0.94)
Epoch 182/200 | time=0.638s | train_loss=0.0653 | train_corr=(0.955, 0.991) | val_loss=0.0657 | val_corr=(0.956, 0.987) | test_loss=0.1202 | test_corr=(0.891, 0.942)
Epoch 183/200 | time=0.639s | train_loss=0.0649 | train_corr=(0.956, 0.988) | val_loss=0.0698 | val_corr=(0.953, 0.984) | test_loss=0.1267 | test_corr=(0.886, 0.934)
Epoch 184/200 | time=0.641s | train_loss=0.0629 | train_corr=(0.958, 0.989) | val_loss=0.0633 | val_corr=(0.956, 0.989) | test_loss=0.1178 | test_corr=(0.893, 0.941)
Epoch 185/200 | time=0.627s | train_loss=0.0645 | train_corr=(0.957, 0.988) | val_loss=0.0621 | val_corr=(0.957, 0.99) | test_loss=0.1192 | test_corr=(0.892, 0.943)
Epoch 186/200 | time=0.638s | train_loss=0.0616 | train_corr=(0.957, 0.988) | val_loss=0.0619 | val_corr=(0.957, 0.989) | test_loss=0.115 | test_corr=(0.897, 0.946)
Epoch 187/200 | time=0.632s | train_loss=0.0646 | train_corr=(0.958, 0.99) | val_loss=0.0651 | val_corr=(0.956, 0.988) | test_loss=0.1228 | test_corr=(0.89, 0.943)
Epoch 188/200 | time=0.647s | train_loss=0.0594 | train_corr=(0.96, 0.991) | val_loss=0.0605 | val_corr=(0.958, 0.992) | test_loss=0.1212 | test_corr=(0.89, 0.942)
Epoch 189/200 | time=0.641s | train_loss=0.0608 | train_corr=(0.957, 0.992) | val_loss=0.0612 | val_corr=(0.958, 0.99) | test_loss=0.1193 | test_corr=(0.891, 0.942)
Epoch 190/200 | time=0.653s | train_loss=0.0559 | train_corr=(0.96, 0.992) | val_loss=0.064 | val_corr=(0.955, 0.992) | test_loss=0.1229 | test_corr=(0.886, 0.945)
Epoch 191/200 | time=0.642s | train_loss=0.059 | train_corr=(0.958, 0.992) | val_loss=0.0553 | val_corr=(0.961, 0.993) | test_loss=0.1143 | test_corr=(0.896, 0.945)
Epoch 192/200 | time=0.658s | train_loss=0.0659 | train_corr=(0.954, 0.992) | val_loss=0.057 | val_corr=(0.96, 0.993) | test_loss=0.1152 | test_corr=(0.895, 0.945)
Epoch 193/200 | time=0.641s | train_loss=0.0549 | train_corr=(0.96, 0.993) | val_loss=0.0561 | val_corr=(0.961, 0.993) | test_loss=0.1131 | test_corr=(0.896, 0.947)
Epoch 194/200 | time=0.632s | train_loss=0.0559 | train_corr=(0.962, 0.994) | val_loss=0.0545 | val_corr=(0.962, 0.994) | test_loss=0.1136 | test_corr=(0.896, 0.946)
Epoch 195/200 | time=0.641s | train_loss=0.0511 | train_corr=(0.961, 0.994) | val_loss=0.054 | val_corr=(0.961, 0.993) | test_loss=0.1135 | test_corr=(0.895, 0.947)
Epoch 196/200 | time=0.63s | train_loss=0.055 | train_corr=(0.961, 0.993) | val_loss=0.0562 | val_corr=(0.96, 0.993) | test_loss=0.1154 | test_corr=(0.893, 0.945)
Epoch 197/200 | time=0.63s | train_loss=0.0583 | train_corr=(0.959, 0.992) | val_loss=0.0595 | val_corr=(0.959, 0.991) | test_loss=0.116 | test_corr=(0.893, 0.944)
Epoch 198/200 | time=0.631s | train_loss=0.0595 | train_corr=(0.961, 0.991) | val_loss=0.0562 | val_corr=(0.96, 0.994) | test_loss=0.1172 | test_corr=(0.893, 0.946)
Epoch 199/200 | time=0.638s | train_loss=0.0588 | train_corr=(0.959, 0.993) | val_loss=0.056 | val_corr=(0.961, 0.993) | test_loss=0.1147 | test_corr=(0.894, 0.946)
Epoch 200/200 | time=0.647s | train_loss=0.0557 | train_corr=(0.962, 0.991) | val_loss=0.0607 | val_corr=(0.96, 0.993) | test_loss=0.1159 | test_corr=(0.896, 0.945)
────────────────────────────────────────────────────────────────────────────────────
                                           Time                    Allocations      
                                  ───────────────────────   ────────────────────────
        Tot / % measured:              1983s /  14.3%            303GiB /  89.1%    

Section                   ncalls     time    %tot     avg     alloc    %tot      avg
────────────────────────────────────────────────────────────────────────────────────
epoch                        200     269s   94.9%   1.34s    249GiB   92.1%  1.25GiB
  train                      200     204s   71.9%   1.02s    107GiB   39.7%   550MiB
    single_train_step!     2.00k     182s   64.1%  90.8ms   44.8GiB   16.6%  22.9MiB
    get training batch     2.00k    21.9s    7.7%  11.0ms   62.5GiB   23.1%  32.0MiB
  test                       200    51.2s   18.1%   256ms    118GiB   43.6%   604MiB
    get test loss          2.60k    31.4s   11.1%  12.1ms   39.9GiB   14.7%  15.7MiB
    get test batch         2.60k    19.8s    7.0%  7.60ms   78.1GiB   28.9%  30.8MiB
  validation                 200    13.7s    4.8%  68.6ms   23.8GiB    8.8%   122MiB
    validation loss          600    8.58s    3.0%  14.3ms   8.14GiB    3.0%  13.9MiB
    get validation data      600    4.82s    1.7%  8.03ms   15.6GiB    5.8%  26.7MiB
get_data                       1    14.5s    5.1%   14.5s   21.3GiB    7.9%  21.3GiB
────────────────────────────────────────────────────────────────────────────────────Iter 1/250 | loss=30626.947 | avg_time=35.642s/iter | elapsed=35.6s | ETA=8874.8s
Iter 10/250 | loss=16150.342 | avg_time=3.728s/iter | elapsed=37.3s | ETA=894.8s
Iter 20/250 | loss=10562.243 | avg_time=1.936s/iter | elapsed=38.7s | ETA=445.2s
Iter 30/250 | loss=6815.8594 | avg_time=1.338s/iter | elapsed=40.1s | ETA=294.3s
Iter 40/250 | loss=4112.665 | avg_time=1.041s/iter | elapsed=41.7s | ETA=218.7s
Iter 50/250 | loss=2926.5437 | avg_time=0.864s/iter | elapsed=43.2s | ETA=172.8s
Iter 60/250 | loss=2357.858 | avg_time=0.746s/iter | elapsed=44.8s | ETA=141.8s
Iter 70/250 | loss=1902.652 | avg_time=0.663s/iter | elapsed=46.4s | ETA=119.3s
Iter 80/250 | loss=1613.3353 | avg_time=0.6s/iter | elapsed=48.0s | ETA=102.0s
Iter 90/250 | loss=1628.7933 | avg_time=0.553s/iter | elapsed=49.7s | ETA=88.4s
Iter 100/250 | loss=1463.4778 | avg_time=0.514s/iter | elapsed=51.4s | ETA=77.1s
Iter 110/250 | loss=1310.9055 | avg_time=0.482s/iter | elapsed=53.0s | ETA=67.5s
Iter 120/250 | loss=1307.4504 | avg_time=0.456s/iter | elapsed=54.7s | ETA=59.2s
Iter 130/250 | loss=1221.5284 | avg_time=0.434s/iter | elapsed=56.4s | ETA=52.1s
Iter 140/250 | loss=1388.0353 | avg_time=0.415s/iter | elapsed=58.1s | ETA=45.6s
Iter 150/250 | loss=1043.3376 | avg_time=0.399s/iter | elapsed=59.9s | ETA=39.9s
Iter 160/250 | loss=919.1415 | avg_time=0.386s/iter | elapsed=61.7s | ETA=34.7s
Iter 170/250 | loss=925.6435 | avg_time=0.374s/iter | elapsed=63.5s | ETA=29.9s
Iter 180/250 | loss=935.10864 | avg_time=0.362s/iter | elapsed=65.2s | ETA=25.4s
Iter 190/250 | loss=807.095 | avg_time=0.352s/iter | elapsed=67.0s | ETA=21.1s
Iter 200/250 | loss=979.60547 | avg_time=0.343s/iter | elapsed=68.6s | ETA=17.1s
Iter 210/250 | loss=1005.6692 | avg_time=0.335s/iter | elapsed=70.3s | ETA=13.4s
Iter 220/250 | loss=909.3014 | avg_time=0.327s/iter | elapsed=72.0s | ETA=9.8s
Iter 230/250 | loss=813.27136 | avg_time=0.32s/iter | elapsed=73.6s | ETA=6.4s
Iter 240/250 | loss=921.9946 | avg_time=0.314s/iter | elapsed=75.4s | ETA=3.1s
Iter 250/250 | loss=832.1669 | avg_time=0.309s/iter | elapsed=77.2s | ETA=0.0s
Iter 250/250 | loss=729.3868 | avg_time=0.31s/iter | elapsed=77.4s | ETA=0.0s
Epoch 1/200 | time=0.832s | train_loss=0.1052 | train_corr=(0.904, 0.951) | val_loss=0.0864 | val_corr=(0.932, 0.968) | test_loss=0.108 | test_corr=(0.91, 0.965)
Epoch 2/200 | time=0.788s | train_loss=0.0905 | train_corr=(0.925, 0.955) | val_loss=0.0844 | val_corr=(0.934, 0.968) | test_loss=0.1024 | test_corr=(0.917, 0.967)
Epoch 3/200 | time=1.205s | train_loss=0.0916 | train_corr=(0.924, 0.96) | val_loss=0.0819 | val_corr=(0.935, 0.971) | test_loss=0.1032 | test_corr=(0.914, 0.969)
Epoch 4/200 | time=0.638s | train_loss=0.0777 | train_corr=(0.936, 0.975) | val_loss=0.0785 | val_corr=(0.935, 0.971) | test_loss=0.0992 | test_corr=(0.916, 0.968)
Epoch 5/200 | time=0.653s | train_loss=0.1079 | train_corr=(0.9, 0.939) | val_loss=0.0765 | val_corr=(0.937, 0.973) | test_loss=0.0971 | test_corr=(0.917, 0.97)
Epoch 6/200 | time=0.647s | train_loss=0.0615 | train_corr=(0.954, 0.989) | val_loss=0.0769 | val_corr=(0.939, 0.973) | test_loss=0.0999 | test_corr=(0.914, 0.969)
Epoch 7/200 | time=0.65s | train_loss=0.084 | train_corr=(0.929, 0.959) | val_loss=0.0766 | val_corr=(0.938, 0.973) | test_loss=0.0959 | test_corr=(0.92, 0.97)
Epoch 8/200 | time=0.633s | train_loss=0.0731 | train_corr=(0.941, 0.979) | val_loss=0.0752 | val_corr=(0.94, 0.974) | test_loss=0.0995 | test_corr=(0.915, 0.968)
Epoch 9/200 | time=0.648s | train_loss=0.0726 | train_corr=(0.943, 0.973) | val_loss=0.0752 | val_corr=(0.94, 0.974) | test_loss=0.0967 | test_corr=(0.918, 0.97)
Epoch 10/200 | time=0.641s | train_loss=0.0728 | train_corr=(0.943, 0.978) | val_loss=0.0742 | val_corr=(0.941, 0.975) | test_loss=0.0953 | test_corr=(0.919, 0.971)
Epoch 11/200 | time=0.643s | train_loss=0.0695 | train_corr=(0.945, 0.983) | val_loss=0.0732 | val_corr=(0.942, 0.975) | test_loss=0.0959 | test_corr=(0.92, 0.969)
Epoch 12/200 | time=0.632s | train_loss=0.0659 | train_corr=(0.948, 0.981) | val_loss=0.0734 | val_corr=(0.942, 0.976) | test_loss=0.0961 | test_corr=(0.918, 0.971)
Epoch 13/200 | time=0.639s | train_loss=0.073 | train_corr=(0.942, 0.978) | val_loss=0.072 | val_corr=(0.944, 0.977) | test_loss=0.0963 | test_corr=(0.918, 0.97)
Epoch 14/200 | time=0.642s | train_loss=0.0823 | train_corr=(0.929, 0.965) | val_loss=0.0724 | val_corr=(0.944, 0.977) | test_loss=0.0957 | test_corr=(0.919, 0.971)
Epoch 15/200 | time=0.646s | train_loss=0.0749 | train_corr=(0.939, 0.97) | val_loss=0.0713 | val_corr=(0.945, 0.978) | test_loss=0.0964 | test_corr=(0.918, 0.971)
Epoch 16/200 | time=0.638s | train_loss=0.0629 | train_corr=(0.953, 0.989) | val_loss=0.0702 | val_corr=(0.946, 0.979) | test_loss=0.0952 | test_corr=(0.919, 0.972)
Epoch 17/200 | time=0.646s | train_loss=0.0594 | train_corr=(0.957, 0.991) | val_loss=0.0703 | val_corr=(0.947, 0.979) | test_loss=0.0956 | test_corr=(0.921, 0.97)
Epoch 18/200 | time=0.644s | train_loss=0.066 | train_corr=(0.948, 0.983) | val_loss=0.0689 | val_corr=(0.948, 0.98) | test_loss=0.0955 | test_corr=(0.92, 0.971)
Epoch 19/200 | time=0.651s | train_loss=0.059 | train_corr=(0.955, 0.99) | val_loss=0.0678 | val_corr=(0.949, 0.981) | test_loss=0.0941 | test_corr=(0.922, 0.972)
Epoch 20/200 | time=0.631s | train_loss=0.0673 | train_corr=(0.947, 0.979) | val_loss=0.0678 | val_corr=(0.95, 0.982) | test_loss=0.0934 | test_corr=(0.921, 0.972)
Epoch 21/200 | time=0.645s | train_loss=0.0631 | train_corr=(0.953, 0.986) | val_loss=0.0666 | val_corr=(0.951, 0.984) | test_loss=0.0931 | test_corr=(0.923, 0.973)
Epoch 22/200 | time=0.649s | train_loss=0.0617 | train_corr=(0.954, 0.987) | val_loss=0.0647 | val_corr=(0.952, 0.985) | test_loss=0.0906 | test_corr=(0.927, 0.973)
Epoch 23/200 | time=0.644s | train_loss=0.0658 | train_corr=(0.95, 0.983) | val_loss=0.064 | val_corr=(0.953, 0.986) | test_loss=0.0918 | test_corr=(0.925, 0.973)
Epoch 24/200 | time=0.632s | train_loss=0.0605 | train_corr=(0.954, 0.987) | val_loss=0.063 | val_corr=(0.954, 0.987) | test_loss=0.0906 | test_corr=(0.926, 0.975)
Epoch 25/200 | time=0.645s | train_loss=0.0591 | train_corr=(0.958, 0.99) | val_loss=0.0622 | val_corr=(0.955, 0.988) | test_loss=0.091 | test_corr=(0.925, 0.974)
Epoch 26/200 | time=0.642s | train_loss=0.0563 | train_corr=(0.958, 0.992) | val_loss=0.062 | val_corr=(0.956, 0.989) | test_loss=0.0911 | test_corr=(0.926, 0.973)
Epoch 27/200 | time=0.642s | train_loss=0.0525 | train_corr=(0.96, 0.993) | val_loss=0.0606 | val_corr=(0.957, 0.989) | test_loss=0.092 | test_corr=(0.926, 0.972)
Epoch 28/200 | time=0.631s | train_loss=0.0642 | train_corr=(0.954, 0.987) | val_loss=0.061 | val_corr=(0.956, 0.989) | test_loss=0.0898 | test_corr=(0.926, 0.974)
Epoch 29/200 | time=0.645s | train_loss=0.055 | train_corr=(0.959, 0.993) | val_loss=0.0614 | val_corr=(0.956, 0.989) | test_loss=0.0908 | test_corr=(0.925, 0.974)
Epoch 30/200 | time=0.646s | train_loss=0.0535 | train_corr=(0.961, 0.993) | val_loss=0.0588 | val_corr=(0.958, 0.99) | test_loss=0.0898 | test_corr=(0.927, 0.974)
Epoch 31/200 | time=0.645s | train_loss=0.0634 | train_corr=(0.955, 0.988) | val_loss=0.059 | val_corr=(0.958, 0.99) | test_loss=0.0907 | test_corr=(0.925, 0.974)
Epoch 32/200 | time=0.632s | train_loss=0.0554 | train_corr=(0.96, 0.992) | val_loss=0.058 | val_corr=(0.958, 0.991) | test_loss=0.0892 | test_corr=(0.928, 0.974)
Epoch 33/200 | time=0.648s | train_loss=0.057 | train_corr=(0.958, 0.991) | val_loss=0.0583 | val_corr=(0.957, 0.991) | test_loss=0.0888 | test_corr=(0.928, 0.975)
Epoch 34/200 | time=0.643s | train_loss=0.0541 | train_corr=(0.959, 0.993) | val_loss=0.0574 | val_corr=(0.959, 0.991) | test_loss=0.0878 | test_corr=(0.929, 0.976)
Epoch 35/200 | time=0.646s | train_loss=0.0523 | train_corr=(0.962, 0.993) | val_loss=0.057 | val_corr=(0.959, 0.992) | test_loss=0.0884 | test_corr=(0.927, 0.975)
Epoch 36/200 | time=0.632s | train_loss=0.0556 | train_corr=(0.961, 0.993) | val_loss=0.0564 | val_corr=(0.959, 0.992) | test_loss=0.0887 | test_corr=(0.928, 0.975)
Epoch 37/200 | time=0.646s | train_loss=0.0554 | train_corr=(0.961, 0.993) | val_loss=0.0563 | val_corr=(0.96, 0.992) | test_loss=0.0887 | test_corr=(0.928, 0.975)
Epoch 38/200 | time=0.644s | train_loss=0.0558 | train_corr=(0.962, 0.993) | val_loss=0.0563 | val_corr=(0.96, 0.992) | test_loss=0.0884 | test_corr=(0.928, 0.976)
Epoch 39/200 | time=0.642s | train_loss=0.0526 | train_corr=(0.961, 0.994) | val_loss=0.0557 | val_corr=(0.96, 0.993) | test_loss=0.0877 | test_corr=(0.929, 0.976)
Epoch 40/200 | time=0.632s | train_loss=0.052 | train_corr=(0.962, 0.993) | val_loss=0.0551 | val_corr=(0.96, 0.992) | test_loss=0.0866 | test_corr=(0.93, 0.976)
Epoch 41/200 | time=0.646s | train_loss=0.0526 | train_corr=(0.96, 0.994) | val_loss=0.0551 | val_corr=(0.96, 0.992) | test_loss=0.0866 | test_corr=(0.929, 0.976)
Epoch 42/200 | time=0.641s | train_loss=0.0539 | train_corr=(0.961, 0.993) | val_loss=0.0551 | val_corr=(0.96, 0.992) | test_loss=0.0871 | test_corr=(0.93, 0.976)
Epoch 43/200 | time=0.643s | train_loss=0.0517 | train_corr=(0.961, 0.994) | val_loss=0.0546 | val_corr=(0.961, 0.993) | test_loss=0.0876 | test_corr=(0.929, 0.975)
Epoch 44/200 | time=0.632s | train_loss=0.0512 | train_corr=(0.962, 0.994) | val_loss=0.0551 | val_corr=(0.961, 0.993) | test_loss=0.0859 | test_corr=(0.931, 0.976)
Epoch 45/200 | time=0.65s | train_loss=0.0531 | train_corr=(0.962, 0.993) | val_loss=0.0543 | val_corr=(0.96, 0.993) | test_loss=0.0879 | test_corr=(0.929, 0.975)
Epoch 46/200 | time=0.642s | train_loss=0.0542 | train_corr=(0.961, 0.992) | val_loss=0.0546 | val_corr=(0.961, 0.992) | test_loss=0.0849 | test_corr=(0.931, 0.977)
Epoch 47/200 | time=0.649s | train_loss=0.0538 | train_corr=(0.961, 0.993) | val_loss=0.0548 | val_corr=(0.96, 0.993) | test_loss=0.0882 | test_corr=(0.927, 0.975)
Epoch 48/200 | time=0.633s | train_loss=0.0496 | train_corr=(0.964, 0.995) | val_loss=0.0541 | val_corr=(0.961, 0.993) | test_loss=0.085 | test_corr=(0.931, 0.977)
Epoch 49/200 | time=0.653s | train_loss=0.0532 | train_corr=(0.962, 0.994) | val_loss=0.0543 | val_corr=(0.961, 0.993) | test_loss=0.0886 | test_corr=(0.928, 0.975)
Epoch 50/200 | time=0.643s | train_loss=0.0525 | train_corr=(0.961, 0.993) | val_loss=0.054 | val_corr=(0.961, 0.993) | test_loss=0.0869 | test_corr=(0.93, 0.975)
Epoch 51/200 | time=0.648s | train_loss=0.0524 | train_corr=(0.963, 0.993) | val_loss=0.0554 | val_corr=(0.96, 0.993) | test_loss=0.087 | test_corr=(0.93, 0.976)
Epoch 52/200 | time=0.633s | train_loss=0.0499 | train_corr=(0.962, 0.994) | val_loss=0.0545 | val_corr=(0.961, 0.993) | test_loss=0.0894 | test_corr=(0.928, 0.975)
Epoch 53/200 | time=0.645s | train_loss=0.0533 | train_corr=(0.96, 0.993) | val_loss=0.0533 | val_corr=(0.961, 0.993) | test_loss=0.0858 | test_corr=(0.93, 0.977)
Epoch 54/200 | time=0.644s | train_loss=0.0494 | train_corr=(0.963, 0.994) | val_loss=0.0529 | val_corr=(0.962, 0.993) | test_loss=0.0869 | test_corr=(0.93, 0.975)
Epoch 55/200 | time=0.644s | train_loss=0.0501 | train_corr=(0.962, 0.994) | val_loss=0.053 | val_corr=(0.962, 0.993) | test_loss=0.0856 | test_corr=(0.93, 0.977)
Epoch 56/200 | time=0.635s | train_loss=0.0493 | train_corr=(0.963, 0.995) | val_loss=0.0531 | val_corr=(0.961, 0.993) | test_loss=0.0862 | test_corr=(0.93, 0.976)
Epoch 57/200 | time=0.646s | train_loss=0.0483 | train_corr=(0.963, 0.995) | val_loss=0.0528 | val_corr=(0.962, 0.993) | test_loss=0.0855 | test_corr=(0.93, 0.977)
Epoch 58/200 | time=0.646s | train_loss=0.0485 | train_corr=(0.964, 0.995) | val_loss=0.0526 | val_corr=(0.962, 0.993) | test_loss=0.0856 | test_corr=(0.93, 0.977)
Epoch 59/200 | time=0.643s | train_loss=0.0495 | train_corr=(0.963, 0.995) | val_loss=0.0529 | val_corr=(0.962, 0.993) | test_loss=0.0863 | test_corr=(0.93, 0.976)
Epoch 60/200 | time=0.634s | train_loss=0.049 | train_corr=(0.964, 0.994) | val_loss=0.0532 | val_corr=(0.962, 0.993) | test_loss=0.0859 | test_corr=(0.93, 0.977)
Epoch 61/200 | time=0.654s | train_loss=0.0506 | train_corr=(0.962, 0.994) | val_loss=0.0536 | val_corr=(0.961, 0.993) | test_loss=0.0871 | test_corr=(0.929, 0.977)
Epoch 62/200 | time=0.643s | train_loss=0.0483 | train_corr=(0.964, 0.995) | val_loss=0.0522 | val_corr=(0.962, 0.994) | test_loss=0.0858 | test_corr=(0.93, 0.977)
Epoch 63/200 | time=0.653s | train_loss=0.0494 | train_corr=(0.963, 0.995) | val_loss=0.0522 | val_corr=(0.962, 0.994) | test_loss=0.0868 | test_corr=(0.93, 0.976)
Epoch 64/200 | time=0.632s | train_loss=0.0482 | train_corr=(0.964, 0.995) | val_loss=0.0527 | val_corr=(0.963, 0.993) | test_loss=0.0854 | test_corr=(0.931, 0.977)
Epoch 65/200 | time=0.654s | train_loss=0.0486 | train_corr=(0.964, 0.995) | val_loss=0.053 | val_corr=(0.963, 0.993) | test_loss=0.0871 | test_corr=(0.929, 0.976)
Epoch 66/200 | time=0.639s | train_loss=0.0502 | train_corr=(0.963, 0.995) | val_loss=0.0524 | val_corr=(0.963, 0.993) | test_loss=0.0871 | test_corr=(0.929, 0.976)
Epoch 67/200 | time=0.649s | train_loss=0.0497 | train_corr=(0.962, 0.995) | val_loss=0.0511 | val_corr=(0.963, 0.994) | test_loss=0.0847 | test_corr=(0.932, 0.977)
Epoch 68/200 | time=0.628s | train_loss=0.0475 | train_corr=(0.964, 0.995) | val_loss=0.0513 | val_corr=(0.963, 0.994) | test_loss=0.0851 | test_corr=(0.931, 0.977)
Epoch 69/200 | time=0.645s | train_loss=0.0472 | train_corr=(0.964, 0.995) | val_loss=0.0517 | val_corr=(0.962, 0.994) | test_loss=0.0848 | test_corr=(0.932, 0.977)
Epoch 70/200 | time=0.642s | train_loss=0.0487 | train_corr=(0.963, 0.995) | val_loss=0.0515 | val_corr=(0.962, 0.994) | test_loss=0.0867 | test_corr=(0.93, 0.976)
Epoch 71/200 | time=0.651s | train_loss=0.0481 | train_corr=(0.962, 0.994) | val_loss=0.0517 | val_corr=(0.962, 0.994) | test_loss=0.0842 | test_corr=(0.931, 0.978)
Epoch 72/200 | time=0.652s | train_loss=0.0469 | train_corr=(0.964, 0.995) | val_loss=0.0505 | val_corr=(0.963, 0.994) | test_loss=0.0845 | test_corr=(0.93, 0.977)
Epoch 73/200 | time=0.648s | train_loss=0.0466 | train_corr=(0.965, 0.995) | val_loss=0.0502 | val_corr=(0.963, 0.994) | test_loss=0.0839 | test_corr=(0.932, 0.978)
Epoch 74/200 | time=0.652s | train_loss=0.0463 | train_corr=(0.965, 0.995) | val_loss=0.0506 | val_corr=(0.963, 0.994) | test_loss=0.0835 | test_corr=(0.933, 0.978)
Epoch 75/200 | time=0.639s | train_loss=0.048 | train_corr=(0.964, 0.995) | val_loss=0.0501 | val_corr=(0.963, 0.994) | test_loss=0.0843 | test_corr=(0.932, 0.977)
Epoch 76/200 | time=0.641s | train_loss=0.046 | train_corr=(0.964, 0.995) | val_loss=0.0496 | val_corr=(0.964, 0.994) | test_loss=0.0842 | test_corr=(0.932, 0.977)
Epoch 77/200 | time=0.646s | train_loss=0.047 | train_corr=(0.965, 0.995) | val_loss=0.0498 | val_corr=(0.964, 0.994) | test_loss=0.0844 | test_corr=(0.932, 0.977)
Epoch 78/200 | time=0.652s | train_loss=0.0497 | train_corr=(0.964, 0.994) | val_loss=0.0506 | val_corr=(0.963, 0.994) | test_loss=0.0848 | test_corr=(0.931, 0.978)
Epoch 79/200 | time=0.644s | train_loss=0.0452 | train_corr=(0.964, 0.995) | val_loss=0.0505 | val_corr=(0.963, 0.994) | test_loss=0.0862 | test_corr=(0.929, 0.976)
Epoch 80/200 | time=0.636s | train_loss=0.0469 | train_corr=(0.965, 0.995) | val_loss=0.0503 | val_corr=(0.963, 0.994) | test_loss=0.0845 | test_corr=(0.931, 0.977)
Epoch 81/200 | time=0.647s | train_loss=0.0491 | train_corr=(0.965, 0.995) | val_loss=0.0508 | val_corr=(0.963, 0.994) | test_loss=0.0838 | test_corr=(0.933, 0.977)
Epoch 82/200 | time=0.645s | train_loss=0.0498 | train_corr=(0.965, 0.995) | val_loss=0.0505 | val_corr=(0.963, 0.994) | test_loss=0.0837 | test_corr=(0.932, 0.978)
Epoch 83/200 | time=0.649s | train_loss=0.0475 | train_corr=(0.965, 0.995) | val_loss=0.0504 | val_corr=(0.963, 0.994) | test_loss=0.0852 | test_corr=(0.931, 0.977)
Epoch 84/200 | time=0.636s | train_loss=0.0475 | train_corr=(0.963, 0.995) | val_loss=0.05 | val_corr=(0.964, 0.994) | test_loss=0.083 | test_corr=(0.933, 0.978)
Epoch 85/200 | time=0.65s | train_loss=0.0459 | train_corr=(0.964, 0.995) | val_loss=0.0504 | val_corr=(0.964, 0.994) | test_loss=0.0841 | test_corr=(0.933, 0.978)
Epoch 86/200 | time=0.66s | train_loss=0.0478 | train_corr=(0.963, 0.994) | val_loss=0.05 | val_corr=(0.963, 0.994) | test_loss=0.0835 | test_corr=(0.931, 0.978)
Epoch 87/200 | time=0.655s | train_loss=0.0489 | train_corr=(0.963, 0.994) | val_loss=0.0491 | val_corr=(0.964, 0.994) | test_loss=0.0833 | test_corr=(0.933, 0.977)
Epoch 88/200 | time=0.637s | train_loss=0.049 | train_corr=(0.963, 0.995) | val_loss=0.0506 | val_corr=(0.963, 0.994) | test_loss=0.0855 | test_corr=(0.931, 0.977)
Epoch 89/200 | time=0.654s | train_loss=0.0469 | train_corr=(0.963, 0.994) | val_loss=0.051 | val_corr=(0.962, 0.993) | test_loss=0.0835 | test_corr=(0.932, 0.977)
Epoch 90/200 | time=0.646s | train_loss=0.0493 | train_corr=(0.964, 0.995) | val_loss=0.0503 | val_corr=(0.964, 0.994) | test_loss=0.0831 | test_corr=(0.933, 0.978)
Epoch 91/200 | time=0.65s | train_loss=0.0474 | train_corr=(0.964, 0.995) | val_loss=0.0494 | val_corr=(0.964, 0.994) | test_loss=0.0856 | test_corr=(0.93, 0.977)
Epoch 92/200 | time=0.642s | train_loss=0.0449 | train_corr=(0.965, 0.995) | val_loss=0.0491 | val_corr=(0.964, 0.994) | test_loss=0.083 | test_corr=(0.933, 0.978)
Epoch 93/200 | time=0.653s | train_loss=0.0442 | train_corr=(0.966, 0.996) | val_loss=0.0489 | val_corr=(0.964, 0.995) | test_loss=0.0826 | test_corr=(0.933, 0.978)
Epoch 94/200 | time=0.658s | train_loss=0.0456 | train_corr=(0.965, 0.996) | val_loss=0.0483 | val_corr=(0.964, 0.995) | test_loss=0.0835 | test_corr=(0.932, 0.977)
Epoch 95/200 | time=0.656s | train_loss=0.0437 | train_corr=(0.966, 0.996) | val_loss=0.0486 | val_corr=(0.964, 0.995) | test_loss=0.0842 | test_corr=(0.931, 0.978)
Epoch 96/200 | time=0.635s | train_loss=0.0457 | train_corr=(0.965, 0.995) | val_loss=0.0482 | val_corr=(0.964, 0.995) | test_loss=0.082 | test_corr=(0.934, 0.978)
Epoch 97/200 | time=0.651s | train_loss=0.0439 | train_corr=(0.965, 0.996) | val_loss=0.0479 | val_corr=(0.964, 0.995) | test_loss=0.0829 | test_corr=(0.933, 0.978)
Epoch 98/200 | time=0.653s | train_loss=0.0454 | train_corr=(0.965, 0.995) | val_loss=0.0484 | val_corr=(0.965, 0.995) | test_loss=0.083 | test_corr=(0.933, 0.978)
Epoch 99/200 | time=0.653s | train_loss=0.0439 | train_corr=(0.966, 0.995) | val_loss=0.0486 | val_corr=(0.964, 0.995) | test_loss=0.0845 | test_corr=(0.933, 0.977)
Epoch 100/200 | time=0.647s | train_loss=0.0449 | train_corr=(0.965, 0.995) | val_loss=0.0481 | val_corr=(0.964, 0.995) | test_loss=0.0839 | test_corr=(0.932, 0.977)
Epoch 101/200 | time=0.651s | train_loss=0.0454 | train_corr=(0.965, 0.996) | val_loss=0.0481 | val_corr=(0.965, 0.995) | test_loss=0.0833 | test_corr=(0.932, 0.977)
Epoch 102/200 | time=0.649s | train_loss=0.044 | train_corr=(0.965, 0.996) | val_loss=0.0482 | val_corr=(0.964, 0.994) | test_loss=0.0826 | test_corr=(0.933, 0.978)
Epoch 103/200 | time=0.648s | train_loss=0.0452 | train_corr=(0.965, 0.995) | val_loss=0.0478 | val_corr=(0.964, 0.995) | test_loss=0.0826 | test_corr=(0.932, 0.978)
Epoch 104/200 | time=0.636s | train_loss=0.0426 | train_corr=(0.965, 0.996) | val_loss=0.0477 | val_corr=(0.965, 0.995) | test_loss=0.0827 | test_corr=(0.933, 0.978)
Epoch 105/200 | time=0.651s | train_loss=0.0431 | train_corr=(0.965, 0.996) | val_loss=0.0474 | val_corr=(0.965, 0.995) | test_loss=0.0824 | test_corr=(0.933, 0.978)
Epoch 106/200 | time=0.65s | train_loss=0.0439 | train_corr=(0.965, 0.996) | val_loss=0.0477 | val_corr=(0.965, 0.995) | test_loss=0.0841 | test_corr=(0.932, 0.977)
Epoch 107/200 | time=0.66s | train_loss=0.0437 | train_corr=(0.966, 0.996) | val_loss=0.0481 | val_corr=(0.965, 0.995) | test_loss=0.0822 | test_corr=(0.934, 0.978)
Epoch 108/200 | time=0.655s | train_loss=0.0429 | train_corr=(0.966, 0.996) | val_loss=0.0474 | val_corr=(0.965, 0.995) | test_loss=0.0831 | test_corr=(0.933, 0.978)
Epoch 109/200 | time=0.657s | train_loss=0.043 | train_corr=(0.966, 0.996) | val_loss=0.0471 | val_corr=(0.965, 0.995) | test_loss=0.0833 | test_corr=(0.932, 0.977)
Epoch 110/200 | time=0.651s | train_loss=0.0445 | train_corr=(0.966, 0.996) | val_loss=0.0474 | val_corr=(0.964, 0.995) | test_loss=0.0833 | test_corr=(0.933, 0.978)
Epoch 111/200 | time=0.645s | train_loss=0.0454 | train_corr=(0.963, 0.996) | val_loss=0.0471 | val_corr=(0.965, 0.995) | test_loss=0.0824 | test_corr=(0.933, 0.978)
Epoch 112/200 | time=0.629s | train_loss=0.0439 | train_corr=(0.966, 0.996) | val_loss=0.048 | val_corr=(0.965, 0.995) | test_loss=0.0824 | test_corr=(0.934, 0.978)
Epoch 113/200 | time=0.645s | train_loss=0.0414 | train_corr=(0.967, 0.996) | val_loss=0.0479 | val_corr=(0.964, 0.995) | test_loss=0.083 | test_corr=(0.933, 0.978)
Epoch 114/200 | time=0.645s | train_loss=0.0442 | train_corr=(0.966, 0.996) | val_loss=0.0469 | val_corr=(0.965, 0.995) | test_loss=0.0827 | test_corr=(0.933, 0.978)
Epoch 115/200 | time=0.651s | train_loss=0.0439 | train_corr=(0.965, 0.996) | val_loss=0.0471 | val_corr=(0.965, 0.995) | test_loss=0.0833 | test_corr=(0.931, 0.977)
Epoch 116/200 | time=0.632s | train_loss=0.0434 | train_corr=(0.966, 0.996) | val_loss=0.0467 | val_corr=(0.965, 0.995) | test_loss=0.0832 | test_corr=(0.932, 0.978)
Epoch 117/200 | time=0.645s | train_loss=0.0444 | train_corr=(0.966, 0.996) | val_loss=0.0469 | val_corr=(0.965, 0.995) | test_loss=0.0824 | test_corr=(0.933, 0.978)
Epoch 118/200 | time=0.65s | train_loss=0.045 | train_corr=(0.965, 0.996) | val_loss=0.0475 | val_corr=(0.964, 0.995) | test_loss=0.0834 | test_corr=(0.932, 0.977)
Epoch 119/200 | time=0.643s | train_loss=0.0439 | train_corr=(0.966, 0.996) | val_loss=0.0471 | val_corr=(0.965, 0.995) | test_loss=0.0825 | test_corr=(0.934, 0.978)
Epoch 120/200 | time=0.63s | train_loss=0.0432 | train_corr=(0.966, 0.996) | val_loss=0.0468 | val_corr=(0.964, 0.995) | test_loss=0.0839 | test_corr=(0.932, 0.977)
Epoch 121/200 | time=0.646s | train_loss=0.0426 | train_corr=(0.966, 0.996) | val_loss=0.0466 | val_corr=(0.965, 0.995) | test_loss=0.0821 | test_corr=(0.933, 0.978)
Epoch 122/200 | time=0.643s | train_loss=0.0419 | train_corr=(0.967, 0.996) | val_loss=0.0468 | val_corr=(0.964, 0.995) | test_loss=0.0821 | test_corr=(0.933, 0.978)
Epoch 123/200 | time=0.652s | train_loss=0.0417 | train_corr=(0.966, 0.996) | val_loss=0.0465 | val_corr=(0.965, 0.995) | test_loss=0.0824 | test_corr=(0.933, 0.977)
Epoch 124/200 | time=0.633s | train_loss=0.0434 | train_corr=(0.966, 0.996) | val_loss=0.0461 | val_corr=(0.965, 0.995) | test_loss=0.0813 | test_corr=(0.934, 0.979)
Epoch 125/200 | time=0.648s | train_loss=0.0422 | train_corr=(0.965, 0.996) | val_loss=0.0463 | val_corr=(0.965, 0.995) | test_loss=0.083 | test_corr=(0.931, 0.977)
Epoch 126/200 | time=0.653s | train_loss=0.0435 | train_corr=(0.966, 0.996) | val_loss=0.0464 | val_corr=(0.965, 0.995) | test_loss=0.0825 | test_corr=(0.933, 0.978)
Epoch 127/200 | time=0.643s | train_loss=0.0434 | train_corr=(0.967, 0.996) | val_loss=0.0462 | val_corr=(0.965, 0.995) | test_loss=0.0824 | test_corr=(0.933, 0.977)
Epoch 128/200 | time=0.631s | train_loss=0.0429 | train_corr=(0.966, 0.996) | val_loss=0.0469 | val_corr=(0.964, 0.995) | test_loss=0.0817 | test_corr=(0.934, 0.979)
Epoch 129/200 | time=0.646s | train_loss=0.0429 | train_corr=(0.966, 0.996) | val_loss=0.0466 | val_corr=(0.965, 0.995) | test_loss=0.0808 | test_corr=(0.936, 0.978)
Epoch 130/200 | time=0.644s | train_loss=0.0412 | train_corr=(0.967, 0.996) | val_loss=0.0467 | val_corr=(0.965, 0.995) | test_loss=0.083 | test_corr=(0.932, 0.977)
Epoch 131/200 | time=0.653s | train_loss=0.0421 | train_corr=(0.965, 0.996) | val_loss=0.0463 | val_corr=(0.965, 0.995) | test_loss=0.082 | test_corr=(0.933, 0.978)
Epoch 132/200 | time=0.628s | train_loss=0.042 | train_corr=(0.966, 0.996) | val_loss=0.0461 | val_corr=(0.965, 0.995) | test_loss=0.0814 | test_corr=(0.933, 0.978)
Epoch 133/200 | time=0.647s | train_loss=0.042 | train_corr=(0.966, 0.996) | val_loss=0.0473 | val_corr=(0.964, 0.995) | test_loss=0.0835 | test_corr=(0.933, 0.978)
Epoch 134/200 | time=0.643s | train_loss=0.0422 | train_corr=(0.965, 0.995) | val_loss=0.0472 | val_corr=(0.965, 0.995) | test_loss=0.0828 | test_corr=(0.932, 0.977)
Epoch 135/200 | time=0.643s | train_loss=0.044 | train_corr=(0.967, 0.996) | val_loss=0.0465 | val_corr=(0.965, 0.995) | test_loss=0.0814 | test_corr=(0.934, 0.978)
Epoch 136/200 | time=0.633s | train_loss=0.0407 | train_corr=(0.966, 0.996) | val_loss=0.0464 | val_corr=(0.965, 0.995) | test_loss=0.0841 | test_corr=(0.931, 0.977)
Epoch 137/200 | time=0.645s | train_loss=0.0462 | train_corr=(0.966, 0.996) | val_loss=0.046 | val_corr=(0.965, 0.995) | test_loss=0.0819 | test_corr=(0.933, 0.978)
Epoch 138/200 | time=0.646s | train_loss=0.0413 | train_corr=(0.967, 0.996) | val_loss=0.0462 | val_corr=(0.966, 0.995) | test_loss=0.0817 | test_corr=(0.934, 0.978)
Epoch 139/200 | time=0.642s | train_loss=0.0427 | train_corr=(0.966, 0.996) | val_loss=0.0457 | val_corr=(0.965, 0.995) | test_loss=0.0819 | test_corr=(0.933, 0.979)
Epoch 140/200 | time=0.637s | train_loss=0.0403 | train_corr=(0.966, 0.997) | val_loss=0.0454 | val_corr=(0.965, 0.995) | test_loss=0.0814 | test_corr=(0.934, 0.978)
Epoch 141/200 | time=0.646s | train_loss=0.0413 | train_corr=(0.968, 0.996) | val_loss=0.0458 | val_corr=(0.965, 0.995) | test_loss=0.0829 | test_corr=(0.932, 0.978)
Epoch 142/200 | time=0.644s | train_loss=0.042 | train_corr=(0.967, 0.996) | val_loss=0.045 | val_corr=(0.966, 0.995) | test_loss=0.081 | test_corr=(0.934, 0.978)
Epoch 143/200 | time=0.642s | train_loss=0.0404 | train_corr=(0.966, 0.996) | val_loss=0.0451 | val_corr=(0.966, 0.995) | test_loss=0.0815 | test_corr=(0.933, 0.978)
Epoch 144/200 | time=0.634s | train_loss=0.0413 | train_corr=(0.966, 0.996) | val_loss=0.0453 | val_corr=(0.965, 0.995) | test_loss=0.0808 | test_corr=(0.933, 0.979)
Epoch 145/200 | time=0.646s | train_loss=0.0416 | train_corr=(0.966, 0.996) | val_loss=0.0455 | val_corr=(0.966, 0.995) | test_loss=0.0819 | test_corr=(0.932, 0.978)
Epoch 146/200 | time=0.644s | train_loss=0.0425 | train_corr=(0.966, 0.996) | val_loss=0.0461 | val_corr=(0.966, 0.995) | test_loss=0.0817 | test_corr=(0.934, 0.978)
Epoch 147/200 | time=0.644s | train_loss=0.0422 | train_corr=(0.967, 0.996) | val_loss=0.0459 | val_corr=(0.965, 0.995) | test_loss=0.0822 | test_corr=(0.933, 0.978)
Epoch 148/200 | time=0.624s | train_loss=0.0411 | train_corr=(0.968, 0.996) | val_loss=0.0451 | val_corr=(0.966, 0.995) | test_loss=0.0804 | test_corr=(0.935, 0.978)
Epoch 149/200 | time=0.636s | train_loss=0.0423 | train_corr=(0.966, 0.996) | val_loss=0.0448 | val_corr=(0.966, 0.995) | test_loss=0.0817 | test_corr=(0.932, 0.978)
Epoch 150/200 | time=0.646s | train_loss=0.0427 | train_corr=(0.967, 0.996) | val_loss=0.0451 | val_corr=(0.966, 0.995) | test_loss=0.0811 | test_corr=(0.934, 0.978)
Epoch 151/200 | time=0.637s | train_loss=0.0411 | train_corr=(0.965, 0.997) | val_loss=0.0455 | val_corr=(0.965, 0.995) | test_loss=0.0811 | test_corr=(0.935, 0.979)
Epoch 152/200 | time=0.627s | train_loss=0.0413 | train_corr=(0.967, 0.996) | val_loss=0.0448 | val_corr=(0.966, 0.995) | test_loss=0.0822 | test_corr=(0.932, 0.978)
Epoch 153/200 | time=0.635s | train_loss=0.0425 | train_corr=(0.967, 0.996) | val_loss=0.0449 | val_corr=(0.966, 0.995) | test_loss=0.0821 | test_corr=(0.932, 0.978)
Epoch 154/200 | time=0.643s | train_loss=0.0408 | train_corr=(0.967, 0.996) | val_loss=0.045 | val_corr=(0.966, 0.995) | test_loss=0.0807 | test_corr=(0.933, 0.978)
Epoch 155/200 | time=0.646s | train_loss=0.0428 | train_corr=(0.966, 0.996) | val_loss=0.0453 | val_corr=(0.965, 0.995) | test_loss=0.0822 | test_corr=(0.932, 0.978)
Epoch 156/200 | time=0.629s | train_loss=0.0416 | train_corr=(0.966, 0.996) | val_loss=0.0447 | val_corr=(0.966, 0.995) | test_loss=0.0816 | test_corr=(0.934, 0.978)
Epoch 157/200 | time=0.636s | train_loss=0.041 | train_corr=(0.966, 0.996) | val_loss=0.044 | val_corr=(0.966, 0.995) | test_loss=0.0815 | test_corr=(0.933, 0.978)
Epoch 158/200 | time=0.645s | train_loss=0.0412 | train_corr=(0.966, 0.996) | val_loss=0.044 | val_corr=(0.966, 0.995) | test_loss=0.0808 | test_corr=(0.934, 0.978)
Epoch 159/200 | time=0.639s | train_loss=0.0418 | train_corr=(0.965, 0.996) | val_loss=0.0444 | val_corr=(0.965, 0.996) | test_loss=0.0812 | test_corr=(0.934, 0.978)
Epoch 160/200 | time=0.627s | train_loss=0.0414 | train_corr=(0.967, 0.996) | val_loss=0.044 | val_corr=(0.966, 0.995) | test_loss=0.0804 | test_corr=(0.935, 0.978)
Epoch 161/200 | time=0.65s | train_loss=0.0417 | train_corr=(0.967, 0.996) | val_loss=0.0439 | val_corr=(0.966, 0.995) | test_loss=0.0809 | test_corr=(0.934, 0.978)
Epoch 162/200 | time=0.638s | train_loss=0.0398 | train_corr=(0.967, 0.996) | val_loss=0.044 | val_corr=(0.966, 0.995) | test_loss=0.0809 | test_corr=(0.933, 0.978)
Epoch 163/200 | time=0.651s | train_loss=0.0414 | train_corr=(0.965, 0.997) | val_loss=0.0442 | val_corr=(0.966, 0.995) | test_loss=0.0811 | test_corr=(0.933, 0.978)
Epoch 164/200 | time=0.629s | train_loss=0.0403 | train_corr=(0.967, 0.996) | val_loss=0.0441 | val_corr=(0.966, 0.995) | test_loss=0.0801 | test_corr=(0.934, 0.979)
Epoch 165/200 | time=0.646s | train_loss=0.0442 | train_corr=(0.967, 0.996) | val_loss=0.0446 | val_corr=(0.965, 0.995) | test_loss=0.0829 | test_corr=(0.931, 0.978)
Epoch 166/200 | time=0.643s | train_loss=0.0395 | train_corr=(0.966, 0.996) | val_loss=0.0448 | val_corr=(0.967, 0.995) | test_loss=0.081 | test_corr=(0.934, 0.978)
Epoch 167/200 | time=0.643s | train_loss=0.0403 | train_corr=(0.967, 0.997) | val_loss=0.0443 | val_corr=(0.966, 0.995) | test_loss=0.0803 | test_corr=(0.934, 0.979)
Epoch 168/200 | time=0.624s | train_loss=0.0421 | train_corr=(0.965, 0.996) | val_loss=0.0452 | val_corr=(0.966, 0.995) | test_loss=0.0829 | test_corr=(0.933, 0.977)
Epoch 169/200 | time=0.652s | train_loss=0.0403 | train_corr=(0.967, 0.997) | val_loss=0.0454 | val_corr=(0.965, 0.995) | test_loss=0.0831 | test_corr=(0.932, 0.977)
Epoch 170/200 | time=0.635s | train_loss=0.0397 | train_corr=(0.968, 0.996) | val_loss=0.0446 | val_corr=(0.967, 0.995) | test_loss=0.0806 | test_corr=(0.933, 0.978)
Epoch 171/200 | time=0.678s | train_loss=0.041 | train_corr=(0.967, 0.996) | val_loss=0.0443 | val_corr=(0.966, 0.995) | test_loss=0.0818 | test_corr=(0.932, 0.978)
Epoch 172/200 | time=0.627s | train_loss=0.039 | train_corr=(0.966, 0.996) | val_loss=0.0447 | val_corr=(0.966, 0.995) | test_loss=0.0829 | test_corr=(0.931, 0.976)
Epoch 173/200 | time=0.645s | train_loss=0.0407 | train_corr=(0.966, 0.996) | val_loss=0.044 | val_corr=(0.966, 0.995) | test_loss=0.0799 | test_corr=(0.935, 0.979)
Epoch 174/200 | time=0.65s | train_loss=0.0402 | train_corr=(0.967, 0.996) | val_loss=0.0445 | val_corr=(0.966, 0.995) | test_loss=0.0817 | test_corr=(0.933, 0.977)
Epoch 175/200 | time=0.65s | train_loss=0.0397 | train_corr=(0.968, 0.997) | val_loss=0.0435 | val_corr=(0.966, 0.996) | test_loss=0.08 | test_corr=(0.934, 0.979)
Epoch 176/200 | time=0.631s | train_loss=0.0392 | train_corr=(0.966, 0.996) | val_loss=0.0441 | val_corr=(0.966, 0.995) | test_loss=0.0814 | test_corr=(0.933, 0.978)
Epoch 177/200 | time=0.648s | train_loss=0.041 | train_corr=(0.968, 0.997) | val_loss=0.0438 | val_corr=(0.966, 0.995) | test_loss=0.0807 | test_corr=(0.934, 0.978)
Epoch 178/200 | time=0.639s | train_loss=0.0406 | train_corr=(0.966, 0.997) | val_loss=0.0442 | val_corr=(0.966, 0.995) | test_loss=0.0814 | test_corr=(0.933, 0.978)
Epoch 179/200 | time=0.642s | train_loss=0.0404 | train_corr=(0.967, 0.997) | val_loss=0.0446 | val_corr=(0.966, 0.995) | test_loss=0.0826 | test_corr=(0.931, 0.977)
Epoch 180/200 | time=0.629s | train_loss=0.0385 | train_corr=(0.967, 0.997) | val_loss=0.0433 | val_corr=(0.966, 0.996) | test_loss=0.0801 | test_corr=(0.933, 0.978)
Epoch 181/200 | time=0.639s | train_loss=0.0408 | train_corr=(0.968, 0.996) | val_loss=0.0438 | val_corr=(0.966, 0.995) | test_loss=0.0802 | test_corr=(0.934, 0.978)
Epoch 182/200 | time=0.647s | train_loss=0.0397 | train_corr=(0.968, 0.997) | val_loss=0.0438 | val_corr=(0.966, 0.995) | test_loss=0.0821 | test_corr=(0.932, 0.977)
Epoch 183/200 | time=0.645s | train_loss=0.0419 | train_corr=(0.967, 0.996) | val_loss=0.0447 | val_corr=(0.965, 0.995) | test_loss=0.0813 | test_corr=(0.934, 0.978)
Epoch 184/200 | time=0.632s | train_loss=0.0405 | train_corr=(0.966, 0.996) | val_loss=0.044 | val_corr=(0.967, 0.995) | test_loss=0.0803 | test_corr=(0.934, 0.978)
Epoch 185/200 | time=0.647s | train_loss=0.0392 | train_corr=(0.966, 0.997) | val_loss=0.0437 | val_corr=(0.966, 0.995) | test_loss=0.0806 | test_corr=(0.933, 0.978)
Epoch 186/200 | time=0.648s | train_loss=0.039 | train_corr=(0.968, 0.997) | val_loss=0.0434 | val_corr=(0.966, 0.995) | test_loss=0.0805 | test_corr=(0.934, 0.978)
Epoch 187/200 | time=0.646s | train_loss=0.0417 | train_corr=(0.968, 0.996) | val_loss=0.0449 | val_corr=(0.964, 0.996) | test_loss=0.0819 | test_corr=(0.932, 0.979)
Epoch 188/200 | time=0.624s | train_loss=0.0412 | train_corr=(0.967, 0.997) | val_loss=0.0448 | val_corr=(0.966, 0.995) | test_loss=0.0826 | test_corr=(0.933, 0.977)
Epoch 189/200 | time=0.634s | train_loss=0.0419 | train_corr=(0.967, 0.996) | val_loss=0.0442 | val_corr=(0.967, 0.995) | test_loss=0.0826 | test_corr=(0.932, 0.977)
Epoch 190/200 | time=0.643s | train_loss=0.0403 | train_corr=(0.967, 0.996) | val_loss=0.0443 | val_corr=(0.966, 0.995) | test_loss=0.083 | test_corr=(0.933, 0.977)
Epoch 191/200 | time=0.642s | train_loss=0.0395 | train_corr=(0.968, 0.997) | val_loss=0.0432 | val_corr=(0.966, 0.996) | test_loss=0.0802 | test_corr=(0.934, 0.978)
Epoch 192/200 | time=0.629s | train_loss=0.0409 | train_corr=(0.968, 0.996) | val_loss=0.0436 | val_corr=(0.966, 0.995) | test_loss=0.0817 | test_corr=(0.932, 0.977)
Epoch 193/200 | time=0.642s | train_loss=0.038 | train_corr=(0.967, 0.997) | val_loss=0.0427 | val_corr=(0.966, 0.996) | test_loss=0.0805 | test_corr=(0.933, 0.978)
Epoch 194/200 | time=0.646s | train_loss=0.0387 | train_corr=(0.967, 0.997) | val_loss=0.0424 | val_corr=(0.967, 0.996) | test_loss=0.0803 | test_corr=(0.933, 0.978)
Epoch 195/200 | time=0.652s | train_loss=0.0415 | train_corr=(0.967, 0.996) | val_loss=0.0429 | val_corr=(0.966, 0.996) | test_loss=0.081 | test_corr=(0.933, 0.977)
Epoch 196/200 | time=0.629s | train_loss=0.0387 | train_corr=(0.968, 0.996) | val_loss=0.0426 | val_corr=(0.966, 0.996) | test_loss=0.08 | test_corr=(0.934, 0.978)
Epoch 197/200 | time=0.639s | train_loss=0.0393 | train_corr=(0.967, 0.996) | val_loss=0.0426 | val_corr=(0.967, 0.995) | test_loss=0.0803 | test_corr=(0.934, 0.977)
Epoch 198/200 | time=0.646s | train_loss=0.0385 | train_corr=(0.968, 0.997) | val_loss=0.0423 | val_corr=(0.966, 0.996) | test_loss=0.0795 | test_corr=(0.934, 0.979)
Epoch 199/200 | time=0.644s | train_loss=0.0383 | train_corr=(0.966, 0.997) | val_loss=0.0424 | val_corr=(0.967, 0.996) | test_loss=0.0805 | test_corr=(0.932, 0.978)
Epoch 200/200 | time=0.635s | train_loss=0.0398 | train_corr=(0.968, 0.997) | val_loss=0.0424 | val_corr=(0.967, 0.996) | test_loss=0.0789 | test_corr=(0.936, 0.979)
────────────────────────────────────────────────────────────────────────────────────
                                           Time                    Allocations      
                                  ───────────────────────   ────────────────────────
        Tot / % measured:              2228s /  18.8%            682GiB /  77.9%    

Section                   ncalls     time    %tot     avg     alloc    %tot      avg
────────────────────────────────────────────────────────────────────────────────────
epoch                        400     398s   94.9%   995ms    490GiB   92.1%  1.23GiB
  train                      400     267s   63.5%   667ms    206GiB   38.8%   529MiB
    single_train_step!     4.00k     222s   52.8%  55.4ms   81.5GiB   15.3%  20.9MiB
    get training batch     4.00k    44.7s   10.7%  11.2ms    125GiB   23.5%  32.0MiB
  test                       400     106s   25.3%   266ms    236GiB   44.4%   604MiB
    get test loss          5.20k    62.3s   14.8%  12.0ms   79.8GiB   15.0%  15.7MiB
    get test batch         5.20k    43.9s   10.5%  8.44ms    156GiB   29.4%  30.8MiB
  validation                 400    25.2s    6.0%  62.9ms   47.5GiB    8.9%   122MiB
    validation loss        1.20k    14.6s    3.5%  12.2ms   16.1GiB    3.0%  13.8MiB
    get validation data    1.20k    10.2s    2.4%  8.49ms   31.3GiB    5.9%  26.7MiB
get_data                       2    21.5s    5.1%   10.7s   41.8GiB    7.9%  20.9GiB
────────────────────────────────────────────────────────────────────────────────────Finished at Thu Apr  9 15:25:29 CEST 2026
