Running on host gpu014
Using 8 Julia threads
Starting at Thu Apr  9 10:23:47 CEST 2026
Loading Modules
Finished Loading Modules
Running hpc_AENODE_train.jl

Training AE for 200 epochs with λdiv=1000.0, λcurl=100.0)
Epoch 1/200 | time=119.584s | train_loss=0.8179 | train_corr=(0.365, 0.024) | val_loss=0.8228 | val_corr=(0.368, 0.014) | test_loss=0.8216 | test_corr=(0.368, 0.018)
Epoch 2/200 | time=0.679s | train_loss=0.6241 | train_corr=(0.285, -0.008) | val_loss=0.553 | val_corr=(0.406, 0.01) | test_loss=0.5506 | test_corr=(0.411, 0.021)
Epoch 3/200 | time=0.647s | train_loss=0.4107 | train_corr=(0.473, -0.004) | val_loss=0.4198 | val_corr=(0.494, 0.01) | test_loss=0.4182 | test_corr=(0.503, 0.022)
Epoch 4/200 | time=0.661s | train_loss=0.372 | train_corr=(0.545, -0.003) | val_loss=0.3792 | val_corr=(0.541, -0.012) | test_loss=0.3795 | test_corr=(0.54, 0.001)
Epoch 5/200 | time=0.646s | train_loss=0.3674 | train_corr=(0.541, 0.025) | val_loss=0.3697 | val_corr=(0.554, 0.026) | test_loss=0.37 | test_corr=(0.551, 0.022)
Epoch 6/200 | time=0.678s | train_loss=0.3721 | train_corr=(0.539, 0.042) | val_loss=0.3653 | val_corr=(0.55, 0.036) | test_loss=0.3656 | test_corr=(0.549, 0.022)
Epoch 7/200 | time=0.652s | train_loss=0.3568 | train_corr=(0.572, 0.034) | val_loss=0.3615 | val_corr=(0.553, 0.041) | test_loss=0.3618 | test_corr=(0.551, 0.028)
Epoch 8/200 | time=0.661s | train_loss=0.3619 | train_corr=(0.549, 0.003) | val_loss=0.36 | val_corr=(0.552, 0.047) | test_loss=0.3597 | test_corr=(0.552, 0.035)
Epoch 9/200 | time=0.67s | train_loss=0.3496 | train_corr=(0.574, 0.056) | val_loss=0.3573 | val_corr=(0.564, 0.054) | test_loss=0.3582 | test_corr=(0.561, 0.05)
Epoch 10/200 | time=0.688s | train_loss=0.3612 | train_corr=(0.554, 0.026) | val_loss=0.3549 | val_corr=(0.562, 0.067) | test_loss=0.3558 | test_corr=(0.558, 0.065)
Epoch 11/200 | time=0.696s | train_loss=0.3513 | train_corr=(0.561, 0.077) | val_loss=0.3536 | val_corr=(0.563, 0.075) | test_loss=0.3542 | test_corr=(0.558, 0.073)
Epoch 12/200 | time=0.653s | train_loss=0.3493 | train_corr=(0.565, 0.103) | val_loss=0.3601 | val_corr=(0.57, 0.074) | test_loss=0.3619 | test_corr=(0.567, 0.074)
Epoch 13/200 | time=0.668s | train_loss=0.3448 | train_corr=(0.585, 0.066) | val_loss=0.3504 | val_corr=(0.569, 0.081) | test_loss=0.3512 | test_corr=(0.564, 0.081)
Epoch 14/200 | time=0.648s | train_loss=0.3422 | train_corr=(0.591, 0.071) | val_loss=0.3517 | val_corr=(0.569, 0.089) | test_loss=0.353 | test_corr=(0.564, 0.089)
Epoch 15/200 | time=0.645s | train_loss=0.3522 | train_corr=(0.565, 0.096) | val_loss=0.3491 | val_corr=(0.571, 0.097) | test_loss=0.3499 | test_corr=(0.566, 0.097)
Epoch 16/200 | time=0.648s | train_loss=0.3445 | train_corr=(0.585, 0.124) | val_loss=0.3489 | val_corr=(0.567, 0.106) | test_loss=0.3493 | test_corr=(0.565, 0.104)
Epoch 17/200 | time=0.666s | train_loss=0.3477 | train_corr=(0.572, 0.104) | val_loss=0.3471 | val_corr=(0.571, 0.115) | test_loss=0.3482 | test_corr=(0.565, 0.116)
Epoch 18/200 | time=0.649s | train_loss=0.3504 | train_corr=(0.575, 0.083) | val_loss=0.3574 | val_corr=(0.577, 0.111) | test_loss=0.3608 | test_corr=(0.569, 0.113)
Epoch 19/200 | time=0.643s | train_loss=0.3462 | train_corr=(0.575, 0.126) | val_loss=0.35 | val_corr=(0.576, 0.118) | test_loss=0.3532 | test_corr=(0.568, 0.12)
Epoch 20/200 | time=0.64s | train_loss=0.3424 | train_corr=(0.586, 0.141) | val_loss=0.3435 | val_corr=(0.59, 0.128) | test_loss=0.3438 | test_corr=(0.581, 0.131)
Epoch 21/200 | time=0.654s | train_loss=0.3356 | train_corr=(0.599, 0.172) | val_loss=0.3342 | val_corr=(0.603, 0.134) | test_loss=0.3358 | test_corr=(0.595, 0.138)
Epoch 22/200 | time=0.649s | train_loss=0.3288 | train_corr=(0.621, 0.127) | val_loss=0.3345 | val_corr=(0.603, 0.165) | test_loss=0.3356 | test_corr=(0.596, 0.166)
Epoch 23/200 | time=0.654s | train_loss=0.3249 | train_corr=(0.625, 0.219) | val_loss=0.3287 | val_corr=(0.617, 0.184) | test_loss=0.33 | test_corr=(0.609, 0.19)
Epoch 24/200 | time=0.644s | train_loss=0.3252 | train_corr=(0.612, 0.191) | val_loss=0.3259 | val_corr=(0.624, 0.209) | test_loss=0.3299 | test_corr=(0.613, 0.213)
Epoch 25/200 | time=0.627s | train_loss=0.3129 | train_corr=(0.633, 0.203) | val_loss=0.3179 | val_corr=(0.629, 0.259) | test_loss=0.3209 | test_corr=(0.617, 0.261)
Epoch 26/200 | time=0.649s | train_loss=0.3162 | train_corr=(0.629, 0.278) | val_loss=0.3124 | val_corr=(0.641, 0.327) | test_loss=0.3149 | test_corr=(0.63, 0.327)
Epoch 27/200 | time=0.641s | train_loss=0.3059 | train_corr=(0.644, 0.352) | val_loss=0.3146 | val_corr=(0.659, 0.402) | test_loss=0.3155 | test_corr=(0.648, 0.394)
Epoch 28/200 | time=0.629s | train_loss=0.3101 | train_corr=(0.668, 0.409) | val_loss=0.3079 | val_corr=(0.662, 0.511) | test_loss=0.3088 | test_corr=(0.652, 0.494)
Epoch 29/200 | time=0.642s | train_loss=0.2861 | train_corr=(0.696, 0.632) | val_loss=0.2895 | val_corr=(0.688, 0.636) | test_loss=0.2956 | test_corr=(0.677, 0.62)
Epoch 30/200 | time=0.644s | train_loss=0.2712 | train_corr=(0.699, 0.716) | val_loss=0.2725 | val_corr=(0.708, 0.718) | test_loss=0.2778 | test_corr=(0.699, 0.696)
Epoch 31/200 | time=0.626s | train_loss=0.2842 | train_corr=(0.708, 0.703) | val_loss=0.2763 | val_corr=(0.7, 0.756) | test_loss=0.2863 | test_corr=(0.692, 0.733)
Epoch 32/200 | time=0.629s | train_loss=0.2748 | train_corr=(0.702, 0.737) | val_loss=0.267 | val_corr=(0.715, 0.745) | test_loss=0.2735 | test_corr=(0.706, 0.717)
Epoch 33/200 | time=0.632s | train_loss=0.2579 | train_corr=(0.701, 0.799) | val_loss=0.2504 | val_corr=(0.723, 0.804) | test_loss=0.256 | test_corr=(0.712, 0.79)
Epoch 34/200 | time=0.641s | train_loss=0.2316 | train_corr=(0.742, 0.856) | val_loss=0.2353 | val_corr=(0.739, 0.851) | test_loss=0.2448 | test_corr=(0.727, 0.818)
Epoch 35/200 | time=0.647s | train_loss=0.2362 | train_corr=(0.749, 0.867) | val_loss=0.2314 | val_corr=(0.75, 0.863) | test_loss=0.2454 | test_corr=(0.738, 0.827)
Epoch 36/200 | time=0.636s | train_loss=0.2265 | train_corr=(0.76, 0.861) | val_loss=0.2284 | val_corr=(0.759, 0.849) | test_loss=0.2431 | test_corr=(0.743, 0.814)
Epoch 37/200 | time=0.635s | train_loss=0.2179 | train_corr=(0.773, 0.881) | val_loss=0.2117 | val_corr=(0.773, 0.891) | test_loss=0.2274 | test_corr=(0.757, 0.85)
Epoch 38/200 | time=0.635s | train_loss=0.2071 | train_corr=(0.785, 0.901) | val_loss=0.2049 | val_corr=(0.777, 0.901) | test_loss=0.2176 | test_corr=(0.76, 0.875)
Epoch 39/200 | time=0.631s | train_loss=0.207 | train_corr=(0.779, 0.892) | val_loss=0.2024 | val_corr=(0.786, 0.905) | test_loss=0.2137 | test_corr=(0.765, 0.886)
Epoch 40/200 | time=0.644s | train_loss=0.2175 | train_corr=(0.775, 0.915) | val_loss=0.2091 | val_corr=(0.781, 0.913) | test_loss=0.2279 | test_corr=(0.759, 0.88)
Epoch 41/200 | time=0.653s | train_loss=0.2561 | train_corr=(0.78, 0.9) | val_loss=0.2245 | val_corr=(0.776, 0.906) | test_loss=0.2441 | test_corr=(0.758, 0.882)
Epoch 42/200 | time=0.647s | train_loss=0.2142 | train_corr=(0.786, 0.891) | val_loss=0.2173 | val_corr=(0.779, 0.914) | test_loss=0.226 | test_corr=(0.754, 0.879)
Epoch 43/200 | time=0.65s | train_loss=0.1945 | train_corr=(0.784, 0.914) | val_loss=0.1943 | val_corr=(0.796, 0.922) | test_loss=0.2116 | test_corr=(0.772, 0.886)
Epoch 44/200 | time=0.645s | train_loss=0.1886 | train_corr=(0.795, 0.924) | val_loss=0.1857 | val_corr=(0.797, 0.932) | test_loss=0.2024 | test_corr=(0.774, 0.902)
Epoch 45/200 | time=0.645s | train_loss=0.1765 | train_corr=(0.808, 0.936) | val_loss=0.1799 | val_corr=(0.808, 0.937) | test_loss=0.2012 | test_corr=(0.778, 0.905)
Epoch 46/200 | time=0.645s | train_loss=0.1803 | train_corr=(0.81, 0.938) | val_loss=0.1746 | val_corr=(0.81, 0.941) | test_loss=0.1948 | test_corr=(0.78, 0.906)
Epoch 47/200 | time=0.646s | train_loss=0.1702 | train_corr=(0.822, 0.947) | val_loss=0.1736 | val_corr=(0.817, 0.942) | test_loss=0.1937 | test_corr=(0.784, 0.906)
Epoch 48/200 | time=0.643s | train_loss=0.1658 | train_corr=(0.83, 0.956) | val_loss=0.1675 | val_corr=(0.818, 0.947) | test_loss=0.1896 | test_corr=(0.787, 0.91)
Epoch 49/200 | time=0.634s | train_loss=0.1788 | train_corr=(0.823, 0.945) | val_loss=0.1668 | val_corr=(0.828, 0.945) | test_loss=0.1927 | test_corr=(0.793, 0.905)
Epoch 50/200 | time=0.647s | train_loss=0.1685 | train_corr=(0.82, 0.94) | val_loss=0.1639 | val_corr=(0.826, 0.945) | test_loss=0.1889 | test_corr=(0.794, 0.91)
Epoch 51/200 | time=0.645s | train_loss=0.1739 | train_corr=(0.812, 0.944) | val_loss=0.1692 | val_corr=(0.827, 0.946) | test_loss=0.191 | test_corr=(0.791, 0.908)
Epoch 52/200 | time=0.647s | train_loss=0.1721 | train_corr=(0.833, 0.941) | val_loss=0.1693 | val_corr=(0.832, 0.947) | test_loss=0.1937 | test_corr=(0.798, 0.905)
Epoch 53/200 | time=0.659s | train_loss=0.1682 | train_corr=(0.836, 0.946) | val_loss=0.1695 | val_corr=(0.831, 0.937) | test_loss=0.1974 | test_corr=(0.792, 0.896)
Epoch 54/200 | time=0.63s | train_loss=0.164 | train_corr=(0.834, 0.946) | val_loss=0.1626 | val_corr=(0.841, 0.946) | test_loss=0.1891 | test_corr=(0.802, 0.908)
Epoch 55/200 | time=0.675s | train_loss=0.1612 | train_corr=(0.837, 0.957) | val_loss=0.1569 | val_corr=(0.84, 0.953) | test_loss=0.1811 | test_corr=(0.801, 0.916)
Epoch 56/200 | time=0.639s | train_loss=0.149 | train_corr=(0.852, 0.956) | val_loss=0.1522 | val_corr=(0.841, 0.955) | test_loss=0.1779 | test_corr=(0.804, 0.919)
Epoch 57/200 | time=0.644s | train_loss=0.1511 | train_corr=(0.846, 0.957) | val_loss=0.151 | val_corr=(0.842, 0.953) | test_loss=0.1795 | test_corr=(0.802, 0.91)
Epoch 58/200 | time=0.657s | train_loss=0.159 | train_corr=(0.849, 0.96) | val_loss=0.1519 | val_corr=(0.853, 0.96) | test_loss=0.1838 | test_corr=(0.813, 0.922)
Epoch 59/200 | time=0.635s | train_loss=0.1485 | train_corr=(0.853, 0.964) | val_loss=0.1454 | val_corr=(0.848, 0.962) | test_loss=0.1753 | test_corr=(0.812, 0.92)
Epoch 60/200 | time=0.646s | train_loss=0.1438 | train_corr=(0.861, 0.962) | val_loss=0.155 | val_corr=(0.85, 0.963) | test_loss=0.1809 | test_corr=(0.809, 0.918)
Epoch 61/200 | time=0.632s | train_loss=0.1499 | train_corr=(0.848, 0.954) | val_loss=0.1676 | val_corr=(0.84, 0.953) | test_loss=0.1902 | test_corr=(0.801, 0.908)
Epoch 62/200 | time=0.633s | train_loss=0.1518 | train_corr=(0.86, 0.957) | val_loss=0.1443 | val_corr=(0.86, 0.963) | test_loss=0.1746 | test_corr=(0.814, 0.921)
Epoch 63/200 | time=0.629s | train_loss=0.1468 | train_corr=(0.855, 0.96) | val_loss=0.1439 | val_corr=(0.863, 0.962) | test_loss=0.1766 | test_corr=(0.823, 0.926)
Epoch 64/200 | time=0.642s | train_loss=0.1378 | train_corr=(0.865, 0.965) | val_loss=0.1399 | val_corr=(0.858, 0.966) | test_loss=0.1663 | test_corr=(0.822, 0.927)
Epoch 65/200 | time=0.638s | train_loss=0.1397 | train_corr=(0.869, 0.968) | val_loss=0.1347 | val_corr=(0.867, 0.968) | test_loss=0.1662 | test_corr=(0.825, 0.922)
Epoch 66/200 | time=0.635s | train_loss=0.1277 | train_corr=(0.873, 0.97) | val_loss=0.1448 | val_corr=(0.87, 0.971) | test_loss=0.1818 | test_corr=(0.825, 0.927)
Epoch 67/200 | time=0.643s | train_loss=0.1342 | train_corr=(0.866, 0.967) | val_loss=0.1288 | val_corr=(0.871, 0.972) | test_loss=0.1636 | test_corr=(0.828, 0.928)
Epoch 68/200 | time=0.639s | train_loss=0.1329 | train_corr=(0.87, 0.959) | val_loss=0.1339 | val_corr=(0.865, 0.956) | test_loss=0.1693 | test_corr=(0.822, 0.901)
Epoch 69/200 | time=0.637s | train_loss=0.132 | train_corr=(0.873, 0.97) | val_loss=0.133 | val_corr=(0.877, 0.966) | test_loss=0.1713 | test_corr=(0.833, 0.919)
Epoch 70/200 | time=0.64s | train_loss=0.1277 | train_corr=(0.875, 0.968) | val_loss=0.1253 | val_corr=(0.877, 0.967) | test_loss=0.1601 | test_corr=(0.834, 0.918)
Epoch 71/200 | time=0.635s | train_loss=0.1342 | train_corr=(0.88, 0.972) | val_loss=0.1367 | val_corr=(0.872, 0.966) | test_loss=0.1652 | test_corr=(0.83, 0.921)
Epoch 72/200 | time=0.634s | train_loss=0.1573 | train_corr=(0.866, 0.94) | val_loss=0.1393 | val_corr=(0.87, 0.949) | test_loss=0.17 | test_corr=(0.831, 0.902)
Epoch 73/200 | time=0.63s | train_loss=0.1358 | train_corr=(0.872, 0.965) | val_loss=0.1379 | val_corr=(0.878, 0.961) | test_loss=0.1735 | test_corr=(0.832, 0.911)
Epoch 74/200 | time=0.643s | train_loss=0.1333 | train_corr=(0.875, 0.97) | val_loss=0.1231 | val_corr=(0.881, 0.972) | test_loss=0.1561 | test_corr=(0.839, 0.931)
Epoch 75/200 | time=0.637s | train_loss=0.1181 | train_corr=(0.885, 0.976) | val_loss=0.1241 | val_corr=(0.879, 0.972) | test_loss=0.1611 | test_corr=(0.835, 0.929)
Epoch 76/200 | time=0.632s | train_loss=0.1244 | train_corr=(0.886, 0.971) | val_loss=0.123 | val_corr=(0.887, 0.973) | test_loss=0.1607 | test_corr=(0.843, 0.927)
Epoch 77/200 | time=0.637s | train_loss=0.1215 | train_corr=(0.881, 0.973) | val_loss=0.117 | val_corr=(0.887, 0.976) | test_loss=0.1531 | test_corr=(0.843, 0.931)
Epoch 78/200 | time=0.636s | train_loss=0.1246 | train_corr=(0.893, 0.972) | val_loss=0.1247 | val_corr=(0.886, 0.971) | test_loss=0.1566 | test_corr=(0.841, 0.924)
Epoch 79/200 | time=0.637s | train_loss=0.1182 | train_corr=(0.887, 0.976) | val_loss=0.1133 | val_corr=(0.891, 0.977) | test_loss=0.1509 | test_corr=(0.846, 0.93)
Epoch 80/200 | time=0.636s | train_loss=0.1132 | train_corr=(0.893, 0.973) | val_loss=0.1131 | val_corr=(0.892, 0.978) | test_loss=0.1506 | test_corr=(0.845, 0.93)
Epoch 81/200 | time=0.642s | train_loss=0.114 | train_corr=(0.9, 0.977) | val_loss=0.1191 | val_corr=(0.891, 0.974) | test_loss=0.1554 | test_corr=(0.845, 0.924)
Epoch 82/200 | time=0.637s | train_loss=0.1257 | train_corr=(0.897, 0.972) | val_loss=0.1452 | val_corr=(0.883, 0.968) | test_loss=0.1698 | test_corr=(0.839, 0.917)
Epoch 83/200 | time=0.634s | train_loss=0.127 | train_corr=(0.886, 0.958) | val_loss=0.1246 | val_corr=(0.889, 0.968) | test_loss=0.1612 | test_corr=(0.841, 0.919)
Epoch 84/200 | time=0.636s | train_loss=0.1243 | train_corr=(0.896, 0.97) | val_loss=0.1234 | val_corr=(0.895, 0.972) | test_loss=0.1558 | test_corr=(0.848, 0.931)
Epoch 85/200 | time=0.633s | train_loss=0.1174 | train_corr=(0.904, 0.975) | val_loss=0.1242 | val_corr=(0.887, 0.976) | test_loss=0.1564 | test_corr=(0.842, 0.931)
Epoch 86/200 | time=0.652s | train_loss=0.1188 | train_corr=(0.9, 0.966) | val_loss=0.1191 | val_corr=(0.895, 0.969) | test_loss=0.161 | test_corr=(0.844, 0.931)
Epoch 87/200 | time=0.636s | train_loss=0.1086 | train_corr=(0.9, 0.979) | val_loss=0.1131 | val_corr=(0.9, 0.974) | test_loss=0.1531 | test_corr=(0.852, 0.935)
Epoch 88/200 | time=0.657s | train_loss=0.1034 | train_corr=(0.909, 0.981) | val_loss=0.106 | val_corr=(0.906, 0.98) | test_loss=0.1497 | test_corr=(0.856, 0.935)
Epoch 89/200 | time=0.641s | train_loss=0.105 | train_corr=(0.904, 0.979) | val_loss=0.1063 | val_corr=(0.906, 0.98) | test_loss=0.1506 | test_corr=(0.856, 0.933)
Epoch 90/200 | time=0.655s | train_loss=0.13 | train_corr=(0.899, 0.976) | val_loss=0.1186 | val_corr=(0.905, 0.975) | test_loss=0.1652 | test_corr=(0.854, 0.926)
Epoch 91/200 | time=0.64s | train_loss=0.1223 | train_corr=(0.902, 0.971) | val_loss=0.121 | val_corr=(0.906, 0.975) | test_loss=0.1561 | test_corr=(0.858, 0.932)
Epoch 92/200 | time=0.644s | train_loss=0.1095 | train_corr=(0.907, 0.977) | val_loss=0.1137 | val_corr=(0.904, 0.975) | test_loss=0.15 | test_corr=(0.859, 0.93)
Epoch 93/200 | time=0.637s | train_loss=0.1137 | train_corr=(0.907, 0.975) | val_loss=0.107 | val_corr=(0.909, 0.977) | test_loss=0.1483 | test_corr=(0.857, 0.932)
Epoch 94/200 | time=0.647s | train_loss=0.0972 | train_corr=(0.913, 0.981) | val_loss=0.1085 | val_corr=(0.908, 0.979) | test_loss=0.1437 | test_corr=(0.861, 0.938)
Epoch 95/200 | time=0.641s | train_loss=0.1029 | train_corr=(0.915, 0.98) | val_loss=0.1003 | val_corr=(0.912, 0.981) | test_loss=0.1404 | test_corr=(0.863, 0.939)
Epoch 96/200 | time=0.642s | train_loss=0.099 | train_corr=(0.917, 0.979) | val_loss=0.0975 | val_corr=(0.913, 0.982) | test_loss=0.1411 | test_corr=(0.864, 0.933)
Epoch 97/200 | time=0.653s | train_loss=0.0976 | train_corr=(0.916, 0.98) | val_loss=0.0987 | val_corr=(0.917, 0.981) | test_loss=0.1439 | test_corr=(0.866, 0.934)
Epoch 98/200 | time=0.654s | train_loss=0.0994 | train_corr=(0.916, 0.978) | val_loss=0.106 | val_corr=(0.909, 0.972) | test_loss=0.1463 | test_corr=(0.859, 0.924)
Epoch 99/200 | time=0.643s | train_loss=0.0983 | train_corr=(0.921, 0.981) | val_loss=0.098 | val_corr=(0.919, 0.978) | test_loss=0.1451 | test_corr=(0.864, 0.931)
Epoch 100/200 | time=0.657s | train_loss=0.1007 | train_corr=(0.918, 0.976) | val_loss=0.0964 | val_corr=(0.919, 0.98) | test_loss=0.1417 | test_corr=(0.868, 0.938)
Epoch 101/200 | time=0.638s | train_loss=0.0946 | train_corr=(0.919, 0.982) | val_loss=0.0919 | val_corr=(0.921, 0.984) | test_loss=0.1379 | test_corr=(0.869, 0.942)
Epoch 102/200 | time=0.679s | train_loss=0.0896 | train_corr=(0.925, 0.985) | val_loss=0.0893 | val_corr=(0.925, 0.985) | test_loss=0.1369 | test_corr=(0.872, 0.939)
Epoch 103/200 | time=0.65s | train_loss=0.0884 | train_corr=(0.927, 0.985) | val_loss=0.09 | val_corr=(0.924, 0.984) | test_loss=0.1361 | test_corr=(0.871, 0.938)
Epoch 104/200 | time=0.649s | train_loss=0.0888 | train_corr=(0.929, 0.986) | val_loss=0.0914 | val_corr=(0.922, 0.984) | test_loss=0.138 | test_corr=(0.869, 0.937)
Epoch 105/200 | time=0.636s | train_loss=0.0967 | train_corr=(0.924, 0.98) | val_loss=0.0909 | val_corr=(0.927, 0.984) | test_loss=0.1363 | test_corr=(0.873, 0.941)
Epoch 106/200 | time=0.629s | train_loss=0.095 | train_corr=(0.924, 0.983) | val_loss=0.103 | val_corr=(0.922, 0.971) | test_loss=0.152 | test_corr=(0.867, 0.937)
Epoch 107/200 | time=0.625s | train_loss=0.1038 | train_corr=(0.928, 0.975) | val_loss=0.0987 | val_corr=(0.926, 0.977) | test_loss=0.1457 | test_corr=(0.871, 0.931)
Epoch 108/200 | time=0.636s | train_loss=0.1243 | train_corr=(0.918, 0.982) | val_loss=0.1023 | val_corr=(0.921, 0.979) | test_loss=0.144 | test_corr=(0.867, 0.933)
Epoch 109/200 | time=0.653s | train_loss=0.0934 | train_corr=(0.927, 0.981) | val_loss=0.1041 | val_corr=(0.924, 0.979) | test_loss=0.1457 | test_corr=(0.872, 0.936)
Epoch 110/200 | time=0.636s | train_loss=0.0936 | train_corr=(0.926, 0.98) | val_loss=0.0962 | val_corr=(0.925, 0.982) | test_loss=0.1384 | test_corr=(0.872, 0.938)
Epoch 111/200 | time=0.64s | train_loss=0.0862 | train_corr=(0.93, 0.984) | val_loss=0.0893 | val_corr=(0.93, 0.983) | test_loss=0.1396 | test_corr=(0.874, 0.938)
Epoch 112/200 | time=0.647s | train_loss=0.0858 | train_corr=(0.934, 0.984) | val_loss=0.0875 | val_corr=(0.932, 0.982) | test_loss=0.1379 | test_corr=(0.872, 0.932)
Epoch 113/200 | time=0.646s | train_loss=0.0862 | train_corr=(0.931, 0.984) | val_loss=0.0884 | val_corr=(0.93, 0.985) | test_loss=0.1408 | test_corr=(0.872, 0.941)
Epoch 114/200 | time=0.645s | train_loss=0.0869 | train_corr=(0.934, 0.985) | val_loss=0.0885 | val_corr=(0.929, 0.986) | test_loss=0.1335 | test_corr=(0.875, 0.94)
Epoch 115/200 | time=0.645s | train_loss=0.1066 | train_corr=(0.928, 0.986) | val_loss=0.0947 | val_corr=(0.93, 0.98) | test_loss=0.1395 | test_corr=(0.872, 0.935)
Epoch 116/200 | time=0.646s | train_loss=0.1036 | train_corr=(0.927, 0.979) | val_loss=0.0968 | val_corr=(0.929, 0.979) | test_loss=0.1421 | test_corr=(0.872, 0.934)
Epoch 117/200 | time=0.647s | train_loss=0.0896 | train_corr=(0.929, 0.982) | val_loss=0.0947 | val_corr=(0.932, 0.975) | test_loss=0.135 | test_corr=(0.882, 0.938)
Epoch 118/200 | time=0.643s | train_loss=0.0856 | train_corr=(0.936, 0.983) | val_loss=0.0838 | val_corr=(0.934, 0.986) | test_loss=0.1324 | test_corr=(0.878, 0.94)
Epoch 119/200 | time=0.644s | train_loss=0.0878 | train_corr=(0.936, 0.985) | val_loss=0.0883 | val_corr=(0.936, 0.984) | test_loss=0.1384 | test_corr=(0.879, 0.94)
Epoch 120/200 | time=0.641s | train_loss=0.0893 | train_corr=(0.932, 0.984) | val_loss=0.083 | val_corr=(0.938, 0.985) | test_loss=0.1325 | test_corr=(0.884, 0.94)
Epoch 121/200 | time=0.632s | train_loss=0.0836 | train_corr=(0.936, 0.988) | val_loss=0.0817 | val_corr=(0.937, 0.987) | test_loss=0.1296 | test_corr=(0.882, 0.943)
Epoch 122/200 | time=0.637s | train_loss=0.0791 | train_corr=(0.94, 0.988) | val_loss=0.0792 | val_corr=(0.939, 0.987) | test_loss=0.1295 | test_corr=(0.881, 0.941)
Epoch 123/200 | time=0.63s | train_loss=0.0768 | train_corr=(0.942, 0.989) | val_loss=0.0809 | val_corr=(0.941, 0.987) | test_loss=0.1295 | test_corr=(0.882, 0.941)
Epoch 124/200 | time=0.63s | train_loss=0.0782 | train_corr=(0.941, 0.988) | val_loss=0.0824 | val_corr=(0.938, 0.988) | test_loss=0.1343 | test_corr=(0.878, 0.94)
Epoch 125/200 | time=0.638s | train_loss=0.0855 | train_corr=(0.937, 0.986) | val_loss=0.0867 | val_corr=(0.938, 0.987) | test_loss=0.1416 | test_corr=(0.879, 0.94)
Epoch 126/200 | time=0.627s | train_loss=0.0842 | train_corr=(0.942, 0.984) | val_loss=0.0783 | val_corr=(0.939, 0.987) | test_loss=0.1307 | test_corr=(0.88, 0.941)
Epoch 127/200 | time=0.633s | train_loss=0.0822 | train_corr=(0.944, 0.985) | val_loss=0.0803 | val_corr=(0.94, 0.986) | test_loss=0.1293 | test_corr=(0.882, 0.938)
Epoch 128/200 | time=0.629s | train_loss=0.084 | train_corr=(0.939, 0.986) | val_loss=0.0829 | val_corr=(0.941, 0.986) | test_loss=0.1284 | test_corr=(0.882, 0.942)
Epoch 129/200 | time=0.631s | train_loss=0.0762 | train_corr=(0.944, 0.988) | val_loss=0.0764 | val_corr=(0.941, 0.988) | test_loss=0.1263 | test_corr=(0.884, 0.942)
Epoch 130/200 | time=0.631s | train_loss=0.0745 | train_corr=(0.944, 0.988) | val_loss=0.0743 | val_corr=(0.942, 0.988) | test_loss=0.1268 | test_corr=(0.885, 0.943)
Epoch 131/200 | time=0.633s | train_loss=0.0767 | train_corr=(0.946, 0.988) | val_loss=0.0746 | val_corr=(0.945, 0.989) | test_loss=0.1283 | test_corr=(0.885, 0.944)
Epoch 132/200 | time=0.629s | train_loss=0.0794 | train_corr=(0.945, 0.984) | val_loss=0.0767 | val_corr=(0.944, 0.986) | test_loss=0.1285 | test_corr=(0.884, 0.941)
Epoch 133/200 | time=0.646s | train_loss=0.0783 | train_corr=(0.943, 0.988) | val_loss=0.0741 | val_corr=(0.945, 0.988) | test_loss=0.1255 | test_corr=(0.885, 0.943)
Epoch 134/200 | time=0.637s | train_loss=0.0742 | train_corr=(0.949, 0.989) | val_loss=0.0749 | val_corr=(0.946, 0.987) | test_loss=0.1269 | test_corr=(0.883, 0.942)
Epoch 135/200 | time=0.63s | train_loss=0.073 | train_corr=(0.947, 0.988) | val_loss=0.0727 | val_corr=(0.948, 0.99) | test_loss=0.1238 | test_corr=(0.888, 0.945)
Epoch 136/200 | time=0.645s | train_loss=0.0731 | train_corr=(0.947, 0.987) | val_loss=0.0738 | val_corr=(0.948, 0.989) | test_loss=0.1239 | test_corr=(0.889, 0.944)
Epoch 137/200 | time=0.649s | train_loss=0.0707 | train_corr=(0.949, 0.99) | val_loss=0.0837 | val_corr=(0.941, 0.981) | test_loss=0.1357 | test_corr=(0.879, 0.927)
Epoch 138/200 | time=0.654s | train_loss=0.0757 | train_corr=(0.947, 0.988) | val_loss=0.0749 | val_corr=(0.946, 0.987) | test_loss=0.125 | test_corr=(0.885, 0.942)
Epoch 139/200 | time=0.631s | train_loss=0.0731 | train_corr=(0.949, 0.988) | val_loss=0.0726 | val_corr=(0.948, 0.988) | test_loss=0.1269 | test_corr=(0.884, 0.943)
Epoch 140/200 | time=0.661s | train_loss=0.0689 | train_corr=(0.951, 0.989) | val_loss=0.072 | val_corr=(0.949, 0.988) | test_loss=0.1243 | test_corr=(0.885, 0.945)
Epoch 141/200 | time=0.651s | train_loss=0.0726 | train_corr=(0.949, 0.988) | val_loss=0.0778 | val_corr=(0.946, 0.986) | test_loss=0.1333 | test_corr=(0.881, 0.939)
Epoch 142/200 | time=0.648s | train_loss=0.0772 | train_corr=(0.947, 0.985) | val_loss=0.0849 | val_corr=(0.943, 0.979) | test_loss=0.137 | test_corr=(0.876, 0.935)
Epoch 143/200 | time=0.651s | train_loss=0.0857 | train_corr=(0.948, 0.983) | val_loss=0.0789 | val_corr=(0.95, 0.984) | test_loss=0.1308 | test_corr=(0.884, 0.936)
Epoch 144/200 | time=0.645s | train_loss=0.0727 | train_corr=(0.95, 0.989) | val_loss=0.0721 | val_corr=(0.949, 0.989) | test_loss=0.1273 | test_corr=(0.886, 0.94)
Epoch 145/200 | time=0.652s | train_loss=0.0696 | train_corr=(0.95, 0.991) | val_loss=0.07 | val_corr=(0.95, 0.989) | test_loss=0.1213 | test_corr=(0.889, 0.944)
Epoch 146/200 | time=0.646s | train_loss=0.0846 | train_corr=(0.944, 0.988) | val_loss=0.0775 | val_corr=(0.948, 0.989) | test_loss=0.1348 | test_corr=(0.881, 0.943)
Epoch 147/200 | time=0.635s | train_loss=0.0742 | train_corr=(0.949, 0.988) | val_loss=0.078 | val_corr=(0.946, 0.986) | test_loss=0.127 | test_corr=(0.886, 0.94)
Epoch 148/200 | time=0.638s | train_loss=0.0773 | train_corr=(0.947, 0.985) | val_loss=0.0738 | val_corr=(0.949, 0.989) | test_loss=0.124 | test_corr=(0.888, 0.943)
Epoch 149/200 | time=0.633s | train_loss=0.0737 | train_corr=(0.951, 0.987) | val_loss=0.0734 | val_corr=(0.95, 0.988) | test_loss=0.1245 | test_corr=(0.887, 0.938)
Epoch 150/200 | time=0.629s | train_loss=0.1033 | train_corr=(0.943, 0.982) | val_loss=0.0765 | val_corr=(0.948, 0.985) | test_loss=0.1266 | test_corr=(0.886, 0.941)
Epoch 151/200 | time=0.641s | train_loss=0.0696 | train_corr=(0.95, 0.989) | val_loss=0.0921 | val_corr=(0.942, 0.985) | test_loss=0.1351 | test_corr=(0.886, 0.94)
Epoch 152/200 | time=0.652s | train_loss=0.0805 | train_corr=(0.943, 0.987) | val_loss=0.0768 | val_corr=(0.947, 0.985) | test_loss=0.1283 | test_corr=(0.883, 0.937)
Epoch 153/200 | time=0.633s | train_loss=0.0884 | train_corr=(0.94, 0.989) | val_loss=0.0737 | val_corr=(0.948, 0.988) | test_loss=0.1299 | test_corr=(0.882, 0.939)
Epoch 154/200 | time=0.643s | train_loss=0.0743 | train_corr=(0.948, 0.985) | val_loss=0.073 | val_corr=(0.951, 0.987) | test_loss=0.125 | test_corr=(0.885, 0.937)
Epoch 155/200 | time=0.638s | train_loss=0.0722 | train_corr=(0.949, 0.988) | val_loss=0.0702 | val_corr=(0.95, 0.989) | test_loss=0.1215 | test_corr=(0.888, 0.943)
Epoch 156/200 | time=0.633s | train_loss=0.0659 | train_corr=(0.953, 0.989) | val_loss=0.0798 | val_corr=(0.95, 0.988) | test_loss=0.1269 | test_corr=(0.891, 0.94)
Epoch 157/200 | time=0.636s | train_loss=0.0745 | train_corr=(0.949, 0.991) | val_loss=0.0711 | val_corr=(0.952, 0.989) | test_loss=0.1197 | test_corr=(0.893, 0.944)
Epoch 158/200 | time=0.639s | train_loss=0.0707 | train_corr=(0.95, 0.988) | val_loss=0.0789 | val_corr=(0.945, 0.987) | test_loss=0.1326 | test_corr=(0.88, 0.941)
Epoch 159/200 | time=0.634s | train_loss=0.0708 | train_corr=(0.952, 0.99) | val_loss=0.0705 | val_corr=(0.949, 0.988) | test_loss=0.1202 | test_corr=(0.89, 0.944)
Epoch 160/200 | time=0.632s | train_loss=0.0657 | train_corr=(0.956, 0.99) | val_loss=0.0696 | val_corr=(0.953, 0.99) | test_loss=0.1186 | test_corr=(0.893, 0.944)
Epoch 161/200 | time=0.631s | train_loss=0.0721 | train_corr=(0.953, 0.99) | val_loss=0.0734 | val_corr=(0.953, 0.989) | test_loss=0.1221 | test_corr=(0.892, 0.944)
Epoch 162/200 | time=0.634s | train_loss=0.0733 | train_corr=(0.95, 0.986) | val_loss=0.0697 | val_corr=(0.952, 0.988) | test_loss=0.1234 | test_corr=(0.886, 0.944)
Epoch 163/200 | time=0.637s | train_loss=0.0704 | train_corr=(0.952, 0.989) | val_loss=0.0686 | val_corr=(0.954, 0.989) | test_loss=0.1205 | test_corr=(0.89, 0.942)
Epoch 164/200 | time=0.619s | train_loss=0.0653 | train_corr=(0.955, 0.991) | val_loss=0.0649 | val_corr=(0.954, 0.99) | test_loss=0.1177 | test_corr=(0.892, 0.946)
Epoch 165/200 | time=0.635s | train_loss=0.0656 | train_corr=(0.954, 0.99) | val_loss=0.0647 | val_corr=(0.954, 0.989) | test_loss=0.1198 | test_corr=(0.888, 0.943)
Epoch 166/200 | time=0.628s | train_loss=0.0642 | train_corr=(0.957, 0.991) | val_loss=0.064 | val_corr=(0.956, 0.989) | test_loss=0.1161 | test_corr=(0.894, 0.946)
Epoch 167/200 | time=0.635s | train_loss=0.0603 | train_corr=(0.956, 0.991) | val_loss=0.0637 | val_corr=(0.956, 0.99) | test_loss=0.1187 | test_corr=(0.891, 0.944)
Epoch 168/200 | time=0.637s | train_loss=0.0598 | train_corr=(0.956, 0.99) | val_loss=0.0615 | val_corr=(0.958, 0.991) | test_loss=0.1164 | test_corr=(0.894, 0.945)
Epoch 169/200 | time=0.627s | train_loss=0.062 | train_corr=(0.957, 0.991) | val_loss=0.0611 | val_corr=(0.956, 0.991) | test_loss=0.1173 | test_corr=(0.893, 0.945)
Epoch 170/200 | time=0.636s | train_loss=0.0647 | train_corr=(0.955, 0.988) | val_loss=0.0623 | val_corr=(0.959, 0.991) | test_loss=0.1165 | test_corr=(0.894, 0.945)
Epoch 171/200 | time=0.644s | train_loss=0.067 | train_corr=(0.954, 0.991) | val_loss=0.0669 | val_corr=(0.955, 0.987) | test_loss=0.1191 | test_corr=(0.893, 0.938)
Epoch 172/200 | time=0.631s | train_loss=0.0679 | train_corr=(0.952, 0.987) | val_loss=0.0714 | val_corr=(0.95, 0.981) | test_loss=0.1263 | test_corr=(0.881, 0.928)
Epoch 173/200 | time=0.638s | train_loss=0.0627 | train_corr=(0.954, 0.991) | val_loss=0.0661 | val_corr=(0.953, 0.989) | test_loss=0.1215 | test_corr=(0.884, 0.944)
Epoch 174/200 | time=0.643s | train_loss=0.0579 | train_corr=(0.958, 0.991) | val_loss=0.0617 | val_corr=(0.957, 0.991) | test_loss=0.1198 | test_corr=(0.891, 0.945)
Epoch 175/200 | time=0.639s | train_loss=0.0616 | train_corr=(0.958, 0.992) | val_loss=0.0657 | val_corr=(0.955, 0.987) | test_loss=0.1211 | test_corr=(0.89, 0.944)
Epoch 176/200 | time=0.645s | train_loss=0.0688 | train_corr=(0.958, 0.989) | val_loss=0.067 | val_corr=(0.955, 0.988) | test_loss=0.122 | test_corr=(0.889, 0.939)
Epoch 177/200 | time=0.636s | train_loss=0.0627 | train_corr=(0.958, 0.991) | val_loss=0.066 | val_corr=(0.958, 0.989) | test_loss=0.118 | test_corr=(0.895, 0.943)
Epoch 178/200 | time=0.642s | train_loss=0.0575 | train_corr=(0.957, 0.992) | val_loss=0.0613 | val_corr=(0.958, 0.991) | test_loss=0.117 | test_corr=(0.892, 0.945)
Epoch 179/200 | time=0.641s | train_loss=0.0598 | train_corr=(0.957, 0.991) | val_loss=0.0619 | val_corr=(0.958, 0.99) | test_loss=0.1168 | test_corr=(0.893, 0.943)
Epoch 180/200 | time=0.639s | train_loss=0.061 | train_corr=(0.958, 0.992) | val_loss=0.0644 | val_corr=(0.956, 0.988) | test_loss=0.1206 | test_corr=(0.888, 0.94)
Epoch 181/200 | time=0.636s | train_loss=0.0591 | train_corr=(0.959, 0.991) | val_loss=0.0706 | val_corr=(0.958, 0.988) | test_loss=0.1221 | test_corr=(0.895, 0.942)
Epoch 182/200 | time=0.636s | train_loss=0.0617 | train_corr=(0.957, 0.991) | val_loss=0.0588 | val_corr=(0.959, 0.991) | test_loss=0.1147 | test_corr=(0.893, 0.947)
Epoch 183/200 | time=0.634s | train_loss=0.0574 | train_corr=(0.96, 0.991) | val_loss=0.0625 | val_corr=(0.957, 0.989) | test_loss=0.1158 | test_corr=(0.892, 0.944)
Epoch 184/200 | time=0.63s | train_loss=0.0607 | train_corr=(0.957, 0.991) | val_loss=0.0612 | val_corr=(0.958, 0.99) | test_loss=0.1151 | test_corr=(0.895, 0.944)
Epoch 185/200 | time=0.642s | train_loss=0.0646 | train_corr=(0.957, 0.987) | val_loss=0.0652 | val_corr=(0.956, 0.988) | test_loss=0.1223 | test_corr=(0.888, 0.942)
Epoch 186/200 | time=0.633s | train_loss=0.0618 | train_corr=(0.958, 0.99) | val_loss=0.0614 | val_corr=(0.958, 0.99) | test_loss=0.1155 | test_corr=(0.894, 0.946)
Epoch 187/200 | time=0.665s | train_loss=0.0588 | train_corr=(0.959, 0.991) | val_loss=0.0598 | val_corr=(0.959, 0.992) | test_loss=0.1174 | test_corr=(0.893, 0.945)
Epoch 188/200 | time=0.634s | train_loss=0.0591 | train_corr=(0.96, 0.99) | val_loss=0.0574 | val_corr=(0.961, 0.992) | test_loss=0.1157 | test_corr=(0.893, 0.946)
Epoch 189/200 | time=0.685s | train_loss=0.0616 | train_corr=(0.957, 0.992) | val_loss=0.0608 | val_corr=(0.96, 0.989) | test_loss=0.1176 | test_corr=(0.891, 0.942)
Epoch 190/200 | time=0.638s | train_loss=0.0626 | train_corr=(0.955, 0.989) | val_loss=0.0686 | val_corr=(0.953, 0.988) | test_loss=0.1249 | test_corr=(0.884, 0.941)
Epoch 191/200 | time=0.66s | train_loss=0.0643 | train_corr=(0.956, 0.99) | val_loss=0.0588 | val_corr=(0.959, 0.991) | test_loss=0.1192 | test_corr=(0.89, 0.941)
Epoch 192/200 | time=0.637s | train_loss=0.0634 | train_corr=(0.958, 0.989) | val_loss=0.0674 | val_corr=(0.953, 0.99) | test_loss=0.1225 | test_corr=(0.884, 0.943)
Epoch 193/200 | time=0.644s | train_loss=0.0619 | train_corr=(0.959, 0.989) | val_loss=0.0599 | val_corr=(0.959, 0.992) | test_loss=0.1183 | test_corr=(0.89, 0.945)
Epoch 194/200 | time=0.637s | train_loss=0.0573 | train_corr=(0.96, 0.993) | val_loss=0.0643 | val_corr=(0.959, 0.991) | test_loss=0.1157 | test_corr=(0.896, 0.945)
Epoch 195/200 | time=0.641s | train_loss=0.0553 | train_corr=(0.958, 0.994) | val_loss=0.0615 | val_corr=(0.96, 0.992) | test_loss=0.1171 | test_corr=(0.893, 0.942)
Epoch 196/200 | time=0.633s | train_loss=0.0563 | train_corr=(0.961, 0.99) | val_loss=0.0564 | val_corr=(0.96, 0.991) | test_loss=0.1138 | test_corr=(0.893, 0.944)
Epoch 197/200 | time=0.632s | train_loss=0.0575 | train_corr=(0.96, 0.992) | val_loss=0.0599 | val_corr=(0.958, 0.99) | test_loss=0.114 | test_corr=(0.893, 0.944)
Epoch 198/200 | time=0.644s | train_loss=0.0556 | train_corr=(0.961, 0.992) | val_loss=0.0554 | val_corr=(0.961, 0.992) | test_loss=0.1151 | test_corr=(0.894, 0.943)
Epoch 199/200 | time=0.634s | train_loss=0.0534 | train_corr=(0.962, 0.992) | val_loss=0.0538 | val_corr=(0.961, 0.993) | test_loss=0.1115 | test_corr=(0.896, 0.946)
Epoch 200/200 | time=0.63s | train_loss=0.0544 | train_corr=(0.963, 0.993) | val_loss=0.0618 | val_corr=(0.96, 0.993) | test_loss=0.1156 | test_corr=(0.896, 0.944)
────────────────────────────────────────────────────────────────────────────────────
                                           Time                    Allocations      
                                  ───────────────────────   ────────────────────────
        Tot / % measured:               458s /  62.6%            304GiB /  88.9%    

Section                   ncalls     time    %tot     avg     alloc    %tot      avg
────────────────────────────────────────────────────────────────────────────────────
epoch                        200     247s   86.2%   1.24s    249GiB   92.1%  1.25GiB
  train                      200     182s   63.3%   909ms    107GiB   39.7%   550MiB
    single_train_step!     2.00k     161s   56.0%  80.4ms   44.8GiB   16.6%  22.9MiB
    get training batch     2.00k    21.0s    7.3%  10.5ms   62.5GiB   23.1%  32.0MiB
  test                       200    51.6s   18.0%   258ms    118GiB   43.6%   604MiB
    get test loss          2.60k    31.5s   11.0%  12.1ms   39.9GiB   14.7%  15.7MiB
    get test batch         2.60k    20.0s    7.0%  7.69ms   78.1GiB   28.9%  30.8MiB
  validation                 200    14.0s    4.9%  69.8ms   23.8GiB    8.8%   122MiB
    validation loss          600    8.84s    3.1%  14.7ms   8.14GiB    3.0%  13.9MiB
    get validation data      600    4.79s    1.7%  7.98ms   15.6GiB    5.8%  26.7MiB
get_data                       1    39.7s   13.8%   39.7s   21.3GiB    7.9%  21.3GiB
────────────────────────────────────────────────────────────────────────────────────Iter 1/250 | loss=45345.875 | avg_time=37.313s/iter | elapsed=37.3s | ETA=9290.9s
Iter 10/250 | loss=30530.451 | avg_time=3.955s/iter | elapsed=39.6s | ETA=949.2s
Iter 20/250 | loss=18244.043 | avg_time=2.098s/iter | elapsed=42.0s | ETA=482.5s
Iter 30/250 | loss=12314.348 | avg_time=1.49s/iter | elapsed=44.7s | ETA=327.9s
Iter 40/250 | loss=8770.958 | avg_time=1.189s/iter | elapsed=47.6s | ETA=249.8s
Iter 50/250 | loss=6987.433 | avg_time=1.007s/iter | elapsed=50.3s | ETA=201.4s
Iter 60/250 | loss=5716.673 | avg_time=0.887s/iter | elapsed=53.2s | ETA=168.5s
Iter 70/250 | loss=4910.1245 | avg_time=0.802s/iter | elapsed=56.2s | ETA=144.4s
Iter 80/250 | loss=4318.0713 | avg_time=0.74s/iter | elapsed=59.2s | ETA=125.7s
Iter 90/250 | loss=3814.4446 | avg_time=0.69s/iter | elapsed=62.1s | ETA=110.5s
Iter 100/250 | loss=3380.6501 | avg_time=0.652s/iter | elapsed=65.2s | ETA=97.8s
Iter 110/250 | loss=3173.4578 | avg_time=0.621s/iter | elapsed=68.4s | ETA=87.0s
Iter 120/250 | loss=2998.2808 | avg_time=0.596s/iter | elapsed=71.5s | ETA=77.5s
Iter 130/250 | loss=2711.1702 | avg_time=0.574s/iter | elapsed=74.7s | ETA=68.9s
Iter 140/250 | loss=2873.4792 | avg_time=0.556s/iter | elapsed=77.9s | ETA=61.2s
Iter 150/250 | loss=2235.406 | avg_time=0.541s/iter | elapsed=81.2s | ETA=54.1s
Iter 160/250 | loss=3203.4675 | avg_time=0.529s/iter | elapsed=84.6s | ETA=47.6s
Iter 170/250 | loss=2587.7212 | avg_time=0.518s/iter | elapsed=88.1s | ETA=41.5s
Iter 180/250 | loss=2987.1143 | avg_time=0.509s/iter | elapsed=91.6s | ETA=35.6s
Iter 190/250 | loss=2341.0977 | avg_time=0.501s/iter | elapsed=95.1s | ETA=30.0s
Iter 200/250 | loss=1998.0713 | avg_time=0.491s/iter | elapsed=98.2s | ETA=24.5s
Iter 210/250 | loss=1772.6902 | avg_time=0.483s/iter | elapsed=101.5s | ETA=19.3s
Iter 220/250 | loss=1880.9883 | avg_time=0.476s/iter | elapsed=104.7s | ETA=14.3s
Iter 230/250 | loss=1743.2709 | avg_time=0.469s/iter | elapsed=108.0s | ETA=9.4s
Iter 240/250 | loss=1739.0035 | avg_time=0.463s/iter | elapsed=111.2s | ETA=4.6s
Iter 250/250 | loss=1836.9814 | avg_time=0.458s/iter | elapsed=114.5s | ETA=0.0s
Iter 250/250 | loss=1454.4825 | avg_time=0.459s/iter | elapsed=114.9s | ETA=0.0s
Finished at Thu Apr  9 10:35:59 CEST 2026
