Precompiling Thesis...
  59336.0 ms  ✓ Thesis
  1 dependency successfully precompiled in 215 seconds. 713 already precompiled.
┌ Info: CUDA loaded successfully
│   device = CuDevice(0): NVIDIA A100 80GB PCIe
└   capability = v"8.0.0"
┌ Info: cuDNN loaded successfully
└   version = v"8.90.7"
[ Info: Starting HPC AE training job
[ Info:   SLURM_JOB_ID: 9563330
[ Info:   SLURM_NTASKS: 1
[ Info:   SLURM_CPUS_PER_TASK: 8
[ Info:   Hostname: gpu012
[ Info: Loading training data from: /scratch/mfbclaeys/data/datasets/RE2500/2e8/U_128_full.jld2
[ Info: ── Step 1/2: Training Autoencoder ──
[ Info: removed ghost cells; input data size (u): (256, 256, 2, 4402)
GKS: cannot open display - headless operation mode active
[ Info: training force plot saved to data/Lux_models/Apr08-2017__E500_HW256x256_C4to2_nc6_nd2_z16_C8_lr0p001_wd0p0009_bs16_NY_LL1_Tl0p0/trainin_force.png
[ Info: Training on CUDADevice{Nothing, Missing}(nothing)
[ Info: Parametric Encoder built:
[ Info:   Conv: 4→8 -> 8→16 -> 16→32 -> 32→64 -> 64→128 -> 128→256
[ Info:   Sizes: (256, 256, 4) -> (128, 128, 8) -> (64, 64, 16) -> (32, 32, 32) -> (16, 16, 64) -> (8, 8, 128) -> (4, 4, 256)
[ Info:   Dense: 4096→2048 -> 2048→16
[ Info: Parametric Decoder built:
[ Info:   Dense: 16→2048 -> 2048→4096
[ Info:   Sizes: (4, 4, 256) -> (8, 8, 128) -> (16, 16, 64) -> (32, 32, 32) -> (64, 64, 16) -> (128, 128, 8) -> (256, 256, 4) -> (256, 256, 2) -> (256, 256, 2)
[ Info:   Conv: 256→128 -> 128→64 -> 64→32 -> 32→16 -> 16→8 -> 8→4 -> 4→2 -> 2→2
[ Info: AE initiated
┌ Info: CUDA.functional()
└   CUDA.functional() = true
┌ Info: CUDA device
└   CUDA.device() = CuDevice(0): NVIDIA A100 80GB PCIe
[ Info: Start Training, total 500 epochs
[ Info: Epoch 1/500
[ Info: Epoch 2/500
[ Info: Epoch 3/500
[ Info: Epoch 4/500
[ Info: Epoch 5/500
[ Info: Epoch 6/500
[ Info: Epoch 7/500
[ Info: Epoch 8/500
[ Info: Epoch 9/500
[ Info: Epoch 10/500
[ Info: Epoch 11/500
[ Info: Epoch 12/500
[ Info: Epoch 13/500
[ Info: Epoch 14/500
[ Info: Epoch 15/500
[ Info: Epoch 16/500
[ Info: Epoch 17/500
[ Info: Epoch 18/500
[ Info: Epoch 19/500
[ Info: Epoch 20/500
[ Info: Epoch 21/500
[ Info: Epoch 22/500
[ Info: Epoch 23/500
[ Info: Epoch 24/500
[ Info: Epoch 25/500
[ Info: Epoch 26/500
[ Info: Epoch 27/500
[ Info: Epoch 28/500
[ Info: Epoch 29/500
[ Info: Epoch 30/500
[ Info: Epoch 31/500
[ Info: Epoch 32/500
[ Info: Epoch 33/500
[ Info: Epoch 34/500
[ Info: Epoch 35/500
[ Info: Epoch 36/500
[ Info: Epoch 37/500
[ Info: Epoch 38/500
[ Info: Epoch 39/500
[ Info: Epoch 40/500
[ Info: Epoch 41/500
[ Info: Epoch 42/500
[ Info: Epoch 43/500
[ Info: Epoch 44/500
[ Info: Epoch 45/500
[ Info: Epoch 46/500
[ Info: Epoch 47/500
[ Info: Epoch 48/500
[ Info: Epoch 49/500
[ Info: Epoch 50/500
[ Info: Epoch 51/500
[ Info: Epoch 52/500
[ Info: Epoch 53/500
[ Info: Epoch 54/500
[ Info: Epoch 55/500
[ Info: Epoch 56/500
[ Info: Epoch 57/500
[ Info: Epoch 58/500
[ Info: Epoch 59/500
[ Info: Epoch 60/500
[ Info: Epoch 61/500
[ Info: Epoch 62/500
[ Info: Epoch 63/500
[ Info: Epoch 64/500
[ Info: Epoch 65/500
[ Info: Epoch 66/500
[ Info: Epoch 67/500
[ Info: Epoch 68/500
[ Info: Epoch 69/500
[ Info: Epoch 70/500
[ Info: Epoch 71/500
[ Info: Epoch 72/500
[ Info: Epoch 73/500
[ Info: Epoch 74/500
[ Info: Epoch 75/500
[ Info: Epoch 76/500
[ Info: Epoch 77/500
[ Info: Epoch 78/500
[ Info: Epoch 79/500
[ Info: Epoch 80/500
[ Info: Epoch 81/500
[ Info: Epoch 82/500
[ Info: Epoch 83/500
[ Info: Epoch 84/500
[ Info: Epoch 85/500
[ Info: Epoch 86/500
[ Info: Epoch 87/500
[ Info: Epoch 88/500
[ Info: Epoch 89/500
[ Info: Epoch 90/500
[ Info: Epoch 91/500
[ Info: Epoch 92/500
[ Info: Epoch 93/500
[ Info: Epoch 94/500
[ Info: Epoch 95/500
[ Info: Epoch 96/500
[ Info: Epoch 97/500
[ Info: Epoch 98/500
[ Info: Epoch 99/500
[ Info: Epoch 100/500
[ Info: Epoch 101/500
[ Info: Epoch 102/500
[ Info: Epoch 103/500
[ Info: Epoch 104/500
[ Info: Epoch 105/500
[ Info: Epoch 106/500
[ Info: Epoch 107/500
[ Info: Epoch 108/500
[ Info: Epoch 109/500
[ Info: Epoch 110/500
[ Info: Epoch 111/500
[ Info: Epoch 112/500
[ Info: Epoch 113/500
[ Info: Epoch 114/500
[ Info: Epoch 115/500
[ Info: Epoch 116/500
[ Info: Epoch 117/500
[ Info: Epoch 118/500
[ Info: Epoch 119/500
[ Info: Epoch 120/500
[ Info: Epoch 121/500
[ Info: Epoch 122/500
[ Info: Epoch 123/500
[ Info: Epoch 124/500
[ Info: Epoch 125/500
[ Info: Epoch 126/500
[ Info: Epoch 127/500
[ Info: Epoch 128/500
[ Info: Epoch 129/500
[ Info: Epoch 130/500
[ Info: Epoch 131/500
[ Info: Epoch 132/500
[ Info: Epoch 133/500
[ Info: Epoch 134/500
[ Info: Epoch 135/500
[ Info: Epoch 136/500
[ Info: Epoch 137/500
[ Info: Epoch 138/500
[ Info: Epoch 139/500
[ Info: Epoch 140/500
[ Info: Epoch 141/500
[ Info: Epoch 142/500
[ Info: Epoch 143/500
[ Info: Epoch 144/500
[ Info: Epoch 145/500
[ Info: Epoch 146/500
[ Info: Epoch 147/500
[ Info: Epoch 148/500
[ Info: Epoch 149/500
[ Info: Epoch 150/500
[ Info: Epoch 151/500
[ Info: Epoch 152/500
[ Info: Epoch 153/500
[ Info: Epoch 154/500
[ Info: Epoch 155/500
[ Info: Epoch 156/500
[ Info: Epoch 157/500
[ Info: Epoch 158/500
[ Info: Epoch 159/500
[ Info: Epoch 160/500
[ Info: Epoch 161/500
[ Info: Epoch 162/500
[ Info: Epoch 163/500
[ Info: Epoch 164/500
[ Info: Epoch 165/500
[ Info: Epoch 166/500
[ Info: Epoch 167/500
[ Info: Epoch 168/500
[ Info: Epoch 169/500
[ Info: Epoch 170/500
[ Info: Epoch 171/500
[ Info: Epoch 172/500
[ Info: Epoch 173/500
[ Info: Epoch 174/500
[ Info: Epoch 175/500
[ Info: Epoch 176/500
[ Info: Epoch 177/500
[ Info: Epoch 178/500
[ Info: Epoch 179/500
[ Info: Epoch 180/500
[ Info: Epoch 181/500
[ Info: Epoch 182/500
[ Info: Epoch 183/500
[ Info: Epoch 184/500
[ Info: Epoch 185/500
[ Info: Epoch 186/500
[ Info: Epoch 187/500
[ Info: Epoch 188/500
[ Info: Epoch 189/500
[ Info: Epoch 190/500
[ Info: Epoch 191/500
[ Info: Epoch 192/500
[ Info: Epoch 193/500
[ Info: Epoch 194/500
[ Info: Epoch 195/500
[ Info: Epoch 196/500
[ Info: Epoch 197/500
[ Info: Epoch 198/500
[ Info: Epoch 199/500
[ Info: Epoch 200/500
[ Info: Epoch 201/500
[ Info: Epoch 202/500
[ Info: Epoch 203/500
[ Info: Epoch 204/500
[ Info: Epoch 205/500
[ Info: Epoch 206/500
[ Info: Epoch 207/500
[ Info: Epoch 208/500
[ Info: Epoch 209/500
[ Info: Epoch 210/500
[ Info: Epoch 211/500
[ Info: Epoch 212/500
[ Info: Epoch 213/500
[ Info: Epoch 214/500
[ Info: Epoch 215/500
[ Info: Epoch 216/500
[ Info: Epoch 217/500
[ Info: Epoch 218/500
[ Info: Epoch 219/500
[ Info: Epoch 220/500
[ Info: Epoch 221/500
[ Info: Epoch 222/500
[ Info: Epoch 223/500
[ Info: Epoch 224/500
[ Info: Epoch 225/500
[ Info: Epoch 226/500
[ Info: Epoch 227/500
[ Info: Epoch 228/500
[ Info: Epoch 229/500
[ Info: Epoch 230/500
[ Info: Epoch 231/500
[ Info: Epoch 232/500
[ Info: Epoch 233/500
[ Info: Epoch 234/500
[ Info: Epoch 235/500
[ Info: Epoch 236/500
[ Info: Epoch 237/500
[ Info: Epoch 238/500
[ Info: Epoch 239/500
[ Info: Epoch 240/500
[ Info: Epoch 241/500
[ Info: Epoch 242/500
[ Info: Epoch 243/500
[ Info: Epoch 244/500
[ Info: Epoch 245/500
[ Info: Epoch 246/500
[ Info: Epoch 247/500
[ Info: Epoch 248/500
[ Info: Epoch 249/500
[ Info: Epoch 250/500
[ Info: Epoch 251/500
[ Info: Epoch 252/500
[ Info: Epoch 253/500
[ Info: Epoch 254/500
[ Info: Epoch 255/500
[ Info: Epoch 256/500
[ Info: Epoch 257/500
[ Info: Epoch 258/500
[ Info: Epoch 259/500
[ Info: Epoch 260/500
[ Info: Epoch 261/500
[ Info: Epoch 262/500
[ Info: Epoch 263/500
[ Info: Epoch 264/500
[ Info: Epoch 265/500
[ Info: Epoch 266/500
[ Info: Epoch 267/500
[ Info: Epoch 268/500
[ Info: Epoch 269/500
[ Info: Epoch 270/500
[ Info: Epoch 271/500
[ Info: Epoch 272/500
[ Info: Epoch 273/500
[ Info: Epoch 274/500
[ Info: Epoch 275/500
[ Info: Epoch 276/500
[ Info: Epoch 277/500
[ Info: Epoch 278/500
[ Info: Epoch 279/500
[ Info: Epoch 280/500
[ Info: Epoch 281/500
[ Info: Epoch 282/500
[ Info: Epoch 283/500
[ Info: Epoch 284/500
[ Info: Epoch 285/500
[ Info: Epoch 286/500
[ Info: Epoch 287/500
[ Info: Epoch 288/500
[ Info: Epoch 289/500
[ Info: Epoch 290/500
[ Info: Epoch 291/500
[ Info: Epoch 292/500
[ Info: Epoch 293/500
[ Info: Epoch 294/500
[ Info: Epoch 295/500
[ Info: Epoch 296/500
[ Info: Epoch 297/500
[ Info: Epoch 298/500
[ Info: Epoch 299/500
[ Info: Epoch 300/500
[ Info: Epoch 301/500
[ Info: Epoch 302/500
[ Info: Epoch 303/500
[ Info: Epoch 304/500
[ Info: Epoch 305/500
[ Info: Epoch 306/500
[ Info: Epoch 307/500
[ Info: Epoch 308/500
[ Info: Epoch 309/500
[ Info: Epoch 310/500
[ Info: Epoch 311/500
[ Info: Epoch 312/500
[ Info: Epoch 313/500
[ Info: Epoch 314/500
[ Info: Epoch 315/500
[ Info: Epoch 316/500
[ Info: Epoch 317/500
[ Info: Epoch 318/500
[ Info: Epoch 319/500
[ Info: Epoch 320/500
[ Info: Epoch 321/500
[ Info: Epoch 322/500
[ Info: Epoch 323/500
[ Info: Epoch 324/500
[ Info: Epoch 325/500
[ Info: Epoch 326/500
[ Info: Epoch 327/500
[ Info: Epoch 328/500
[ Info: Epoch 329/500
[ Info: Epoch 330/500
[ Info: Epoch 331/500
[ Info: Epoch 332/500
[ Info: Epoch 333/500
[ Info: Epoch 334/500
[ Info: Epoch 335/500
[ Info: Epoch 336/500
[ Info: Epoch 337/500
[ Info: Epoch 338/500
[ Info: Epoch 339/500
[ Info: Epoch 340/500
[ Info: Epoch 341/500
[ Info: Epoch 342/500
[ Info: Epoch 343/500
[ Info: Epoch 344/500
[ Info: Epoch 345/500
[ Info: Epoch 346/500
[ Info: Epoch 347/500
[ Info: Epoch 348/500
[ Info: Epoch 349/500
[ Info: Epoch 350/500
[ Info: Epoch 351/500
[ Info: Epoch 352/500
[ Info: Epoch 353/500
[ Info: Epoch 354/500
[ Info: Epoch 355/500
[ Info: Epoch 356/500
[ Info: Epoch 357/500
[ Info: Epoch 358/500
[ Info: Epoch 359/500
[ Info: Epoch 360/500
[ Info: Epoch 361/500
[ Info: Epoch 362/500
[ Info: Epoch 363/500
[ Info: Epoch 364/500
[ Info: Epoch 365/500
[ Info: Epoch 366/500
[ Info: Epoch 367/500
[ Info: Epoch 368/500
[ Info: Epoch 369/500
[ Info: Epoch 370/500
[ Info: Epoch 371/500
[ Info: Epoch 372/500
[ Info: Epoch 373/500
[ Info: Epoch 374/500
[ Info: Epoch 375/500
[ Info: Epoch 376/500
[ Info: Epoch 377/500
[ Info: Epoch 378/500
[ Info: Epoch 379/500
[ Info: Epoch 380/500
[ Info: Epoch 381/500
[ Info: Epoch 382/500
[ Info: Epoch 383/500
[ Info: Epoch 384/500
[ Info: Epoch 385/500
[ Info: Epoch 386/500
[ Info: Epoch 387/500
[ Info: Epoch 388/500
[ Info: Epoch 389/500
[ Info: Epoch 390/500
[ Info: Epoch 391/500
[ Info: Epoch 392/500
[ Info: Epoch 393/500
[ Info: Epoch 394/500
[ Info: Epoch 395/500
[ Info: Epoch 396/500
[ Info: Epoch 397/500
[ Info: Epoch 398/500
[ Info: Epoch 399/500
[ Info: Epoch 400/500
[ Info: Epoch 401/500
[ Info: Epoch 402/500
[ Info: Epoch 403/500
[ Info: Epoch 404/500
[ Info: Epoch 405/500
[ Info: Epoch 406/500
[ Info: Epoch 407/500
[ Info: Epoch 408/500
[ Info: Epoch 409/500
[ Info: Epoch 410/500
[ Info: Epoch 411/500
[ Info: Epoch 412/500
[ Info: Epoch 413/500
[ Info: Epoch 414/500
[ Info: Epoch 415/500
[ Info: Epoch 416/500
[ Info: Epoch 417/500
[ Info: Epoch 418/500
[ Info: Epoch 419/500
[ Info: Epoch 420/500
[ Info: Epoch 421/500
[ Info: Epoch 422/500
[ Info: Epoch 423/500
[ Info: Epoch 424/500
[ Info: Epoch 425/500
[ Info: Epoch 426/500
[ Info: Epoch 427/500
[ Info: Epoch 428/500
[ Info: Epoch 429/500
[ Info: Epoch 430/500
[ Info: Epoch 431/500
[ Info: Epoch 432/500
[ Info: Epoch 433/500
[ Info: Epoch 434/500
[ Info: Epoch 435/500
[ Info: Epoch 436/500
[ Info: Epoch 437/500
[ Info: Epoch 438/500
[ Info: Epoch 439/500
[ Info: Epoch 440/500
[ Info: Epoch 441/500
[ Info: Epoch 442/500
[ Info: Epoch 443/500
[ Info: Epoch 444/500
[ Info: Epoch 445/500
[ Info: Epoch 446/500
[ Info: Epoch 447/500
[ Info: Epoch 448/500
[ Info: Epoch 449/500
[ Info: Epoch 450/500
[ Info: Epoch 451/500
[ Info: Epoch 452/500
[ Info: Epoch 453/500
[ Info: Epoch 454/500
[ Info: Epoch 455/500
[ Info: Epoch 456/500
[ Info: Epoch 457/500
[ Info: Epoch 458/500
[ Info: Epoch 459/500
[ Info: Epoch 460/500
[ Info: Epoch 461/500
[ Info: Epoch 462/500
[ Info: Epoch 463/500
[ Info: Epoch 464/500
[ Info: Epoch 465/500
[ Info: Epoch 466/500
[ Info: Epoch 467/500
[ Info: Epoch 468/500
[ Info: Epoch 469/500
[ Info: Epoch 470/500
[ Info: Epoch 471/500
[ Info: Epoch 472/500
[ Info: Epoch 473/500
[ Info: Epoch 474/500
[ Info: Epoch 475/500
[ Info: Epoch 476/500
[ Info: Epoch 477/500
[ Info: Epoch 478/500
[ Info: Epoch 479/500
[ Info: Epoch 480/500
[ Info: Epoch 481/500
[ Info: Epoch 482/500
[ Info: Epoch 483/500
[ Info: Epoch 484/500
[ Info: Epoch 485/500
[ Info: Epoch 486/500
[ Info: Epoch 487/500
[ Info: Epoch 488/500
[ Info: Epoch 489/500
[ Info: Epoch 490/500
[ Info: Epoch 491/500
[ Info: Epoch 492/500
[ Info: Epoch 493/500
[ Info: Epoch 494/500
[ Info: Epoch 495/500
[ Info: Epoch 496/500
[ Info: Epoch 497/500
[ Info: Epoch 498/500
[ Info: Epoch 499/500
[ Info: Epoch 500/500
[ Info: Model saved: data/Lux_models/Apr08-2017__E500_HW256x256_C4to2_nc6_nd2_z16_C8_lr0p001_wd0p0009_bs16_NY_LL1_Tl0p0/checkpoint.jld2
[ Info: Selected 2 snapshots with indices [3547, 1759] for reconstruction
[ Info: Saved reconstruction plot to data/Lux_models/Apr08-2017__E500_HW256x256_C4to2_nc6_nd2_z16_C8_lr0p001_wd0p0009_bs16_NY_LL1_Tl0p0/reconstruction.png
[ Info: Saved loss plot to data/Lux_models/Apr08-2017__E500_HW256x256_C4to2_nc6_nd2_z16_C8_lr0p001_wd0p0009_bs16_NY_LL1_Tl0p0/loss_evolution.png
┌ Info: AE training complete
│   elapsed_min = 8.1
└   checkpoint = "data/Lux_models/Apr08-2017__E500_HW256x256_C4to2_nc6_nd2_z16_C8_lr0p001_wd0p0009_bs16_NY_LL1_Tl0p0/checkpoint.jld2"
[ Info: ── Step 2/2: Training Neural ODE ──
ERROR: LoadError: UndefVarError: `device` not defined in `Main`
Suggestion: check for spelling errors or missing imports.
Hint: a global variable of this name may be made accessible by importing CUDA in the current active module Main
Stacktrace:
 [1] main()
   @ Main ~/Thesis/project/scripts/AE+NODE/hpc_AENODE_train.jl:57
 [2] top-level scope
   @ ~/Thesis/project/scripts/AE+NODE/hpc_AENODE_train.jl:76
in expression starting at /home/mfbclaeys/Thesis/project/scripts/AE+NODE/hpc_AENODE_train.jl:76
srun: error: gpu012: task 0: Exited with exit code 1
srun: launch/slurm: _step_signal: Terminating StepId=9563330.0
