Running on host gpu012
Using 8 Julia threads
Starting at Wed Apr  8 20:12:28 CEST 2026
Loading Modules
Finished Loading Modules
Running hpc_AENODE_train.jl

Training AE for 1000 epochs with λdiv=1000.0, λcurl=100.0)
Epoch 1/500 | time=113.635s | train_loss=0.8181 | train_corr=(0.365, 0.024) | val_loss=0.8229 | val_corr=(0.368, 0.014) | test_loss=0.8217 | test_corr=(0.368, 0.018)
Epoch 2/500 | time=0.643s | train_loss=0.6315 | train_corr=(0.285, -0.008) | val_loss=0.5702 | val_corr=(0.406, 0.008) | test_loss=0.568 | test_corr=(0.411, 0.019)
Epoch 3/500 | time=0.638s | train_loss=0.4079 | train_corr=(0.488, -0.002) | val_loss=0.4017 | val_corr=(0.489, 0.008) | test_loss=0.4 | test_corr=(0.497, 0.02)
Epoch 4/500 | time=0.643s | train_loss=0.3713 | train_corr=(0.54, -0.003) | val_loss=0.3822 | val_corr=(0.525, -0.007) | test_loss=0.3811 | test_corr=(0.523, 0.005)
Epoch 5/500 | time=0.643s | train_loss=0.3694 | train_corr=(0.532, 0.02) | val_loss=0.3727 | val_corr=(0.543, 0.025) | test_loss=0.3725 | test_corr=(0.54, 0.023)
Epoch 6/500 | time=0.656s | train_loss=0.3749 | train_corr=(0.538, 0.042) | val_loss=0.3671 | val_corr=(0.55, 0.036) | test_loss=0.3677 | test_corr=(0.548, 0.025)
Epoch 7/500 | time=0.643s | train_loss=0.3591 | train_corr=(0.574, 0.032) | val_loss=0.3638 | val_corr=(0.554, 0.036) | test_loss=0.3639 | test_corr=(0.552, 0.025)
Epoch 8/500 | time=0.654s | train_loss=0.3641 | train_corr=(0.553, -0.013) | val_loss=0.3621 | val_corr=(0.558, 0.042) | test_loss=0.363 | test_corr=(0.556, 0.033)
Epoch 9/500 | time=0.643s | train_loss=0.3517 | train_corr=(0.574, 0.047) | val_loss=0.3595 | val_corr=(0.559, 0.052) | test_loss=0.3599 | test_corr=(0.555, 0.046)
Epoch 10/500 | time=0.654s | train_loss=0.3632 | train_corr=(0.553, 0.043) | val_loss=0.3572 | val_corr=(0.563, 0.061) | test_loss=0.3578 | test_corr=(0.56, 0.058)
Epoch 11/500 | time=0.642s | train_loss=0.3544 | train_corr=(0.565, 0.083) | val_loss=0.3568 | val_corr=(0.564, 0.073) | test_loss=0.3572 | test_corr=(0.56, 0.07)
Epoch 12/500 | time=0.66s | train_loss=0.35 | train_corr=(0.571, 0.092) | val_loss=0.3542 | val_corr=(0.57, 0.085) | test_loss=0.3546 | test_corr=(0.568, 0.083)
Epoch 13/500 | time=0.647s | train_loss=0.3472 | train_corr=(0.585, 0.07) | val_loss=0.3518 | val_corr=(0.571, 0.089) | test_loss=0.3524 | test_corr=(0.567, 0.089)
Epoch 14/500 | time=0.654s | train_loss=0.3451 | train_corr=(0.596, 0.088) | val_loss=0.3556 | val_corr=(0.568, 0.096) | test_loss=0.3552 | test_corr=(0.565, 0.096)
Epoch 15/500 | time=0.64s | train_loss=0.3523 | train_corr=(0.569, 0.098) | val_loss=0.3513 | val_corr=(0.572, 0.095) | test_loss=0.3526 | test_corr=(0.566, 0.095)
Epoch 16/500 | time=0.659s | train_loss=0.3444 | train_corr=(0.582, 0.111) | val_loss=0.3479 | val_corr=(0.573, 0.117) | test_loss=0.3485 | test_corr=(0.569, 0.117)
Epoch 17/500 | time=0.647s | train_loss=0.3458 | train_corr=(0.577, 0.125) | val_loss=0.3457 | val_corr=(0.578, 0.121) | test_loss=0.3477 | test_corr=(0.571, 0.119)
Epoch 18/500 | time=0.653s | train_loss=0.3389 | train_corr=(0.588, 0.119) | val_loss=0.3456 | val_corr=(0.584, 0.125) | test_loss=0.348 | test_corr=(0.577, 0.122)
Epoch 19/500 | time=0.65s | train_loss=0.3364 | train_corr=(0.588, 0.131) | val_loss=0.3419 | val_corr=(0.585, 0.13) | test_loss=0.3436 | test_corr=(0.581, 0.127)
Epoch 20/500 | time=0.644s | train_loss=0.3429 | train_corr=(0.589, 0.132) | val_loss=0.3397 | val_corr=(0.589, 0.134) | test_loss=0.3411 | test_corr=(0.58, 0.13)
Epoch 21/500 | time=0.636s | train_loss=0.3355 | train_corr=(0.589, 0.155) | val_loss=0.3344 | val_corr=(0.598, 0.146) | test_loss=0.3364 | test_corr=(0.592, 0.139)
Epoch 22/500 | time=0.639s | train_loss=0.3268 | train_corr=(0.609, 0.139) | val_loss=0.3276 | val_corr=(0.606, 0.177) | test_loss=0.3301 | test_corr=(0.597, 0.169)
Epoch 23/500 | time=0.636s | train_loss=0.3206 | train_corr=(0.615, 0.229) | val_loss=0.3213 | val_corr=(0.613, 0.217) | test_loss=0.3242 | test_corr=(0.604, 0.205)
Epoch 24/500 | time=0.641s | train_loss=0.3175 | train_corr=(0.62, 0.268) | val_loss=0.3155 | val_corr=(0.63, 0.292) | test_loss=0.3185 | test_corr=(0.619, 0.279)
Epoch 25/500 | time=0.645s | train_loss=0.306 | train_corr=(0.641, 0.3) | val_loss=0.3111 | val_corr=(0.647, 0.358) | test_loss=0.315 | test_corr=(0.631, 0.334)
Epoch 26/500 | time=0.654s | train_loss=0.3021 | train_corr=(0.647, 0.422) | val_loss=0.3045 | val_corr=(0.655, 0.407) | test_loss=0.3083 | test_corr=(0.64, 0.384)
Epoch 27/500 | time=0.64s | train_loss=0.2926 | train_corr=(0.659, 0.561) | val_loss=0.2854 | val_corr=(0.676, 0.584) | test_loss=0.291 | test_corr=(0.662, 0.561)
Epoch 28/500 | time=0.637s | train_loss=0.3076 | train_corr=(0.697, 0.584) | val_loss=0.2868 | val_corr=(0.68, 0.695) | test_loss=0.2892 | test_corr=(0.668, 0.675)
Epoch 29/500 | time=0.627s | train_loss=0.2709 | train_corr=(0.711, 0.727) | val_loss=0.2681 | val_corr=(0.704, 0.717) | test_loss=0.2758 | test_corr=(0.69, 0.703)
Epoch 30/500 | time=0.64s | train_loss=0.2564 | train_corr=(0.708, 0.772) | val_loss=0.2587 | val_corr=(0.722, 0.783) | test_loss=0.2619 | test_corr=(0.709, 0.772)
Epoch 31/500 | time=0.628s | train_loss=0.2615 | train_corr=(0.729, 0.767) | val_loss=0.2566 | val_corr=(0.725, 0.792) | test_loss=0.2644 | test_corr=(0.716, 0.777)
Epoch 32/500 | time=0.646s | train_loss=0.2507 | train_corr=(0.72, 0.819) | val_loss=0.2446 | val_corr=(0.735, 0.836) | test_loss=0.2576 | test_corr=(0.717, 0.807)
Epoch 33/500 | time=0.632s | train_loss=0.241 | train_corr=(0.736, 0.846) | val_loss=0.2325 | val_corr=(0.755, 0.865) | test_loss=0.2428 | test_corr=(0.737, 0.834)
Epoch 34/500 | time=0.633s | train_loss=0.2155 | train_corr=(0.767, 0.875) | val_loss=0.2135 | val_corr=(0.777, 0.893) | test_loss=0.2232 | test_corr=(0.76, 0.869)
Epoch 35/500 | time=0.636s | train_loss=0.2136 | train_corr=(0.792, 0.892) | val_loss=0.2103 | val_corr=(0.79, 0.892) | test_loss=0.2216 | test_corr=(0.774, 0.869)
Epoch 36/500 | time=0.634s | train_loss=0.2014 | train_corr=(0.798, 0.903) | val_loss=0.2036 | val_corr=(0.805, 0.909) | test_loss=0.2153 | test_corr=(0.78, 0.885)
Epoch 37/500 | time=0.635s | train_loss=0.1998 | train_corr=(0.808, 0.919) | val_loss=0.2024 | val_corr=(0.809, 0.918) | test_loss=0.2136 | test_corr=(0.786, 0.887)
Epoch 38/500 | time=0.654s | train_loss=0.1875 | train_corr=(0.822, 0.926) | val_loss=0.1862 | val_corr=(0.827, 0.922) | test_loss=0.2046 | test_corr=(0.799, 0.892)
Epoch 39/500 | time=0.651s | train_loss=0.1861 | train_corr=(0.821, 0.915) | val_loss=0.1836 | val_corr=(0.835, 0.928) | test_loss=0.1999 | test_corr=(0.803, 0.9)
Epoch 40/500 | time=0.645s | train_loss=0.1815 | train_corr=(0.827, 0.927) | val_loss=0.1787 | val_corr=(0.832, 0.933) | test_loss=0.1964 | test_corr=(0.803, 0.902)
Epoch 41/500 | time=0.645s | train_loss=0.1948 | train_corr=(0.831, 0.933) | val_loss=0.1758 | val_corr=(0.836, 0.937) | test_loss=0.1936 | test_corr=(0.81, 0.902)
Epoch 42/500 | time=0.646s | train_loss=0.1869 | train_corr=(0.839, 0.933) | val_loss=0.1896 | val_corr=(0.844, 0.933) | test_loss=0.2061 | test_corr=(0.813, 0.896)
Epoch 43/500 | time=0.635s | train_loss=0.1673 | train_corr=(0.846, 0.942) | val_loss=0.1836 | val_corr=(0.84, 0.938) | test_loss=0.2083 | test_corr=(0.805, 0.901)
Epoch 44/500 | time=0.645s | train_loss=0.1706 | train_corr=(0.845, 0.944) | val_loss=0.1659 | val_corr=(0.849, 0.939) | test_loss=0.1885 | test_corr=(0.816, 0.898)
Epoch 45/500 | time=0.635s | train_loss=0.1655 | train_corr=(0.861, 0.946) | val_loss=0.1624 | val_corr=(0.865, 0.942) | test_loss=0.1867 | test_corr=(0.824, 0.901)
Epoch 46/500 | time=0.653s | train_loss=0.1638 | train_corr=(0.86, 0.95) | val_loss=0.1706 | val_corr=(0.86, 0.941) | test_loss=0.1906 | test_corr=(0.817, 0.9)
Epoch 47/500 | time=0.644s | train_loss=0.1552 | train_corr=(0.86, 0.952) | val_loss=0.166 | val_corr=(0.864, 0.949) | test_loss=0.188 | test_corr=(0.823, 0.908)
Epoch 48/500 | time=0.635s | train_loss=0.1522 | train_corr=(0.876, 0.952) | val_loss=0.1551 | val_corr=(0.866, 0.95) | test_loss=0.1785 | test_corr=(0.826, 0.914)
Epoch 49/500 | time=0.634s | train_loss=0.156 | train_corr=(0.868, 0.955) | val_loss=0.1509 | val_corr=(0.874, 0.951) | test_loss=0.1793 | test_corr=(0.834, 0.919)
Epoch 50/500 | time=0.658s | train_loss=0.15 | train_corr=(0.868, 0.958) | val_loss=0.1456 | val_corr=(0.879, 0.955) | test_loss=0.1738 | test_corr=(0.834, 0.915)
Epoch 51/500 | time=0.635s | train_loss=0.1441 | train_corr=(0.878, 0.96) | val_loss=0.1573 | val_corr=(0.89, 0.957) | test_loss=0.1787 | test_corr=(0.848, 0.916)
Epoch 52/500 | time=0.639s | train_loss=0.1505 | train_corr=(0.879, 0.943) | val_loss=0.1558 | val_corr=(0.877, 0.964) | test_loss=0.1794 | test_corr=(0.838, 0.919)
Epoch 53/500 | time=0.64s | train_loss=0.1494 | train_corr=(0.888, 0.959) | val_loss=0.1409 | val_corr=(0.887, 0.959) | test_loss=0.1694 | test_corr=(0.844, 0.919)
Epoch 54/500 | time=0.657s | train_loss=0.1286 | train_corr=(0.897, 0.97) | val_loss=0.1321 | val_corr=(0.895, 0.964) | test_loss=0.1638 | test_corr=(0.854, 0.925)
Epoch 55/500 | time=0.657s | train_loss=0.1328 | train_corr=(0.9, 0.967) | val_loss=0.1281 | val_corr=(0.903, 0.963) | test_loss=0.158 | test_corr=(0.857, 0.927)
Epoch 56/500 | time=0.649s | train_loss=0.1194 | train_corr=(0.912, 0.972) | val_loss=0.1234 | val_corr=(0.91, 0.968) | test_loss=0.1556 | test_corr=(0.864, 0.928)
Epoch 57/500 | time=0.644s | train_loss=0.1189 | train_corr=(0.911, 0.971) | val_loss=0.1199 | val_corr=(0.913, 0.969) | test_loss=0.1578 | test_corr=(0.862, 0.922)
Epoch 58/500 | time=0.625s | train_loss=0.1177 | train_corr=(0.912, 0.97) | val_loss=0.1145 | val_corr=(0.921, 0.974) | test_loss=0.1542 | test_corr=(0.868, 0.93)
Epoch 59/500 | time=0.625s | train_loss=0.1114 | train_corr=(0.923, 0.976) | val_loss=0.1124 | val_corr=(0.922, 0.974) | test_loss=0.1511 | test_corr=(0.869, 0.928)
Epoch 60/500 | time=0.6s | train_loss=0.1123 | train_corr=(0.929, 0.976) | val_loss=0.1147 | val_corr=(0.93, 0.978) | test_loss=0.152 | test_corr=(0.876, 0.931)
Epoch 61/500 | time=0.631s | train_loss=0.1127 | train_corr=(0.929, 0.973) | val_loss=0.1147 | val_corr=(0.93, 0.975) | test_loss=0.1537 | test_corr=(0.869, 0.928)
Epoch 62/500 | time=0.655s | train_loss=0.1042 | train_corr=(0.936, 0.979) | val_loss=0.1056 | val_corr=(0.937, 0.976) | test_loss=0.1506 | test_corr=(0.877, 0.931)
Epoch 63/500 | time=0.631s | train_loss=0.1234 | train_corr=(0.921, 0.971) | val_loss=0.1062 | val_corr=(0.933, 0.975) | test_loss=0.1471 | test_corr=(0.874, 0.933)
Epoch 64/500 | time=0.655s | train_loss=0.1157 | train_corr=(0.929, 0.978) | val_loss=0.1018 | val_corr=(0.942, 0.979) | test_loss=0.1428 | test_corr=(0.883, 0.934)
Epoch 65/500 | time=0.621s | train_loss=0.1141 | train_corr=(0.932, 0.979) | val_loss=0.0996 | val_corr=(0.944, 0.978) | test_loss=0.1406 | test_corr=(0.885, 0.936)
Epoch 66/500 | time=0.624s | train_loss=0.1018 | train_corr=(0.946, 0.979) | val_loss=0.1021 | val_corr=(0.938, 0.982) | test_loss=0.1485 | test_corr=(0.877, 0.938)
Epoch 67/500 | time=0.603s | train_loss=0.1025 | train_corr=(0.942, 0.975) | val_loss=0.0983 | val_corr=(0.944, 0.979) | test_loss=0.1431 | test_corr=(0.88, 0.933)
Epoch 68/500 | time=0.601s | train_loss=0.098 | train_corr=(0.946, 0.98) | val_loss=0.0964 | val_corr=(0.946, 0.981) | test_loss=0.1403 | test_corr=(0.886, 0.937)
Epoch 69/500 | time=0.621s | train_loss=0.0984 | train_corr=(0.946, 0.98) | val_loss=0.1025 | val_corr=(0.94, 0.98) | test_loss=0.1451 | test_corr=(0.876, 0.935)
Epoch 70/500 | time=0.604s | train_loss=0.0915 | train_corr=(0.947, 0.978) | val_loss=0.0974 | val_corr=(0.943, 0.977) | test_loss=0.146 | test_corr=(0.877, 0.932)
Epoch 71/500 | time=0.651s | train_loss=0.1067 | train_corr=(0.938, 0.967) | val_loss=0.1089 | val_corr=(0.944, 0.972) | test_loss=0.1482 | test_corr=(0.88, 0.925)
Epoch 72/500 | time=0.653s | train_loss=0.1086 | train_corr=(0.937, 0.976) | val_loss=0.0993 | val_corr=(0.951, 0.979) | test_loss=0.1396 | test_corr=(0.891, 0.935)
Epoch 73/500 | time=0.653s | train_loss=0.1085 | train_corr=(0.937, 0.975) | val_loss=0.0975 | val_corr=(0.947, 0.976) | test_loss=0.1414 | test_corr=(0.883, 0.934)
Epoch 74/500 | time=0.652s | train_loss=0.1012 | train_corr=(0.938, 0.978) | val_loss=0.0891 | val_corr=(0.951, 0.982) | test_loss=0.1358 | test_corr=(0.886, 0.935)
Epoch 75/500 | time=0.65s | train_loss=0.0928 | train_corr=(0.943, 0.982) | val_loss=0.0921 | val_corr=(0.946, 0.98) | test_loss=0.1373 | test_corr=(0.885, 0.933)
Epoch 76/500 | time=0.639s | train_loss=0.0928 | train_corr=(0.948, 0.98) | val_loss=0.091 | val_corr=(0.944, 0.981) | test_loss=0.1393 | test_corr=(0.88, 0.936)
Epoch 77/500 | time=0.656s | train_loss=0.093 | train_corr=(0.946, 0.975) | val_loss=0.0909 | val_corr=(0.952, 0.983) | test_loss=0.1347 | test_corr=(0.887, 0.938)
Epoch 78/500 | time=0.625s | train_loss=0.0839 | train_corr=(0.953, 0.982) | val_loss=0.0894 | val_corr=(0.954, 0.983) | test_loss=0.1337 | test_corr=(0.892, 0.938)
Epoch 79/500 | time=0.64s | train_loss=0.0827 | train_corr=(0.952, 0.985) | val_loss=0.0834 | val_corr=(0.956, 0.987) | test_loss=0.1305 | test_corr=(0.892, 0.94)
Epoch 80/500 | time=0.65s | train_loss=0.0847 | train_corr=(0.953, 0.979) | val_loss=0.0822 | val_corr=(0.955, 0.985) | test_loss=0.1306 | test_corr=(0.891, 0.939)
Epoch 81/500 | time=0.622s | train_loss=0.0871 | train_corr=(0.949, 0.985) | val_loss=0.0974 | val_corr=(0.952, 0.982) | test_loss=0.1419 | test_corr=(0.889, 0.934)
Epoch 82/500 | time=0.646s | train_loss=0.0986 | train_corr=(0.94, 0.986) | val_loss=0.0833 | val_corr=(0.955, 0.985) | test_loss=0.1312 | test_corr=(0.891, 0.939)
Epoch 83/500 | time=0.645s | train_loss=0.0808 | train_corr=(0.954, 0.983) | val_loss=0.0841 | val_corr=(0.954, 0.983) | test_loss=0.134 | test_corr=(0.887, 0.935)
Epoch 84/500 | time=0.652s | train_loss=0.0821 | train_corr=(0.953, 0.984) | val_loss=0.082 | val_corr=(0.957, 0.984) | test_loss=0.1304 | test_corr=(0.891, 0.935)
Epoch 85/500 | time=0.655s | train_loss=0.0859 | train_corr=(0.948, 0.982) | val_loss=0.0874 | val_corr=(0.953, 0.982) | test_loss=0.1338 | test_corr=(0.888, 0.937)
Epoch 86/500 | time=0.651s | train_loss=0.0812 | train_corr=(0.949, 0.985) | val_loss=0.0791 | val_corr=(0.956, 0.986) | test_loss=0.1278 | test_corr=(0.892, 0.94)
Epoch 87/500 | time=0.645s | train_loss=0.0793 | train_corr=(0.952, 0.986) | val_loss=0.0894 | val_corr=(0.953, 0.984) | test_loss=0.1334 | test_corr=(0.892, 0.938)
Epoch 88/500 | time=0.649s | train_loss=0.0789 | train_corr=(0.949, 0.987) | val_loss=0.0822 | val_corr=(0.957, 0.988) | test_loss=0.1289 | test_corr=(0.895, 0.94)
Epoch 89/500 | time=0.652s | train_loss=0.0759 | train_corr=(0.956, 0.988) | val_loss=0.0776 | val_corr=(0.954, 0.987) | test_loss=0.1286 | test_corr=(0.889, 0.939)
Epoch 90/500 | time=0.651s | train_loss=0.0867 | train_corr=(0.955, 0.984) | val_loss=0.0929 | val_corr=(0.941, 0.974) | test_loss=0.1398 | test_corr=(0.877, 0.929)
Epoch 91/500 | time=0.647s | train_loss=0.0825 | train_corr=(0.951, 0.986) | val_loss=0.0879 | val_corr=(0.955, 0.984) | test_loss=0.1312 | test_corr=(0.889, 0.937)
Epoch 92/500 | time=0.657s | train_loss=0.0784 | train_corr=(0.953, 0.984) | val_loss=0.0791 | val_corr=(0.952, 0.986) | test_loss=0.1341 | test_corr=(0.882, 0.937)
Epoch 93/500 | time=0.625s | train_loss=0.0801 | train_corr=(0.955, 0.984) | val_loss=0.0755 | val_corr=(0.957, 0.986) | test_loss=0.1244 | test_corr=(0.894, 0.942)
Epoch 94/500 | time=0.621s | train_loss=0.0681 | train_corr=(0.961, 0.99) | val_loss=0.0722 | val_corr=(0.959, 0.987) | test_loss=0.1235 | test_corr=(0.893, 0.942)
Epoch 95/500 | time=0.632s | train_loss=0.0746 | train_corr=(0.959, 0.989) | val_loss=0.0738 | val_corr=(0.956, 0.987) | test_loss=0.1249 | test_corr=(0.89, 0.94)
Epoch 96/500 | time=0.632s | train_loss=0.0765 | train_corr=(0.953, 0.986) | val_loss=0.0798 | val_corr=(0.958, 0.985) | test_loss=0.1275 | test_corr=(0.892, 0.939)
Epoch 97/500 | time=0.639s | train_loss=0.0703 | train_corr=(0.957, 0.99) | val_loss=0.0699 | val_corr=(0.959, 0.99) | test_loss=0.1234 | test_corr=(0.892, 0.941)
Epoch 98/500 | time=0.638s | train_loss=0.0664 | train_corr=(0.963, 0.991) | val_loss=0.0696 | val_corr=(0.959, 0.988) | test_loss=0.1229 | test_corr=(0.891, 0.941)
Epoch 99/500 | time=0.649s | train_loss=0.0685 | train_corr=(0.961, 0.99) | val_loss=0.0693 | val_corr=(0.957, 0.989) | test_loss=0.1236 | test_corr=(0.887, 0.943)
Epoch 100/500 | time=0.65s | train_loss=0.0715 | train_corr=(0.957, 0.99) | val_loss=0.0678 | val_corr=(0.96, 0.99) | test_loss=0.1232 | test_corr=(0.889, 0.941)
Epoch 101/500 | time=0.651s | train_loss=0.0711 | train_corr=(0.961, 0.988) | val_loss=0.0692 | val_corr=(0.958, 0.989) | test_loss=0.1249 | test_corr=(0.887, 0.941)
Epoch 102/500 | time=0.632s | train_loss=0.0668 | train_corr=(0.961, 0.99) | val_loss=0.0687 | val_corr=(0.957, 0.988) | test_loss=0.1223 | test_corr=(0.89, 0.939)
Epoch 103/500 | time=0.605s | train_loss=0.0699 | train_corr=(0.961, 0.989) | val_loss=0.0671 | val_corr=(0.96, 0.989) | test_loss=0.122 | test_corr=(0.892, 0.94)
Epoch 104/500 | time=0.607s | train_loss=0.067 | train_corr=(0.959, 0.99) | val_loss=0.0732 | val_corr=(0.957, 0.985) | test_loss=0.1271 | test_corr=(0.886, 0.936)
Epoch 105/500 | time=0.644s | train_loss=0.0671 | train_corr=(0.958, 0.988) | val_loss=0.0688 | val_corr=(0.96, 0.987) | test_loss=0.1221 | test_corr=(0.892, 0.938)
Epoch 106/500 | time=0.631s | train_loss=0.0656 | train_corr=(0.959, 0.989) | val_loss=0.0717 | val_corr=(0.957, 0.985) | test_loss=0.1257 | test_corr=(0.887, 0.936)
Epoch 107/500 | time=0.632s | train_loss=0.0694 | train_corr=(0.962, 0.991) | val_loss=0.0699 | val_corr=(0.956, 0.99) | test_loss=0.1242 | test_corr=(0.886, 0.943)
Epoch 108/500 | time=0.61s | train_loss=0.073 | train_corr=(0.959, 0.989) | val_loss=0.0691 | val_corr=(0.955, 0.992) | test_loss=0.1264 | test_corr=(0.884, 0.943)
Epoch 109/500 | time=0.625s | train_loss=0.0652 | train_corr=(0.962, 0.991) | val_loss=0.0682 | val_corr=(0.956, 0.989) | test_loss=0.122 | test_corr=(0.886, 0.941)
Epoch 110/500 | time=0.631s | train_loss=0.0621 | train_corr=(0.962, 0.991) | val_loss=0.0655 | val_corr=(0.959, 0.989) | test_loss=0.1222 | test_corr=(0.889, 0.942)
Epoch 111/500 | time=0.629s | train_loss=0.0672 | train_corr=(0.963, 0.992) | val_loss=0.0653 | val_corr=(0.957, 0.992) | test_loss=0.1211 | test_corr=(0.887, 0.943)
Epoch 112/500 | time=0.631s | train_loss=0.0608 | train_corr=(0.963, 0.991) | val_loss=0.0625 | val_corr=(0.963, 0.991) | test_loss=0.117 | test_corr=(0.895, 0.943)
Epoch 113/500 | time=0.632s | train_loss=0.0607 | train_corr=(0.961, 0.992) | val_loss=0.0638 | val_corr=(0.959, 0.993) | test_loss=0.1189 | test_corr=(0.893, 0.943)
Epoch 114/500 | time=0.629s | train_loss=0.0624 | train_corr=(0.963, 0.991) | val_loss=0.0617 | val_corr=(0.961, 0.992) | test_loss=0.1168 | test_corr=(0.894, 0.944)
Epoch 115/500 | time=0.63s | train_loss=0.0624 | train_corr=(0.959, 0.991) | val_loss=0.0598 | val_corr=(0.962, 0.993) | test_loss=0.1166 | test_corr=(0.895, 0.944)
Epoch 116/500 | time=0.641s | train_loss=0.0618 | train_corr=(0.96, 0.993) | val_loss=0.0639 | val_corr=(0.965, 0.991) | test_loss=0.1175 | test_corr=(0.897, 0.943)
Epoch 117/500 | time=0.614s | train_loss=0.062 | train_corr=(0.96, 0.991) | val_loss=0.0638 | val_corr=(0.963, 0.99) | test_loss=0.1185 | test_corr=(0.894, 0.943)
Epoch 118/500 | time=0.629s | train_loss=0.0601 | train_corr=(0.961, 0.993) | val_loss=0.0647 | val_corr=(0.962, 0.99) | test_loss=0.118 | test_corr=(0.897, 0.944)
Epoch 119/500 | time=0.636s | train_loss=0.0615 | train_corr=(0.961, 0.991) | val_loss=0.0612 | val_corr=(0.962, 0.992) | test_loss=0.1178 | test_corr=(0.894, 0.943)
Epoch 120/500 | time=0.644s | train_loss=0.0636 | train_corr=(0.962, 0.99) | val_loss=0.0622 | val_corr=(0.963, 0.99) | test_loss=0.12 | test_corr=(0.892, 0.941)
Epoch 121/500 | time=0.635s | train_loss=0.0609 | train_corr=(0.96, 0.991) | val_loss=0.0637 | val_corr=(0.962, 0.991) | test_loss=0.1188 | test_corr=(0.894, 0.942)
Epoch 122/500 | time=0.651s | train_loss=0.0556 | train_corr=(0.965, 0.994) | val_loss=0.0608 | val_corr=(0.965, 0.992) | test_loss=0.1162 | test_corr=(0.896, 0.944)
Epoch 123/500 | time=0.651s | train_loss=0.07 | train_corr=(0.967, 0.992) | val_loss=0.0628 | val_corr=(0.958, 0.993) | test_loss=0.1231 | test_corr=(0.886, 0.944)
Epoch 124/500 | time=0.643s | train_loss=0.0621 | train_corr=(0.963, 0.992) | val_loss=0.0665 | val_corr=(0.958, 0.989) | test_loss=0.1222 | test_corr=(0.891, 0.939)
Epoch 125/500 | time=0.639s | train_loss=0.0596 | train_corr=(0.963, 0.991) | val_loss=0.0594 | val_corr=(0.962, 0.991) | test_loss=0.1179 | test_corr=(0.89, 0.943)
Epoch 126/500 | time=0.642s | train_loss=0.0583 | train_corr=(0.963, 0.993) | val_loss=0.0582 | val_corr=(0.963, 0.992) | test_loss=0.1164 | test_corr=(0.894, 0.942)
Epoch 127/500 | time=0.631s | train_loss=0.0586 | train_corr=(0.964, 0.994) | val_loss=0.0627 | val_corr=(0.961, 0.99) | test_loss=0.122 | test_corr=(0.889, 0.939)
Epoch 128/500 | time=0.63s | train_loss=0.0678 | train_corr=(0.959, 0.986) | val_loss=0.077 | val_corr=(0.962, 0.985) | test_loss=0.1246 | test_corr=(0.895, 0.937)
Epoch 129/500 | time=0.635s | train_loss=0.0709 | train_corr=(0.957, 0.989) | val_loss=0.0762 | val_corr=(0.959, 0.987) | test_loss=0.1251 | test_corr=(0.892, 0.937)
Epoch 130/500 | time=0.626s | train_loss=0.0713 | train_corr=(0.954, 0.987) | val_loss=0.0627 | val_corr=(0.96, 0.989) | test_loss=0.1197 | test_corr=(0.888, 0.941)
Epoch 131/500 | time=0.627s | train_loss=0.0661 | train_corr=(0.96, 0.99) | val_loss=0.065 | val_corr=(0.96, 0.989) | test_loss=0.1185 | test_corr=(0.894, 0.941)
Epoch 132/500 | time=0.624s | train_loss=0.0606 | train_corr=(0.962, 0.992) | val_loss=0.0612 | val_corr=(0.962, 0.991) | test_loss=0.1169 | test_corr=(0.897, 0.943)
Epoch 133/500 | time=0.625s | train_loss=0.0624 | train_corr=(0.959, 0.99) | val_loss=0.0607 | val_corr=(0.963, 0.99) | test_loss=0.115 | test_corr=(0.896, 0.944)
Epoch 134/500 | time=0.626s | train_loss=0.058 | train_corr=(0.963, 0.992) | val_loss=0.0614 | val_corr=(0.962, 0.986) | test_loss=0.1164 | test_corr=(0.894, 0.941)
Epoch 135/500 | time=0.605s | train_loss=0.0635 | train_corr=(0.959, 0.989) | val_loss=0.063 | val_corr=(0.961, 0.99) | test_loss=0.1174 | test_corr=(0.894, 0.945)
Epoch 136/500 | time=0.602s | train_loss=0.0604 | train_corr=(0.964, 0.993) | val_loss=0.0597 | val_corr=(0.96, 0.993) | test_loss=0.1166 | test_corr=(0.894, 0.945)
Epoch 137/500 | time=0.624s | train_loss=0.053 | train_corr=(0.966, 0.994) | val_loss=0.0558 | val_corr=(0.964, 0.993) | test_loss=0.1158 | test_corr=(0.892, 0.942)
Epoch 138/500 | time=0.636s | train_loss=0.0525 | train_corr=(0.965, 0.994) | val_loss=0.0588 | val_corr=(0.962, 0.991) | test_loss=0.1166 | test_corr=(0.892, 0.942)
Epoch 139/500 | time=0.622s | train_loss=0.0572 | train_corr=(0.962, 0.991) | val_loss=0.059 | val_corr=(0.96, 0.993) | test_loss=0.12 | test_corr=(0.886, 0.944)
Epoch 140/500 | time=0.618s | train_loss=0.0532 | train_corr=(0.965, 0.994) | val_loss=0.0562 | val_corr=(0.963, 0.991) | test_loss=0.1158 | test_corr=(0.891, 0.944)
Epoch 141/500 | time=0.626s | train_loss=0.0578 | train_corr=(0.964, 0.994) | val_loss=0.058 | val_corr=(0.962, 0.993) | test_loss=0.1197 | test_corr=(0.888, 0.941)
Epoch 142/500 | time=0.627s | train_loss=0.0563 | train_corr=(0.964, 0.993) | val_loss=0.0554 | val_corr=(0.964, 0.994) | test_loss=0.1144 | test_corr=(0.895, 0.943)
Epoch 143/500 | time=0.625s | train_loss=0.0593 | train_corr=(0.963, 0.991) | val_loss=0.0599 | val_corr=(0.963, 0.991) | test_loss=0.1147 | test_corr=(0.894, 0.944)
Epoch 144/500 | time=0.66s | train_loss=0.0547 | train_corr=(0.963, 0.993) | val_loss=0.0559 | val_corr=(0.963, 0.993) | test_loss=0.1149 | test_corr=(0.893, 0.942)
Epoch 145/500 | time=0.676s | train_loss=0.0587 | train_corr=(0.965, 0.991) | val_loss=0.06 | val_corr=(0.96, 0.989) | test_loss=0.1163 | test_corr=(0.89, 0.941)
Epoch 146/500 | time=1.022s | train_loss=0.0578 | train_corr=(0.963, 0.991) | val_loss=0.0606 | val_corr=(0.963, 0.989) | test_loss=0.1192 | test_corr=(0.892, 0.94)
Epoch 147/500 | time=0.63s | train_loss=0.0576 | train_corr=(0.964, 0.993) | val_loss=0.058 | val_corr=(0.962, 0.991) | test_loss=0.115 | test_corr=(0.892, 0.943)
Epoch 148/500 | time=0.622s | train_loss=0.0608 | train_corr=(0.96, 0.989) | val_loss=0.0541 | val_corr=(0.964, 0.993) | test_loss=0.1136 | test_corr=(0.892, 0.945)
Epoch 149/500 | time=0.63s | train_loss=0.0617 | train_corr=(0.962, 0.991) | val_loss=0.0685 | val_corr=(0.963, 0.993) | test_loss=0.1215 | test_corr=(0.891, 0.943)
Epoch 150/500 | time=0.631s | train_loss=0.0794 | train_corr=(0.943, 0.986) | val_loss=0.0671 | val_corr=(0.951, 0.991) | test_loss=0.121 | test_corr=(0.879, 0.944)
Epoch 151/500 | time=0.63s | train_loss=0.0629 | train_corr=(0.965, 0.993) | val_loss=0.0676 | val_corr=(0.953, 0.989) | test_loss=0.1214 | test_corr=(0.883, 0.941)
Epoch 152/500 | time=0.63s | train_loss=0.0579 | train_corr=(0.963, 0.992) | val_loss=0.062 | val_corr=(0.964, 0.991) | test_loss=0.1154 | test_corr=(0.894, 0.944)
Epoch 153/500 | time=0.628s | train_loss=0.0575 | train_corr=(0.961, 0.993) | val_loss=0.0571 | val_corr=(0.962, 0.991) | test_loss=0.1168 | test_corr=(0.889, 0.94)
Epoch 154/500 | time=0.616s | train_loss=0.0573 | train_corr=(0.962, 0.993) | val_loss=0.0594 | val_corr=(0.96, 0.988) | test_loss=0.1156 | test_corr=(0.89, 0.942)
Epoch 155/500 | time=0.613s | train_loss=0.0583 | train_corr=(0.961, 0.992) | val_loss=0.0557 | val_corr=(0.965, 0.993) | test_loss=0.1143 | test_corr=(0.895, 0.944)
Epoch 156/500 | time=0.615s | train_loss=0.0516 | train_corr=(0.965, 0.993) | val_loss=0.0537 | val_corr=(0.966, 0.994) | test_loss=0.1131 | test_corr=(0.895, 0.943)
Epoch 157/500 | time=0.618s | train_loss=0.0527 | train_corr=(0.967, 0.992) | val_loss=0.0519 | val_corr=(0.965, 0.994) | test_loss=0.111 | test_corr=(0.895, 0.946)
Epoch 158/500 | time=0.619s | train_loss=0.0523 | train_corr=(0.964, 0.993) | val_loss=0.0574 | val_corr=(0.966, 0.993) | test_loss=0.1126 | test_corr=(0.899, 0.944)
Epoch 159/500 | time=0.618s | train_loss=0.0496 | train_corr=(0.966, 0.995) | val_loss=0.053 | val_corr=(0.964, 0.994) | test_loss=0.1122 | test_corr=(0.893, 0.946)
Epoch 160/500 | time=0.623s | train_loss=0.0515 | train_corr=(0.965, 0.995) | val_loss=0.0497 | val_corr=(0.966, 0.995) | test_loss=0.1107 | test_corr=(0.896, 0.946)
Epoch 161/500 | time=0.625s | train_loss=0.0528 | train_corr=(0.964, 0.994) | val_loss=0.0504 | val_corr=(0.966, 0.995) | test_loss=0.1117 | test_corr=(0.896, 0.946)
Epoch 162/500 | time=0.622s | train_loss=0.0533 | train_corr=(0.963, 0.994) | val_loss=0.0551 | val_corr=(0.965, 0.992) | test_loss=0.1144 | test_corr=(0.893, 0.944)
Epoch 163/500 | time=0.619s | train_loss=0.0548 | train_corr=(0.963, 0.993) | val_loss=0.0596 | val_corr=(0.965, 0.993) | test_loss=0.1164 | test_corr=(0.895, 0.943)
Epoch 164/500 | time=0.631s | train_loss=0.0514 | train_corr=(0.963, 0.994) | val_loss=0.0553 | val_corr=(0.967, 0.993) | test_loss=0.1138 | test_corr=(0.896, 0.942)
Epoch 165/500 | time=0.627s | train_loss=0.0576 | train_corr=(0.961, 0.992) | val_loss=0.0571 | val_corr=(0.964, 0.992) | test_loss=0.1168 | test_corr=(0.893, 0.939)
Epoch 166/500 | time=0.625s | train_loss=0.0541 | train_corr=(0.963, 0.994) | val_loss=0.0592 | val_corr=(0.961, 0.988) | test_loss=0.1175 | test_corr=(0.891, 0.936)
Epoch 167/500 | time=0.621s | train_loss=0.0545 | train_corr=(0.963, 0.992) | val_loss=0.053 | val_corr=(0.963, 0.993) | test_loss=0.1148 | test_corr=(0.892, 0.941)
Epoch 168/500 | time=0.619s | train_loss=0.0496 | train_corr=(0.966, 0.993) | val_loss=0.0515 | val_corr=(0.965, 0.994) | test_loss=0.1126 | test_corr=(0.894, 0.944)
Epoch 169/500 | time=0.634s | train_loss=0.0528 | train_corr=(0.964, 0.993) | val_loss=0.0511 | val_corr=(0.965, 0.994) | test_loss=0.1104 | test_corr=(0.895, 0.945)
Epoch 170/500 | time=0.623s | train_loss=0.0494 | train_corr=(0.966, 0.994) | val_loss=0.0535 | val_corr=(0.968, 0.995) | test_loss=0.1119 | test_corr=(0.899, 0.946)
Epoch 171/500 | time=0.621s | train_loss=0.0507 | train_corr=(0.964, 0.994) | val_loss=0.06 | val_corr=(0.966, 0.992) | test_loss=0.1152 | test_corr=(0.896, 0.943)
Epoch 172/500 | time=0.623s | train_loss=0.0514 | train_corr=(0.963, 0.993) | val_loss=0.0583 | val_corr=(0.963, 0.987) | test_loss=0.1154 | test_corr=(0.894, 0.94)
Epoch 173/500 | time=0.621s | train_loss=0.0537 | train_corr=(0.964, 0.991) | val_loss=0.0569 | val_corr=(0.961, 0.992) | test_loss=0.1185 | test_corr=(0.887, 0.943)
Epoch 174/500 | time=0.614s | train_loss=0.0496 | train_corr=(0.963, 0.995) | val_loss=0.0499 | val_corr=(0.966, 0.994) | test_loss=0.1108 | test_corr=(0.895, 0.945)
Epoch 175/500 | time=0.618s | train_loss=0.0503 | train_corr=(0.965, 0.994) | val_loss=0.0505 | val_corr=(0.965, 0.994) | test_loss=0.1101 | test_corr=(0.896, 0.945)
Epoch 176/500 | time=0.627s | train_loss=0.0503 | train_corr=(0.965, 0.994) | val_loss=0.05 | val_corr=(0.965, 0.993) | test_loss=0.1113 | test_corr=(0.893, 0.942)
Epoch 177/500 | time=0.623s | train_loss=0.0497 | train_corr=(0.967, 0.994) | val_loss=0.0516 | val_corr=(0.964, 0.993) | test_loss=0.112 | test_corr=(0.896, 0.944)
Epoch 178/500 | time=0.613s | train_loss=0.0505 | train_corr=(0.963, 0.993) | val_loss=0.0506 | val_corr=(0.966, 0.994) | test_loss=0.1108 | test_corr=(0.896, 0.945)
Epoch 179/500 | time=0.616s | train_loss=0.0499 | train_corr=(0.965, 0.994) | val_loss=0.0577 | val_corr=(0.966, 0.993) | test_loss=0.1151 | test_corr=(0.896, 0.944)
Epoch 180/500 | time=0.625s | train_loss=0.0494 | train_corr=(0.965, 0.995) | val_loss=0.0535 | val_corr=(0.966, 0.992) | test_loss=0.1125 | test_corr=(0.896, 0.94)
Epoch 181/500 | time=0.627s | train_loss=0.0518 | train_corr=(0.963, 0.991) | val_loss=0.0523 | val_corr=(0.966, 0.992) | test_loss=0.1138 | test_corr=(0.893, 0.943)
Epoch 182/500 | time=0.629s | train_loss=0.0536 | train_corr=(0.963, 0.994) | val_loss=0.0525 | val_corr=(0.964, 0.993) | test_loss=0.1138 | test_corr=(0.888, 0.944)
Epoch 183/500 | time=0.627s | train_loss=0.0537 | train_corr=(0.964, 0.993) | val_loss=0.0649 | val_corr=(0.961, 0.984) | test_loss=0.1207 | test_corr=(0.89, 0.933)
Epoch 184/500 | time=0.632s | train_loss=0.0563 | train_corr=(0.963, 0.992) | val_loss=0.0579 | val_corr=(0.962, 0.99) | test_loss=0.1164 | test_corr=(0.889, 0.938)
Epoch 185/500 | time=0.631s | train_loss=0.0594 | train_corr=(0.961, 0.99) | val_loss=0.0612 | val_corr=(0.958, 0.987) | test_loss=0.1194 | test_corr=(0.886, 0.938)
Epoch 186/500 | time=0.631s | train_loss=0.0542 | train_corr=(0.96, 0.991) | val_loss=0.0559 | val_corr=(0.965, 0.992) | test_loss=0.1118 | test_corr=(0.897, 0.943)
Epoch 187/500 | time=0.632s | train_loss=0.0545 | train_corr=(0.961, 0.99) | val_loss=0.0536 | val_corr=(0.963, 0.993) | test_loss=0.1162 | test_corr=(0.891, 0.943)
Epoch 188/500 | time=0.628s | train_loss=0.0535 | train_corr=(0.965, 0.993) | val_loss=0.0544 | val_corr=(0.961, 0.993) | test_loss=0.1154 | test_corr=(0.89, 0.945)
Epoch 189/500 | time=0.625s | train_loss=0.0598 | train_corr=(0.963, 0.991) | val_loss=0.0555 | val_corr=(0.962, 0.989) | test_loss=0.1159 | test_corr=(0.888, 0.941)
Epoch 190/500 | time=0.62s | train_loss=0.0647 | train_corr=(0.962, 0.99) | val_loss=0.0516 | val_corr=(0.962, 0.993) | test_loss=0.1136 | test_corr=(0.888, 0.944)
Epoch 191/500 | time=0.621s | train_loss=0.0554 | train_corr=(0.963, 0.991) | val_loss=0.0596 | val_corr=(0.966, 0.994) | test_loss=0.1139 | test_corr=(0.898, 0.946)
Epoch 192/500 | time=0.607s | train_loss=0.0545 | train_corr=(0.962, 0.994) | val_loss=0.0572 | val_corr=(0.967, 0.992) | test_loss=0.1159 | test_corr=(0.895, 0.94)
Epoch 193/500 | time=0.605s | train_loss=0.0477 | train_corr=(0.965, 0.994) | val_loss=0.0507 | val_corr=(0.966, 0.994) | test_loss=0.1097 | test_corr=(0.897, 0.945)
Epoch 194/500 | time=0.607s | train_loss=0.0448 | train_corr=(0.967, 0.996) | val_loss=0.05 | val_corr=(0.968, 0.994) | test_loss=0.1113 | test_corr=(0.897, 0.944)
Epoch 195/500 | time=0.607s | train_loss=0.0468 | train_corr=(0.964, 0.996) | val_loss=0.0476 | val_corr=(0.967, 0.995) | test_loss=0.1094 | test_corr=(0.897, 0.945)
Epoch 196/500 | time=0.606s | train_loss=0.0482 | train_corr=(0.965, 0.995) | val_loss=0.0459 | val_corr=(0.966, 0.996) | test_loss=0.1089 | test_corr=(0.895, 0.945)
Epoch 197/500 | time=0.606s | train_loss=0.0476 | train_corr=(0.965, 0.994) | val_loss=0.0467 | val_corr=(0.965, 0.995) | test_loss=0.1112 | test_corr=(0.891, 0.943)
Epoch 198/500 | time=0.62s | train_loss=0.0468 | train_corr=(0.964, 0.995) | val_loss=0.0474 | val_corr=(0.963, 0.994) | test_loss=0.1091 | test_corr=(0.894, 0.946)
Epoch 199/500 | time=0.605s | train_loss=0.0484 | train_corr=(0.963, 0.996) | val_loss=0.0482 | val_corr=(0.966, 0.994) | test_loss=0.1116 | test_corr=(0.894, 0.944)
Epoch 200/500 | time=0.628s | train_loss=0.0552 | train_corr=(0.963, 0.993) | val_loss=0.0561 | val_corr=(0.964, 0.989) | test_loss=0.1124 | test_corr=(0.894, 0.944)
Epoch 201/500 | time=0.629s | train_loss=0.0536 | train_corr=(0.963, 0.992) | val_loss=0.0554 | val_corr=(0.962, 0.992) | test_loss=0.1166 | test_corr=(0.889, 0.942)
Epoch 202/500 | time=0.615s | train_loss=0.0614 | train_corr=(0.959, 0.991) | val_loss=0.0587 | val_corr=(0.964, 0.99) | test_loss=0.1154 | test_corr=(0.894, 0.941)
Epoch 203/500 | time=0.609s | train_loss=0.0604 | train_corr=(0.959, 0.986) | val_loss=0.0534 | val_corr=(0.963, 0.992) | test_loss=0.1129 | test_corr=(0.892, 0.94)
Epoch 204/500 | time=0.607s | train_loss=0.055 | train_corr=(0.963, 0.989) | val_loss=0.0508 | val_corr=(0.965, 0.993) | test_loss=0.1113 | test_corr=(0.892, 0.943)
Epoch 205/500 | time=0.608s | train_loss=0.0537 | train_corr=(0.961, 0.991) | val_loss=0.0521 | val_corr=(0.963, 0.992) | test_loss=0.112 | test_corr=(0.893, 0.944)
Epoch 206/500 | time=0.621s | train_loss=0.0553 | train_corr=(0.965, 0.992) | val_loss=0.0486 | val_corr=(0.965, 0.993) | test_loss=0.1096 | test_corr=(0.893, 0.945)
Epoch 207/500 | time=0.609s | train_loss=0.0483 | train_corr=(0.966, 0.993) | val_loss=0.055 | val_corr=(0.968, 0.994) | test_loss=0.1133 | test_corr=(0.897, 0.943)
Epoch 208/500 | time=0.608s | train_loss=0.0499 | train_corr=(0.964, 0.994) | val_loss=0.0462 | val_corr=(0.967, 0.995) | test_loss=0.1086 | test_corr=(0.894, 0.947)
Epoch 209/500 | time=0.635s | train_loss=0.0461 | train_corr=(0.964, 0.994) | val_loss=0.049 | val_corr=(0.964, 0.993) | test_loss=0.1114 | test_corr=(0.891, 0.943)
Epoch 210/500 | time=0.63s | train_loss=0.0511 | train_corr=(0.961, 0.994) | val_loss=0.0494 | val_corr=(0.963, 0.994) | test_loss=0.113 | test_corr=(0.89, 0.946)
Epoch 211/500 | time=0.625s | train_loss=0.047 | train_corr=(0.966, 0.994) | val_loss=0.046 | val_corr=(0.966, 0.994) | test_loss=0.1094 | test_corr=(0.894, 0.945)
Epoch 212/500 | time=0.629s | train_loss=0.045 | train_corr=(0.966, 0.994) | val_loss=0.0493 | val_corr=(0.966, 0.992) | test_loss=0.1097 | test_corr=(0.895, 0.943)
Epoch 213/500 | time=0.624s | train_loss=0.0467 | train_corr=(0.964, 0.995) | val_loss=0.0466 | val_corr=(0.965, 0.994) | test_loss=0.1091 | test_corr=(0.893, 0.946)
Epoch 214/500 | time=0.629s | train_loss=0.0487 | train_corr=(0.967, 0.993) | val_loss=0.0455 | val_corr=(0.966, 0.995) | test_loss=0.1091 | test_corr=(0.894, 0.944)
Epoch 215/500 | time=0.615s | train_loss=0.0487 | train_corr=(0.966, 0.994) | val_loss=0.0483 | val_corr=(0.965, 0.993) | test_loss=0.1088 | test_corr=(0.894, 0.946)
Epoch 216/500 | time=0.608s | train_loss=0.0459 | train_corr=(0.966, 0.995) | val_loss=0.0463 | val_corr=(0.965, 0.994) | test_loss=0.1072 | test_corr=(0.895, 0.947)
Epoch 217/500 | time=0.605s | train_loss=0.0469 | train_corr=(0.968, 0.994) | val_loss=0.0482 | val_corr=(0.963, 0.994) | test_loss=0.1094 | test_corr=(0.892, 0.945)
Epoch 218/500 | time=0.605s | train_loss=0.0454 | train_corr=(0.966, 0.994) | val_loss=0.0458 | val_corr=(0.965, 0.994) | test_loss=0.1081 | test_corr=(0.894, 0.946)
Epoch 219/500 | time=0.605s | train_loss=0.0433 | train_corr=(0.966, 0.996) | val_loss=0.0446 | val_corr=(0.967, 0.994) | test_loss=0.1074 | test_corr=(0.896, 0.945)
Epoch 220/500 | time=0.608s | train_loss=0.0435 | train_corr=(0.968, 0.996) | val_loss=0.044 | val_corr=(0.966, 0.995) | test_loss=0.1085 | test_corr=(0.893, 0.944)
Epoch 221/500 | time=0.606s | train_loss=0.0423 | train_corr=(0.968, 0.996) | val_loss=0.0419 | val_corr=(0.967, 0.996) | test_loss=0.1064 | test_corr=(0.896, 0.946)
Epoch 222/500 | time=0.605s | train_loss=0.0414 | train_corr=(0.967, 0.995) | val_loss=0.043 | val_corr=(0.967, 0.995) | test_loss=0.1079 | test_corr=(0.892, 0.945)
Epoch 223/500 | time=0.607s | train_loss=0.0442 | train_corr=(0.967, 0.995) | val_loss=0.0452 | val_corr=(0.965, 0.995) | test_loss=0.1099 | test_corr=(0.891, 0.947)
Epoch 224/500 | time=0.607s | train_loss=0.0431 | train_corr=(0.967, 0.996) | val_loss=0.0464 | val_corr=(0.964, 0.995) | test_loss=0.1092 | test_corr=(0.893, 0.946)
Epoch 225/500 | time=0.616s | train_loss=0.0437 | train_corr=(0.968, 0.996) | val_loss=0.0481 | val_corr=(0.962, 0.995) | test_loss=0.11 | test_corr=(0.891, 0.947)
Epoch 226/500 | time=0.607s | train_loss=0.0431 | train_corr=(0.967, 0.996) | val_loss=0.043 | val_corr=(0.966, 0.996) | test_loss=0.1076 | test_corr=(0.892, 0.946)
Epoch 227/500 | time=0.604s | train_loss=0.0439 | train_corr=(0.967, 0.996) | val_loss=0.0432 | val_corr=(0.966, 0.995) | test_loss=0.1076 | test_corr=(0.893, 0.947)
Epoch 228/500 | time=0.606s | train_loss=0.0407 | train_corr=(0.969, 0.997) | val_loss=0.0423 | val_corr=(0.966, 0.996) | test_loss=0.1073 | test_corr=(0.893, 0.946)
Epoch 229/500 | time=0.617s | train_loss=0.047 | train_corr=(0.966, 0.994) | val_loss=0.0438 | val_corr=(0.967, 0.995) | test_loss=0.1083 | test_corr=(0.894, 0.946)
Epoch 230/500 | time=0.605s | train_loss=0.0474 | train_corr=(0.966, 0.994) | val_loss=0.0462 | val_corr=(0.964, 0.994) | test_loss=0.1091 | test_corr=(0.892, 0.944)
Epoch 231/500 | time=0.604s | train_loss=0.0502 | train_corr=(0.965, 0.992) | val_loss=0.0508 | val_corr=(0.963, 0.99) | test_loss=0.113 | test_corr=(0.889, 0.94)
Epoch 232/500 | time=0.626s | train_loss=0.0486 | train_corr=(0.966, 0.991) | val_loss=0.0468 | val_corr=(0.966, 0.993) | test_loss=0.1092 | test_corr=(0.892, 0.943)
Epoch 233/500 | time=0.624s | train_loss=0.0447 | train_corr=(0.968, 0.995) | val_loss=0.0437 | val_corr=(0.967, 0.995) | test_loss=0.1084 | test_corr=(0.895, 0.945)
Epoch 234/500 | time=0.605s | train_loss=0.043 | train_corr=(0.967, 0.995) | val_loss=0.0424 | val_corr=(0.968, 0.996) | test_loss=0.1053 | test_corr=(0.896, 0.947)
Epoch 235/500 | time=0.602s | train_loss=0.0437 | train_corr=(0.968, 0.995) | val_loss=0.044 | val_corr=(0.966, 0.995) | test_loss=0.1077 | test_corr=(0.895, 0.946)
Epoch 236/500 | time=0.604s | train_loss=0.0453 | train_corr=(0.966, 0.995) | val_loss=0.0438 | val_corr=(0.967, 0.994) | test_loss=0.1063 | test_corr=(0.896, 0.944)
Epoch 237/500 | time=0.622s | train_loss=0.0437 | train_corr=(0.968, 0.996) | val_loss=0.0425 | val_corr=(0.967, 0.996) | test_loss=0.1081 | test_corr=(0.894, 0.945)
Epoch 238/500 | time=0.619s | train_loss=0.0454 | train_corr=(0.969, 0.996) | val_loss=0.043 | val_corr=(0.966, 0.995) | test_loss=0.1071 | test_corr=(0.894, 0.945)
Epoch 239/500 | time=0.62s | train_loss=0.0439 | train_corr=(0.966, 0.994) | val_loss=0.0452 | val_corr=(0.966, 0.994) | test_loss=0.1087 | test_corr=(0.893, 0.945)
Epoch 240/500 | time=0.623s | train_loss=0.041 | train_corr=(0.967, 0.996) | val_loss=0.042 | val_corr=(0.968, 0.996) | test_loss=0.1065 | test_corr=(0.896, 0.945)
Epoch 241/500 | time=0.623s | train_loss=0.0393 | train_corr=(0.968, 0.996) | val_loss=0.0428 | val_corr=(0.967, 0.995) | test_loss=0.1077 | test_corr=(0.895, 0.944)
Epoch 242/500 | time=0.615s | train_loss=0.045 | train_corr=(0.968, 0.995) | val_loss=0.0447 | val_corr=(0.966, 0.996) | test_loss=0.1096 | test_corr=(0.894, 0.945)
Epoch 243/500 | time=0.63s | train_loss=0.0436 | train_corr=(0.965, 0.995) | val_loss=0.0431 | val_corr=(0.965, 0.995) | test_loss=0.1075 | test_corr=(0.892, 0.947)
Epoch 244/500 | time=0.625s | train_loss=0.0444 | train_corr=(0.965, 0.995) | val_loss=0.0455 | val_corr=(0.968, 0.995) | test_loss=0.1076 | test_corr=(0.897, 0.947)
Epoch 245/500 | time=0.634s | train_loss=0.0408 | train_corr=(0.968, 0.996) | val_loss=0.0412 | val_corr=(0.968, 0.996) | test_loss=0.107 | test_corr=(0.896, 0.945)
Epoch 246/500 | time=0.625s | train_loss=0.0412 | train_corr=(0.968, 0.995) | val_loss=0.0406 | val_corr=(0.967, 0.996) | test_loss=0.1057 | test_corr=(0.895, 0.945)
Epoch 247/500 | time=0.627s | train_loss=0.0406 | train_corr=(0.968, 0.996) | val_loss=0.0413 | val_corr=(0.967, 0.996) | test_loss=0.1064 | test_corr=(0.895, 0.946)
Epoch 248/500 | time=0.623s | train_loss=0.0411 | train_corr=(0.967, 0.996) | val_loss=0.0421 | val_corr=(0.967, 0.996) | test_loss=0.1069 | test_corr=(0.897, 0.945)
Epoch 249/500 | time=0.605s | train_loss=0.0407 | train_corr=(0.967, 0.997) | val_loss=0.0434 | val_corr=(0.969, 0.995) | test_loss=0.107 | test_corr=(0.898, 0.945)
Epoch 250/500 | time=0.603s | train_loss=0.0421 | train_corr=(0.967, 0.995) | val_loss=0.0465 | val_corr=(0.969, 0.995) | test_loss=0.1087 | test_corr=(0.898, 0.945)
Epoch 251/500 | time=0.63s | train_loss=0.0425 | train_corr=(0.968, 0.996) | val_loss=0.0421 | val_corr=(0.968, 0.996) | test_loss=0.106 | test_corr=(0.897, 0.944)
Epoch 252/500 | time=0.629s | train_loss=0.0374 | train_corr=(0.969, 0.997) | val_loss=0.0429 | val_corr=(0.966, 0.995) | test_loss=0.1069 | test_corr=(0.895, 0.944)
Epoch 253/500 | time=0.613s | train_loss=0.0432 | train_corr=(0.966, 0.995) | val_loss=0.0437 | val_corr=(0.966, 0.995) | test_loss=0.1092 | test_corr=(0.891, 0.944)
Epoch 254/500 | time=0.607s | train_loss=0.0472 | train_corr=(0.965, 0.994) | val_loss=0.0442 | val_corr=(0.966, 0.994) | test_loss=0.1077 | test_corr=(0.894, 0.945)
Epoch 255/500 | time=0.603s | train_loss=0.0433 | train_corr=(0.968, 0.994) | val_loss=0.0419 | val_corr=(0.968, 0.995) | test_loss=0.1072 | test_corr=(0.896, 0.944)
Epoch 256/500 | time=0.627s | train_loss=0.0445 | train_corr=(0.969, 0.995) | val_loss=0.042 | val_corr=(0.967, 0.995) | test_loss=0.1088 | test_corr=(0.893, 0.945)
Epoch 257/500 | time=0.625s | train_loss=0.0464 | train_corr=(0.967, 0.994) | val_loss=0.0431 | val_corr=(0.967, 0.995) | test_loss=0.1094 | test_corr=(0.894, 0.944)
Epoch 258/500 | time=0.63s | train_loss=0.0465 | train_corr=(0.967, 0.992) | val_loss=0.0435 | val_corr=(0.967, 0.995) | test_loss=0.1069 | test_corr=(0.895, 0.947)
Epoch 259/500 | time=0.631s | train_loss=0.0423 | train_corr=(0.966, 0.995) | val_loss=0.0418 | val_corr=(0.969, 0.996) | test_loss=0.1052 | test_corr=(0.898, 0.947)
Epoch 260/500 | time=0.633s | train_loss=0.0406 | train_corr=(0.968, 0.996) | val_loss=0.0416 | val_corr=(0.969, 0.996) | test_loss=0.1053 | test_corr=(0.899, 0.946)
Epoch 261/500 | time=0.632s | train_loss=0.0403 | train_corr=(0.968, 0.997) | val_loss=0.0423 | val_corr=(0.966, 0.995) | test_loss=0.1067 | test_corr=(0.894, 0.946)
Epoch 262/500 | time=0.642s | train_loss=0.0408 | train_corr=(0.968, 0.996) | val_loss=0.0427 | val_corr=(0.966, 0.995) | test_loss=0.1083 | test_corr=(0.894, 0.945)
Epoch 263/500 | time=0.628s | train_loss=0.0448 | train_corr=(0.966, 0.994) | val_loss=0.0422 | val_corr=(0.968, 0.995) | test_loss=0.106 | test_corr=(0.894, 0.946)
Epoch 264/500 | time=0.633s | train_loss=0.0471 | train_corr=(0.967, 0.994) | val_loss=0.044 | val_corr=(0.966, 0.994) | test_loss=0.1083 | test_corr=(0.894, 0.942)
Epoch 265/500 | time=0.624s | train_loss=0.0418 | train_corr=(0.969, 0.996) | val_loss=0.0428 | val_corr=(0.966, 0.995) | test_loss=0.1092 | test_corr=(0.892, 0.943)
Epoch 266/500 | time=0.627s | train_loss=0.0384 | train_corr=(0.968, 0.996) | val_loss=0.0418 | val_corr=(0.968, 0.996) | test_loss=0.1071 | test_corr=(0.893, 0.945)
Epoch 267/500 | time=0.616s | train_loss=0.04 | train_corr=(0.967, 0.996) | val_loss=0.041 | val_corr=(0.969, 0.996) | test_loss=0.1057 | test_corr=(0.897, 0.946)
Epoch 268/500 | time=0.625s | train_loss=0.0427 | train_corr=(0.968, 0.995) | val_loss=0.041 | val_corr=(0.967, 0.995) | test_loss=0.1066 | test_corr=(0.895, 0.945)
Epoch 269/500 | time=0.617s | train_loss=0.0381 | train_corr=(0.969, 0.996) | val_loss=0.0396 | val_corr=(0.968, 0.996) | test_loss=0.1059 | test_corr=(0.896, 0.945)
Epoch 270/500 | time=0.627s | train_loss=0.0383 | train_corr=(0.968, 0.996) | val_loss=0.0411 | val_corr=(0.967, 0.995) | test_loss=0.1058 | test_corr=(0.896, 0.946)
Epoch 271/500 | time=0.617s | train_loss=0.0413 | train_corr=(0.969, 0.995) | val_loss=0.0388 | val_corr=(0.968, 0.996) | test_loss=0.1066 | test_corr=(0.893, 0.945)
Epoch 272/500 | time=0.627s | train_loss=0.0395 | train_corr=(0.967, 0.996) | val_loss=0.0392 | val_corr=(0.968, 0.996) | test_loss=0.1066 | test_corr=(0.893, 0.946)
Epoch 273/500 | time=0.62s | train_loss=0.0399 | train_corr=(0.967, 0.996) | val_loss=0.0398 | val_corr=(0.968, 0.997) | test_loss=0.1054 | test_corr=(0.896, 0.946)
Epoch 274/500 | time=0.628s | train_loss=0.0408 | train_corr=(0.969, 0.996) | val_loss=0.0417 | val_corr=(0.967, 0.995) | test_loss=0.1086 | test_corr=(0.893, 0.943)
Epoch 275/500 | time=0.627s | train_loss=0.0433 | train_corr=(0.968, 0.994) | val_loss=0.0418 | val_corr=(0.967, 0.994) | test_loss=0.1058 | test_corr=(0.896, 0.944)
Epoch 276/500 | time=0.628s | train_loss=0.0401 | train_corr=(0.968, 0.996) | val_loss=0.0429 | val_corr=(0.967, 0.994) | test_loss=0.1062 | test_corr=(0.896, 0.943)
Epoch 277/500 | time=0.627s | train_loss=0.0429 | train_corr=(0.967, 0.993) | val_loss=0.048 | val_corr=(0.964, 0.99) | test_loss=0.1085 | test_corr=(0.895, 0.941)
Epoch 278/500 | time=0.626s | train_loss=0.0454 | train_corr=(0.966, 0.995) | val_loss=0.0426 | val_corr=(0.967, 0.995) | test_loss=0.1084 | test_corr=(0.894, 0.944)
Epoch 279/500 | time=0.625s | train_loss=0.0466 | train_corr=(0.965, 0.994) | val_loss=0.0444 | val_corr=(0.968, 0.994) | test_loss=0.1078 | test_corr=(0.896, 0.943)
Epoch 280/500 | time=0.605s | train_loss=0.043 | train_corr=(0.966, 0.992) | val_loss=0.0441 | val_corr=(0.965, 0.994) | test_loss=0.1082 | test_corr=(0.893, 0.944)
Epoch 281/500 | time=0.605s | train_loss=0.0439 | train_corr=(0.965, 0.994) | val_loss=0.0438 | val_corr=(0.966, 0.994) | test_loss=0.1053 | test_corr=(0.895, 0.946)
Epoch 282/500 | time=0.605s | train_loss=0.0401 | train_corr=(0.968, 0.996) | val_loss=0.0426 | val_corr=(0.967, 0.994) | test_loss=0.1072 | test_corr=(0.895, 0.947)
Epoch 283/500 | time=0.604s | train_loss=0.0412 | train_corr=(0.966, 0.995) | val_loss=0.0417 | val_corr=(0.966, 0.995) | test_loss=0.1059 | test_corr=(0.893, 0.944)
Epoch 284/500 | time=0.601s | train_loss=0.0416 | train_corr=(0.968, 0.995) | val_loss=0.0401 | val_corr=(0.968, 0.995) | test_loss=0.1046 | test_corr=(0.896, 0.946)
Epoch 285/500 | time=0.588s | train_loss=0.0386 | train_corr=(0.968, 0.996) | val_loss=0.038 | val_corr=(0.968, 0.996) | test_loss=0.1054 | test_corr=(0.894, 0.945)
Epoch 286/500 | time=0.599s | train_loss=0.0392 | train_corr=(0.968, 0.996) | val_loss=0.0409 | val_corr=(0.967, 0.995) | test_loss=0.1044 | test_corr=(0.896, 0.947)
Epoch 287/500 | time=0.618s | train_loss=0.0389 | train_corr=(0.968, 0.995) | val_loss=0.0412 | val_corr=(0.967, 0.994) | test_loss=0.1062 | test_corr=(0.895, 0.946)
Epoch 288/500 | time=0.617s | train_loss=0.039 | train_corr=(0.968, 0.996) | val_loss=0.0401 | val_corr=(0.966, 0.995) | test_loss=0.106 | test_corr=(0.892, 0.944)
Epoch 289/500 | time=0.613s | train_loss=0.0397 | train_corr=(0.968, 0.995) | val_loss=0.0383 | val_corr=(0.968, 0.996) | test_loss=0.1063 | test_corr=(0.894, 0.944)
Epoch 290/500 | time=0.664s | train_loss=0.0426 | train_corr=(0.965, 0.994) | val_loss=0.0403 | val_corr=(0.968, 0.995) | test_loss=0.1042 | test_corr=(0.896, 0.945)
Epoch 291/500 | time=0.667s | train_loss=0.0497 | train_corr=(0.963, 0.991) | val_loss=0.0436 | val_corr=(0.967, 0.994) | test_loss=0.1064 | test_corr=(0.894, 0.945)
Epoch 292/500 | time=0.671s | train_loss=0.0465 | train_corr=(0.962, 0.994) | val_loss=0.0411 | val_corr=(0.968, 0.995) | test_loss=0.1053 | test_corr=(0.898, 0.945)
Epoch 293/500 | time=0.955s | train_loss=0.0439 | train_corr=(0.962, 0.996) | val_loss=0.0447 | val_corr=(0.967, 0.994) | test_loss=0.1056 | test_corr=(0.898, 0.944)
Epoch 294/500 | time=0.625s | train_loss=0.0428 | train_corr=(0.968, 0.996) | val_loss=0.039 | val_corr=(0.968, 0.996) | test_loss=0.1049 | test_corr=(0.896, 0.946)
Epoch 295/500 | time=0.608s | train_loss=0.0401 | train_corr=(0.968, 0.996) | val_loss=0.0395 | val_corr=(0.967, 0.996) | test_loss=0.1053 | test_corr=(0.895, 0.947)
Epoch 296/500 | time=0.604s | train_loss=0.0388 | train_corr=(0.969, 0.996) | val_loss=0.0422 | val_corr=(0.967, 0.994) | test_loss=0.1063 | test_corr=(0.897, 0.942)
Epoch 297/500 | time=0.603s | train_loss=0.0391 | train_corr=(0.968, 0.996) | val_loss=0.0404 | val_corr=(0.967, 0.995) | test_loss=0.1066 | test_corr=(0.895, 0.944)
Epoch 298/500 | time=0.605s | train_loss=0.0416 | train_corr=(0.968, 0.995) | val_loss=0.0487 | val_corr=(0.964, 0.986) | test_loss=0.1097 | test_corr=(0.893, 0.936)
Epoch 299/500 | time=0.606s | train_loss=0.0412 | train_corr=(0.966, 0.994) | val_loss=0.0415 | val_corr=(0.966, 0.995) | test_loss=0.109 | test_corr=(0.891, 0.943)
Epoch 300/500 | time=0.61s | train_loss=0.0426 | train_corr=(0.966, 0.994) | val_loss=0.0437 | val_corr=(0.967, 0.995) | test_loss=0.1083 | test_corr=(0.893, 0.945)
Epoch 301/500 | time=0.607s | train_loss=0.0422 | train_corr=(0.967, 0.995) | val_loss=0.0434 | val_corr=(0.967, 0.995) | test_loss=0.1086 | test_corr=(0.892, 0.942)
Epoch 302/500 | time=0.606s | train_loss=0.0403 | train_corr=(0.968, 0.995) | val_loss=0.0433 | val_corr=(0.965, 0.993) | test_loss=0.107 | test_corr=(0.893, 0.943)
Epoch 303/500 | time=0.607s | train_loss=0.0411 | train_corr=(0.967, 0.995) | val_loss=0.0402 | val_corr=(0.967, 0.995) | test_loss=0.1051 | test_corr=(0.894, 0.946)
Epoch 304/500 | time=0.608s | train_loss=0.0446 | train_corr=(0.966, 0.994) | val_loss=0.0445 | val_corr=(0.965, 0.993) | test_loss=0.1088 | test_corr=(0.893, 0.945)
Epoch 305/500 | time=0.609s | train_loss=0.0401 | train_corr=(0.967, 0.994) | val_loss=0.0395 | val_corr=(0.967, 0.995) | test_loss=0.1049 | test_corr=(0.895, 0.945)
Epoch 306/500 | time=0.616s | train_loss=0.0396 | train_corr=(0.967, 0.996) | val_loss=0.0401 | val_corr=(0.967, 0.995) | test_loss=0.1054 | test_corr=(0.896, 0.946)
Epoch 307/500 | time=0.607s | train_loss=0.0383 | train_corr=(0.967, 0.997) | val_loss=0.0378 | val_corr=(0.968, 0.996) | test_loss=0.1024 | test_corr=(0.897, 0.947)
Epoch 308/500 | time=0.614s | train_loss=0.0407 | train_corr=(0.969, 0.994) | val_loss=0.0387 | val_corr=(0.968, 0.996) | test_loss=0.1042 | test_corr=(0.896, 0.946)
Epoch 309/500 | time=0.619s | train_loss=0.0467 | train_corr=(0.965, 0.993) | val_loss=0.0433 | val_corr=(0.964, 0.996) | test_loss=0.1105 | test_corr=(0.89, 0.946)
Epoch 310/500 | time=0.614s | train_loss=0.0405 | train_corr=(0.968, 0.996) | val_loss=0.047 | val_corr=(0.962, 0.994) | test_loss=0.1102 | test_corr=(0.889, 0.945)
Epoch 311/500 | time=0.621s | train_loss=0.0408 | train_corr=(0.968, 0.996) | val_loss=0.0414 | val_corr=(0.965, 0.995) | test_loss=0.1079 | test_corr=(0.893, 0.946)
Epoch 312/500 | time=0.617s | train_loss=0.041 | train_corr=(0.969, 0.996) | val_loss=0.041 | val_corr=(0.964, 0.996) | test_loss=0.1067 | test_corr=(0.892, 0.944)
Epoch 313/500 | time=0.617s | train_loss=0.04 | train_corr=(0.968, 0.997) | val_loss=0.0384 | val_corr=(0.967, 0.997) | test_loss=0.1052 | test_corr=(0.895, 0.947)
Epoch 314/500 | time=0.618s | train_loss=0.0364 | train_corr=(0.97, 0.997) | val_loss=0.0365 | val_corr=(0.968, 0.997) | test_loss=0.1058 | test_corr=(0.896, 0.945)
Epoch 315/500 | time=0.613s | train_loss=0.0379 | train_corr=(0.968, 0.996) | val_loss=0.0379 | val_corr=(0.967, 0.996) | test_loss=0.1046 | test_corr=(0.895, 0.945)
Epoch 316/500 | time=0.613s | train_loss=0.0383 | train_corr=(0.968, 0.996) | val_loss=0.0378 | val_corr=(0.967, 0.996) | test_loss=0.1052 | test_corr=(0.893, 0.944)
Epoch 317/500 | time=0.618s | train_loss=0.0364 | train_corr=(0.967, 0.996) | val_loss=0.0384 | val_corr=(0.969, 0.995) | test_loss=0.1045 | test_corr=(0.897, 0.946)
Epoch 318/500 | time=0.617s | train_loss=0.0389 | train_corr=(0.967, 0.995) | val_loss=0.0396 | val_corr=(0.968, 0.996) | test_loss=0.1037 | test_corr=(0.898, 0.946)
Epoch 319/500 | time=0.619s | train_loss=0.0353 | train_corr=(0.969, 0.997) | val_loss=0.0367 | val_corr=(0.968, 0.996) | test_loss=0.1027 | test_corr=(0.898, 0.946)
Epoch 320/500 | time=0.615s | train_loss=0.0356 | train_corr=(0.968, 0.997) | val_loss=0.0348 | val_corr=(0.969, 0.997) | test_loss=0.1039 | test_corr=(0.896, 0.946)
Epoch 321/500 | time=0.617s | train_loss=0.0339 | train_corr=(0.971, 0.998) | val_loss=0.036 | val_corr=(0.969, 0.996) | test_loss=0.1036 | test_corr=(0.897, 0.946)
Epoch 322/500 | time=0.613s | train_loss=0.0375 | train_corr=(0.968, 0.996) | val_loss=0.0363 | val_corr=(0.969, 0.996) | test_loss=0.1039 | test_corr=(0.897, 0.947)
Epoch 323/500 | time=0.624s | train_loss=0.0419 | train_corr=(0.966, 0.993) | val_loss=0.0412 | val_corr=(0.968, 0.994) | test_loss=0.1058 | test_corr=(0.895, 0.944)
Epoch 324/500 | time=0.623s | train_loss=0.0416 | train_corr=(0.969, 0.994) | val_loss=0.04 | val_corr=(0.966, 0.995) | test_loss=0.1063 | test_corr=(0.894, 0.946)
Epoch 325/500 | time=0.619s | train_loss=0.043 | train_corr=(0.968, 0.993) | val_loss=0.0428 | val_corr=(0.966, 0.993) | test_loss=0.11 | test_corr=(0.89, 0.94)
Epoch 326/500 | time=0.633s | train_loss=0.04 | train_corr=(0.967, 0.994) | val_loss=0.0421 | val_corr=(0.967, 0.994) | test_loss=0.1064 | test_corr=(0.896, 0.942)
Epoch 327/500 | time=0.629s | train_loss=0.0379 | train_corr=(0.969, 0.996) | val_loss=0.0374 | val_corr=(0.968, 0.996) | test_loss=0.1033 | test_corr=(0.896, 0.945)
Epoch 328/500 | time=0.634s | train_loss=0.0401 | train_corr=(0.967, 0.995) | val_loss=0.0398 | val_corr=(0.969, 0.996) | test_loss=0.1046 | test_corr=(0.899, 0.945)
Epoch 329/500 | time=0.628s | train_loss=0.0361 | train_corr=(0.968, 0.996) | val_loss=0.0381 | val_corr=(0.968, 0.995) | test_loss=0.1033 | test_corr=(0.897, 0.945)
Epoch 330/500 | time=0.627s | train_loss=0.0365 | train_corr=(0.969, 0.997) | val_loss=0.0361 | val_corr=(0.968, 0.997) | test_loss=0.1033 | test_corr=(0.896, 0.946)
Epoch 331/500 | time=0.628s | train_loss=0.0357 | train_corr=(0.968, 0.997) | val_loss=0.0359 | val_corr=(0.969, 0.996) | test_loss=0.1035 | test_corr=(0.896, 0.947)
Epoch 332/500 | time=0.632s | train_loss=0.0359 | train_corr=(0.968, 0.997) | val_loss=0.0347 | val_corr=(0.969, 0.997) | test_loss=0.1023 | test_corr=(0.898, 0.947)
Epoch 333/500 | time=0.634s | train_loss=0.0335 | train_corr=(0.968, 0.997) | val_loss=0.0344 | val_corr=(0.97, 0.997) | test_loss=0.1023 | test_corr=(0.897, 0.948)
Epoch 334/500 | time=0.632s | train_loss=0.0342 | train_corr=(0.97, 0.997) | val_loss=0.036 | val_corr=(0.969, 0.996) | test_loss=0.1034 | test_corr=(0.897, 0.946)
Epoch 335/500 | time=0.631s | train_loss=0.0352 | train_corr=(0.97, 0.996) | val_loss=0.0378 | val_corr=(0.969, 0.994) | test_loss=0.1048 | test_corr=(0.896, 0.943)
Epoch 336/500 | time=0.627s | train_loss=0.0367 | train_corr=(0.968, 0.996) | val_loss=0.0396 | val_corr=(0.968, 0.994) | test_loss=0.1055 | test_corr=(0.898, 0.944)
Epoch 337/500 | time=0.626s | train_loss=0.0368 | train_corr=(0.969, 0.996) | val_loss=0.041 | val_corr=(0.969, 0.993) | test_loss=0.1063 | test_corr=(0.898, 0.943)
Epoch 338/500 | time=0.63s | train_loss=0.0408 | train_corr=(0.967, 0.995) | val_loss=0.0452 | val_corr=(0.968, 0.992) | test_loss=0.1094 | test_corr=(0.897, 0.941)
Epoch 339/500 | time=0.627s | train_loss=0.0386 | train_corr=(0.969, 0.995) | val_loss=0.0429 | val_corr=(0.968, 0.993) | test_loss=0.108 | test_corr=(0.895, 0.943)
Epoch 340/500 | time=0.627s | train_loss=0.0385 | train_corr=(0.968, 0.996) | val_loss=0.0392 | val_corr=(0.968, 0.995) | test_loss=0.1038 | test_corr=(0.898, 0.945)
Epoch 341/500 | time=0.628s | train_loss=0.0371 | train_corr=(0.968, 0.995) | val_loss=0.0367 | val_corr=(0.969, 0.996) | test_loss=0.1028 | test_corr=(0.898, 0.948)
Epoch 342/500 | time=0.633s | train_loss=0.038 | train_corr=(0.97, 0.996) | val_loss=0.0356 | val_corr=(0.968, 0.996) | test_loss=0.1045 | test_corr=(0.896, 0.946)
Epoch 343/500 | time=0.624s | train_loss=0.0333 | train_corr=(0.971, 0.997) | val_loss=0.0368 | val_corr=(0.967, 0.996) | test_loss=0.1053 | test_corr=(0.892, 0.946)
Epoch 344/500 | time=0.628s | train_loss=0.0356 | train_corr=(0.967, 0.997) | val_loss=0.035 | val_corr=(0.969, 0.997) | test_loss=0.1032 | test_corr=(0.898, 0.947)
Epoch 345/500 | time=0.634s | train_loss=0.037 | train_corr=(0.968, 0.995) | val_loss=0.0389 | val_corr=(0.968, 0.995) | test_loss=0.1049 | test_corr=(0.899, 0.946)
Epoch 346/500 | time=0.63s | train_loss=0.037 | train_corr=(0.969, 0.996) | val_loss=0.0403 | val_corr=(0.968, 0.995) | test_loss=0.1057 | test_corr=(0.894, 0.944)
Epoch 347/500 | time=0.63s | train_loss=0.0411 | train_corr=(0.967, 0.995) | val_loss=0.0379 | val_corr=(0.967, 0.996) | test_loss=0.1061 | test_corr=(0.892, 0.945)
Epoch 348/500 | time=0.624s | train_loss=0.0373 | train_corr=(0.969, 0.996) | val_loss=0.0401 | val_corr=(0.966, 0.996) | test_loss=0.1072 | test_corr=(0.893, 0.944)
Epoch 349/500 | time=0.627s | train_loss=0.036 | train_corr=(0.969, 0.997) | val_loss=0.0366 | val_corr=(0.969, 0.996) | test_loss=0.1048 | test_corr=(0.896, 0.944)
Epoch 350/500 | time=0.632s | train_loss=0.0347 | train_corr=(0.968, 0.996) | val_loss=0.0364 | val_corr=(0.968, 0.995) | test_loss=0.105 | test_corr=(0.892, 0.944)
Epoch 351/500 | time=0.633s | train_loss=0.0385 | train_corr=(0.969, 0.996) | val_loss=0.0418 | val_corr=(0.969, 0.994) | test_loss=0.1081 | test_corr=(0.896, 0.942)
Epoch 352/500 | time=0.638s | train_loss=0.0399 | train_corr=(0.968, 0.994) | val_loss=0.0362 | val_corr=(0.968, 0.996) | test_loss=0.1044 | test_corr=(0.896, 0.946)
Epoch 353/500 | time=0.631s | train_loss=0.0345 | train_corr=(0.969, 0.996) | val_loss=0.0387 | val_corr=(0.968, 0.994) | test_loss=0.1054 | test_corr=(0.896, 0.943)
Epoch 354/500 | time=0.632s | train_loss=0.037 | train_corr=(0.969, 0.996) | val_loss=0.0375 | val_corr=(0.967, 0.995) | test_loss=0.1036 | test_corr=(0.896, 0.945)
Epoch 355/500 | time=0.626s | train_loss=0.0358 | train_corr=(0.968, 0.996) | val_loss=0.0353 | val_corr=(0.968, 0.996) | test_loss=0.104 | test_corr=(0.894, 0.945)
Epoch 356/500 | time=0.632s | train_loss=0.0361 | train_corr=(0.968, 0.997) | val_loss=0.0378 | val_corr=(0.969, 0.997) | test_loss=0.1051 | test_corr=(0.897, 0.945)
Epoch 357/500 | time=0.632s | train_loss=0.0395 | train_corr=(0.97, 0.995) | val_loss=0.0349 | val_corr=(0.967, 0.997) | test_loss=0.1046 | test_corr=(0.894, 0.945)
Epoch 358/500 | time=0.634s | train_loss=0.0353 | train_corr=(0.968, 0.997) | val_loss=0.0355 | val_corr=(0.968, 0.996) | test_loss=0.1044 | test_corr=(0.894, 0.945)
Epoch 359/500 | time=0.633s | train_loss=0.0354 | train_corr=(0.966, 0.996) | val_loss=0.0378 | val_corr=(0.97, 0.995) | test_loss=0.1042 | test_corr=(0.899, 0.946)
Epoch 360/500 | time=0.632s | train_loss=0.0346 | train_corr=(0.969, 0.996) | val_loss=0.0376 | val_corr=(0.969, 0.996) | test_loss=0.1038 | test_corr=(0.899, 0.946)
Epoch 361/500 | time=0.63s | train_loss=0.037 | train_corr=(0.97, 0.996) | val_loss=0.0366 | val_corr=(0.968, 0.996) | test_loss=0.1058 | test_corr=(0.894, 0.945)
Epoch 362/500 | time=0.629s | train_loss=0.0337 | train_corr=(0.97, 0.997) | val_loss=0.036 | val_corr=(0.968, 0.996) | test_loss=0.1033 | test_corr=(0.896, 0.946)
Epoch 363/500 | time=0.633s | train_loss=0.0328 | train_corr=(0.97, 0.997) | val_loss=0.037 | val_corr=(0.967, 0.996) | test_loss=0.1062 | test_corr=(0.892, 0.944)
Epoch 364/500 | time=0.633s | train_loss=0.0346 | train_corr=(0.971, 0.996) | val_loss=0.0349 | val_corr=(0.969, 0.996) | test_loss=0.1034 | test_corr=(0.895, 0.946)
Epoch 365/500 | time=0.628s | train_loss=0.0375 | train_corr=(0.968, 0.995) | val_loss=0.0346 | val_corr=(0.969, 0.996) | test_loss=0.1029 | test_corr=(0.897, 0.946)
Epoch 366/500 | time=0.629s | train_loss=0.0382 | train_corr=(0.968, 0.995) | val_loss=0.0359 | val_corr=(0.968, 0.996) | test_loss=0.1023 | test_corr=(0.897, 0.946)
Epoch 367/500 | time=0.635s | train_loss=0.0373 | train_corr=(0.966, 0.995) | val_loss=0.0377 | val_corr=(0.97, 0.995) | test_loss=0.104 | test_corr=(0.898, 0.945)
Epoch 368/500 | time=0.635s | train_loss=0.0379 | train_corr=(0.968, 0.996) | val_loss=0.0401 | val_corr=(0.968, 0.994) | test_loss=0.1063 | test_corr=(0.896, 0.944)
Epoch 369/500 | time=0.638s | train_loss=0.0404 | train_corr=(0.967, 0.995) | val_loss=0.035 | val_corr=(0.969, 0.996) | test_loss=0.1026 | test_corr=(0.896, 0.946)
Epoch 370/500 | time=0.637s | train_loss=0.0365 | train_corr=(0.97, 0.996) | val_loss=0.0374 | val_corr=(0.968, 0.995) | test_loss=0.1056 | test_corr=(0.895, 0.944)
Epoch 371/500 | time=0.633s | train_loss=0.0326 | train_corr=(0.969, 0.997) | val_loss=0.0371 | val_corr=(0.968, 0.995) | test_loss=0.1051 | test_corr=(0.894, 0.944)
Epoch 372/500 | time=0.635s | train_loss=0.0337 | train_corr=(0.969, 0.996) | val_loss=0.0347 | val_corr=(0.969, 0.996) | test_loss=0.1042 | test_corr=(0.896, 0.946)
Epoch 373/500 | time=0.637s | train_loss=0.0343 | train_corr=(0.969, 0.997) | val_loss=0.0334 | val_corr=(0.97, 0.996) | test_loss=0.1027 | test_corr=(0.897, 0.946)
Epoch 374/500 | time=0.638s | train_loss=0.0332 | train_corr=(0.97, 0.997) | val_loss=0.0336 | val_corr=(0.969, 0.996) | test_loss=0.1036 | test_corr=(0.896, 0.946)
Epoch 375/500 | time=0.632s | train_loss=0.0309 | train_corr=(0.97, 0.997) | val_loss=0.0342 | val_corr=(0.97, 0.996) | test_loss=0.1034 | test_corr=(0.898, 0.944)
Epoch 376/500 | time=0.635s | train_loss=0.0343 | train_corr=(0.971, 0.996) | val_loss=0.0356 | val_corr=(0.969, 0.996) | test_loss=0.1048 | test_corr=(0.895, 0.945)
Epoch 377/500 | time=0.636s | train_loss=0.039 | train_corr=(0.966, 0.994) | val_loss=0.0464 | val_corr=(0.964, 0.991) | test_loss=0.1138 | test_corr=(0.889, 0.937)
Epoch 378/500 | time=0.631s | train_loss=0.0432 | train_corr=(0.967, 0.992) | val_loss=0.0411 | val_corr=(0.966, 0.993) | test_loss=0.1045 | test_corr=(0.896, 0.944)
Epoch 379/500 | time=0.633s | train_loss=0.047 | train_corr=(0.964, 0.989) | val_loss=0.0406 | val_corr=(0.967, 0.994) | test_loss=0.1069 | test_corr=(0.893, 0.946)
Epoch 380/500 | time=0.635s | train_loss=0.0378 | train_corr=(0.968, 0.995) | val_loss=0.0411 | val_corr=(0.967, 0.992) | test_loss=0.1083 | test_corr=(0.893, 0.942)
Epoch 381/500 | time=0.632s | train_loss=0.0383 | train_corr=(0.97, 0.995) | val_loss=0.0382 | val_corr=(0.967, 0.994) | test_loss=0.1046 | test_corr=(0.894, 0.945)
Epoch 382/500 | time=0.627s | train_loss=0.0416 | train_corr=(0.968, 0.992) | val_loss=0.0401 | val_corr=(0.966, 0.993) | test_loss=0.107 | test_corr=(0.893, 0.94)
Epoch 383/500 | time=0.632s | train_loss=0.0398 | train_corr=(0.968, 0.995) | val_loss=0.0396 | val_corr=(0.966, 0.994) | test_loss=0.1073 | test_corr=(0.891, 0.944)
Epoch 384/500 | time=0.63s | train_loss=0.0366 | train_corr=(0.97, 0.996) | val_loss=0.0406 | val_corr=(0.967, 0.994) | test_loss=0.1052 | test_corr=(0.898, 0.944)
Epoch 385/500 | time=0.632s | train_loss=0.0379 | train_corr=(0.969, 0.996) | val_loss=0.0398 | val_corr=(0.966, 0.993) | test_loss=0.1072 | test_corr=(0.892, 0.941)
Epoch 386/500 | time=0.634s | train_loss=0.0362 | train_corr=(0.969, 0.997) | val_loss=0.0385 | val_corr=(0.967, 0.995) | test_loss=0.107 | test_corr=(0.894, 0.942)
Epoch 387/500 | time=0.632s | train_loss=0.0341 | train_corr=(0.968, 0.997) | val_loss=0.0354 | val_corr=(0.969, 0.996) | test_loss=0.1043 | test_corr=(0.895, 0.945)
Epoch 388/500 | time=0.635s | train_loss=0.0348 | train_corr=(0.968, 0.995) | val_loss=0.04 | val_corr=(0.967, 0.994) | test_loss=0.1066 | test_corr=(0.895, 0.943)
Epoch 389/500 | time=0.632s | train_loss=0.0357 | train_corr=(0.968, 0.996) | val_loss=0.0359 | val_corr=(0.968, 0.996) | test_loss=0.1038 | test_corr=(0.894, 0.945)
Epoch 390/500 | time=0.634s | train_loss=0.0353 | train_corr=(0.969, 0.996) | val_loss=0.04 | val_corr=(0.966, 0.992) | test_loss=0.1071 | test_corr=(0.893, 0.94)
Epoch 391/500 | time=0.636s | train_loss=0.0346 | train_corr=(0.97, 0.996) | val_loss=0.0387 | val_corr=(0.967, 0.994) | test_loss=0.1052 | test_corr=(0.896, 0.945)
Epoch 392/500 | time=0.631s | train_loss=0.0339 | train_corr=(0.969, 0.997) | val_loss=0.0348 | val_corr=(0.969, 0.996) | test_loss=0.1024 | test_corr=(0.897, 0.945)
Epoch 393/500 | time=0.634s | train_loss=0.0335 | train_corr=(0.969, 0.997) | val_loss=0.0337 | val_corr=(0.969, 0.996) | test_loss=0.1036 | test_corr=(0.896, 0.946)
Epoch 394/500 | time=0.633s | train_loss=0.0336 | train_corr=(0.967, 0.997) | val_loss=0.0357 | val_corr=(0.97, 0.996) | test_loss=0.1029 | test_corr=(0.899, 0.947)
Epoch 395/500 | time=0.631s | train_loss=0.0367 | train_corr=(0.968, 0.996) | val_loss=0.0368 | val_corr=(0.968, 0.995) | test_loss=0.1044 | test_corr=(0.895, 0.943)
Epoch 396/500 | time=0.634s | train_loss=0.0378 | train_corr=(0.968, 0.995) | val_loss=0.0379 | val_corr=(0.969, 0.995) | test_loss=0.1049 | test_corr=(0.897, 0.945)
Epoch 397/500 | time=0.629s | train_loss=0.0389 | train_corr=(0.968, 0.995) | val_loss=0.0399 | val_corr=(0.967, 0.993) | test_loss=0.1072 | test_corr=(0.894, 0.942)
Epoch 398/500 | time=0.632s | train_loss=0.0393 | train_corr=(0.967, 0.994) | val_loss=0.0459 | val_corr=(0.964, 0.99) | test_loss=0.1107 | test_corr=(0.889, 0.939)
Epoch 399/500 | time=0.632s | train_loss=0.0403 | train_corr=(0.965, 0.995) | val_loss=0.0379 | val_corr=(0.968, 0.995) | test_loss=0.1059 | test_corr=(0.895, 0.946)
Epoch 400/500 | time=0.633s | train_loss=0.0394 | train_corr=(0.967, 0.993) | val_loss=0.0388 | val_corr=(0.969, 0.994) | test_loss=0.1074 | test_corr=(0.895, 0.943)
Epoch 401/500 | time=0.637s | train_loss=0.0418 | train_corr=(0.967, 0.994) | val_loss=0.04 | val_corr=(0.967, 0.992) | test_loss=0.1056 | test_corr=(0.894, 0.946)
Epoch 402/500 | time=0.635s | train_loss=0.039 | train_corr=(0.969, 0.994) | val_loss=0.0362 | val_corr=(0.967, 0.995) | test_loss=0.1043 | test_corr=(0.892, 0.946)
Epoch 403/500 | time=0.634s | train_loss=0.0374 | train_corr=(0.968, 0.995) | val_loss=0.0367 | val_corr=(0.968, 0.995) | test_loss=0.106 | test_corr=(0.893, 0.941)
Epoch 404/500 | time=0.635s | train_loss=0.0347 | train_corr=(0.969, 0.995) | val_loss=0.0344 | val_corr=(0.968, 0.996) | test_loss=0.1033 | test_corr=(0.895, 0.947)
Epoch 405/500 | time=0.632s | train_loss=0.0329 | train_corr=(0.968, 0.997) | val_loss=0.0325 | val_corr=(0.97, 0.997) | test_loss=0.1045 | test_corr=(0.896, 0.944)
Epoch 406/500 | time=0.635s | train_loss=0.0344 | train_corr=(0.968, 0.997) | val_loss=0.0328 | val_corr=(0.969, 0.997) | test_loss=0.1031 | test_corr=(0.896, 0.946)
Epoch 407/500 | time=0.635s | train_loss=0.0321 | train_corr=(0.97, 0.997) | val_loss=0.034 | val_corr=(0.968, 0.997) | test_loss=0.1033 | test_corr=(0.893, 0.945)
Epoch 408/500 | time=0.63s | train_loss=0.036 | train_corr=(0.967, 0.995) | val_loss=0.0346 | val_corr=(0.968, 0.995) | test_loss=0.1035 | test_corr=(0.896, 0.944)
Epoch 409/500 | time=0.632s | train_loss=0.0349 | train_corr=(0.969, 0.996) | val_loss=0.0389 | val_corr=(0.967, 0.993) | test_loss=0.1075 | test_corr=(0.892, 0.94)
Epoch 410/500 | time=0.63s | train_loss=0.0384 | train_corr=(0.965, 0.994) | val_loss=0.0361 | val_corr=(0.969, 0.995) | test_loss=0.1039 | test_corr=(0.897, 0.944)
Epoch 411/500 | time=0.635s | train_loss=0.0358 | train_corr=(0.969, 0.996) | val_loss=0.0362 | val_corr=(0.969, 0.995) | test_loss=0.1045 | test_corr=(0.897, 0.945)
Epoch 412/500 | time=0.631s | train_loss=0.036 | train_corr=(0.969, 0.996) | val_loss=0.0377 | val_corr=(0.969, 0.994) | test_loss=0.1063 | test_corr=(0.895, 0.945)
Epoch 413/500 | time=0.629s | train_loss=0.0397 | train_corr=(0.97, 0.995) | val_loss=0.0394 | val_corr=(0.966, 0.994) | test_loss=0.1067 | test_corr=(0.893, 0.943)
Epoch 414/500 | time=0.634s | train_loss=0.0391 | train_corr=(0.967, 0.995) | val_loss=0.0405 | val_corr=(0.966, 0.994) | test_loss=0.109 | test_corr=(0.893, 0.942)
Epoch 415/500 | time=0.633s | train_loss=0.0371 | train_corr=(0.968, 0.994) | val_loss=0.0375 | val_corr=(0.967, 0.995) | test_loss=0.1047 | test_corr=(0.895, 0.944)
Epoch 416/500 | time=0.64s | train_loss=0.0376 | train_corr=(0.968, 0.996) | val_loss=0.0341 | val_corr=(0.968, 0.996) | test_loss=0.1028 | test_corr=(0.895, 0.944)
Epoch 417/500 | time=0.632s | train_loss=0.0338 | train_corr=(0.967, 0.997) | val_loss=0.0346 | val_corr=(0.969, 0.996) | test_loss=0.1031 | test_corr=(0.896, 0.945)
Epoch 418/500 | time=0.638s | train_loss=0.0336 | train_corr=(0.97, 0.996) | val_loss=0.038 | val_corr=(0.966, 0.995) | test_loss=0.1064 | test_corr=(0.892, 0.944)
Epoch 419/500 | time=0.635s | train_loss=0.0343 | train_corr=(0.971, 0.996) | val_loss=0.0368 | val_corr=(0.967, 0.995) | test_loss=0.1057 | test_corr=(0.893, 0.944)
Epoch 420/500 | time=0.632s | train_loss=0.0356 | train_corr=(0.965, 0.996) | val_loss=0.0372 | val_corr=(0.968, 0.995) | test_loss=0.1053 | test_corr=(0.895, 0.944)
Epoch 421/500 | time=0.633s | train_loss=0.0335 | train_corr=(0.968, 0.997) | val_loss=0.0341 | val_corr=(0.971, 0.996) | test_loss=0.1033 | test_corr=(0.897, 0.945)
Epoch 422/500 | time=0.632s | train_loss=0.0322 | train_corr=(0.97, 0.997) | val_loss=0.032 | val_corr=(0.97, 0.997) | test_loss=0.1029 | test_corr=(0.898, 0.945)
Epoch 423/500 | time=0.637s | train_loss=0.0314 | train_corr=(0.971, 0.997) | val_loss=0.0301 | val_corr=(0.97, 0.997) | test_loss=0.1031 | test_corr=(0.895, 0.946)
Epoch 424/500 | time=0.632s | train_loss=0.0303 | train_corr=(0.969, 0.997) | val_loss=0.032 | val_corr=(0.97, 0.997) | test_loss=0.1042 | test_corr=(0.895, 0.945)
Epoch 425/500 | time=0.631s | train_loss=0.0315 | train_corr=(0.971, 0.998) | val_loss=0.0335 | val_corr=(0.968, 0.996) | test_loss=0.1031 | test_corr=(0.893, 0.946)
Epoch 426/500 | time=0.63s | train_loss=0.0333 | train_corr=(0.967, 0.997) | val_loss=0.0324 | val_corr=(0.97, 0.997) | test_loss=0.1035 | test_corr=(0.897, 0.946)
Epoch 427/500 | time=0.63s | train_loss=0.0301 | train_corr=(0.972, 0.998) | val_loss=0.0319 | val_corr=(0.97, 0.997) | test_loss=0.1028 | test_corr=(0.898, 0.946)
Epoch 428/500 | time=0.641s | train_loss=0.0346 | train_corr=(0.97, 0.997) | val_loss=0.0326 | val_corr=(0.97, 0.997) | test_loss=0.1061 | test_corr=(0.893, 0.945)
Epoch 429/500 | time=0.636s | train_loss=0.031 | train_corr=(0.97, 0.997) | val_loss=0.0332 | val_corr=(0.967, 0.997) | test_loss=0.103 | test_corr=(0.893, 0.946)
Epoch 430/500 | time=0.635s | train_loss=0.0333 | train_corr=(0.968, 0.996) | val_loss=0.0327 | val_corr=(0.97, 0.997) | test_loss=0.1034 | test_corr=(0.897, 0.945)
Epoch 431/500 | time=0.633s | train_loss=0.0316 | train_corr=(0.971, 0.997) | val_loss=0.0317 | val_corr=(0.969, 0.997) | test_loss=0.1022 | test_corr=(0.895, 0.946)
Epoch 432/500 | time=0.628s | train_loss=0.0306 | train_corr=(0.97, 0.997) | val_loss=0.0328 | val_corr=(0.97, 0.996) | test_loss=0.1037 | test_corr=(0.897, 0.945)
Epoch 433/500 | time=0.636s | train_loss=0.034 | train_corr=(0.969, 0.996) | val_loss=0.0334 | val_corr=(0.967, 0.997) | test_loss=0.1042 | test_corr=(0.893, 0.944)
Epoch 434/500 | time=0.633s | train_loss=0.0377 | train_corr=(0.965, 0.996) | val_loss=0.0353 | val_corr=(0.967, 0.995) | test_loss=0.1051 | test_corr=(0.894, 0.943)
Epoch 435/500 | time=0.644s | train_loss=0.0378 | train_corr=(0.966, 0.995) | val_loss=0.0393 | val_corr=(0.968, 0.995) | test_loss=0.1063 | test_corr=(0.898, 0.945)
Epoch 436/500 | time=0.635s | train_loss=0.0336 | train_corr=(0.969, 0.997) | val_loss=0.0357 | val_corr=(0.97, 0.996) | test_loss=0.1051 | test_corr=(0.898, 0.946)
Epoch 437/500 | time=0.635s | train_loss=0.0336 | train_corr=(0.971, 0.997) | val_loss=0.0336 | val_corr=(0.969, 0.996) | test_loss=0.1029 | test_corr=(0.897, 0.946)
Epoch 438/500 | time=0.627s | train_loss=0.0354 | train_corr=(0.968, 0.995) | val_loss=0.0336 | val_corr=(0.968, 0.997) | test_loss=0.1037 | test_corr=(0.895, 0.945)
Epoch 439/500 | time=0.628s | train_loss=0.0345 | train_corr=(0.967, 0.997) | val_loss=0.0373 | val_corr=(0.969, 0.996) | test_loss=0.1044 | test_corr=(0.898, 0.946)
Epoch 440/500 | time=0.628s | train_loss=0.0348 | train_corr=(0.97, 0.996) | val_loss=0.0348 | val_corr=(0.969, 0.996) | test_loss=0.1047 | test_corr=(0.895, 0.944)
Epoch 441/500 | time=0.629s | train_loss=0.0341 | train_corr=(0.969, 0.996) | val_loss=0.0339 | val_corr=(0.969, 0.996) | test_loss=0.1021 | test_corr=(0.897, 0.946)
Epoch 442/500 | time=0.627s | train_loss=0.0327 | train_corr=(0.969, 0.996) | val_loss=0.0319 | val_corr=(0.968, 0.997) | test_loss=0.1028 | test_corr=(0.895, 0.945)
Epoch 443/500 | time=0.627s | train_loss=0.0326 | train_corr=(0.968, 0.996) | val_loss=0.0327 | val_corr=(0.968, 0.996) | test_loss=0.1025 | test_corr=(0.895, 0.946)
Epoch 444/500 | time=0.63s | train_loss=0.0319 | train_corr=(0.968, 0.997) | val_loss=0.0326 | val_corr=(0.97, 0.997) | test_loss=0.1038 | test_corr=(0.897, 0.946)
Epoch 445/500 | time=0.625s | train_loss=0.0311 | train_corr=(0.97, 0.997) | val_loss=0.0312 | val_corr=(0.97, 0.997) | test_loss=0.1004 | test_corr=(0.898, 0.947)
Epoch 446/500 | time=0.627s | train_loss=0.0371 | train_corr=(0.967, 0.995) | val_loss=0.0374 | val_corr=(0.967, 0.993) | test_loss=0.1045 | test_corr=(0.894, 0.945)
Epoch 447/500 | time=0.628s | train_loss=0.0404 | train_corr=(0.968, 0.996) | val_loss=0.0376 | val_corr=(0.968, 0.994) | test_loss=0.1055 | test_corr=(0.894, 0.945)
Epoch 448/500 | time=0.628s | train_loss=0.0354 | train_corr=(0.969, 0.996) | val_loss=0.0361 | val_corr=(0.969, 0.996) | test_loss=0.1047 | test_corr=(0.897, 0.946)
Epoch 449/500 | time=0.633s | train_loss=0.039 | train_corr=(0.968, 0.993) | val_loss=0.0351 | val_corr=(0.968, 0.995) | test_loss=0.1047 | test_corr=(0.895, 0.944)
Epoch 450/500 | time=0.631s | train_loss=0.0423 | train_corr=(0.969, 0.995) | val_loss=0.0352 | val_corr=(0.968, 0.995) | test_loss=0.104 | test_corr=(0.896, 0.946)
Epoch 451/500 | time=0.629s | train_loss=0.035 | train_corr=(0.969, 0.995) | val_loss=0.0357 | val_corr=(0.969, 0.995) | test_loss=0.1043 | test_corr=(0.897, 0.942)
Epoch 452/500 | time=0.632s | train_loss=0.0351 | train_corr=(0.969, 0.995) | val_loss=0.0384 | val_corr=(0.968, 0.994) | test_loss=0.107 | test_corr=(0.896, 0.943)
Epoch 453/500 | time=0.63s | train_loss=0.0354 | train_corr=(0.969, 0.995) | val_loss=0.034 | val_corr=(0.97, 0.996) | test_loss=0.104 | test_corr=(0.896, 0.945)
Epoch 454/500 | time=0.631s | train_loss=0.0333 | train_corr=(0.971, 0.996) | val_loss=0.0343 | val_corr=(0.97, 0.996) | test_loss=0.1052 | test_corr=(0.896, 0.945)
Epoch 455/500 | time=0.631s | train_loss=0.0317 | train_corr=(0.97, 0.997) | val_loss=0.0335 | val_corr=(0.97, 0.996) | test_loss=0.1029 | test_corr=(0.898, 0.947)
Epoch 456/500 | time=0.627s | train_loss=0.0332 | train_corr=(0.971, 0.997) | val_loss=0.0317 | val_corr=(0.968, 0.997) | test_loss=0.1035 | test_corr=(0.894, 0.944)
Epoch 457/500 | time=0.629s | train_loss=0.0297 | train_corr=(0.971, 0.997) | val_loss=0.0328 | val_corr=(0.969, 0.997) | test_loss=0.1049 | test_corr=(0.895, 0.945)
Epoch 458/500 | time=0.627s | train_loss=0.0322 | train_corr=(0.968, 0.995) | val_loss=0.0326 | val_corr=(0.969, 0.997) | test_loss=0.1035 | test_corr=(0.897, 0.946)
Epoch 459/500 | time=0.627s | train_loss=0.0318 | train_corr=(0.968, 0.997) | val_loss=0.0331 | val_corr=(0.969, 0.996) | test_loss=0.1044 | test_corr=(0.895, 0.944)
Epoch 460/500 | time=0.634s | train_loss=0.0324 | train_corr=(0.97, 0.997) | val_loss=0.032 | val_corr=(0.969, 0.997) | test_loss=0.1033 | test_corr=(0.897, 0.946)
Epoch 461/500 | time=0.626s | train_loss=0.0343 | train_corr=(0.969, 0.996) | val_loss=0.0326 | val_corr=(0.969, 0.996) | test_loss=0.1034 | test_corr=(0.895, 0.946)
Epoch 462/500 | time=0.626s | train_loss=0.0347 | train_corr=(0.969, 0.995) | val_loss=0.038 | val_corr=(0.968, 0.994) | test_loss=0.1054 | test_corr=(0.896, 0.945)
Epoch 463/500 | time=0.628s | train_loss=0.0351 | train_corr=(0.969, 0.996) | val_loss=0.0342 | val_corr=(0.969, 0.996) | test_loss=0.1043 | test_corr=(0.896, 0.946)
Epoch 464/500 | time=0.631s | train_loss=0.0355 | train_corr=(0.968, 0.996) | val_loss=0.0338 | val_corr=(0.969, 0.996) | test_loss=0.1054 | test_corr=(0.896, 0.943)
Epoch 465/500 | time=0.627s | train_loss=0.034 | train_corr=(0.968, 0.996) | val_loss=0.0345 | val_corr=(0.968, 0.996) | test_loss=0.1043 | test_corr=(0.895, 0.945)
Epoch 466/500 | time=0.628s | train_loss=0.0348 | train_corr=(0.968, 0.996) | val_loss=0.036 | val_corr=(0.969, 0.995) | test_loss=0.1079 | test_corr=(0.894, 0.942)
Epoch 467/500 | time=0.623s | train_loss=0.0326 | train_corr=(0.97, 0.997) | val_loss=0.034 | val_corr=(0.969, 0.996) | test_loss=0.1056 | test_corr=(0.895, 0.944)
Epoch 468/500 | time=0.63s | train_loss=0.0309 | train_corr=(0.971, 0.997) | val_loss=0.0314 | val_corr=(0.97, 0.997) | test_loss=0.1025 | test_corr=(0.897, 0.946)
Epoch 469/500 | time=0.633s | train_loss=0.0307 | train_corr=(0.969, 0.997) | val_loss=0.0287 | val_corr=(0.97, 0.998) | test_loss=0.1007 | test_corr=(0.899, 0.947)
Epoch 470/500 | time=0.631s | train_loss=0.0315 | train_corr=(0.968, 0.996) | val_loss=0.0315 | val_corr=(0.969, 0.997) | test_loss=0.1032 | test_corr=(0.895, 0.944)
Epoch 471/500 | time=0.632s | train_loss=0.0317 | train_corr=(0.969, 0.997) | val_loss=0.0324 | val_corr=(0.97, 0.996) | test_loss=0.1037 | test_corr=(0.896, 0.946)
Epoch 472/500 | time=0.63s | train_loss=0.031 | train_corr=(0.969, 0.997) | val_loss=0.0314 | val_corr=(0.97, 0.997) | test_loss=0.1041 | test_corr=(0.896, 0.945)
Epoch 473/500 | time=0.632s | train_loss=0.0314 | train_corr=(0.97, 0.997) | val_loss=0.0337 | val_corr=(0.968, 0.996) | test_loss=0.1032 | test_corr=(0.895, 0.947)
Epoch 474/500 | time=0.634s | train_loss=0.0319 | train_corr=(0.969, 0.996) | val_loss=0.0328 | val_corr=(0.969, 0.996) | test_loss=0.1025 | test_corr=(0.896, 0.946)
Epoch 475/500 | time=0.631s | train_loss=0.0352 | train_corr=(0.968, 0.995) | val_loss=0.032 | val_corr=(0.97, 0.997) | test_loss=0.1034 | test_corr=(0.897, 0.945)
Epoch 476/500 | time=0.634s | train_loss=0.0338 | train_corr=(0.969, 0.996) | val_loss=0.0331 | val_corr=(0.97, 0.996) | test_loss=0.1038 | test_corr=(0.895, 0.947)
Epoch 477/500 | time=0.633s | train_loss=0.0309 | train_corr=(0.971, 0.997) | val_loss=0.0331 | val_corr=(0.969, 0.996) | test_loss=0.1039 | test_corr=(0.895, 0.945)
Epoch 478/500 | time=0.632s | train_loss=0.0296 | train_corr=(0.97, 0.997) | val_loss=0.0302 | val_corr=(0.97, 0.997) | test_loss=0.1022 | test_corr=(0.897, 0.947)
Epoch 479/500 | time=0.627s | train_loss=0.031 | train_corr=(0.968, 0.997) | val_loss=0.031 | val_corr=(0.969, 0.996) | test_loss=0.1027 | test_corr=(0.896, 0.945)
Epoch 480/500 | time=0.633s | train_loss=0.03 | train_corr=(0.97, 0.997) | val_loss=0.0299 | val_corr=(0.969, 0.997) | test_loss=0.101 | test_corr=(0.897, 0.947)
Epoch 481/500 | time=0.631s | train_loss=0.0288 | train_corr=(0.968, 0.998) | val_loss=0.0293 | val_corr=(0.97, 0.997) | test_loss=0.1025 | test_corr=(0.898, 0.945)
Epoch 482/500 | time=0.632s | train_loss=0.0323 | train_corr=(0.971, 0.996) | val_loss=0.0305 | val_corr=(0.969, 0.997) | test_loss=0.1014 | test_corr=(0.897, 0.947)
Epoch 483/500 | time=0.627s | train_loss=0.0315 | train_corr=(0.969, 0.997) | val_loss=0.0317 | val_corr=(0.969, 0.997) | test_loss=0.1018 | test_corr=(0.897, 0.946)
Epoch 484/500 | time=0.628s | train_loss=0.0329 | train_corr=(0.969, 0.995) | val_loss=0.0341 | val_corr=(0.969, 0.995) | test_loss=0.1031 | test_corr=(0.898, 0.945)
Epoch 485/500 | time=0.626s | train_loss=0.0327 | train_corr=(0.971, 0.997) | val_loss=0.032 | val_corr=(0.968, 0.997) | test_loss=0.1032 | test_corr=(0.896, 0.946)
Epoch 486/500 | time=0.628s | train_loss=0.0337 | train_corr=(0.967, 0.997) | val_loss=0.0312 | val_corr=(0.969, 0.997) | test_loss=0.102 | test_corr=(0.897, 0.947)
Epoch 487/500 | time=0.626s | train_loss=0.0326 | train_corr=(0.967, 0.997) | val_loss=0.0323 | val_corr=(0.97, 0.996) | test_loss=0.1016 | test_corr=(0.898, 0.945)
Epoch 488/500 | time=0.625s | train_loss=0.0372 | train_corr=(0.968, 0.993) | val_loss=0.0361 | val_corr=(0.968, 0.994) | test_loss=0.1061 | test_corr=(0.895, 0.942)
Epoch 489/500 | time=0.622s | train_loss=0.0338 | train_corr=(0.971, 0.996) | val_loss=0.0353 | val_corr=(0.969, 0.995) | test_loss=0.1034 | test_corr=(0.898, 0.946)
Epoch 490/500 | time=0.623s | train_loss=0.0311 | train_corr=(0.969, 0.997) | val_loss=0.0338 | val_corr=(0.968, 0.995) | test_loss=0.1026 | test_corr=(0.895, 0.947)
Epoch 491/500 | time=0.619s | train_loss=0.0288 | train_corr=(0.97, 0.997) | val_loss=0.0296 | val_corr=(0.969, 0.997) | test_loss=0.1013 | test_corr=(0.897, 0.947)
Epoch 492/500 | time=0.632s | train_loss=0.0299 | train_corr=(0.97, 0.997) | val_loss=0.0345 | val_corr=(0.969, 0.993) | test_loss=0.105 | test_corr=(0.895, 0.94)
Epoch 493/500 | time=0.625s | train_loss=0.0312 | train_corr=(0.97, 0.997) | val_loss=0.0326 | val_corr=(0.97, 0.996) | test_loss=0.1035 | test_corr=(0.896, 0.945)
Epoch 494/500 | time=0.629s | train_loss=0.031 | train_corr=(0.97, 0.997) | val_loss=0.0346 | val_corr=(0.967, 0.996) | test_loss=0.1037 | test_corr=(0.896, 0.945)
Epoch 495/500 | time=0.63s | train_loss=0.0336 | train_corr=(0.971, 0.997) | val_loss=0.0335 | val_corr=(0.967, 0.996) | test_loss=0.1046 | test_corr=(0.894, 0.945)
Epoch 496/500 | time=0.621s | train_loss=0.0307 | train_corr=(0.97, 0.997) | val_loss=0.0325 | val_corr=(0.97, 0.996) | test_loss=0.1046 | test_corr=(0.894, 0.945)
Epoch 497/500 | time=0.629s | train_loss=0.0306 | train_corr=(0.97, 0.997) | val_loss=0.0309 | val_corr=(0.969, 0.997) | test_loss=0.1022 | test_corr=(0.895, 0.946)
Epoch 498/500 | time=0.619s | train_loss=0.0279 | train_corr=(0.971, 0.998) | val_loss=0.0288 | val_corr=(0.971, 0.997) | test_loss=0.1025 | test_corr=(0.897, 0.946)
Epoch 499/500 | time=0.625s | train_loss=0.0275 | train_corr=(0.971, 0.998) | val_loss=0.0297 | val_corr=(0.97, 0.997) | test_loss=0.1023 | test_corr=(0.898, 0.946)
Epoch 500/500 | time=0.617s | train_loss=0.0302 | train_corr=(0.969, 0.998) | val_loss=0.0307 | val_corr=(0.97, 0.997) | test_loss=0.1038 | test_corr=(0.894, 0.945)
────────────────────────────────────────────────────────────────────────────────────
                                           Time                    Allocations      
                                  ───────────────────────   ────────────────────────
        Tot / % measured:               628s /  72.5%            666GiB /  94.9%    

Section                   ncalls     time    %tot     avg     alloc    %tot      avg
────────────────────────────────────────────────────────────────────────────────────
epoch                        500     428s   93.9%   856ms    610GiB   96.6%  1.22GiB
  train                      500     269s   59.0%   538ms    256GiB   40.5%   524MiB
    single_train_step!     5.00k     215s   47.1%  42.9ms    100GiB   15.8%  20.4MiB
    get training batch     5.00k    54.0s   11.8%  10.8ms    156GiB   24.7%  32.0MiB
  test                       500     128s   28.1%   256ms    295GiB   46.7%   604MiB
    get test loss          6.50k    78.5s   17.2%  12.1ms    100GiB   15.8%  15.7MiB
    get test batch         6.50k    49.3s   10.8%  7.58ms    195GiB   30.9%  30.8MiB
  validation                 500    31.1s    6.8%  62.3ms   59.3GiB    9.4%   121MiB
    validation loss        1.50k    19.2s    4.2%  12.8ms   20.1GiB    3.2%  13.8MiB
    get validation data    1.50k    11.6s    2.5%  7.73ms   39.1GiB    6.2%  26.7MiB
get_data                       1    27.8s    6.1%   27.8s   21.3GiB    3.4%  21.3GiB
────────────────────────────────────────────────────────────────────────────────────Finished at Wed Apr  8 20:25:59 CEST 2026
