┌ Info: CUDA loaded successfully
│   device = CuDevice(0): NVIDIA A100 80GB PCIe
└   capability = v"8.0.0"
┌ Info: cuDNN loaded successfully
└   version = v"8.90.7"
[ Info: Starting HPC AE training job
[ Info:   SLURM_JOB_ID: 9148254
[ Info:   SLURM_NTASKS: 1
[ Info:   SLURM_CPUS_PER_TASK: 8
[ Info:   Hostname: gpu013
[ Info: removed ghost cells; input data size (u): (256, 256, 2, 4402)
GKS: cannot open display - headless operation mode active
[ Info: Training on CUDADevice{Nothing, Missing}(nothing)
[ Info: Parametric Encoder built:
[ Info:   Conv: 4→8 -> 8→16 -> 16→32 -> 32→64 -> 64→128 -> 128→256
[ Info:   Sizes: (256, 256, 4) -> (128, 128, 8) -> (64, 64, 16) -> (32, 32, 32) -> (16, 16, 64) -> (8, 8, 128) -> (4, 4, 256)
[ Info:   Dense: 4096→2048 -> 2048→16
[ Info: Parametric Decoder built:
[ Info:   Dense: 16→2048 -> 2048→4096
[ Info:   Sizes: (4, 4, 256) -> (8, 8, 128) -> (16, 16, 64) -> (32, 32, 32) -> (64, 64, 16) -> (128, 128, 8) -> (256, 256, 4) -> (256, 256, 2) -> (256, 256, 2)
[ Info:   Conv: 256→128 -> 128→64 -> 64→32 -> 32→16 -> 16→8 -> 8→4 -> 4→2 -> 2→2
[ Info: AE initiated
┌ Info: CUDA.functional()
└   CUDA.functional() = true
┌ Info: CUDA device
└   CUDA.device() = CuDevice(0): NVIDIA A100 80GB PCIe
[ Info: Start Training, total 200 epochs
[ Info: Epoch 1/200
[ Info: Epoch 2/200
[ Info: Epoch 3/200
[ Info: Epoch 4/200
[ Info: Epoch 5/200
[ Info: Epoch 6/200
[ Info: Epoch 7/200
[ Info: Epoch 8/200
[ Info: Epoch 9/200
[ Info: Epoch 10/200
[ Info: Epoch 11/200
[ Info: Epoch 12/200
[ Info: Epoch 13/200
[ Info: Epoch 14/200
[ Info: Epoch 15/200
[ Info: Epoch 16/200
[ Info: Epoch 17/200
[ Info: Epoch 18/200
[ Info: Epoch 19/200
[ Info: Epoch 20/200
[ Info: Epoch 21/200
[ Info: Epoch 22/200
[ Info: Epoch 23/200
[ Info: Epoch 24/200
[ Info: Epoch 25/200
[ Info: Epoch 26/200
[ Info: Epoch 27/200
[ Info: Epoch 28/200
[ Info: Epoch 29/200
[ Info: Epoch 30/200
[ Info: Epoch 31/200
[ Info: Epoch 32/200
[ Info: Epoch 33/200
[ Info: Epoch 34/200
[ Info: Epoch 35/200
[ Info: Epoch 36/200
[ Info: Epoch 37/200
[ Info: Epoch 38/200
[ Info: Epoch 39/200
[ Info: Epoch 40/200
[ Info: Epoch 41/200
[ Info: Epoch 42/200
[ Info: Epoch 43/200
[ Info: Epoch 44/200
[ Info: Epoch 45/200
[ Info: Epoch 46/200
[ Info: Epoch 47/200
[ Info: Epoch 48/200
[ Info: Epoch 49/200
[ Info: Epoch 50/200
[ Info: Epoch 51/200
[ Info: Epoch 52/200
[ Info: Epoch 53/200
[ Info: Epoch 54/200
[ Info: Epoch 55/200
[ Info: Epoch 56/200
[ Info: Epoch 57/200
[ Info: Epoch 58/200
[ Info: Epoch 59/200
[ Info: Epoch 60/200
[ Info: Epoch 61/200
[ Info: Epoch 62/200
[ Info: Epoch 63/200
[ Info: Epoch 64/200
[ Info: Epoch 65/200
[ Info: Epoch 66/200
[ Info: Epoch 67/200
[ Info: Epoch 68/200
[ Info: Epoch 69/200
[ Info: Epoch 70/200
[ Info: Epoch 71/200
[ Info: Epoch 72/200
[ Info: Epoch 73/200
[ Info: Epoch 74/200
[ Info: Epoch 75/200
[ Info: Epoch 76/200
[ Info: Epoch 77/200
[ Info: Epoch 78/200
[ Info: Epoch 79/200
[ Info: Epoch 80/200
[ Info: Epoch 81/200
[ Info: Epoch 82/200
[ Info: Epoch 83/200
[ Info: Epoch 84/200
[ Info: Epoch 85/200
[ Info: Epoch 86/200
[ Info: Epoch 87/200
[ Info: Epoch 88/200
[ Info: Epoch 89/200
[ Info: Epoch 90/200
[ Info: Epoch 91/200
[ Info: Epoch 92/200
[ Info: Epoch 93/200
[ Info: Epoch 94/200
[ Info: Epoch 95/200
[ Info: Epoch 96/200
[ Info: Epoch 97/200
[ Info: Epoch 98/200
[ Info: Epoch 99/200
[ Info: Epoch 100/200
[ Info: Epoch 101/200
[ Info: Epoch 102/200
[ Info: Epoch 103/200
[ Info: Epoch 104/200
[ Info: Epoch 105/200
[ Info: Epoch 106/200
[ Info: Epoch 107/200
[ Info: Epoch 108/200
[ Info: Epoch 109/200
[ Info: Epoch 110/200
[ Info: Epoch 111/200
[ Info: Epoch 112/200
[ Info: Epoch 113/200
[ Info: Epoch 114/200
[ Info: Epoch 115/200
[ Info: Epoch 116/200
[ Info: Epoch 117/200
[ Info: Epoch 118/200
[ Info: Epoch 119/200
[ Info: Epoch 120/200
[ Info: Epoch 121/200
[ Info: Epoch 122/200
[ Info: Epoch 123/200
[ Info: Epoch 124/200
[ Info: Epoch 125/200
[ Info: Epoch 126/200
[ Info: Epoch 127/200
[ Info: Epoch 128/200
[ Info: Epoch 129/200
[ Info: Epoch 130/200
[ Info: Epoch 131/200
[ Info: Epoch 132/200
[ Info: Epoch 133/200
[ Info: Epoch 134/200
[ Info: Epoch 135/200
[ Info: Epoch 136/200
[ Info: Epoch 137/200
[ Info: Epoch 138/200
[ Info: Epoch 139/200
[ Info: Epoch 140/200
[ Info: Epoch 141/200
[ Info: Epoch 142/200
[ Info: Epoch 143/200
[ Info: Epoch 144/200
[ Info: Epoch 145/200
[ Info: Epoch 146/200
[ Info: Epoch 147/200
[ Info: Epoch 148/200
[ Info: Epoch 149/200
[ Info: Epoch 150/200
[ Info: Epoch 151/200
[ Info: Epoch 152/200
[ Info: Epoch 153/200
[ Info: Epoch 154/200
[ Info: Epoch 155/200
[ Info: Epoch 156/200
[ Info: Epoch 157/200
[ Info: Epoch 158/200
[ Info: Epoch 159/200
[ Info: Epoch 160/200
[ Info: Epoch 161/200
[ Info: Epoch 162/200
[ Info: Epoch 163/200
[ Info: Epoch 164/200
[ Info: Epoch 165/200
[ Info: Epoch 166/200
[ Info: Epoch 167/200
[ Info: Epoch 168/200
[ Info: Epoch 169/200
[ Info: Epoch 170/200
[ Info: Epoch 171/200
[ Info: Epoch 172/200
[ Info: Epoch 173/200
[ Info: Epoch 174/200
[ Info: Epoch 175/200
[ Info: Epoch 176/200
[ Info: Epoch 177/200
[ Info: Epoch 178/200
[ Info: Epoch 179/200
[ Info: Epoch 180/200
[ Info: Epoch 181/200
[ Info: Epoch 182/200
[ Info: Epoch 183/200
[ Info: Epoch 184/200
[ Info: Epoch 185/200
[ Info: Epoch 186/200
[ Info: Epoch 187/200
[ Info: Epoch 188/200
[ Info: Epoch 189/200
[ Info: Epoch 190/200
[ Info: Epoch 191/200
[ Info: Epoch 192/200
[ Info: Epoch 193/200
[ Info: Epoch 194/200
[ Info: Epoch 195/200
[ Info: Epoch 196/200
[ Info: Epoch 197/200
[ Info: Epoch 198/200
[ Info: Epoch 199/200
[ Info: Epoch 200/200
[ Info: Model saved: data/Lux_models/Feb11-1146__E200_HW256x256_C4to2_nc6_nd2_z16_C8_lr0p001_wd0p0009_bs16_NY_LL1/checkpoint.jld2
[ Info: Selected 2 snapshots with indices [3547, 1759] for reconstruction
[ Info: Saved reconstruction plot to data/Lux_models/Feb11-1146__E200_HW256x256_C4to2_nc6_nd2_z16_C8_lr0p001_wd0p0009_bs16_NY_LL1/reconstruction.png
[ Info: Saved loss plot to data/Lux_models/Feb11-1146__E200_HW256x256_C4to2_nc6_nd2_z16_C8_lr0p001_wd0p0009_bs16_NY_LL1/loss_evolution.png
[ Info: removed ghost cells; input data size (u): (256, 256, 2, 4402)
[ Info: Training on CUDADevice{Nothing, Missing}(nothing)
[ Info: Parametric Encoder built:
[ Info:   Conv: 4→8 -> 8→16 -> 16→32 -> 32→64 -> 64→128 -> 128→256
[ Info:   Sizes: (256, 256, 4) -> (128, 128, 8) -> (64, 64, 16) -> (32, 32, 32) -> (16, 16, 64) -> (8, 8, 128) -> (4, 4, 256)
[ Info:   Dense: 4096→2048 -> 2048→16
[ Info: Parametric Decoder built:
[ Info:   Dense: 16→2048 -> 2048→4096
[ Info:   Sizes: (4, 4, 256) -> (8, 8, 128) -> (16, 16, 64) -> (32, 32, 32) -> (64, 64, 16) -> (128, 128, 8) -> (256, 256, 4) -> (256, 256, 2) -> (256, 256, 2)
[ Info:   Conv: 256→128 -> 128→64 -> 64→32 -> 32→16 -> 16→8 -> 8→4 -> 4→2 -> 2→2
[ Info: AE initiated
┌ Info: CUDA.functional()
└   CUDA.functional() = true
┌ Info: CUDA device
└   CUDA.device() = CuDevice(0): NVIDIA A100 80GB PCIe
[ Info: Start Training, total 1000 epochs
[ Info: Epoch 1/1000
[ Info: Epoch 2/1000
[ Info: Epoch 3/1000
[ Info: Epoch 4/1000
[ Info: Epoch 5/1000
[ Info: Epoch 6/1000
[ Info: Epoch 7/1000
[ Info: Epoch 8/1000
[ Info: Epoch 9/1000
[ Info: Epoch 10/1000
[ Info: Epoch 11/1000
[ Info: Epoch 12/1000
[ Info: Epoch 13/1000
[ Info: Epoch 14/1000
[ Info: Epoch 15/1000
[ Info: Epoch 16/1000
[ Info: Epoch 17/1000
[ Info: Epoch 18/1000
[ Info: Epoch 19/1000
[ Info: Epoch 20/1000
[ Info: Epoch 21/1000
[ Info: Epoch 22/1000
[ Info: Epoch 23/1000
[ Info: Epoch 24/1000
[ Info: Epoch 25/1000
[ Info: Epoch 26/1000
[ Info: Epoch 27/1000
[ Info: Epoch 28/1000
[ Info: Epoch 29/1000
[ Info: Epoch 30/1000
[ Info: Epoch 31/1000
[ Info: Epoch 32/1000
[ Info: Epoch 33/1000
[ Info: Epoch 34/1000
[ Info: Epoch 35/1000
[ Info: Epoch 36/1000
[ Info: Epoch 37/1000
[ Info: Epoch 38/1000
[ Info: Epoch 39/1000
[ Info: Epoch 40/1000
[ Info: Epoch 41/1000
[ Info: Epoch 42/1000
[ Info: Epoch 43/1000
[ Info: Epoch 44/1000
[ Info: Epoch 45/1000
[ Info: Epoch 46/1000
[ Info: Epoch 47/1000
[ Info: Epoch 48/1000
[ Info: Epoch 49/1000
[ Info: Epoch 50/1000
[ Info: Epoch 51/1000
[ Info: Epoch 52/1000
[ Info: Epoch 53/1000
[ Info: Epoch 54/1000
[ Info: Epoch 55/1000
[ Info: Epoch 56/1000
[ Info: Epoch 57/1000
[ Info: Epoch 58/1000
[ Info: Epoch 59/1000
[ Info: Epoch 60/1000
[ Info: Epoch 61/1000
[ Info: Epoch 62/1000
[ Info: Epoch 63/1000
[ Info: Epoch 64/1000
[ Info: Epoch 65/1000
[ Info: Epoch 66/1000
[ Info: Epoch 67/1000
[ Info: Epoch 68/1000
[ Info: Epoch 69/1000
[ Info: Epoch 70/1000
[ Info: Epoch 71/1000
[ Info: Epoch 72/1000
[ Info: Epoch 73/1000
[ Info: Epoch 74/1000
[ Info: Epoch 75/1000
[ Info: Epoch 76/1000
[ Info: Epoch 77/1000
[ Info: Epoch 78/1000
[ Info: Epoch 79/1000
[ Info: Epoch 80/1000
[ Info: Epoch 81/1000
[ Info: Epoch 82/1000
[ Info: Epoch 83/1000
[ Info: Epoch 84/1000
[ Info: Epoch 85/1000
[ Info: Epoch 86/1000
[ Info: Epoch 87/1000
[ Info: Epoch 88/1000
[ Info: Epoch 89/1000
[ Info: Epoch 90/1000
[ Info: Epoch 91/1000
[ Info: Epoch 92/1000
[ Info: Epoch 93/1000
[ Info: Epoch 94/1000
[ Info: Epoch 95/1000
[ Info: Epoch 96/1000
[ Info: Epoch 97/1000
[ Info: Epoch 98/1000
[ Info: Epoch 99/1000
[ Info: Epoch 100/1000
[ Info: Epoch 101/1000
[ Info: Epoch 102/1000
[ Info: Epoch 103/1000
[ Info: Epoch 104/1000
[ Info: Epoch 105/1000
[ Info: Epoch 106/1000
[ Info: Epoch 107/1000
[ Info: Epoch 108/1000
[ Info: Epoch 109/1000
[ Info: Epoch 110/1000
[ Info: Epoch 111/1000
[ Info: Epoch 112/1000
[ Info: Epoch 113/1000
[ Info: Epoch 114/1000
[ Info: Epoch 115/1000
[ Info: Epoch 116/1000
[ Info: Epoch 117/1000
[ Info: Epoch 118/1000
[ Info: Epoch 119/1000
[ Info: Epoch 120/1000
[ Info: Epoch 121/1000
[ Info: Epoch 122/1000
[ Info: Epoch 123/1000
[ Info: Epoch 124/1000
[ Info: Epoch 125/1000
[ Info: Epoch 126/1000
[ Info: Epoch 127/1000
[ Info: Epoch 128/1000
[ Info: Epoch 129/1000
[ Info: Epoch 130/1000
[ Info: Epoch 131/1000
[ Info: Epoch 132/1000
[ Info: Epoch 133/1000
[ Info: Epoch 134/1000
[ Info: Epoch 135/1000
[ Info: Epoch 136/1000
[ Info: Epoch 137/1000
[ Info: Epoch 138/1000
[ Info: Epoch 139/1000
[ Info: Epoch 140/1000
[ Info: Epoch 141/1000
[ Info: Epoch 142/1000
[ Info: Epoch 143/1000
[ Info: Epoch 144/1000
[ Info: Epoch 145/1000
[ Info: Epoch 146/1000
[ Info: Epoch 147/1000
[ Info: Epoch 148/1000
[ Info: Epoch 149/1000
[ Info: Epoch 150/1000
[ Info: Epoch 151/1000
[ Info: Epoch 152/1000
[ Info: Epoch 153/1000
[ Info: Epoch 154/1000
[ Info: Epoch 155/1000
[ Info: Epoch 156/1000
[ Info: Epoch 157/1000
[ Info: Epoch 158/1000
[ Info: Epoch 159/1000
[ Info: Epoch 160/1000
[ Info: Epoch 161/1000
[ Info: Epoch 162/1000
[ Info: Epoch 163/1000
[ Info: Epoch 164/1000
[ Info: Epoch 165/1000
[ Info: Epoch 166/1000
[ Info: Epoch 167/1000
[ Info: Epoch 168/1000
[ Info: Epoch 169/1000
[ Info: Epoch 170/1000
[ Info: Epoch 171/1000
[ Info: Epoch 172/1000
[ Info: Epoch 173/1000
[ Info: Epoch 174/1000
[ Info: Epoch 175/1000
[ Info: Epoch 176/1000
[ Info: Epoch 177/1000
[ Info: Epoch 178/1000
[ Info: Epoch 179/1000
[ Info: Epoch 180/1000
[ Info: Epoch 181/1000
[ Info: Epoch 182/1000
[ Info: Epoch 183/1000
[ Info: Epoch 184/1000
[ Info: Epoch 185/1000
[ Info: Epoch 186/1000
[ Info: Epoch 187/1000
[ Info: Epoch 188/1000
[ Info: Epoch 189/1000
[ Info: Epoch 190/1000
[ Info: Epoch 191/1000
[ Info: Epoch 192/1000
[ Info: Epoch 193/1000
[ Info: Epoch 194/1000
[ Info: Epoch 195/1000
[ Info: Epoch 196/1000
[ Info: Epoch 197/1000
[ Info: Epoch 198/1000
[ Info: Epoch 199/1000
[ Info: Epoch 200/1000
[ Info: Epoch 201/1000
[ Info: Epoch 202/1000
[ Info: Epoch 203/1000
[ Info: Epoch 204/1000
[ Info: Epoch 205/1000
[ Info: Epoch 206/1000
[ Info: Epoch 207/1000
[ Info: Epoch 208/1000
[ Info: Epoch 209/1000
[ Info: Epoch 210/1000
[ Info: Epoch 211/1000
[ Info: Epoch 212/1000
[ Info: Epoch 213/1000
[ Info: Epoch 214/1000
[ Info: Epoch 215/1000
[ Info: Epoch 216/1000
[ Info: Epoch 217/1000
[ Info: Epoch 218/1000
[ Info: Epoch 219/1000
[ Info: Epoch 220/1000
[ Info: Epoch 221/1000
[ Info: Epoch 222/1000
[ Info: Epoch 223/1000
[ Info: Epoch 224/1000
[ Info: Epoch 225/1000
[ Info: Epoch 226/1000
[ Info: Epoch 227/1000
[ Info: Epoch 228/1000
[ Info: Epoch 229/1000
[ Info: Epoch 230/1000
[ Info: Epoch 231/1000
[ Info: Epoch 232/1000
[ Info: Epoch 233/1000
[ Info: Epoch 234/1000
[ Info: Epoch 235/1000
[ Info: Epoch 236/1000
[ Info: Epoch 237/1000
[ Info: Epoch 238/1000
[ Info: Epoch 239/1000
[ Info: Epoch 240/1000
[ Info: Epoch 241/1000
[ Info: Epoch 242/1000
[ Info: Epoch 243/1000
[ Info: Epoch 244/1000
[ Info: Epoch 245/1000
[ Info: Epoch 246/1000
[ Info: Epoch 247/1000
[ Info: Epoch 248/1000
[ Info: Epoch 249/1000
[ Info: Epoch 250/1000
[ Info: Epoch 251/1000
[ Info: Epoch 252/1000
[ Info: Epoch 253/1000
[ Info: Epoch 254/1000
[ Info: Epoch 255/1000
[ Info: Epoch 256/1000
[ Info: Epoch 257/1000
[ Info: Epoch 258/1000
[ Info: Epoch 259/1000
[ Info: Epoch 260/1000
[ Info: Epoch 261/1000
[ Info: Epoch 262/1000
[ Info: Epoch 263/1000
[ Info: Epoch 264/1000
[ Info: Epoch 265/1000
[ Info: Epoch 266/1000
[ Info: Epoch 267/1000
[ Info: Epoch 268/1000
[ Info: Epoch 269/1000
[ Info: Epoch 270/1000
[ Info: Epoch 271/1000
[ Info: Epoch 272/1000
[ Info: Epoch 273/1000
[ Info: Epoch 274/1000
[ Info: Epoch 275/1000
[ Info: Epoch 276/1000
[ Info: Epoch 277/1000
[ Info: Epoch 278/1000
[ Info: Epoch 279/1000
[ Info: Epoch 280/1000
[ Info: Epoch 281/1000
[ Info: Epoch 282/1000
[ Info: Epoch 283/1000
[ Info: Epoch 284/1000
[ Info: Epoch 285/1000
[ Info: Epoch 286/1000
[ Info: Epoch 287/1000
[ Info: Epoch 288/1000
[ Info: Epoch 289/1000
[ Info: Epoch 290/1000
[ Info: Epoch 291/1000
[ Info: Epoch 292/1000
[ Info: Epoch 293/1000
[ Info: Epoch 294/1000
[ Info: Epoch 295/1000
[ Info: Epoch 296/1000
[ Info: Epoch 297/1000
[ Info: Epoch 298/1000
[ Info: Epoch 299/1000
[ Info: Epoch 300/1000
[ Info: Epoch 301/1000
[ Info: Epoch 302/1000
[ Info: Epoch 303/1000
[ Info: Epoch 304/1000
[ Info: Epoch 305/1000
[ Info: Epoch 306/1000
[ Info: Epoch 307/1000
[ Info: Epoch 308/1000
[ Info: Epoch 309/1000
[ Info: Epoch 310/1000
[ Info: Epoch 311/1000
[ Info: Epoch 312/1000
[ Info: Epoch 313/1000
[ Info: Epoch 314/1000
[ Info: Epoch 315/1000
[ Info: Epoch 316/1000
[ Info: Epoch 317/1000
[ Info: Epoch 318/1000
[ Info: Epoch 319/1000
[ Info: Epoch 320/1000
[ Info: Epoch 321/1000
[ Info: Epoch 322/1000
[ Info: Epoch 323/1000
[ Info: Epoch 324/1000
[ Info: Epoch 325/1000
[ Info: Epoch 326/1000
[ Info: Epoch 327/1000
[ Info: Epoch 328/1000
[ Info: Epoch 329/1000
[ Info: Epoch 330/1000
[ Info: Epoch 331/1000
[ Info: Epoch 332/1000
[ Info: Epoch 333/1000
[ Info: Epoch 334/1000
[ Info: Epoch 335/1000
[ Info: Epoch 336/1000
[ Info: Epoch 337/1000
[ Info: Epoch 338/1000
[ Info: Epoch 339/1000
[ Info: Epoch 340/1000
[ Info: Epoch 341/1000
[ Info: Epoch 342/1000
[ Info: Epoch 343/1000
[ Info: Epoch 344/1000
[ Info: Epoch 345/1000
[ Info: Epoch 346/1000
[ Info: Epoch 347/1000
[ Info: Epoch 348/1000
[ Info: Epoch 349/1000
[ Info: Epoch 350/1000
[ Info: Epoch 351/1000
[ Info: Epoch 352/1000
[ Info: Epoch 353/1000
[ Info: Epoch 354/1000
[ Info: Epoch 355/1000
[ Info: Epoch 356/1000
[ Info: Epoch 357/1000
[ Info: Epoch 358/1000
[ Info: Epoch 359/1000
[ Info: Epoch 360/1000
[ Info: Epoch 361/1000
[ Info: Epoch 362/1000
[ Info: Epoch 363/1000
[ Info: Epoch 364/1000
[ Info: Epoch 365/1000
[ Info: Epoch 366/1000
[ Info: Epoch 367/1000
[ Info: Epoch 368/1000
[ Info: Epoch 369/1000
[ Info: Epoch 370/1000
[ Info: Epoch 371/1000
[ Info: Epoch 372/1000
[ Info: Epoch 373/1000
[ Info: Epoch 374/1000
[ Info: Epoch 375/1000
[ Info: Epoch 376/1000
[ Info: Epoch 377/1000
[ Info: Epoch 378/1000
[ Info: Epoch 379/1000
[ Info: Epoch 380/1000
[ Info: Epoch 381/1000
[ Info: Epoch 382/1000
[ Info: Epoch 383/1000
[ Info: Epoch 384/1000
[ Info: Epoch 385/1000
[ Info: Epoch 386/1000
[ Info: Epoch 387/1000
[ Info: Epoch 388/1000
[ Info: Epoch 389/1000
[ Info: Epoch 390/1000
[ Info: Epoch 391/1000
[ Info: Epoch 392/1000
[ Info: Epoch 393/1000
[ Info: Epoch 394/1000
[ Info: Epoch 395/1000
[ Info: Epoch 396/1000
[ Info: Epoch 397/1000
[ Info: Epoch 398/1000
[ Info: Epoch 399/1000
[ Info: Epoch 400/1000
[ Info: Epoch 401/1000
[ Info: Epoch 402/1000
[ Info: Epoch 403/1000
[ Info: Epoch 404/1000
[ Info: Epoch 405/1000
[ Info: Epoch 406/1000
[ Info: Epoch 407/1000
[ Info: Epoch 408/1000
[ Info: Epoch 409/1000
[ Info: Epoch 410/1000
[ Info: Epoch 411/1000
[ Info: Epoch 412/1000
[ Info: Epoch 413/1000
[ Info: Epoch 414/1000
[ Info: Epoch 415/1000
[ Info: Epoch 416/1000
[ Info: Epoch 417/1000
[ Info: Epoch 418/1000
[ Info: Epoch 419/1000
[ Info: Epoch 420/1000
[ Info: Epoch 421/1000
[ Info: Epoch 422/1000
[ Info: Epoch 423/1000
[ Info: Epoch 424/1000
[ Info: Epoch 425/1000
[ Info: Epoch 426/1000
[ Info: Epoch 427/1000
[ Info: Epoch 428/1000
[ Info: Epoch 429/1000
[ Info: Epoch 430/1000
[ Info: Epoch 431/1000
[ Info: Epoch 432/1000
[ Info: Epoch 433/1000
[ Info: Epoch 434/1000
[ Info: Epoch 435/1000
[ Info: Epoch 436/1000
[ Info: Epoch 437/1000
[ Info: Epoch 438/1000
[ Info: Epoch 439/1000
[ Info: Epoch 440/1000
[ Info: Epoch 441/1000
[ Info: Epoch 442/1000
[ Info: Epoch 443/1000
[ Info: Epoch 444/1000
[ Info: Epoch 445/1000
[ Info: Epoch 446/1000
[ Info: Epoch 447/1000
[ Info: Epoch 448/1000
[ Info: Epoch 449/1000
[ Info: Epoch 450/1000
[ Info: Epoch 451/1000
[ Info: Epoch 452/1000
[ Info: Epoch 453/1000
[ Info: Epoch 454/1000
[ Info: Epoch 455/1000
[ Info: Epoch 456/1000
[ Info: Epoch 457/1000
[ Info: Epoch 458/1000
[ Info: Epoch 459/1000
[ Info: Epoch 460/1000
[ Info: Epoch 461/1000
[ Info: Epoch 462/1000
[ Info: Epoch 463/1000
[ Info: Epoch 464/1000
[ Info: Epoch 465/1000
[ Info: Epoch 466/1000
[ Info: Epoch 467/1000
[ Info: Epoch 468/1000
[ Info: Epoch 469/1000
[ Info: Epoch 470/1000
[ Info: Epoch 471/1000
[ Info: Epoch 472/1000
[ Info: Epoch 473/1000
[ Info: Epoch 474/1000
[ Info: Epoch 475/1000
[ Info: Epoch 476/1000
[ Info: Epoch 477/1000
[ Info: Epoch 478/1000
[ Info: Epoch 479/1000
[ Info: Epoch 480/1000
[ Info: Epoch 481/1000
[ Info: Epoch 482/1000
[ Info: Epoch 483/1000
[ Info: Epoch 484/1000
[ Info: Epoch 485/1000
[ Info: Epoch 486/1000
[ Info: Epoch 487/1000
[ Info: Epoch 488/1000
[ Info: Epoch 489/1000
[ Info: Epoch 490/1000
[ Info: Epoch 491/1000
[ Info: Epoch 492/1000
[ Info: Epoch 493/1000
[ Info: Epoch 494/1000
[ Info: Epoch 495/1000
[ Info: Epoch 496/1000
[ Info: Epoch 497/1000
[ Info: Epoch 498/1000
[ Info: Epoch 499/1000
[ Info: Epoch 500/1000
[ Info: Epoch 501/1000
[ Info: Epoch 502/1000
[ Info: Epoch 503/1000
[ Info: Epoch 504/1000
[ Info: Epoch 505/1000
[ Info: Epoch 506/1000
[ Info: Epoch 507/1000
[ Info: Epoch 508/1000
[ Info: Epoch 509/1000
[ Info: Epoch 510/1000
[ Info: Epoch 511/1000
[ Info: Epoch 512/1000
[ Info: Epoch 513/1000
[ Info: Epoch 514/1000
[ Info: Epoch 515/1000
[ Info: Epoch 516/1000
[ Info: Epoch 517/1000
[ Info: Epoch 518/1000
[ Info: Epoch 519/1000
[ Info: Epoch 520/1000
[ Info: Epoch 521/1000
[ Info: Epoch 522/1000
[ Info: Epoch 523/1000
[ Info: Epoch 524/1000
[ Info: Epoch 525/1000
[ Info: Epoch 526/1000
[ Info: Epoch 527/1000
[ Info: Epoch 528/1000
[ Info: Epoch 529/1000
[ Info: Epoch 530/1000
[ Info: Epoch 531/1000
[ Info: Epoch 532/1000
[ Info: Epoch 533/1000
[ Info: Epoch 534/1000
[ Info: Epoch 535/1000
[ Info: Epoch 536/1000
[ Info: Epoch 537/1000
[ Info: Epoch 538/1000
[ Info: Epoch 539/1000
[ Info: Epoch 540/1000
[ Info: Epoch 541/1000
[ Info: Epoch 542/1000
[ Info: Epoch 543/1000
[ Info: Epoch 544/1000
[ Info: Epoch 545/1000
[ Info: Epoch 546/1000
[ Info: Epoch 547/1000
[ Info: Epoch 548/1000
[ Info: Epoch 549/1000
[ Info: Epoch 550/1000
[ Info: Epoch 551/1000
[ Info: Epoch 552/1000
[ Info: Epoch 553/1000
[ Info: Epoch 554/1000
[ Info: Epoch 555/1000
[ Info: Epoch 556/1000
[ Info: Epoch 557/1000
[ Info: Epoch 558/1000
[ Info: Epoch 559/1000
[ Info: Epoch 560/1000
[ Info: Epoch 561/1000
[ Info: Epoch 562/1000
[ Info: Epoch 563/1000
[ Info: Epoch 564/1000
[ Info: Epoch 565/1000
[ Info: Epoch 566/1000
[ Info: Epoch 567/1000
[ Info: Epoch 568/1000
[ Info: Epoch 569/1000
[ Info: Epoch 570/1000
[ Info: Epoch 571/1000
[ Info: Epoch 572/1000
[ Info: Epoch 573/1000
[ Info: Epoch 574/1000
[ Info: Epoch 575/1000
[ Info: Epoch 576/1000
[ Info: Epoch 577/1000
[ Info: Epoch 578/1000
[ Info: Epoch 579/1000
[ Info: Epoch 580/1000
[ Info: Epoch 581/1000
[ Info: Epoch 582/1000
[ Info: Epoch 583/1000
[ Info: Epoch 584/1000
[ Info: Epoch 585/1000
[ Info: Epoch 586/1000
[ Info: Epoch 587/1000
[ Info: Epoch 588/1000
[ Info: Epoch 589/1000
[ Info: Epoch 590/1000
[ Info: Epoch 591/1000
[ Info: Epoch 592/1000
[ Info: Epoch 593/1000
[ Info: Epoch 594/1000
[ Info: Epoch 595/1000
[ Info: Epoch 596/1000
[ Info: Epoch 597/1000
[ Info: Epoch 598/1000
[ Info: Epoch 599/1000
[ Info: Epoch 600/1000
[ Info: Epoch 601/1000
[ Info: Epoch 602/1000
[ Info: Epoch 603/1000
[ Info: Epoch 604/1000
[ Info: Epoch 605/1000
[ Info: Epoch 606/1000
[ Info: Epoch 607/1000
[ Info: Epoch 608/1000
[ Info: Epoch 609/1000
[ Info: Epoch 610/1000
[ Info: Epoch 611/1000
[ Info: Epoch 612/1000
[ Info: Epoch 613/1000
[ Info: Epoch 614/1000
[ Info: Epoch 615/1000
[ Info: Epoch 616/1000
[ Info: Epoch 617/1000
[ Info: Epoch 618/1000
[ Info: Epoch 619/1000
[ Info: Epoch 620/1000
[ Info: Epoch 621/1000
[ Info: Epoch 622/1000
[ Info: Epoch 623/1000
[ Info: Epoch 624/1000
[ Info: Epoch 625/1000
[ Info: Epoch 626/1000
[ Info: Epoch 627/1000
[ Info: Epoch 628/1000
[ Info: Epoch 629/1000
[ Info: Epoch 630/1000
[ Info: Epoch 631/1000
[ Info: Epoch 632/1000
[ Info: Epoch 633/1000
[ Info: Epoch 634/1000
[ Info: Epoch 635/1000
[ Info: Epoch 636/1000
[ Info: Epoch 637/1000
[ Info: Epoch 638/1000
[ Info: Epoch 639/1000
[ Info: Epoch 640/1000
[ Info: Epoch 641/1000
[ Info: Epoch 642/1000
[ Info: Epoch 643/1000
[ Info: Epoch 644/1000
[ Info: Epoch 645/1000
[ Info: Epoch 646/1000
[ Info: Epoch 647/1000
[ Info: Epoch 648/1000
[ Info: Epoch 649/1000
[ Info: Epoch 650/1000
[ Info: Epoch 651/1000
[ Info: Epoch 652/1000
[ Info: Epoch 653/1000
[ Info: Epoch 654/1000
[ Info: Epoch 655/1000
[ Info: Epoch 656/1000
[ Info: Epoch 657/1000
[ Info: Epoch 658/1000
[ Info: Epoch 659/1000
[ Info: Epoch 660/1000
[ Info: Epoch 661/1000
[ Info: Epoch 662/1000
[ Info: Epoch 663/1000
[ Info: Epoch 664/1000
[ Info: Epoch 665/1000
[ Info: Epoch 666/1000
[ Info: Epoch 667/1000
[ Info: Epoch 668/1000
[ Info: Epoch 669/1000
[ Info: Epoch 670/1000
[ Info: Epoch 671/1000
[ Info: Epoch 672/1000
[ Info: Epoch 673/1000
[ Info: Epoch 674/1000
[ Info: Epoch 675/1000
[ Info: Epoch 676/1000
[ Info: Epoch 677/1000
[ Info: Epoch 678/1000
[ Info: Epoch 679/1000
[ Info: Epoch 680/1000
[ Info: Epoch 681/1000
[ Info: Epoch 682/1000
[ Info: Epoch 683/1000
[ Info: Epoch 684/1000
[ Info: Epoch 685/1000
[ Info: Epoch 686/1000
[ Info: Epoch 687/1000
[ Info: Epoch 688/1000
[ Info: Epoch 689/1000
[ Info: Epoch 690/1000
[ Info: Epoch 691/1000
[ Info: Epoch 692/1000
[ Info: Epoch 693/1000
[ Info: Epoch 694/1000
[ Info: Epoch 695/1000
[ Info: Epoch 696/1000
[ Info: Epoch 697/1000
[ Info: Epoch 698/1000
[ Info: Epoch 699/1000
[ Info: Epoch 700/1000
[ Info: Epoch 701/1000
[ Info: Epoch 702/1000
[ Info: Epoch 703/1000
[ Info: Epoch 704/1000
[ Info: Epoch 705/1000
[ Info: Epoch 706/1000
[ Info: Epoch 707/1000
[ Info: Epoch 708/1000
[ Info: Epoch 709/1000
[ Info: Epoch 710/1000
[ Info: Epoch 711/1000
[ Info: Epoch 712/1000
[ Info: Epoch 713/1000
[ Info: Epoch 714/1000
[ Info: Epoch 715/1000
[ Info: Epoch 716/1000
[ Info: Epoch 717/1000
[ Info: Epoch 718/1000
[ Info: Epoch 719/1000
[ Info: Epoch 720/1000
[ Info: Epoch 721/1000
[ Info: Epoch 722/1000
[ Info: Epoch 723/1000
[ Info: Epoch 724/1000
[ Info: Epoch 725/1000
[ Info: Epoch 726/1000
[ Info: Epoch 727/1000
[ Info: Epoch 728/1000
[ Info: Epoch 729/1000
[ Info: Epoch 730/1000
[ Info: Epoch 731/1000
[ Info: Epoch 732/1000
[ Info: Epoch 733/1000
[ Info: Epoch 734/1000
[ Info: Epoch 735/1000
[ Info: Epoch 736/1000
[ Info: Epoch 737/1000
[ Info: Epoch 738/1000
[ Info: Epoch 739/1000
[ Info: Epoch 740/1000
[ Info: Epoch 741/1000
[ Info: Epoch 742/1000
[ Info: Epoch 743/1000
[ Info: Epoch 744/1000
[ Info: Epoch 745/1000
[ Info: Epoch 746/1000
[ Info: Epoch 747/1000
[ Info: Epoch 748/1000
[ Info: Epoch 749/1000
[ Info: Epoch 750/1000
[ Info: Epoch 751/1000
[ Info: Epoch 752/1000
[ Info: Epoch 753/1000
[ Info: Epoch 754/1000
[ Info: Epoch 755/1000
[ Info: Epoch 756/1000
[ Info: Epoch 757/1000
[ Info: Epoch 758/1000
[ Info: Epoch 759/1000
[ Info: Epoch 760/1000
[ Info: Epoch 761/1000
[ Info: Epoch 762/1000
[ Info: Epoch 763/1000
[ Info: Epoch 764/1000
[ Info: Epoch 765/1000
[ Info: Epoch 766/1000
[ Info: Epoch 767/1000
[ Info: Epoch 768/1000
[ Info: Epoch 769/1000
[ Info: Epoch 770/1000
[ Info: Epoch 771/1000
[ Info: Epoch 772/1000
[ Info: Epoch 773/1000
[ Info: Epoch 774/1000
[ Info: Epoch 775/1000
[ Info: Epoch 776/1000
[ Info: Epoch 777/1000
[ Info: Epoch 778/1000
[ Info: Epoch 779/1000
[ Info: Epoch 780/1000
[ Info: Epoch 781/1000
[ Info: Epoch 782/1000
[ Info: Epoch 783/1000
[ Info: Epoch 784/1000
[ Info: Epoch 785/1000
[ Info: Epoch 786/1000
[ Info: Epoch 787/1000
[ Info: Epoch 788/1000
[ Info: Epoch 789/1000
[ Info: Epoch 790/1000
[ Info: Epoch 791/1000
[ Info: Epoch 792/1000
[ Info: Epoch 793/1000
[ Info: Epoch 794/1000
[ Info: Epoch 795/1000
[ Info: Epoch 796/1000
[ Info: Epoch 797/1000
[ Info: Epoch 798/1000
[ Info: Epoch 799/1000
[ Info: Epoch 800/1000
[ Info: Epoch 801/1000
[ Info: Epoch 802/1000
[ Info: Epoch 803/1000
[ Info: Epoch 804/1000
[ Info: Epoch 805/1000
[ Info: Epoch 806/1000
[ Info: Epoch 807/1000
[ Info: Epoch 808/1000
[ Info: Epoch 809/1000
[ Info: Epoch 810/1000
[ Info: Epoch 811/1000
[ Info: Epoch 812/1000
[ Info: Epoch 813/1000
[ Info: Epoch 814/1000
[ Info: Epoch 815/1000
[ Info: Epoch 816/1000
[ Info: Epoch 817/1000
[ Info: Epoch 818/1000
[ Info: Epoch 819/1000
[ Info: Epoch 820/1000
[ Info: Epoch 821/1000
[ Info: Epoch 822/1000
[ Info: Epoch 823/1000
[ Info: Epoch 824/1000
[ Info: Epoch 825/1000
[ Info: Epoch 826/1000
[ Info: Epoch 827/1000
[ Info: Epoch 828/1000
[ Info: Epoch 829/1000
[ Info: Epoch 830/1000
[ Info: Epoch 831/1000
[ Info: Epoch 832/1000
[ Info: Epoch 833/1000
[ Info: Epoch 834/1000
[ Info: Epoch 835/1000
[ Info: Epoch 836/1000
[ Info: Epoch 837/1000
[ Info: Epoch 838/1000
[ Info: Epoch 839/1000
[ Info: Epoch 840/1000
[ Info: Epoch 841/1000
[ Info: Epoch 842/1000
[ Info: Epoch 843/1000
[ Info: Epoch 844/1000
[ Info: Epoch 845/1000
[ Info: Epoch 846/1000
[ Info: Epoch 847/1000
[ Info: Epoch 848/1000
[ Info: Epoch 849/1000
[ Info: Epoch 850/1000
[ Info: Epoch 851/1000
[ Info: Epoch 852/1000
[ Info: Epoch 853/1000
[ Info: Epoch 854/1000
[ Info: Epoch 855/1000
[ Info: Epoch 856/1000
[ Info: Epoch 857/1000
[ Info: Epoch 858/1000
[ Info: Epoch 859/1000
[ Info: Epoch 860/1000
[ Info: Epoch 861/1000
[ Info: Epoch 862/1000
[ Info: Epoch 863/1000
[ Info: Epoch 864/1000
[ Info: Epoch 865/1000
[ Info: Epoch 866/1000
[ Info: Epoch 867/1000
[ Info: Epoch 868/1000
[ Info: Epoch 869/1000
[ Info: Epoch 870/1000
[ Info: Epoch 871/1000
[ Info: Epoch 872/1000
[ Info: Epoch 873/1000
[ Info: Epoch 874/1000
[ Info: Epoch 875/1000
[ Info: Epoch 876/1000
[ Info: Epoch 877/1000
[ Info: Epoch 878/1000
[ Info: Epoch 879/1000
[ Info: Epoch 880/1000
[ Info: Epoch 881/1000
[ Info: Epoch 882/1000
[ Info: Epoch 883/1000
[ Info: Epoch 884/1000
[ Info: Epoch 885/1000
[ Info: Epoch 886/1000
[ Info: Epoch 887/1000
[ Info: Epoch 888/1000
[ Info: Epoch 889/1000
[ Info: Epoch 890/1000
[ Info: Epoch 891/1000
[ Info: Epoch 892/1000
[ Info: Epoch 893/1000
[ Info: Epoch 894/1000
[ Info: Epoch 895/1000
[ Info: Epoch 896/1000
[ Info: Epoch 897/1000
[ Info: Epoch 898/1000
[ Info: Epoch 899/1000
[ Info: Epoch 900/1000
[ Info: Epoch 901/1000
[ Info: Epoch 902/1000
[ Info: Epoch 903/1000
[ Info: Epoch 904/1000
[ Info: Epoch 905/1000
[ Info: Epoch 906/1000
[ Info: Epoch 907/1000
[ Info: Epoch 908/1000
[ Info: Epoch 909/1000
[ Info: Epoch 910/1000
[ Info: Epoch 911/1000
[ Info: Epoch 912/1000
[ Info: Epoch 913/1000
[ Info: Epoch 914/1000
[ Info: Epoch 915/1000
[ Info: Epoch 916/1000
[ Info: Epoch 917/1000
[ Info: Epoch 918/1000
[ Info: Epoch 919/1000
[ Info: Epoch 920/1000
[ Info: Epoch 921/1000
[ Info: Epoch 922/1000
[ Info: Epoch 923/1000
[ Info: Epoch 924/1000
[ Info: Epoch 925/1000
[ Info: Epoch 926/1000
[ Info: Epoch 927/1000
[ Info: Epoch 928/1000
[ Info: Epoch 929/1000
[ Info: Epoch 930/1000
[ Info: Epoch 931/1000
[ Info: Epoch 932/1000
[ Info: Epoch 933/1000
[ Info: Epoch 934/1000
[ Info: Epoch 935/1000
[ Info: Epoch 936/1000
[ Info: Epoch 937/1000
[ Info: Epoch 938/1000
[ Info: Epoch 939/1000
[ Info: Epoch 940/1000
[ Info: Epoch 941/1000
[ Info: Epoch 942/1000
[ Info: Epoch 943/1000
[ Info: Epoch 944/1000
[ Info: Epoch 945/1000
[ Info: Epoch 946/1000
[ Info: Epoch 947/1000
[ Info: Epoch 948/1000
[ Info: Epoch 949/1000
[ Info: Epoch 950/1000
[ Info: Epoch 951/1000
[ Info: Epoch 952/1000
[ Info: Epoch 953/1000
[ Info: Epoch 954/1000
[ Info: Epoch 955/1000
[ Info: Epoch 956/1000
[ Info: Epoch 957/1000
[ Info: Epoch 958/1000
[ Info: Epoch 959/1000
[ Info: Epoch 960/1000
[ Info: Epoch 961/1000
[ Info: Epoch 962/1000
[ Info: Epoch 963/1000
[ Info: Epoch 964/1000
[ Info: Epoch 965/1000
[ Info: Epoch 966/1000
[ Info: Epoch 967/1000
[ Info: Epoch 968/1000
[ Info: Epoch 969/1000
[ Info: Epoch 970/1000
[ Info: Epoch 971/1000
[ Info: Epoch 972/1000
[ Info: Epoch 973/1000
[ Info: Epoch 974/1000
[ Info: Epoch 975/1000
[ Info: Epoch 976/1000
[ Info: Epoch 977/1000
[ Info: Epoch 978/1000
[ Info: Epoch 979/1000
[ Info: Epoch 980/1000
[ Info: Epoch 981/1000
[ Info: Epoch 982/1000
[ Info: Epoch 983/1000
[ Info: Epoch 984/1000
[ Info: Epoch 985/1000
[ Info: Epoch 986/1000
[ Info: Epoch 987/1000
[ Info: Epoch 988/1000
[ Info: Epoch 989/1000
[ Info: Epoch 990/1000
[ Info: Epoch 991/1000
[ Info: Epoch 992/1000
[ Info: Epoch 993/1000
[ Info: Epoch 994/1000
[ Info: Epoch 995/1000
[ Info: Epoch 996/1000
[ Info: Epoch 997/1000
[ Info: Epoch 998/1000
[ Info: Epoch 999/1000
[ Info: Epoch 1000/1000
[ Info: Model saved: data/Lux_models/Feb11-1156__E1000_HW256x256_C4to2_nc6_nd2_z16_C8_lr0p001_wd0p0009_bs16_NY_LL1/checkpoint.jld2
[ Info: Selected 2 snapshots with indices [3547, 1759] for reconstruction
[ Info: Saved reconstruction plot to data/Lux_models/Feb11-1156__E1000_HW256x256_C4to2_nc6_nd2_z16_C8_lr0p001_wd0p0009_bs16_NY_LL1/reconstruction.png
[ Info: Saved loss plot to data/Lux_models/Feb11-1156__E1000_HW256x256_C4to2_nc6_nd2_z16_C8_lr0p001_wd0p0009_bs16_NY_LL1/loss_evolution.png
