Precompiling Thesis...
 162253.4 ms  ✓ Thesis
  1 dependency successfully precompiled in 326 seconds. 713 already precompiled.
┌ Info: CUDA loaded successfully
│   device = CuDevice(0): NVIDIA A100 80GB PCIe
└   capability = v"8.0.0"
┌ Info: cuDNN loaded successfully
└   version = v"8.90.7"
[ Info: Starting HPC AE training job
[ Info:   SLURM_JOB_ID: 9516659
[ Info:   SLURM_NTASKS: 1
[ Info:   SLURM_CPUS_PER_TASK: 8
[ Info:   Hostname: gpu011
ERROR: LoadError: UndefVarError: `full_data_path` not defined in `Main`
Suggestion: check for spelling errors or missing imports.
Stacktrace:
 [1] main()
   @ Main ~/Thesis/project/scripts/hpc_train.jl:29
 [2] top-level scope
   @ ~/Thesis/project/scripts/hpc_train.jl:47
in expression starting at /home/mfbclaeys/Thesis/project/scripts/hpc_train.jl:47
srun: error: gpu011: task 0: Exited with exit code 1
srun: launch/slurm: _step_signal: Terminating StepId=9516659.0
