Precompiling Thesis...
  48507.4 ms  ✓ Thesis
  1 dependency successfully precompiled in 170 seconds. 713 already precompiled.
[ Info: Starting HPC NODE training job
[ Info:   SLURM_JOB_ID: 9557680
[ Info:   SLURM_NTASKS: 1
[ Info:   SLURM_CPUS_PER_TASK: 8
[ Info:   Hostname: gpu017
┌ Info: Instantiated latent NODE data
│   size(z) = (16, 300)
│   size(t) = (300,)
│   tspan = (0.0f0, 16.543304f0)
└   size(z0) = (16,)
┌ Info: NODE initialized
│   latent_dim = 16
│   dense_mult = 2
│   tspan = (0.0f0, 16.543304f0)
│   solver = OrdinaryDiffEqTsit5.Tsit5{typeof(OrdinaryDiffEqCore.trivial_limiter!), typeof(OrdinaryDiffEqCore.trivial_limiter!), Static.False}
│   reltol = 0.001
│   abstol = 1.0e-5
│   t = 300-element Vector{Float32}: …
└   activation = tanhshrink (generic function with 6 methods)
[ Info: NODE weights initialized
[ Info: NODE training on device: CPUDevice{Missing}()
┌ Info: Starting optimization
│   maxiters = 250
│   optimiser = Optimisers.Adam
└   η = 0.01
┌ Info: Optimization finished
│   total_time = 106.7
└   final_loss = 258.660736
[ Info: Saving model and plots
[ Info:   Saved NODE to data/NODE_models/Apr08-1230/node_params.jld2
[ Info:   Saved trajectory plot to data/NODE_models/Apr08-1230/trajectories.png
GKS: cannot open display - headless operation mode active
┌ Warning: plotting turned off in callback, no gif saved
└ @ Thesis ~/Thesis/project/src/NODE/NODE_train.jl:125
