Precompiling Thesis...
  44397.2 ms  ✓ Thesis
  1 dependency successfully precompiled in 184 seconds. 713 already precompiled.
┌ Info: CUDA loaded successfully
│   device = CuDevice(0): NVIDIA A100 80GB PCIe
└   capability = v"8.0.0"
┌ Info: cuDNN loaded successfully
└   version = v"8.90.7"
[ Info: Encoding latent vectors from AE in memory (no disk I/O)
[ Info: removed ghost cells; input data size (u): (256, 256, 2, 4402)
┌ Info: Generated latent vectors
│   size(z) = (16, 300)
│   n_samples = 300
└   time_range = (0.0f0, 16.543304f0)
┌ Info: NODE initialized
│   latent_dim = 16
│   dense_mult = 3
│   tspan = (0.0f0, 16.543304f0)
│   solver = OrdinaryDiffEqTsit5.Tsit5{typeof(OrdinaryDiffEqCore.trivial_limiter!), typeof(OrdinaryDiffEqCore.trivial_limiter!), Static.False}
│   reltol = 0.0001
│   abstol = 1.0e-6
│   t = 300-element Vector{Float32}: …
└   activation = tanhshrink (generic function with 6 methods)
[ Info: NODE weights initialized
[ Info: NODE training on device: CPUDevice{Missing}()
┌ Info: Starting optimization
│   maxiters = 250
│   optimiser = Optimisers.AdamW
└   η = 0.01
GKS: cannot open display - headless operation mode active
┌ Info: Optimization finished
│   total_time = 122.1
└   final_loss = 340.555542
┌ Info: Eval loss (comparable across runs)
│   final_eval.mae = 0.06319793f0
│   final_eval.rmse = 0.090918355f0
└   final_eval.rel_l2 = 0.32902282f0
[ Info: Saving model and plots
[ Info:   Saved NODE to data/NODE_models/Apr11-0949/node_params.jld2
[ Info:   Saved trajectory plot to data/NODE_models/Apr11-0949/trajectories.png
[ Info:   Saved training gif to data/NODE_models/Apr11-0949/training_trajectories.gif
┌ Info: Initial NODE trained
└   node_path = "data/NODE_models/Apr11-0949/node_params.jld2"
┌ Info: Starting sweep
└   total_configs = 432
┌ Info: Run 1/432
│   η = 0.001
│   group_size = 10
│   continuity_term = 100
│   downsample = 300
└   maxiters = 50
[ Info: Encoding latent vectors from AE in memory (no disk I/O)
[ Info: removed ghost cells; input data size (u): (256, 256, 2, 4402)
┌ Info: Generated latent vectors
│   size(z) = (16, 300)
│   n_samples = 300
└   time_range = (0.0f0, 39.8715f0)
[ Info: Retraining NODE from checkpoint: data/NODE_models/Apr11-0949/node_params.jld2
[ Info: NODE sucessfully loaded from data/NODE_models/Apr11-0949/node_params.jld2
┌ Info: NODE reloaded
│   latent_dim = 16
│   dense_mult = 3
│   tspan = (0.0f0, 39.8715f0)
│   solver = OrdinaryDiffEqTsit5.Tsit5{typeof(OrdinaryDiffEqCore.trivial_limiter!), typeof(OrdinaryDiffEqCore.trivial_limiter!), Static.False}
│   reltol = 0.0001
│   abstol = 1.0e-6
│   t = 300-element Vector{Float32}: …
└   activation = tanhshrink (generic function with 6 methods)
┌ Info: Baseline eval before retraining
│   baseline_eval.mae = 0.29386503f0
│   baseline_eval.rmse = 0.38230297f0
└   baseline_eval.rel_l2 = 1.2660621f0
[ Info: NODE training on device: CPUDevice{Missing}()
┌ Info: Starting optimization
│   maxiters = 50
│   optimiser = Optimisers.AdamW
└   η = 0.001
┌ Info: Optimization finished
│   total_time = 25.3
└   final_loss = 4088.455078
┌ Info: Eval loss (comparable across runs)
│   final_eval.mae = 0.34175345f0
│   final_eval.rmse = 0.507043f0
└   final_eval.rel_l2 = 1.6791602f0
[ Info: Saving model and plots
[ Info:   Saved NODE to data/NODE_models/Apr11-0950/node_params.jld2
[ Info:   Saved trajectory plot to data/NODE_models/Apr11-0950/trajectories.png
[ Info:   Saved training gif to data/NODE_models/Apr11-0950/training_trajectories.gif
┌ Warning: Run 1 failed
│   η = 0.001
│   gs = 10
│   ct = 100
│   ds = 300
│   mi = 50
│   exception =
│    UndefVarError: `get_latent_vectors` not defined in `Main`
│    Suggestion: check for spelling errors or missing imports.
│    Stacktrace:
│     [1] main()
│       @ Main ~/Thesis/project/scripts/NODE/sweep_node_retrain.jl:73
│     [2] top-level scope
│       @ ~/Thesis/project/scripts/NODE/sweep_node_retrain.jl:131
│     [3] include(mod::Module, _path::String)
│       @ Base ./Base.jl:562
│     [4] exec_options(opts::Base.JLOptions)
│       @ Base ./client.jl:323
│     [5] _start()
│       @ Base ./client.jl:531
└ @ Main ~/Thesis/project/scripts/NODE/sweep_node_retrain.jl:88
┌ Info: Run 2/432
│   η = 0.001
│   group_size = 10
│   continuity_term = 100
│   downsample = 300
└   maxiters = 100
[ Info: Encoding latent vectors from AE in memory (no disk I/O)
[ Info: removed ghost cells; input data size (u): (256, 256, 2, 4402)
┌ Info: Generated latent vectors
│   size(z) = (16, 300)
│   n_samples = 300
└   time_range = (0.0f0, 39.8715f0)
[ Info: Retraining NODE from checkpoint: data/NODE_models/Apr11-0949/node_params.jld2
[ Info: NODE sucessfully loaded from data/NODE_models/Apr11-0949/node_params.jld2
┌ Info: NODE reloaded
│   latent_dim = 16
│   dense_mult = 3
│   tspan = (0.0f0, 39.8715f0)
│   solver = OrdinaryDiffEqTsit5.Tsit5{typeof(OrdinaryDiffEqCore.trivial_limiter!), typeof(OrdinaryDiffEqCore.trivial_limiter!), Static.False}
│   reltol = 0.0001
│   abstol = 1.0e-6
│   t = 300-element Vector{Float32}: …
└   activation = tanhshrink (generic function with 6 methods)
┌ Info: Baseline eval before retraining
│   baseline_eval.mae = 0.29386503f0
│   baseline_eval.rmse = 0.38230297f0
└   baseline_eval.rel_l2 = 1.2660621f0
[ Info: NODE training on device: CPUDevice{Missing}()
┌ Info: Starting optimization
│   maxiters = 100
│   optimiser = Optimisers.AdamW
└   η = 0.001
┌ Info: Optimization finished
│   total_time = 49.1
└   final_loss = 3376.784668
┌ Info: Eval loss (comparable across runs)
│   final_eval.mae = 0.2580175f0
│   final_eval.rmse = 0.35930607f0
└   final_eval.rel_l2 = 1.189904f0
[ Info: Saving model and plots
[ Info:   Saved NODE to data/NODE_models/Apr11-0951/node_params.jld2
[ Info:   Saved trajectory plot to data/NODE_models/Apr11-0951/trajectories.png
[ Info:   Saved training gif to data/NODE_models/Apr11-0951/training_trajectories.gif
┌ Warning: Run 2 failed
│   η = 0.001
│   gs = 10
│   ct = 100
│   ds = 300
│   mi = 100
│   exception =
│    UndefVarError: `get_latent_vectors` not defined in `Main`
│    Suggestion: check for spelling errors or missing imports.
│    Stacktrace:
│     [1] main()
│       @ Main ~/Thesis/project/scripts/NODE/sweep_node_retrain.jl:73
│     [2] top-level scope
│       @ ~/Thesis/project/scripts/NODE/sweep_node_retrain.jl:131
│     [3] include(mod::Module, _path::String)
│       @ Base ./Base.jl:562
│     [4] exec_options(opts::Base.JLOptions)
│       @ Base ./client.jl:323
│     [5] _start()
│       @ Base ./client.jl:531
└ @ Main ~/Thesis/project/scripts/NODE/sweep_node_retrain.jl:88
┌ Info: Run 3/432
│   η = 0.001
│   group_size = 10
│   continuity_term = 100
│   downsample = 300
└   maxiters = 150
[ Info: Encoding latent vectors from AE in memory (no disk I/O)
[ Info: removed ghost cells; input data size (u): (256, 256, 2, 4402)
┌ Info: Generated latent vectors
│   size(z) = (16, 300)
│   n_samples = 300
└   time_range = (0.0f0, 39.8715f0)
[ Info: Retraining NODE from checkpoint: data/NODE_models/Apr11-0949/node_params.jld2
[ Info: NODE sucessfully loaded from data/NODE_models/Apr11-0949/node_params.jld2
┌ Info: NODE reloaded
│   latent_dim = 16
│   dense_mult = 3
│   tspan = (0.0f0, 39.8715f0)
│   solver = OrdinaryDiffEqTsit5.Tsit5{typeof(OrdinaryDiffEqCore.trivial_limiter!), typeof(OrdinaryDiffEqCore.trivial_limiter!), Static.False}
│   reltol = 0.0001
│   abstol = 1.0e-6
│   t = 300-element Vector{Float32}: …
└   activation = tanhshrink (generic function with 6 methods)
┌ Info: Baseline eval before retraining
│   baseline_eval.mae = 0.29386503f0
│   baseline_eval.rmse = 0.38230297f0
└   baseline_eval.rel_l2 = 1.2660621f0
[ Info: NODE training on device: CPUDevice{Missing}()
┌ Info: Starting optimization
│   maxiters = 150
│   optimiser = Optimisers.AdamW
└   η = 0.001
┌ Info: Optimization finished
│   total_time = 72.5
└   final_loss = 2926.725098
┌ Info: Eval loss (comparable across runs)
│   final_eval.mae = 68.83105f0
│   final_eval.rmse = 296.52026f0
└   final_eval.rel_l2 = 981.9779f0
[ Info: Saving model and plots
[ Info:   Saved NODE to data/NODE_models/Apr11-0952/node_params.jld2
[ Info:   Saved trajectory plot to data/NODE_models/Apr11-0952/trajectories.png
[ Info:   Saved training gif to data/NODE_models/Apr11-0952/training_trajectories.gif
┌ Warning: Run 3 failed
│   η = 0.001
│   gs = 10
│   ct = 100
│   ds = 300
│   mi = 150
│   exception =
│    UndefVarError: `get_latent_vectors` not defined in `Main`
│    Suggestion: check for spelling errors or missing imports.
│    Stacktrace:
│     [1] main()
│       @ Main ~/Thesis/project/scripts/NODE/sweep_node_retrain.jl:73
│     [2] top-level scope
│       @ ~/Thesis/project/scripts/NODE/sweep_node_retrain.jl:131
│     [3] include(mod::Module, _path::String)
│       @ Base ./Base.jl:562
│     [4] exec_options(opts::Base.JLOptions)
│       @ Base ./client.jl:323
│     [5] _start()
│       @ Base ./client.jl:531
└ @ Main ~/Thesis/project/scripts/NODE/sweep_node_retrain.jl:88
┌ Info: Run 4/432
│   η = 0.001
│   group_size = 10
│   continuity_term = 100
│   downsample = 500
└   maxiters = 50
[ Info: Encoding latent vectors from AE in memory (no disk I/O)
[ Info: removed ghost cells; input data size (u): (256, 256, 2, 4402)
┌ Info: Generated latent vectors
│   size(z) = (16, 500)
│   n_samples = 500
└   time_range = (0.0f0, 39.916f0)
[ Info: Retraining NODE from checkpoint: data/NODE_models/Apr11-0949/node_params.jld2
[ Info: NODE sucessfully loaded from data/NODE_models/Apr11-0949/node_params.jld2
┌ Info: NODE reloaded
│   latent_dim = 16
│   dense_mult = 3
│   tspan = (0.0f0, 39.916f0)
│   solver = OrdinaryDiffEqTsit5.Tsit5{typeof(OrdinaryDiffEqCore.trivial_limiter!), typeof(OrdinaryDiffEqCore.trivial_limiter!), Static.False}
│   reltol = 0.0001
│   abstol = 1.0e-6
│   t = 500-element Vector{Float32}: …
└   activation = tanhshrink (generic function with 6 methods)
┌ Info: Baseline eval before retraining
│   baseline_eval.mae = 0.29408497f0
│   baseline_eval.rmse = 0.38237175f0
└   baseline_eval.rel_l2 = 1.266522f0
[ Info: NODE training on device: CPUDevice{Missing}()
┌ Info: Starting optimization
│   maxiters = 50
│   optimiser = Optimisers.AdamW
└   η = 0.001
┌ Info: Optimization finished
│   total_time = 31.2
└   final_loss = 5811.071289
┌ Info: Eval loss (comparable across runs)
│   final_eval.mae = 2.3113313f0
│   final_eval.rmse = 7.7106237f0
└   final_eval.rel_l2 = 25.53974f0
[ Info: Saving model and plots
[ Info:   Saved NODE to data/NODE_models/Apr11-0953/node_params.jld2
[ Info:   Saved trajectory plot to data/NODE_models/Apr11-0953/trajectories.png
[ Info:   Saved training gif to data/NODE_models/Apr11-0953/training_trajectories.gif
┌ Warning: Run 4 failed
│   η = 0.001
│   gs = 10
│   ct = 100
│   ds = 500
│   mi = 50
│   exception =
│    UndefVarError: `get_latent_vectors` not defined in `Main`
│    Suggestion: check for spelling errors or missing imports.
│    Stacktrace:
│     [1] main()
│       @ Main ~/Thesis/project/scripts/NODE/sweep_node_retrain.jl:73
│     [2] top-level scope
│       @ ~/Thesis/project/scripts/NODE/sweep_node_retrain.jl:131
│     [3] include(mod::Module, _path::String)
│       @ Base ./Base.jl:562
│     [4] exec_options(opts::Base.JLOptions)
│       @ Base ./client.jl:323
│     [5] _start()
│       @ Base ./client.jl:531
└ @ Main ~/Thesis/project/scripts/NODE/sweep_node_retrain.jl:88
┌ Info: Run 5/432
│   η = 0.001
│   group_size = 10
│   continuity_term = 100
│   downsample = 500
└   maxiters = 100
[ Info: Encoding latent vectors from AE in memory (no disk I/O)
[ Info: removed ghost cells; input data size (u): (256, 256, 2, 4402)
┌ Info: Generated latent vectors
│   size(z) = (16, 500)
│   n_samples = 500
└   time_range = (0.0f0, 39.916f0)
[ Info: Retraining NODE from checkpoint: data/NODE_models/Apr11-0949/node_params.jld2
[ Info: NODE sucessfully loaded from data/NODE_models/Apr11-0949/node_params.jld2
┌ Info: NODE reloaded
│   latent_dim = 16
│   dense_mult = 3
│   tspan = (0.0f0, 39.916f0)
│   solver = OrdinaryDiffEqTsit5.Tsit5{typeof(OrdinaryDiffEqCore.trivial_limiter!), typeof(OrdinaryDiffEqCore.trivial_limiter!), Static.False}
│   reltol = 0.0001
│   abstol = 1.0e-6
│   t = 500-element Vector{Float32}: …
└   activation = tanhshrink (generic function with 6 methods)
┌ Info: Baseline eval before retraining
│   baseline_eval.mae = 0.29408497f0
│   baseline_eval.rmse = 0.38237175f0
└   baseline_eval.rel_l2 = 1.266522f0
[ Info: NODE training on device: CPUDevice{Missing}()
┌ Info: Starting optimization
│   maxiters = 100
│   optimiser = Optimisers.AdamW
└   η = 0.001
┌ Info: Optimization finished
│   total_time = 60.7
└   final_loss = 4991.696289
┌ Info: Eval loss (comparable across runs)
│   final_eval.mae = 0.33359906f0
│   final_eval.rmse = 0.48372704f0
└   final_eval.rel_l2 = 1.6022393f0
[ Info: Saving model and plots
[ Info:   Saved NODE to data/NODE_models/Apr11-0954/node_params.jld2
[ Info:   Saved trajectory plot to data/NODE_models/Apr11-0954/trajectories.png
[ Info:   Saved training gif to data/NODE_models/Apr11-0954/training_trajectories.gif
┌ Warning: Run 5 failed
│   η = 0.001
│   gs = 10
│   ct = 100
│   ds = 500
│   mi = 100
│   exception =
│    UndefVarError: `get_latent_vectors` not defined in `Main`
│    Suggestion: check for spelling errors or missing imports.
│    Stacktrace:
│     [1] main()
│       @ Main ~/Thesis/project/scripts/NODE/sweep_node_retrain.jl:73
│     [2] top-level scope
│       @ ~/Thesis/project/scripts/NODE/sweep_node_retrain.jl:131
│     [3] include(mod::Module, _path::String)
│       @ Base ./Base.jl:562
│     [4] exec_options(opts::Base.JLOptions)
│       @ Base ./client.jl:323
│     [5] _start()
│       @ Base ./client.jl:531
└ @ Main ~/Thesis/project/scripts/NODE/sweep_node_retrain.jl:88
┌ Info: Run 6/432
│   η = 0.001
│   group_size = 10
│   continuity_term = 100
│   downsample = 500
└   maxiters = 150
[ Info: Encoding latent vectors from AE in memory (no disk I/O)
[ Info: removed ghost cells; input data size (u): (256, 256, 2, 4402)
┌ Info: Generated latent vectors
│   size(z) = (16, 500)
│   n_samples = 500
└   time_range = (0.0f0, 39.916f0)
[ Info: Retraining NODE from checkpoint: data/NODE_models/Apr11-0949/node_params.jld2
[ Info: NODE sucessfully loaded from data/NODE_models/Apr11-0949/node_params.jld2
┌ Info: NODE reloaded
│   latent_dim = 16
│   dense_mult = 3
│   tspan = (0.0f0, 39.916f0)
│   solver = OrdinaryDiffEqTsit5.Tsit5{typeof(OrdinaryDiffEqCore.trivial_limiter!), typeof(OrdinaryDiffEqCore.trivial_limiter!), Static.False}
│   reltol = 0.0001
│   abstol = 1.0e-6
│   t = 500-element Vector{Float32}: …
└   activation = tanhshrink (generic function with 6 methods)
┌ Info: Baseline eval before retraining
│   baseline_eval.mae = 0.29408497f0
│   baseline_eval.rmse = 0.38237175f0
└   baseline_eval.rel_l2 = 1.266522f0
[ Info: NODE training on device: CPUDevice{Missing}()
┌ Info: Starting optimization
│   maxiters = 150
│   optimiser = Optimisers.AdamW
└   η = 0.001
srun: Job step aborted: Waiting up to 122 seconds for job step to finish.
slurmstepd: error: *** JOB 9618654 ON gpu015 CANCELLED AT 2026-04-11T09:54:22 ***
slurmstepd: error: *** STEP 9618654.0 ON gpu015 CANCELLED AT 2026-04-11T09:54:22 ***
