Precompiling Thesis...
  50489.2 ms  ✓ Thesis
  1 dependency successfully precompiled in 191 seconds. 713 already precompiled.
┌ Info: CUDA loaded successfully
│   device = CuDevice(0): NVIDIA A100 80GB PCIe
└   capability = v"8.0.0"
┌ Info: cuDNN loaded successfully
└   version = v"8.90.7"
[ Info: Starting HPC NODE training job
[ Info:   SLURM_JOB_ID: 9558800
[ Info:   SLURM_NTASKS: 1
[ Info:   SLURM_CPUS_PER_TASK: 8
[ Info:   Hostname: gpu018
┌ Info: Instantiated latent NODE data
│   size(z) = (16, 300)
│   size(t) = (300,)
│   tspan = (0.0f0, 16.543304f0)
└   size(z0) = (16,)
┌ Info: NODE initialized
│   latent_dim = 16
│   dense_mult = 2
│   tspan = (0.0f0, 16.543304f0)
│   solver = OrdinaryDiffEqTsit5.Tsit5{typeof(OrdinaryDiffEqCore.trivial_limiter!), typeof(OrdinaryDiffEqCore.trivial_limiter!), Static.False}
│   reltol = 0.001
│   abstol = 1.0e-5
│   t = 300-element Vector{Float32}: …
└   activation = tanhshrink (generic function with 6 methods)
[ Info: NODE weights initialized
[ Info: NODE training on device: CUDADevice{Nothing, Missing}(nothing)
┌ Info: Starting optimization
│   maxiters = 250
│   optimiser = Optimisers.Adam
└   η = 0.01
ERROR: LoadError: Scalar indexing is disallowed.
Invocation of getindex resulted in scalar indexing of a GPU array.
This is typically caused by calling an iterating implementation of a method.
Such implementations *do not* execute on the GPU, but very slowly on the CPU,
and therefore should be avoided.

If you want to allow scalar iteration, use `allowscalar` or `@allowscalar`
to enable scalar iteration globally or for the operations in question.
Stacktrace:
  [1] error(s::String)
    @ Base ./error.jl:35
  [2] errorscalar(op::String)
    @ GPUArraysCore ~/.julia/packages/GPUArraysCore/aNaXo/src/GPUArraysCore.jl:151
  [3] _assertscalar(op::String, behavior::GPUArraysCore.ScalarIndexing)
    @ GPUArraysCore ~/.julia/packages/GPUArraysCore/aNaXo/src/GPUArraysCore.jl:124
  [4] assertscalar(op::String)
    @ GPUArraysCore ~/.julia/packages/GPUArraysCore/aNaXo/src/GPUArraysCore.jl:112
  [5] getindex
    @ ~/.julia/packages/GPUArrays/lOLhM/src/host/indexing.jl:50 [inlined]
  [6] iterate
    @ ./abstractarray.jl:1209 [inlined]
  [7] iterate
    @ ./abstractarray.jl:1207 [inlined]
  [8] _append!(a::Vector{Float32}, ::Base.HasShape{2}, iter::CUDA.CuArray{Float32, 2, CUDA.DeviceMemory})
    @ Base ./array.jl:1337
  [9] append!
    @ ./array.jl:1329 [inlined]
 [10] make_idx(data::Vector{Float32}, x::CUDA.CuArray{Float32, 2, CUDA.DeviceMemory}, last_val::Int64)
    @ ComponentArrays ~/.julia/packages/ComponentArrays/IAdmd/src/componentarray.jl:253
 [11] #28
    @ ~/.julia/packages/ComponentArrays/IAdmd/src/componentarray.jl:221 [inlined]
 [12] (::ComponentArrays.var"#28#29"{Vector{Float32}, Base.RefValue{Int64}})(::Pair{Symbol, CUDA.CuArray{Float32, N, CUDA.DeviceMemory} where N})
    @ ComponentArrays ./none:0
 [13] iterate
    @ ./generator.jl:48 [inlined]
 [14] merge(a::@NamedTuple{}, itr::Base.Generator{@Kwargs{weight::CUDA.CuArray{Float32, 2, CUDA.DeviceMemory}, bias::CUDA.CuArray{Float32, 1, CUDA.DeviceMemory}}, ComponentArrays.var"#28#29"{Vector{Float32}, Base.RefValue{Int64}}})
    @ Base ./namedtuple.jl:371
 [15] make_idx(data::Vector{Float32}, nt::@NamedTuple{weight::CUDA.CuArray{Float32, 2, CUDA.DeviceMemory}, bias::CUDA.CuArray{Float32, 1, CUDA.DeviceMemory}}, last_val::Int64)
    @ ComponentArrays ~/.julia/packages/ComponentArrays/IAdmd/src/componentarray.jl:218
--- the above 5 lines are repeated 1 more time ---
 [21] make_carray_args(A::Type{Vector}, nt::@NamedTuple{layer_1::@NamedTuple{weight::CUDA.CuArray{Float32, 2, CUDA.DeviceMemory}, bias::CUDA.CuArray{Float32, 1, CUDA.DeviceMemory}}, layer_2::@NamedTuple{weight::CUDA.CuArray{Float32, 2, CUDA.DeviceMemory}, bias::CUDA.CuArray{Float32, 1, CUDA.DeviceMemory}}})
    @ ComponentArrays ~/.julia/packages/ComponentArrays/IAdmd/src/componentarray.jl:210
 [22] make_carray_args(nt::@NamedTuple{layer_1::@NamedTuple{weight::CUDA.CuArray{Float32, 2, CUDA.DeviceMemory}, bias::CUDA.CuArray{Float32, 1, CUDA.DeviceMemory}}, layer_2::@NamedTuple{weight::CUDA.CuArray{Float32, 2, CUDA.DeviceMemory}, bias::CUDA.CuArray{Float32, 1, CUDA.DeviceMemory}}})
    @ ComponentArrays ~/.julia/packages/ComponentArrays/IAdmd/src/componentarray.jl:203
 [23] ComponentArrays.ComponentArray(nt::@NamedTuple{layer_1::@NamedTuple{weight::CUDA.CuArray{Float32, 2, CUDA.DeviceMemory}, bias::CUDA.CuArray{Float32, 1, CUDA.DeviceMemory}}, layer_2::@NamedTuple{weight::CUDA.CuArray{Float32, 2, CUDA.DeviceMemory}, bias::CUDA.CuArray{Float32, 1, CUDA.DeviceMemory}}})
    @ ComponentArrays ~/.julia/packages/ComponentArrays/IAdmd/src/componentarray.jl:97
 [24] rrule(::Type{ComponentArrays.ComponentArray}, nt::@NamedTuple{layer_1::@NamedTuple{weight::CUDA.CuArray{Float32, 2, CUDA.DeviceMemory}, bias::CUDA.CuArray{Float32, 1, CUDA.DeviceMemory}}, layer_2::@NamedTuple{weight::CUDA.CuArray{Float32, 2, CUDA.DeviceMemory}, bias::CUDA.CuArray{Float32, 1, CUDA.DeviceMemory}}})
    @ ComponentArrays ~/.julia/packages/ComponentArrays/IAdmd/src/compat/chainrulescore.jl:73
 [25] rrule(::Zygote.ZygoteRuleConfig{Zygote.Context{false}}, ::Type, ::@NamedTuple{layer_1::@NamedTuple{weight::CUDA.CuArray{Float32, 2, CUDA.DeviceMemory}, bias::CUDA.CuArray{Float32, 1, CUDA.DeviceMemory}}, layer_2::@NamedTuple{weight::CUDA.CuArray{Float32, 2, CUDA.DeviceMemory}, bias::CUDA.CuArray{Float32, 1, CUDA.DeviceMemory}}})
    @ ChainRulesCore ~/.julia/packages/ChainRulesCore/Vsbj9/src/rules.jl:138
 [26] chain_rrule(config::Zygote.ZygoteRuleConfig{Zygote.Context{false}}, f::Type, args::@NamedTuple{layer_1::@NamedTuple{weight::CUDA.CuArray{Float32, 2, CUDA.DeviceMemory}, bias::CUDA.CuArray{Float32, 1, CUDA.DeviceMemory}}, layer_2::@NamedTuple{weight::CUDA.CuArray{Float32, 2, CUDA.DeviceMemory}, bias::CUDA.CuArray{Float32, 1, CUDA.DeviceMemory}}})
    @ Zygote ~/.julia/packages/Zygote/55SqB/src/compiler/chainrules.jl:234
 [27] macro expansion
    @ ~/.julia/packages/Zygote/55SqB/src/compiler/interface2.jl:0 [inlined]
 [28] _pullback(ctx::Zygote.Context{false}, f::Type{ComponentArrays.ComponentArray}, args::@NamedTuple{layer_1::@NamedTuple{weight::CUDA.CuArray{Float32, 2, CUDA.DeviceMemory}, bias::CUDA.CuArray{Float32, 1, CUDA.DeviceMemory}}, layer_2::@NamedTuple{weight::CUDA.CuArray{Float32, 2, CUDA.DeviceMemory}, bias::CUDA.CuArray{Float32, 1, CUDA.DeviceMemory}}})
    @ Zygote ~/.julia/packages/Zygote/55SqB/src/compiler/interface2.jl:81
 [29] build_node_problem
    @ ~/Thesis/project/src/NODE/NODE_core.jl:116 [inlined]
 [30] _pullback(::Zygote.Context{false}, ::typeof(Thesis.build_node_problem), ::NODE, ::CUDA.CuArray{Float32, 1, CUDA.DeviceMemory})
    @ Zygote ~/.julia/packages/Zygote/55SqB/src/compiler/interface2.jl:0
 [31] #loss_multiple_shoot#117
    @ ~/Thesis/project/src/NODE/NODE_core.jl:124 [inlined]
 [32] _pullback(::Zygote.Context{false}, ::Thesis.var"##loss_multiple_shoot#117", ::ComponentArrays.ComponentVector{Float32, CUDA.CuArray{Float32, 1, CUDA.DeviceMemory}, Tuple{ComponentArrays.Axis{(layer_1 = ViewAxis(1:544, Axis(weight = ViewAxis(1:512, ShapedAxis((32, 16))), bias = ViewAxis(513:544, Shaped1DAxis((32,))))), layer_2 = ViewAxis(545:1072, Axis(weight = ViewAxis(1:512, ShapedAxis((16, 32))), bias = ViewAxis(513:528, Shaped1DAxis((16,))))))}}}, ::Nothing, ::Int64, ::Int64, ::typeof(loss_multiple_shoot), ::NODE, ::CUDA.CuArray{Float32, 2, CUDA.DeviceMemory}, ::CUDA.CuArray{Float32, 1, CUDA.DeviceMemory})
    @ Zygote ~/.julia/packages/Zygote/55SqB/src/compiler/interface2.jl:0
 [33] loss_multiple_shoot
    @ ~/Thesis/project/src/NODE/NODE_core.jl:119 [inlined]
 [34] _pullback(::Zygote.Context{false}, ::typeof(Core.kwcall), ::@NamedTuple{p::ComponentArrays.ComponentVector{Float32, CUDA.CuArray{Float32, 1, CUDA.DeviceMemory}, Tuple{ComponentArrays.Axis{(layer_1 = ViewAxis(1:544, Axis(weight = ViewAxis(1:512, ShapedAxis((32, 16))), bias = ViewAxis(513:544, Shaped1DAxis((32,))))), layer_2 = ViewAxis(545:1072, Axis(weight = ViewAxis(1:512, ShapedAxis((16, 32))), bias = ViewAxis(513:528, Shaped1DAxis((16,))))))}}}, t::Nothing, group_size::Int64, continuity_term::Int64}, ::typeof(loss_multiple_shoot), ::NODE, ::CUDA.CuArray{Float32, 2, CUDA.DeviceMemory}, ::CUDA.CuArray{Float32, 1, CUDA.DeviceMemory})
    @ Zygote ~/.julia/packages/Zygote/55SqB/src/compiler/interface2.jl:0
 [35] #node_loss#119
    @ ~/Thesis/project/src/NODE/NODE_core.jl:140 [inlined]
 [36] _pullback(::Zygote.Context{false}, ::Thesis.var"##node_loss#119", ::ComponentArrays.ComponentVector{Float32, CUDA.CuArray{Float32, 1, CUDA.DeviceMemory}, Tuple{ComponentArrays.Axis{(layer_1 = ViewAxis(1:544, Axis(weight = ViewAxis(1:512, ShapedAxis((32, 16))), bias = ViewAxis(513:544, Shaped1DAxis((32,))))), layer_2 = ViewAxis(545:1072, Axis(weight = ViewAxis(1:512, ShapedAxis((16, 32))), bias = ViewAxis(513:528, Shaped1DAxis((16,))))))}}}, ::Nothing, ::typeof(node_loss), ::NodeArgs, ::NODE, ::CUDA.CuArray{Float32, 2, CUDA.DeviceMemory}, ::CUDA.CuArray{Float32, 1, CUDA.DeviceMemory})
    @ Zygote ~/.julia/packages/Zygote/55SqB/src/compiler/interface2.jl:0
 [37] node_loss
    @ ~/Thesis/project/src/NODE/NODE_core.jl:138 [inlined]
 [38] _pullback(::Zygote.Context{false}, ::typeof(Core.kwcall), ::@NamedTuple{p::ComponentArrays.ComponentVector{Float32, CUDA.CuArray{Float32, 1, CUDA.DeviceMemory}, Tuple{ComponentArrays.Axis{(layer_1 = ViewAxis(1:544, Axis(weight = ViewAxis(1:512, ShapedAxis((32, 16))), bias = ViewAxis(513:544, Shaped1DAxis((32,))))), layer_2 = ViewAxis(545:1072, Axis(weight = ViewAxis(1:512, ShapedAxis((16, 32))), bias = ViewAxis(513:528, Shaped1DAxis((16,))))))}}}}, ::typeof(node_loss), ::NodeArgs, ::NODE, ::CUDA.CuArray{Float32, 2, CUDA.DeviceMemory}, ::CUDA.CuArray{Float32, 1, CUDA.DeviceMemory})
    @ Zygote ~/.julia/packages/Zygote/55SqB/src/compiler/interface2.jl:0
 [39] loss_function
    @ ~/Thesis/project/src/NODE/NODE_train.jl:32 [inlined]
 [40] #130
    @ ~/Thesis/project/src/NODE/NODE_train.jl:35 [inlined]
 [41] _pullback(::Zygote.Context{false}, ::Thesis.var"#130#134"{Thesis.var"#loss_function#133"{NodeArgs, NODE}}, ::ComponentArrays.ComponentVector{Float32, CUDA.CuArray{Float32, 1, CUDA.DeviceMemory}, Tuple{ComponentArrays.Axis{(layer_1 = ViewAxis(1:544, Axis(weight = ViewAxis(1:512, ShapedAxis((32, 16))), bias = ViewAxis(513:544, Shaped1DAxis((32,))))), layer_2 = ViewAxis(545:1072, Axis(weight = ViewAxis(1:512, ShapedAxis((16, 32))), bias = ViewAxis(513:528, Shaped1DAxis((16,))))))}}}, ::SciMLBase.NullParameters)
    @ Zygote ~/.julia/packages/Zygote/55SqB/src/compiler/interface2.jl:0
 [42] pullback(::Function, ::Zygote.Context{false}, ::ComponentArrays.ComponentVector{Float32, CUDA.CuArray{Float32, 1, CUDA.DeviceMemory}, Tuple{ComponentArrays.Axis{(layer_1 = ViewAxis(1:544, Axis(weight = ViewAxis(1:512, ShapedAxis((32, 16))), bias = ViewAxis(513:544, Shaped1DAxis((32,))))), layer_2 = ViewAxis(545:1072, Axis(weight = ViewAxis(1:512, ShapedAxis((16, 32))), bias = ViewAxis(513:528, Shaped1DAxis((16,))))))}}}, ::Vararg{Any})
    @ Zygote ~/.julia/packages/Zygote/55SqB/src/compiler/interface.jl:96
 [43] pullback(::Function, ::ComponentArrays.ComponentVector{Float32, CUDA.CuArray{Float32, 1, CUDA.DeviceMemory}, Tuple{ComponentArrays.Axis{(layer_1 = ViewAxis(1:544, Axis(weight = ViewAxis(1:512, ShapedAxis((32, 16))), bias = ViewAxis(513:544, Shaped1DAxis((32,))))), layer_2 = ViewAxis(545:1072, Axis(weight = ViewAxis(1:512, ShapedAxis((16, 32))), bias = ViewAxis(513:528, Shaped1DAxis((16,))))))}}}, ::SciMLBase.NullParameters)
    @ Zygote ~/.julia/packages/Zygote/55SqB/src/compiler/interface.jl:94
 [44] withgradient(::Function, ::ComponentArrays.ComponentVector{Float32, CUDA.CuArray{Float32, 1, CUDA.DeviceMemory}, Tuple{ComponentArrays.Axis{(layer_1 = ViewAxis(1:544, Axis(weight = ViewAxis(1:512, ShapedAxis((32, 16))), bias = ViewAxis(513:544, Shaped1DAxis((32,))))), layer_2 = ViewAxis(545:1072, Axis(weight = ViewAxis(1:512, ShapedAxis((16, 32))), bias = ViewAxis(513:528, Shaped1DAxis((16,))))))}}}, ::Vararg{Any})
    @ Zygote ~/.julia/packages/Zygote/55SqB/src/compiler/interface.jl:211
 [45] value_and_gradient
    @ ~/.julia/packages/DifferentiationInterface/MgcE4/ext/DifferentiationInterfaceZygoteExt/DifferentiationInterfaceZygoteExt.jl:115 [inlined]
 [46] value_and_gradient!(f::Function, grad::ComponentArrays.ComponentVector{Float32, CUDA.CuArray{Float32, 1, CUDA.DeviceMemory}, Tuple{ComponentArrays.Axis{(layer_1 = ViewAxis(1:544, Axis(weight = ViewAxis(1:512, ShapedAxis((32, 16))), bias = ViewAxis(513:544, Shaped1DAxis((32,))))), layer_2 = ViewAxis(545:1072, Axis(weight = ViewAxis(1:512, ShapedAxis((16, 32))), bias = ViewAxis(513:528, Shaped1DAxis((16,))))))}}}, prep::DifferentiationInterface.NoGradientPrep{Nothing}, backend::AutoZygote, x::ComponentArrays.ComponentVector{Float32, CUDA.CuArray{Float32, 1, CUDA.DeviceMemory}, Tuple{ComponentArrays.Axis{(layer_1 = ViewAxis(1:544, Axis(weight = ViewAxis(1:512, ShapedAxis((32, 16))), bias = ViewAxis(513:544, Shaped1DAxis((32,))))), layer_2 = ViewAxis(545:1072, Axis(weight = ViewAxis(1:512, ShapedAxis((16, 32))), bias = ViewAxis(513:528, Shaped1DAxis((16,))))))}}}, contexts::DifferentiationInterface.Constant{SciMLBase.NullParameters})
    @ DifferentiationInterfaceZygoteExt ~/.julia/packages/DifferentiationInterface/MgcE4/ext/DifferentiationInterfaceZygoteExt/DifferentiationInterfaceZygoteExt.jl:131
 [47] (::OptimizationZygoteExt.var"#fg!#18"{SciMLBase.NullParameters, SciMLBase.OptimizationFunction{true, AutoZygote, Thesis.var"#130#134"{Thesis.var"#loss_function#133"{NodeArgs, NODE}}, Nothing, Nothing, Nothing, Nothing, Nothing, Nothing, Nothing, Nothing, Nothing, Nothing, Nothing, Nothing, Nothing, typeof(SciMLBase.DEFAULT_OBSERVED_NO_TIME), Nothing, Nothing, Nothing, Nothing, Nothing, Nothing, Nothing, Nothing, Nothing, Nothing}, AutoZygote})(res::ComponentArrays.ComponentVector{Float32, CUDA.CuArray{Float32, 1, CUDA.DeviceMemory}, Tuple{ComponentArrays.Axis{(layer_1 = ViewAxis(1:544, Axis(weight = ViewAxis(1:512, ShapedAxis((32, 16))), bias = ViewAxis(513:544, Shaped1DAxis((32,))))), layer_2 = ViewAxis(545:1072, Axis(weight = ViewAxis(1:512, ShapedAxis((16, 32))), bias = ViewAxis(513:528, Shaped1DAxis((16,))))))}}}, θ::ComponentArrays.ComponentVector{Float32, CUDA.CuArray{Float32, 1, CUDA.DeviceMemory}, Tuple{ComponentArrays.Axis{(layer_1 = ViewAxis(1:544, Axis(weight = ViewAxis(1:512, ShapedAxis((32, 16))), bias = ViewAxis(513:544, Shaped1DAxis((32,))))), layer_2 = ViewAxis(545:1072, Axis(weight = ViewAxis(1:512, ShapedAxis((16, 32))), bias = ViewAxis(513:528, Shaped1DAxis((16,))))))}}})
    @ OptimizationZygoteExt ~/.julia/packages/OptimizationBase/mYxHK/ext/OptimizationZygoteExt.jl:57
 [48] __solve(cache::OptimizationBase.OptimizationCache{Optimisers.Adam{Float64, Tuple{Float64, Float64}, Float64}, true, SciMLBase.OptimizationFunction{true, AutoZygote, Thesis.var"#130#134"{Thesis.var"#loss_function#133"{NodeArgs, NODE}}, OptimizationZygoteExt.var"#grad#16"{SciMLBase.NullParameters, SciMLBase.OptimizationFunction{true, AutoZygote, Thesis.var"#130#134"{Thesis.var"#loss_function#133"{NodeArgs, NODE}}, Nothing, Nothing, Nothing, Nothing, Nothing, Nothing, Nothing, Nothing, Nothing, Nothing, Nothing, Nothing, Nothing, typeof(SciMLBase.DEFAULT_OBSERVED_NO_TIME), Nothing, Nothing, Nothing, Nothing, Nothing, Nothing, Nothing, Nothing, Nothing, Nothing}, AutoZygote}, OptimizationZygoteExt.var"#fg!#18"{SciMLBase.NullParameters, SciMLBase.OptimizationFunction{true, AutoZygote, Thesis.var"#130#134"{Thesis.var"#loss_function#133"{NodeArgs, NODE}}, Nothing, Nothing, Nothing, Nothing, Nothing, Nothing, Nothing, Nothing, Nothing, Nothing, Nothing, Nothing, Nothing, typeof(SciMLBase.DEFAULT_OBSERVED_NO_TIME), Nothing, Nothing, Nothing, Nothing, Nothing, Nothing, Nothing, Nothing, Nothing, Nothing}, AutoZygote}, Nothing, Nothing, Nothing, Nothing, Nothing, Nothing, Nothing, Nothing, Nothing, Nothing, Nothing, typeof(SciMLBase.DEFAULT_OBSERVED_NO_TIME), Nothing, Nothing, Nothing, Nothing, Nothing, Nothing, Nothing, Nothing, Nothing, Nothing}, OptimizationBase.ReInitCache{ComponentArrays.ComponentVector{Float32, CUDA.CuArray{Float32, 1, CUDA.DeviceMemory}, Tuple{ComponentArrays.Axis{(layer_1 = ViewAxis(1:544, Axis(weight = ViewAxis(1:512, ShapedAxis((32, 16))), bias = ViewAxis(513:544, Shaped1DAxis((32,))))), layer_2 = ViewAxis(545:1072, Axis(weight = ViewAxis(1:512, ShapedAxis((16, 32))), bias = ViewAxis(513:528, Shaped1DAxis((16,))))))}}}, SciMLBase.NullParameters}, Nothing, Nothing, Nothing, Nothing, Nothing, Bool, Thesis.var"#131#135"{Thesis.var"#131#132#136"{NodeArgs, Base.RefValue{Float64}, Plots.Animation, Int64, Int64, Vector{Int64}, Vector{Float64}, NODE}}, Nothing})
    @ OptimizationOptimisers ~/.julia/packages/OptimizationOptimisers/atr4L/src/OptimizationOptimisers.jl:83
 [49] solve!(cache::OptimizationBase.OptimizationCache{Optimisers.Adam{Float64, Tuple{Float64, Float64}, Float64}, true, SciMLBase.OptimizationFunction{true, AutoZygote, Thesis.var"#130#134"{Thesis.var"#loss_function#133"{NodeArgs, NODE}}, OptimizationZygoteExt.var"#grad#16"{SciMLBase.NullParameters, SciMLBase.OptimizationFunction{true, AutoZygote, Thesis.var"#130#134"{Thesis.var"#loss_function#133"{NodeArgs, NODE}}, Nothing, Nothing, Nothing, Nothing, Nothing, Nothing, Nothing, Nothing, Nothing, Nothing, Nothing, Nothing, Nothing, typeof(SciMLBase.DEFAULT_OBSERVED_NO_TIME), Nothing, Nothing, Nothing, Nothing, Nothing, Nothing, Nothing, Nothing, Nothing, Nothing}, AutoZygote}, OptimizationZygoteExt.var"#fg!#18"{SciMLBase.NullParameters, SciMLBase.OptimizationFunction{true, AutoZygote, Thesis.var"#130#134"{Thesis.var"#loss_function#133"{NodeArgs, NODE}}, Nothing, Nothing, Nothing, Nothing, Nothing, Nothing, Nothing, Nothing, Nothing, Nothing, Nothing, Nothing, Nothing, typeof(SciMLBase.DEFAULT_OBSERVED_NO_TIME), Nothing, Nothing, Nothing, Nothing, Nothing, Nothing, Nothing, Nothing, Nothing, Nothing}, AutoZygote}, Nothing, Nothing, Nothing, Nothing, Nothing, Nothing, Nothing, Nothing, Nothing, Nothing, Nothing, typeof(SciMLBase.DEFAULT_OBSERVED_NO_TIME), Nothing, Nothing, Nothing, Nothing, Nothing, Nothing, Nothing, Nothing, Nothing, Nothing}, OptimizationBase.ReInitCache{ComponentArrays.ComponentVector{Float32, CUDA.CuArray{Float32, 1, CUDA.DeviceMemory}, Tuple{ComponentArrays.Axis{(layer_1 = ViewAxis(1:544, Axis(weight = ViewAxis(1:512, ShapedAxis((32, 16))), bias = ViewAxis(513:544, Shaped1DAxis((32,))))), layer_2 = ViewAxis(545:1072, Axis(weight = ViewAxis(1:512, ShapedAxis((16, 32))), bias = ViewAxis(513:528, Shaped1DAxis((16,))))))}}}, SciMLBase.NullParameters}, Nothing, Nothing, Nothing, Nothing, Nothing, Bool, Thesis.var"#131#135"{Thesis.var"#131#132#136"{NodeArgs, Base.RefValue{Float64}, Plots.Animation, Int64, Int64, Vector{Int64}, Vector{Float64}, NODE}}, Nothing})
    @ OptimizationBase ~/.julia/packages/OptimizationBase/mYxHK/src/solve.jl:216
 [50] solve(::SciMLBase.OptimizationProblem{true, SciMLBase.OptimizationFunction{true, AutoZygote, Thesis.var"#130#134"{Thesis.var"#loss_function#133"{NodeArgs, NODE}}, Nothing, Nothing, Nothing, Nothing, Nothing, Nothing, Nothing, Nothing, Nothing, Nothing, Nothing, Nothing, Nothing, typeof(SciMLBase.DEFAULT_OBSERVED_NO_TIME), Nothing, Nothing, Nothing, Nothing, Nothing, Nothing, Nothing, Nothing, Nothing, Nothing}, ComponentArrays.ComponentVector{Float32, CUDA.CuArray{Float32, 1, CUDA.DeviceMemory}, Tuple{ComponentArrays.Axis{(layer_1 = ViewAxis(1:544, Axis(weight = ViewAxis(1:512, ShapedAxis((32, 16))), bias = ViewAxis(513:544, Shaped1DAxis((32,))))), layer_2 = ViewAxis(545:1072, Axis(weight = ViewAxis(1:512, ShapedAxis((16, 32))), bias = ViewAxis(513:528, Shaped1DAxis((16,))))))}}}, SciMLBase.NullParameters, Nothing, Nothing, Nothing, Nothing, Nothing, Nothing, @Kwargs{}}, ::Optimisers.Adam{Float64, Tuple{Float64, Float64}, Float64}; kwargs::@Kwargs{callback::Thesis.var"#131#135"{Thesis.var"#131#132#136"{NodeArgs, Base.RefValue{Float64}, Plots.Animation, Int64, Int64, Vector{Int64}, Vector{Float64}, NODE}}, maxiters::Int64})
    @ OptimizationBase ~/.julia/packages/OptimizationBase/mYxHK/src/solve.jl:98
 [51] train_NODE(args::NodeArgs; kws::@Kwargs{})
    @ Thesis ~/Thesis/project/src/NODE/NODE_train.jl:96
 [52] train_NODE
    @ ~/Thesis/project/src/NODE/NODE_train.jl:5 [inlined]
 [53] main()
    @ Main ~/Thesis/project/scripts/NODE/hpc_node_train.jl:33
in expression starting at /home/mfbclaeys/Thesis/project/scripts/NODE/hpc_node_train.jl:44
srun: error: gpu018: task 0: Exited with exit code 1
srun: launch/slurm: _step_signal: Terminating StepId=9558800.0
