Precompiling Thesis...
  73968.9 ms  ✓ Thesis
  1 dependency successfully precompiled in 229 seconds. 713 already precompiled.
┌ Info: CUDA loaded successfully
│   device = CuDevice(0): NVIDIA A100 80GB PCIe
└   capability = v"8.0.0"
┌ Info: cuDNN loaded successfully
└   version = v"8.90.7"
[ Info: Starting HPC AE training job
[ Info:   SLURM_JOB_ID: 9522483
[ Info:   SLURM_NTASKS: 1
[ Info:   SLURM_CPUS_PER_TASK: 8
[ Info:   Hostname: gpu011
[ Info: Loading training data from: /scratch/mfbclaeys/data/datasets/RE2500/2e8/U_128_full.jld2
ERROR: LoadError: UndefVarError: `test_Lrecs` not defined in local scope
Suggestion: check for an assignment to a local variable that shadows a global of the same name.
Stacktrace:
 [1] train_AE(args::LuxArgs; return_path::Bool)
   @ Thesis ~/Thesis/project/src/AE/AE_train.jl:8
 [2] train_AE
   @ ~/Thesis/project/src/AE/AE_train.jl:3 [inlined]
 [3] main()
   @ Main ~/Thesis/project/scripts/AE/hpc_retrain.jl:38
 [4] top-level scope
   @ ~/Thesis/project/scripts/AE/hpc_retrain.jl:83
in expression starting at /home/mfbclaeys/Thesis/project/scripts/AE/hpc_retrain.jl:83
srun: error: gpu011: task 0: Exited with exit code 1
srun: launch/slurm: _step_signal: Terminating StepId=9522483.0
