┌ Info: CUDA loaded successfully
│   device = CuDevice(0): NVIDIA A100 80GB PCIe
└   capability = v"8.0.0"
┌ Info: cuDNN loaded successfully
└   version = v"8.90.7"
[ Info: Starting HPC AE training job
[ Info:   SLURM_JOB_ID: 9559842
[ Info:   SLURM_NTASKS: 1
[ Info:   SLURM_CPUS_PER_TASK: 8
[ Info:   Hostname: gpu012
[ Info: Loading training data from: /scratch/mfbclaeys/data/datasets/RE2500/2e8/U_128_full.jld2
[ Info: removed ghost cells; input data size (u): (256, 256, 2, 4402)
ERROR: LoadError: UndefVarError: `N` not defined in `Thesis`
Suggestion: check for spelling errors or missing imports.
Stacktrace:
 [1] get_idxs(simdata::SimData, t_training::Float64, n_training::Int64, n_test::Int64; split::Float64)
   @ Thesis ~/Thesis/project/src/AE/AE.jl:97
 [2] get_idxs
   @ ~/Thesis/project/src/AE/AE.jl:83 [inlined]
 [3] get_data(batch_size::Int64, path::String; t_training::Float64, n_training::Int64, n_test::Int64, split::Float64, verbose::Bool, showplot::Bool, plotpath::String)
   @ Thesis ~/Thesis/project/src/AE/AE.jl:109
 [4] get_data
   @ ~/Thesis/project/src/AE/AE.jl:101 [inlined]
 [5] train_AE(args::LuxArgs; return_path::Bool)
   @ Thesis ~/Thesis/project/src/AE/AE_train.jl:17
 [6] train_AE
   @ ~/Thesis/project/src/AE/AE_train.jl:3 [inlined]
 [7] main()
   @ Main ~/Thesis/project/scripts/AE/hpc_retrain.jl:38
 [8] top-level scope
   @ ~/Thesis/project/scripts/AE/hpc_retrain.jl:84
in expression starting at /home/mfbclaeys/Thesis/project/scripts/AE/hpc_retrain.jl:84
srun: error: gpu012: task 0: Exited with exit code 1
srun: launch/slurm: _step_signal: Terminating StepId=9559842.0
