Running on host gpu012
Using 8 Julia threads
Starting at Fri Apr 10 16:47:45 CEST 2026
Loading Modules
Finished Loading Modules
Running hpc_retrain.jl

Training AE for 1000 epochs with λdiv=1000.0, λcurl=100.0)
Epoch 1/500 | time=114.032s | train_loss=0.8179 | train_corr=(0.365, 0.024) | val_loss=0.8228 | val_corr=(0.368, 0.014) | test_loss=0.8216 | test_corr=(0.368, 0.018)
Epoch 2/500 | time=0.632s | train_loss=0.6293 | train_corr=(0.286, -0.007) | val_loss=0.5616 | val_corr=(0.408, 0.01) | test_loss=0.5592 | test_corr=(0.414, 0.021)
Epoch 3/500 | time=0.642s | train_loss=0.4155 | train_corr=(0.487, -0.003) | val_loss=0.4036 | val_corr=(0.48, 0.008) | test_loss=0.4019 | test_corr=(0.489, 0.021)
Epoch 4/500 | time=0.628s | train_loss=0.3691 | train_corr=(0.539, -0.013) | val_loss=0.376 | val_corr=(0.542, -0.015) | test_loss=0.376 | test_corr=(0.539, -0.004)
Epoch 5/500 | time=0.645s | train_loss=0.3661 | train_corr=(0.555, 0.02) | val_loss=0.3671 | val_corr=(0.561, 0.018) | test_loss=0.3677 | test_corr=(0.558, 0.015)
Epoch 6/500 | time=0.645s | train_loss=0.3707 | train_corr=(0.547, 0.036) | val_loss=0.3635 | val_corr=(0.559, 0.029) | test_loss=0.3644 | test_corr=(0.556, 0.017)
Epoch 7/500 | time=0.621s | train_loss=0.3564 | train_corr=(0.575, 0.037) | val_loss=0.361 | val_corr=(0.559, 0.034) | test_loss=0.3621 | test_corr=(0.556, 0.022)
Epoch 8/500 | time=0.618s | train_loss=0.3656 | train_corr=(0.552, 0.005) | val_loss=0.3604 | val_corr=(0.561, 0.038) | test_loss=0.3619 | test_corr=(0.558, 0.029)
Epoch 9/500 | time=0.625s | train_loss=0.3514 | train_corr=(0.576, 0.058) | val_loss=0.3593 | val_corr=(0.561, 0.044) | test_loss=0.3591 | test_corr=(0.558, 0.037)
Epoch 10/500 | time=0.624s | train_loss=0.362 | train_corr=(0.554, 0.016) | val_loss=0.3553 | val_corr=(0.564, 0.053) | test_loss=0.3563 | test_corr=(0.56, 0.049)
Epoch 11/500 | time=0.615s | train_loss=0.3525 | train_corr=(0.562, 0.077) | val_loss=0.3566 | val_corr=(0.563, 0.068) | test_loss=0.3569 | test_corr=(0.558, 0.063)
Epoch 12/500 | time=0.629s | train_loss=0.3479 | train_corr=(0.57, 0.113) | val_loss=0.3536 | val_corr=(0.571, 0.098) | test_loss=0.3551 | test_corr=(0.568, 0.096)
Epoch 13/500 | time=0.619s | train_loss=0.3525 | train_corr=(0.592, 0.113) | val_loss=0.35 | val_corr=(0.568, 0.14) | test_loss=0.3503 | test_corr=(0.565, 0.138)
Epoch 14/500 | time=0.629s | train_loss=0.3407 | train_corr=(0.596, 0.151) | val_loss=0.3522 | val_corr=(0.568, 0.146) | test_loss=0.3528 | test_corr=(0.562, 0.144)
Epoch 15/500 | time=0.626s | train_loss=0.3492 | train_corr=(0.564, 0.151) | val_loss=0.3446 | val_corr=(0.57, 0.148) | test_loss=0.3465 | test_corr=(0.562, 0.143)
Epoch 16/500 | time=0.62s | train_loss=0.3347 | train_corr=(0.586, 0.159) | val_loss=0.3371 | val_corr=(0.58, 0.167) | test_loss=0.339 | test_corr=(0.575, 0.165)
Epoch 17/500 | time=0.618s | train_loss=0.3366 | train_corr=(0.582, 0.188) | val_loss=0.334 | val_corr=(0.584, 0.187) | test_loss=0.3365 | test_corr=(0.577, 0.187)
Epoch 18/500 | time=0.613s | train_loss=0.3238 | train_corr=(0.603, 0.202) | val_loss=0.3298 | val_corr=(0.596, 0.206) | test_loss=0.3334 | test_corr=(0.584, 0.203)
Epoch 19/500 | time=0.612s | train_loss=0.3184 | train_corr=(0.607, 0.242) | val_loss=0.3199 | val_corr=(0.606, 0.254) | test_loss=0.3224 | test_corr=(0.597, 0.247)
Epoch 20/500 | time=0.626s | train_loss=0.3185 | train_corr=(0.61, 0.329) | val_loss=0.313 | val_corr=(0.618, 0.335) | test_loss=0.3161 | test_corr=(0.606, 0.323)
Epoch 21/500 | time=0.612s | train_loss=0.3102 | train_corr=(0.629, 0.368) | val_loss=0.3067 | val_corr=(0.633, 0.422) | test_loss=0.311 | test_corr=(0.621, 0.405)
Epoch 22/500 | time=0.619s | train_loss=0.2953 | train_corr=(0.648, 0.478) | val_loss=0.3008 | val_corr=(0.646, 0.472) | test_loss=0.3044 | test_corr=(0.632, 0.449)
Epoch 23/500 | time=0.617s | train_loss=0.2951 | train_corr=(0.651, 0.456) | val_loss=0.2964 | val_corr=(0.663, 0.522) | test_loss=0.2995 | test_corr=(0.649, 0.49)
Epoch 24/500 | time=0.619s | train_loss=0.2834 | train_corr=(0.67, 0.62) | val_loss=0.2773 | val_corr=(0.686, 0.633) | test_loss=0.284 | test_corr=(0.666, 0.599)
Epoch 25/500 | time=0.621s | train_loss=0.2665 | train_corr=(0.704, 0.716) | val_loss=0.277 | val_corr=(0.694, 0.727) | test_loss=0.2798 | test_corr=(0.676, 0.712)
Epoch 26/500 | time=0.614s | train_loss=0.269 | train_corr=(0.69, 0.728) | val_loss=0.2594 | val_corr=(0.707, 0.76) | test_loss=0.2661 | test_corr=(0.685, 0.736)
Epoch 27/500 | time=0.611s | train_loss=0.2553 | train_corr=(0.714, 0.796) | val_loss=0.2477 | val_corr=(0.734, 0.794) | test_loss=0.26 | test_corr=(0.711, 0.773)
Epoch 28/500 | time=0.612s | train_loss=0.2592 | train_corr=(0.742, 0.805) | val_loss=0.2445 | val_corr=(0.741, 0.813) | test_loss=0.2553 | test_corr=(0.721, 0.79)
Epoch 29/500 | time=0.614s | train_loss=0.2355 | train_corr=(0.753, 0.841) | val_loss=0.2323 | val_corr=(0.757, 0.848) | test_loss=0.243 | test_corr=(0.733, 0.822)
Epoch 30/500 | time=0.611s | train_loss=0.225 | train_corr=(0.757, 0.869) | val_loss=0.2269 | val_corr=(0.761, 0.869) | test_loss=0.2368 | test_corr=(0.736, 0.842)
Epoch 31/500 | time=0.621s | train_loss=0.2232 | train_corr=(0.771, 0.862) | val_loss=0.2284 | val_corr=(0.77, 0.884) | test_loss=0.2407 | test_corr=(0.742, 0.86)
Epoch 32/500 | time=0.621s | train_loss=0.2222 | train_corr=(0.763, 0.878) | val_loss=0.2377 | val_corr=(0.754, 0.906) | test_loss=0.2433 | test_corr=(0.736, 0.879)
Epoch 33/500 | time=0.632s | train_loss=0.2123 | train_corr=(0.772, 0.894) | val_loss=0.2214 | val_corr=(0.759, 0.872) | test_loss=0.234 | test_corr=(0.735, 0.845)
Epoch 34/500 | time=0.63s | train_loss=0.1997 | train_corr=(0.793, 0.901) | val_loss=0.2022 | val_corr=(0.795, 0.902) | test_loss=0.2146 | test_corr=(0.773, 0.88)
Epoch 35/500 | time=0.631s | train_loss=0.2025 | train_corr=(0.798, 0.904) | val_loss=0.1959 | val_corr=(0.796, 0.92) | test_loss=0.2126 | test_corr=(0.764, 0.895)
Epoch 36/500 | time=0.622s | train_loss=0.1941 | train_corr=(0.797, 0.914) | val_loss=0.1936 | val_corr=(0.8, 0.927) | test_loss=0.2064 | test_corr=(0.781, 0.901)
Epoch 37/500 | time=0.633s | train_loss=0.1934 | train_corr=(0.791, 0.93) | val_loss=0.187 | val_corr=(0.796, 0.936) | test_loss=0.2017 | test_corr=(0.777, 0.907)
Epoch 38/500 | time=0.631s | train_loss=0.1762 | train_corr=(0.831, 0.942) | val_loss=0.1778 | val_corr=(0.821, 0.942) | test_loss=0.1974 | test_corr=(0.79, 0.913)
Epoch 39/500 | time=0.635s | train_loss=0.1847 | train_corr=(0.812, 0.941) | val_loss=0.1769 | val_corr=(0.823, 0.946) | test_loss=0.2004 | test_corr=(0.79, 0.912)
Epoch 40/500 | time=0.632s | train_loss=0.1793 | train_corr=(0.82, 0.941) | val_loss=0.2048 | val_corr=(0.811, 0.933) | test_loss=0.2299 | test_corr=(0.777, 0.899)
Epoch 41/500 | time=0.634s | train_loss=0.1769 | train_corr=(0.825, 0.935) | val_loss=0.1805 | val_corr=(0.823, 0.937) | test_loss=0.1988 | test_corr=(0.789, 0.904)
Epoch 42/500 | time=0.641s | train_loss=0.1626 | train_corr=(0.834, 0.946) | val_loss=0.1709 | val_corr=(0.833, 0.939) | test_loss=0.1907 | test_corr=(0.801, 0.899)
Epoch 43/500 | time=0.645s | train_loss=0.1556 | train_corr=(0.843, 0.955) | val_loss=0.1636 | val_corr=(0.831, 0.949) | test_loss=0.1854 | test_corr=(0.801, 0.907)
Epoch 44/500 | time=0.638s | train_loss=0.1533 | train_corr=(0.849, 0.958) | val_loss=0.1549 | val_corr=(0.848, 0.953) | test_loss=0.1799 | test_corr=(0.813, 0.908)
Epoch 45/500 | time=0.636s | train_loss=0.1461 | train_corr=(0.856, 0.962) | val_loss=0.1463 | val_corr=(0.852, 0.96) | test_loss=0.1753 | test_corr=(0.811, 0.917)
Epoch 46/500 | time=0.644s | train_loss=0.1471 | train_corr=(0.861, 0.963) | val_loss=0.1447 | val_corr=(0.858, 0.96) | test_loss=0.1741 | test_corr=(0.817, 0.916)
Epoch 47/500 | time=0.641s | train_loss=0.1389 | train_corr=(0.863, 0.968) | val_loss=0.1397 | val_corr=(0.865, 0.965) | test_loss=0.1715 | test_corr=(0.818, 0.918)
Epoch 48/500 | time=0.646s | train_loss=0.1324 | train_corr=(0.876, 0.971) | val_loss=0.139 | val_corr=(0.862, 0.966) | test_loss=0.171 | test_corr=(0.817, 0.922)
Epoch 49/500 | time=0.641s | train_loss=0.141 | train_corr=(0.869, 0.965) | val_loss=0.1413 | val_corr=(0.867, 0.963) | test_loss=0.17 | test_corr=(0.823, 0.92)
Epoch 50/500 | time=0.648s | train_loss=0.1432 | train_corr=(0.861, 0.961) | val_loss=0.1436 | val_corr=(0.868, 0.964) | test_loss=0.1712 | test_corr=(0.825, 0.917)
Epoch 51/500 | time=0.645s | train_loss=0.1478 | train_corr=(0.862, 0.953) | val_loss=0.1519 | val_corr=(0.862, 0.945) | test_loss=0.184 | test_corr=(0.81, 0.892)
Epoch 52/500 | time=0.647s | train_loss=0.1475 | train_corr=(0.846, 0.953) | val_loss=0.1528 | val_corr=(0.858, 0.951) | test_loss=0.181 | test_corr=(0.815, 0.9)
Epoch 53/500 | time=0.637s | train_loss=0.1637 | train_corr=(0.873, 0.95) | val_loss=0.1401 | val_corr=(0.874, 0.957) | test_loss=0.1676 | test_corr=(0.83, 0.916)
Epoch 54/500 | time=0.641s | train_loss=0.1541 | train_corr=(0.863, 0.965) | val_loss=0.1543 | val_corr=(0.866, 0.943) | test_loss=0.1814 | test_corr=(0.823, 0.9)
Epoch 55/500 | time=0.625s | train_loss=0.149 | train_corr=(0.876, 0.957) | val_loss=0.1524 | val_corr=(0.867, 0.95) | test_loss=0.1809 | test_corr=(0.823, 0.897)
Epoch 56/500 | time=0.622s | train_loss=0.1347 | train_corr=(0.877, 0.965) | val_loss=0.1347 | val_corr=(0.881, 0.959) | test_loss=0.1668 | test_corr=(0.836, 0.91)
Epoch 57/500 | time=0.639s | train_loss=0.1322 | train_corr=(0.886, 0.966) | val_loss=0.1361 | val_corr=(0.879, 0.961) | test_loss=0.1673 | test_corr=(0.831, 0.916)
Epoch 58/500 | time=0.624s | train_loss=0.1199 | train_corr=(0.898, 0.973) | val_loss=0.1259 | val_corr=(0.892, 0.967) | test_loss=0.1593 | test_corr=(0.844, 0.921)
Epoch 59/500 | time=0.619s | train_loss=0.1188 | train_corr=(0.902, 0.972) | val_loss=0.1177 | val_corr=(0.9, 0.971) | test_loss=0.1573 | test_corr=(0.848, 0.923)
Epoch 60/500 | time=0.634s | train_loss=0.1147 | train_corr=(0.904, 0.973) | val_loss=0.1128 | val_corr=(0.899, 0.977) | test_loss=0.1526 | test_corr=(0.847, 0.93)
Epoch 61/500 | time=0.623s | train_loss=0.111 | train_corr=(0.9, 0.978) | val_loss=0.1172 | val_corr=(0.898, 0.977) | test_loss=0.1535 | test_corr=(0.846, 0.93)
Epoch 62/500 | time=0.633s | train_loss=0.1075 | train_corr=(0.909, 0.98) | val_loss=0.1108 | val_corr=(0.902, 0.976) | test_loss=0.1485 | test_corr=(0.85, 0.931)
Epoch 63/500 | time=0.639s | train_loss=0.1173 | train_corr=(0.907, 0.978) | val_loss=0.1086 | val_corr=(0.906, 0.978) | test_loss=0.1501 | test_corr=(0.849, 0.932)
Epoch 64/500 | time=0.624s | train_loss=0.1138 | train_corr=(0.911, 0.977) | val_loss=0.1115 | val_corr=(0.911, 0.976) | test_loss=0.1529 | test_corr=(0.855, 0.929)
Epoch 65/500 | time=0.627s | train_loss=0.108 | train_corr=(0.914, 0.975) | val_loss=0.1037 | val_corr=(0.912, 0.98) | test_loss=0.146 | test_corr=(0.857, 0.933)
Epoch 66/500 | time=0.632s | train_loss=0.0988 | train_corr=(0.919, 0.983) | val_loss=0.1021 | val_corr=(0.916, 0.981) | test_loss=0.1455 | test_corr=(0.859, 0.932)
Epoch 67/500 | time=0.626s | train_loss=0.1093 | train_corr=(0.909, 0.977) | val_loss=0.1017 | val_corr=(0.916, 0.979) | test_loss=0.1462 | test_corr=(0.857, 0.929)
Epoch 68/500 | time=0.624s | train_loss=0.1036 | train_corr=(0.915, 0.976) | val_loss=0.1071 | val_corr=(0.914, 0.976) | test_loss=0.1458 | test_corr=(0.86, 0.928)
Epoch 69/500 | time=0.636s | train_loss=0.1024 | train_corr=(0.919, 0.979) | val_loss=0.1032 | val_corr=(0.919, 0.976) | test_loss=0.1484 | test_corr=(0.858, 0.923)
Epoch 70/500 | time=0.63s | train_loss=0.099 | train_corr=(0.921, 0.982) | val_loss=0.1009 | val_corr=(0.92, 0.98) | test_loss=0.1458 | test_corr=(0.862, 0.93)
Epoch 71/500 | time=0.634s | train_loss=0.108 | train_corr=(0.92, 0.982) | val_loss=0.1088 | val_corr=(0.919, 0.98) | test_loss=0.1439 | test_corr=(0.864, 0.934)
Epoch 72/500 | time=0.624s | train_loss=0.1144 | train_corr=(0.917, 0.978) | val_loss=0.1029 | val_corr=(0.918, 0.977) | test_loss=0.1424 | test_corr=(0.862, 0.935)
Epoch 73/500 | time=0.635s | train_loss=0.1099 | train_corr=(0.917, 0.976) | val_loss=0.1096 | val_corr=(0.917, 0.978) | test_loss=0.1512 | test_corr=(0.861, 0.929)
Epoch 74/500 | time=0.624s | train_loss=0.097 | train_corr=(0.926, 0.981) | val_loss=0.101 | val_corr=(0.924, 0.977) | test_loss=0.14 | test_corr=(0.865, 0.932)
Epoch 75/500 | time=0.636s | train_loss=0.0936 | train_corr=(0.929, 0.982) | val_loss=0.0926 | val_corr=(0.927, 0.983) | test_loss=0.1378 | test_corr=(0.868, 0.935)
Epoch 76/500 | time=0.624s | train_loss=0.095 | train_corr=(0.93, 0.985) | val_loss=0.0928 | val_corr=(0.928, 0.984) | test_loss=0.1379 | test_corr=(0.867, 0.937)
Epoch 77/500 | time=0.621s | train_loss=0.0908 | train_corr=(0.931, 0.985) | val_loss=0.0905 | val_corr=(0.931, 0.984) | test_loss=0.1333 | test_corr=(0.873, 0.937)
Epoch 78/500 | time=0.62s | train_loss=0.0952 | train_corr=(0.932, 0.983) | val_loss=0.0987 | val_corr=(0.927, 0.982) | test_loss=0.139 | test_corr=(0.87, 0.932)
Epoch 79/500 | time=0.62s | train_loss=0.0906 | train_corr=(0.933, 0.983) | val_loss=0.0895 | val_corr=(0.932, 0.984) | test_loss=0.1322 | test_corr=(0.874, 0.936)
Epoch 80/500 | time=0.631s | train_loss=0.0888 | train_corr=(0.933, 0.981) | val_loss=0.0896 | val_corr=(0.931, 0.984) | test_loss=0.1318 | test_corr=(0.874, 0.94)
Epoch 81/500 | time=0.637s | train_loss=0.0833 | train_corr=(0.937, 0.987) | val_loss=0.0934 | val_corr=(0.934, 0.984) | test_loss=0.1356 | test_corr=(0.873, 0.937)
Epoch 82/500 | time=0.623s | train_loss=0.0855 | train_corr=(0.936, 0.987) | val_loss=0.0999 | val_corr=(0.923, 0.98) | test_loss=0.1429 | test_corr=(0.865, 0.933)
Epoch 83/500 | time=0.639s | train_loss=0.0912 | train_corr=(0.935, 0.98) | val_loss=0.091 | val_corr=(0.933, 0.982) | test_loss=0.1362 | test_corr=(0.871, 0.936)
Epoch 84/500 | time=0.63s | train_loss=0.0884 | train_corr=(0.935, 0.981) | val_loss=0.0955 | val_corr=(0.933, 0.979) | test_loss=0.1359 | test_corr=(0.875, 0.937)
Epoch 85/500 | time=0.625s | train_loss=0.0928 | train_corr=(0.932, 0.976) | val_loss=0.0888 | val_corr=(0.933, 0.983) | test_loss=0.1329 | test_corr=(0.876, 0.938)
Epoch 86/500 | time=0.625s | train_loss=0.0894 | train_corr=(0.937, 0.976) | val_loss=0.0851 | val_corr=(0.938, 0.982) | test_loss=0.1308 | test_corr=(0.878, 0.938)
Epoch 87/500 | time=0.634s | train_loss=0.085 | train_corr=(0.937, 0.983) | val_loss=0.0873 | val_corr=(0.936, 0.983) | test_loss=0.1338 | test_corr=(0.874, 0.933)
Epoch 88/500 | time=0.63s | train_loss=0.081 | train_corr=(0.938, 0.987) | val_loss=0.0853 | val_corr=(0.937, 0.986) | test_loss=0.1312 | test_corr=(0.878, 0.935)
Epoch 89/500 | time=0.631s | train_loss=0.0797 | train_corr=(0.943, 0.987) | val_loss=0.0796 | val_corr=(0.941, 0.986) | test_loss=0.1275 | test_corr=(0.879, 0.94)
Epoch 90/500 | time=0.645s | train_loss=0.0803 | train_corr=(0.941, 0.984) | val_loss=0.0818 | val_corr=(0.94, 0.982) | test_loss=0.1279 | test_corr=(0.879, 0.934)
Epoch 91/500 | time=0.637s | train_loss=0.0783 | train_corr=(0.944, 0.984) | val_loss=0.0783 | val_corr=(0.943, 0.987) | test_loss=0.1281 | test_corr=(0.877, 0.941)
Epoch 92/500 | time=0.637s | train_loss=0.0792 | train_corr=(0.944, 0.987) | val_loss=0.0767 | val_corr=(0.943, 0.988) | test_loss=0.1261 | test_corr=(0.881, 0.941)
Epoch 93/500 | time=0.643s | train_loss=0.0787 | train_corr=(0.944, 0.987) | val_loss=0.0801 | val_corr=(0.942, 0.985) | test_loss=0.1297 | test_corr=(0.877, 0.934)
Epoch 94/500 | time=0.64s | train_loss=0.0776 | train_corr=(0.945, 0.988) | val_loss=0.079 | val_corr=(0.945, 0.987) | test_loss=0.1261 | test_corr=(0.883, 0.941)
Epoch 95/500 | time=0.633s | train_loss=0.0777 | train_corr=(0.941, 0.988) | val_loss=0.076 | val_corr=(0.942, 0.988) | test_loss=0.1274 | test_corr=(0.88, 0.94)
Epoch 96/500 | time=0.64s | train_loss=0.0751 | train_corr=(0.947, 0.988) | val_loss=0.0749 | val_corr=(0.947, 0.988) | test_loss=0.1245 | test_corr=(0.884, 0.943)
Epoch 97/500 | time=0.645s | train_loss=0.0741 | train_corr=(0.946, 0.989) | val_loss=0.0727 | val_corr=(0.947, 0.989) | test_loss=0.1224 | test_corr=(0.883, 0.943)
Epoch 98/500 | time=0.638s | train_loss=0.0765 | train_corr=(0.948, 0.987) | val_loss=0.0822 | val_corr=(0.942, 0.98) | test_loss=0.1314 | test_corr=(0.876, 0.933)
Epoch 99/500 | time=0.633s | train_loss=0.0764 | train_corr=(0.948, 0.988) | val_loss=0.0764 | val_corr=(0.949, 0.987) | test_loss=0.1244 | test_corr=(0.885, 0.941)
Epoch 100/500 | time=0.634s | train_loss=0.0757 | train_corr=(0.947, 0.986) | val_loss=0.0794 | val_corr=(0.946, 0.986) | test_loss=0.1283 | test_corr=(0.882, 0.942)
Epoch 101/500 | time=0.645s | train_loss=0.0734 | train_corr=(0.949, 0.987) | val_loss=0.0709 | val_corr=(0.951, 0.989) | test_loss=0.1232 | test_corr=(0.883, 0.939)
Epoch 102/500 | time=0.633s | train_loss=0.0707 | train_corr=(0.951, 0.989) | val_loss=0.0739 | val_corr=(0.948, 0.988) | test_loss=0.1265 | test_corr=(0.881, 0.937)
Epoch 103/500 | time=0.637s | train_loss=0.0716 | train_corr=(0.949, 0.989) | val_loss=0.0723 | val_corr=(0.951, 0.989) | test_loss=0.1237 | test_corr=(0.884, 0.941)
Epoch 104/500 | time=0.646s | train_loss=0.0685 | train_corr=(0.953, 0.991) | val_loss=0.0804 | val_corr=(0.948, 0.986) | test_loss=0.1284 | test_corr=(0.883, 0.937)
Epoch 105/500 | time=0.639s | train_loss=0.0754 | train_corr=(0.947, 0.987) | val_loss=0.0778 | val_corr=(0.952, 0.988) | test_loss=0.1253 | test_corr=(0.886, 0.939)
Epoch 106/500 | time=0.644s | train_loss=0.0749 | train_corr=(0.946, 0.989) | val_loss=0.0928 | val_corr=(0.946, 0.987) | test_loss=0.1341 | test_corr=(0.882, 0.94)
Epoch 107/500 | time=0.649s | train_loss=0.0851 | train_corr=(0.94, 0.987) | val_loss=0.0774 | val_corr=(0.946, 0.988) | test_loss=0.1268 | test_corr=(0.881, 0.938)
Epoch 108/500 | time=0.641s | train_loss=0.0799 | train_corr=(0.947, 0.986) | val_loss=0.0819 | val_corr=(0.942, 0.984) | test_loss=0.1304 | test_corr=(0.874, 0.939)
Epoch 109/500 | time=0.643s | train_loss=0.0752 | train_corr=(0.947, 0.985) | val_loss=0.0826 | val_corr=(0.948, 0.978) | test_loss=0.1245 | test_corr=(0.885, 0.94)
Epoch 110/500 | time=0.639s | train_loss=0.0796 | train_corr=(0.945, 0.977) | val_loss=0.0791 | val_corr=(0.947, 0.978) | test_loss=0.129 | test_corr=(0.88, 0.928)
Epoch 111/500 | time=0.654s | train_loss=0.0698 | train_corr=(0.952, 0.988) | val_loss=0.0735 | val_corr=(0.95, 0.987) | test_loss=0.1207 | test_corr=(0.888, 0.942)
Epoch 112/500 | time=0.639s | train_loss=0.066 | train_corr=(0.954, 0.989) | val_loss=0.0686 | val_corr=(0.951, 0.989) | test_loss=0.12 | test_corr=(0.885, 0.941)
Epoch 113/500 | time=0.646s | train_loss=0.0664 | train_corr=(0.954, 0.99) | val_loss=0.0663 | val_corr=(0.954, 0.99) | test_loss=0.1176 | test_corr=(0.889, 0.943)
Epoch 114/500 | time=0.638s | train_loss=0.069 | train_corr=(0.953, 0.989) | val_loss=0.0655 | val_corr=(0.953, 0.99) | test_loss=0.1184 | test_corr=(0.889, 0.941)
Epoch 115/500 | time=0.639s | train_loss=0.0638 | train_corr=(0.953, 0.992) | val_loss=0.0656 | val_corr=(0.954, 0.989) | test_loss=0.1184 | test_corr=(0.887, 0.941)
Epoch 116/500 | time=0.638s | train_loss=0.07 | train_corr=(0.953, 0.986) | val_loss=0.0678 | val_corr=(0.954, 0.987) | test_loss=0.118 | test_corr=(0.889, 0.94)
Epoch 117/500 | time=0.644s | train_loss=0.0622 | train_corr=(0.957, 0.991) | val_loss=0.0637 | val_corr=(0.955, 0.99) | test_loss=0.1165 | test_corr=(0.888, 0.942)
Epoch 118/500 | time=0.641s | train_loss=0.0603 | train_corr=(0.957, 0.993) | val_loss=0.0637 | val_corr=(0.957, 0.991) | test_loss=0.117 | test_corr=(0.89, 0.944)
Epoch 119/500 | time=0.647s | train_loss=0.0635 | train_corr=(0.956, 0.992) | val_loss=0.0631 | val_corr=(0.956, 0.991) | test_loss=0.1188 | test_corr=(0.887, 0.944)
Epoch 120/500 | time=0.636s | train_loss=0.0618 | train_corr=(0.957, 0.992) | val_loss=0.0642 | val_corr=(0.958, 0.992) | test_loss=0.1174 | test_corr=(0.89, 0.943)
Epoch 121/500 | time=0.641s | train_loss=0.063 | train_corr=(0.957, 0.991) | val_loss=0.0609 | val_corr=(0.957, 0.992) | test_loss=0.1167 | test_corr=(0.889, 0.942)
Epoch 122/500 | time=0.632s | train_loss=0.0611 | train_corr=(0.958, 0.992) | val_loss=0.0595 | val_corr=(0.958, 0.992) | test_loss=0.1156 | test_corr=(0.891, 0.944)
Epoch 123/500 | time=0.629s | train_loss=0.0598 | train_corr=(0.958, 0.992) | val_loss=0.0617 | val_corr=(0.957, 0.992) | test_loss=0.1169 | test_corr=(0.889, 0.943)
Epoch 124/500 | time=0.626s | train_loss=0.0609 | train_corr=(0.959, 0.992) | val_loss=0.0629 | val_corr=(0.956, 0.991) | test_loss=0.1187 | test_corr=(0.887, 0.943)
Epoch 125/500 | time=0.631s | train_loss=0.0592 | train_corr=(0.958, 0.991) | val_loss=0.0638 | val_corr=(0.955, 0.991) | test_loss=0.1168 | test_corr=(0.888, 0.944)
Epoch 126/500 | time=0.634s | train_loss=0.0621 | train_corr=(0.958, 0.992) | val_loss=0.0639 | val_corr=(0.956, 0.992) | test_loss=0.1182 | test_corr=(0.888, 0.941)
Epoch 127/500 | time=0.627s | train_loss=0.0613 | train_corr=(0.959, 0.991) | val_loss=0.0643 | val_corr=(0.958, 0.988) | test_loss=0.1187 | test_corr=(0.89, 0.939)
Epoch 128/500 | time=0.627s | train_loss=0.0653 | train_corr=(0.956, 0.989) | val_loss=0.0684 | val_corr=(0.957, 0.99) | test_loss=0.1199 | test_corr=(0.891, 0.942)
Epoch 129/500 | time=0.636s | train_loss=0.0652 | train_corr=(0.956, 0.988) | val_loss=0.0688 | val_corr=(0.955, 0.987) | test_loss=0.1207 | test_corr=(0.888, 0.936)
Epoch 130/500 | time=0.634s | train_loss=0.061 | train_corr=(0.959, 0.991) | val_loss=0.0639 | val_corr=(0.958, 0.991) | test_loss=0.118 | test_corr=(0.889, 0.945)
Epoch 131/500 | time=0.629s | train_loss=0.0632 | train_corr=(0.957, 0.991) | val_loss=0.0637 | val_corr=(0.956, 0.991) | test_loss=0.1187 | test_corr=(0.887, 0.944)
Epoch 132/500 | time=0.63s | train_loss=0.0685 | train_corr=(0.953, 0.986) | val_loss=0.0721 | val_corr=(0.956, 0.984) | test_loss=0.1209 | test_corr=(0.888, 0.938)
Epoch 133/500 | time=0.637s | train_loss=0.0651 | train_corr=(0.957, 0.987) | val_loss=0.0674 | val_corr=(0.957, 0.988) | test_loss=0.1175 | test_corr=(0.891, 0.944)
Epoch 134/500 | time=0.627s | train_loss=0.0608 | train_corr=(0.959, 0.99) | val_loss=0.0602 | val_corr=(0.959, 0.991) | test_loss=0.1152 | test_corr=(0.89, 0.945)
Epoch 135/500 | time=0.638s | train_loss=0.0638 | train_corr=(0.956, 0.987) | val_loss=0.0665 | val_corr=(0.957, 0.986) | test_loss=0.1179 | test_corr=(0.89, 0.941)
Epoch 136/500 | time=0.648s | train_loss=0.0647 | train_corr=(0.956, 0.988) | val_loss=0.0646 | val_corr=(0.957, 0.988) | test_loss=0.1172 | test_corr=(0.891, 0.941)
Epoch 137/500 | time=0.626s | train_loss=0.063 | train_corr=(0.959, 0.988) | val_loss=0.0661 | val_corr=(0.956, 0.989) | test_loss=0.1199 | test_corr=(0.887, 0.939)
Epoch 138/500 | time=0.632s | train_loss=0.0719 | train_corr=(0.951, 0.988) | val_loss=0.0651 | val_corr=(0.956, 0.989) | test_loss=0.117 | test_corr=(0.89, 0.94)
Epoch 139/500 | time=0.628s | train_loss=0.0636 | train_corr=(0.956, 0.989) | val_loss=0.0633 | val_corr=(0.957, 0.989) | test_loss=0.1176 | test_corr=(0.886, 0.939)
Epoch 140/500 | time=0.632s | train_loss=0.0585 | train_corr=(0.959, 0.991) | val_loss=0.0595 | val_corr=(0.958, 0.99) | test_loss=0.1149 | test_corr=(0.89, 0.942)
Epoch 141/500 | time=0.628s | train_loss=0.0578 | train_corr=(0.96, 0.992) | val_loss=0.0584 | val_corr=(0.959, 0.991) | test_loss=0.1123 | test_corr=(0.894, 0.945)
Epoch 142/500 | time=0.626s | train_loss=0.0575 | train_corr=(0.959, 0.991) | val_loss=0.0631 | val_corr=(0.96, 0.99) | test_loss=0.1179 | test_corr=(0.89, 0.94)
Epoch 143/500 | time=0.631s | train_loss=0.0642 | train_corr=(0.957, 0.991) | val_loss=0.0628 | val_corr=(0.959, 0.99) | test_loss=0.1156 | test_corr=(0.893, 0.94)
Epoch 144/500 | time=0.631s | train_loss=0.0609 | train_corr=(0.958, 0.991) | val_loss=0.061 | val_corr=(0.959, 0.992) | test_loss=0.1145 | test_corr=(0.892, 0.944)
Epoch 145/500 | time=0.627s | train_loss=0.057 | train_corr=(0.96, 0.993) | val_loss=0.0568 | val_corr=(0.961, 0.992) | test_loss=0.1145 | test_corr=(0.892, 0.943)
Epoch 146/500 | time=0.619s | train_loss=0.0659 | train_corr=(0.957, 0.994) | val_loss=0.0627 | val_corr=(0.958, 0.992) | test_loss=0.1173 | test_corr=(0.89, 0.942)
Epoch 147/500 | time=0.634s | train_loss=0.0547 | train_corr=(0.962, 0.993) | val_loss=0.0549 | val_corr=(0.962, 0.993) | test_loss=0.1115 | test_corr=(0.893, 0.945)
Epoch 148/500 | time=0.636s | train_loss=0.0549 | train_corr=(0.96, 0.993) | val_loss=0.0548 | val_corr=(0.963, 0.992) | test_loss=0.1114 | test_corr=(0.893, 0.947)
Epoch 149/500 | time=0.634s | train_loss=0.0584 | train_corr=(0.963, 0.99) | val_loss=0.0543 | val_corr=(0.962, 0.993) | test_loss=0.1138 | test_corr=(0.891, 0.942)
Epoch 150/500 | time=0.644s | train_loss=0.063 | train_corr=(0.958, 0.991) | val_loss=0.058 | val_corr=(0.961, 0.993) | test_loss=0.1139 | test_corr=(0.892, 0.943)
Epoch 151/500 | time=0.629s | train_loss=0.053 | train_corr=(0.964, 0.993) | val_loss=0.0594 | val_corr=(0.961, 0.991) | test_loss=0.1132 | test_corr=(0.894, 0.942)
Epoch 152/500 | time=0.642s | train_loss=0.0559 | train_corr=(0.959, 0.993) | val_loss=0.0605 | val_corr=(0.961, 0.991) | test_loss=0.1141 | test_corr=(0.893, 0.944)
Epoch 153/500 | time=0.635s | train_loss=0.0566 | train_corr=(0.96, 0.99) | val_loss=0.0606 | val_corr=(0.96, 0.986) | test_loss=0.1166 | test_corr=(0.889, 0.938)
Epoch 154/500 | time=0.633s | train_loss=0.0556 | train_corr=(0.961, 0.992) | val_loss=0.056 | val_corr=(0.96, 0.991) | test_loss=0.1154 | test_corr=(0.886, 0.94)
Epoch 155/500 | time=0.623s | train_loss=0.0549 | train_corr=(0.96, 0.993) | val_loss=0.0569 | val_corr=(0.961, 0.992) | test_loss=0.1127 | test_corr=(0.888, 0.945)
Epoch 156/500 | time=0.632s | train_loss=0.0535 | train_corr=(0.963, 0.993) | val_loss=0.055 | val_corr=(0.963, 0.992) | test_loss=0.1119 | test_corr=(0.892, 0.946)
Epoch 157/500 | time=0.629s | train_loss=0.0535 | train_corr=(0.963, 0.994) | val_loss=0.057 | val_corr=(0.961, 0.99) | test_loss=0.1133 | test_corr=(0.891, 0.943)
Epoch 158/500 | time=0.632s | train_loss=0.054 | train_corr=(0.963, 0.993) | val_loss=0.0528 | val_corr=(0.963, 0.994) | test_loss=0.1116 | test_corr=(0.894, 0.941)
Epoch 159/500 | time=0.624s | train_loss=0.0494 | train_corr=(0.964, 0.995) | val_loss=0.0508 | val_corr=(0.963, 0.994) | test_loss=0.1099 | test_corr=(0.891, 0.945)
Epoch 160/500 | time=0.641s | train_loss=0.0498 | train_corr=(0.964, 0.994) | val_loss=0.0495 | val_corr=(0.964, 0.995) | test_loss=0.1103 | test_corr=(0.892, 0.943)
Epoch 161/500 | time=0.631s | train_loss=0.0496 | train_corr=(0.964, 0.994) | val_loss=0.0536 | val_corr=(0.964, 0.992) | test_loss=0.1107 | test_corr=(0.896, 0.942)
Epoch 162/500 | time=0.629s | train_loss=0.0543 | train_corr=(0.964, 0.992) | val_loss=0.055 | val_corr=(0.965, 0.994) | test_loss=0.1104 | test_corr=(0.896, 0.946)
Epoch 163/500 | time=0.632s | train_loss=0.0536 | train_corr=(0.963, 0.993) | val_loss=0.0586 | val_corr=(0.961, 0.99) | test_loss=0.1181 | test_corr=(0.888, 0.939)
Epoch 164/500 | time=0.623s | train_loss=0.0507 | train_corr=(0.962, 0.994) | val_loss=0.0526 | val_corr=(0.963, 0.993) | test_loss=0.1111 | test_corr=(0.892, 0.944)
Epoch 165/500 | time=0.644s | train_loss=0.0502 | train_corr=(0.964, 0.993) | val_loss=0.0548 | val_corr=(0.962, 0.991) | test_loss=0.1145 | test_corr=(0.889, 0.939)
Epoch 166/500 | time=0.651s | train_loss=0.0523 | train_corr=(0.964, 0.993) | val_loss=0.0529 | val_corr=(0.963, 0.993) | test_loss=0.1108 | test_corr=(0.892, 0.946)
Epoch 167/500 | time=0.637s | train_loss=0.0497 | train_corr=(0.964, 0.993) | val_loss=0.0532 | val_corr=(0.964, 0.992) | test_loss=0.1099 | test_corr=(0.896, 0.945)
Epoch 168/500 | time=0.649s | train_loss=0.0489 | train_corr=(0.965, 0.995) | val_loss=0.0493 | val_corr=(0.965, 0.994) | test_loss=0.1103 | test_corr=(0.891, 0.944)
Epoch 169/500 | time=0.645s | train_loss=0.0568 | train_corr=(0.962, 0.99) | val_loss=0.051 | val_corr=(0.963, 0.994) | test_loss=0.1106 | test_corr=(0.894, 0.944)
Epoch 170/500 | time=0.654s | train_loss=0.051 | train_corr=(0.964, 0.993) | val_loss=0.0524 | val_corr=(0.964, 0.992) | test_loss=0.1107 | test_corr=(0.893, 0.943)
Epoch 171/500 | time=0.637s | train_loss=0.0525 | train_corr=(0.963, 0.994) | val_loss=0.0562 | val_corr=(0.963, 0.992) | test_loss=0.1133 | test_corr=(0.894, 0.941)
Epoch 172/500 | time=0.646s | train_loss=0.0657 | train_corr=(0.957, 0.984) | val_loss=0.0665 | val_corr=(0.954, 0.977) | test_loss=0.1182 | test_corr=(0.887, 0.937)
Epoch 173/500 | time=0.637s | train_loss=0.0561 | train_corr=(0.963, 0.993) | val_loss=0.0555 | val_corr=(0.96, 0.991) | test_loss=0.1124 | test_corr=(0.886, 0.944)
Epoch 174/500 | time=0.635s | train_loss=0.0496 | train_corr=(0.965, 0.993) | val_loss=0.0543 | val_corr=(0.962, 0.992) | test_loss=0.1117 | test_corr=(0.891, 0.942)
Epoch 175/500 | time=0.646s | train_loss=0.0505 | train_corr=(0.963, 0.993) | val_loss=0.0496 | val_corr=(0.963, 0.994) | test_loss=0.1105 | test_corr=(0.889, 0.943)
Epoch 176/500 | time=0.636s | train_loss=0.0489 | train_corr=(0.964, 0.994) | val_loss=0.0525 | val_corr=(0.964, 0.992) | test_loss=0.112 | test_corr=(0.888, 0.945)
Epoch 177/500 | time=0.638s | train_loss=0.0491 | train_corr=(0.965, 0.993) | val_loss=0.0513 | val_corr=(0.964, 0.992) | test_loss=0.1104 | test_corr=(0.892, 0.944)
Epoch 178/500 | time=0.647s | train_loss=0.0488 | train_corr=(0.964, 0.993) | val_loss=0.0475 | val_corr=(0.965, 0.994) | test_loss=0.1092 | test_corr=(0.892, 0.944)
Epoch 179/500 | time=0.641s | train_loss=0.0498 | train_corr=(0.965, 0.992) | val_loss=0.0492 | val_corr=(0.966, 0.994) | test_loss=0.1093 | test_corr=(0.893, 0.945)
Epoch 180/500 | time=0.654s | train_loss=0.0528 | train_corr=(0.965, 0.992) | val_loss=0.0511 | val_corr=(0.961, 0.994) | test_loss=0.111 | test_corr=(0.886, 0.944)
Epoch 181/500 | time=0.641s | train_loss=0.0481 | train_corr=(0.963, 0.993) | val_loss=0.0501 | val_corr=(0.966, 0.994) | test_loss=0.1102 | test_corr=(0.894, 0.945)
Epoch 182/500 | time=0.637s | train_loss=0.0512 | train_corr=(0.963, 0.993) | val_loss=0.0524 | val_corr=(0.963, 0.99) | test_loss=0.1133 | test_corr=(0.887, 0.941)
Epoch 183/500 | time=0.638s | train_loss=0.0552 | train_corr=(0.962, 0.99) | val_loss=0.0626 | val_corr=(0.959, 0.982) | test_loss=0.1222 | test_corr=(0.882, 0.928)
Epoch 184/500 | time=0.644s | train_loss=0.0619 | train_corr=(0.962, 0.985) | val_loss=0.0553 | val_corr=(0.961, 0.99) | test_loss=0.1128 | test_corr=(0.889, 0.941)
Epoch 185/500 | time=0.644s | train_loss=0.053 | train_corr=(0.965, 0.992) | val_loss=0.0633 | val_corr=(0.957, 0.985) | test_loss=0.1146 | test_corr=(0.891, 0.942)
Epoch 186/500 | time=0.634s | train_loss=0.0591 | train_corr=(0.96, 0.99) | val_loss=0.0577 | val_corr=(0.962, 0.988) | test_loss=0.1136 | test_corr=(0.891, 0.939)
Epoch 187/500 | time=0.631s | train_loss=0.0519 | train_corr=(0.963, 0.993) | val_loss=0.0542 | val_corr=(0.965, 0.992) | test_loss=0.1134 | test_corr=(0.89, 0.941)
Epoch 188/500 | time=0.63s | train_loss=0.0559 | train_corr=(0.964, 0.99) | val_loss=0.0511 | val_corr=(0.964, 0.991) | test_loss=0.1115 | test_corr=(0.889, 0.943)
Epoch 189/500 | time=0.634s | train_loss=0.0595 | train_corr=(0.959, 0.986) | val_loss=0.059 | val_corr=(0.96, 0.986) | test_loss=0.1162 | test_corr=(0.887, 0.936)
Epoch 190/500 | time=0.629s | train_loss=0.0561 | train_corr=(0.957, 0.991) | val_loss=0.0525 | val_corr=(0.962, 0.993) | test_loss=0.1095 | test_corr=(0.891, 0.944)
Epoch 191/500 | time=0.636s | train_loss=0.051 | train_corr=(0.963, 0.992) | val_loss=0.0487 | val_corr=(0.965, 0.994) | test_loss=0.1111 | test_corr=(0.889, 0.943)
Epoch 192/500 | time=0.629s | train_loss=0.0501 | train_corr=(0.964, 0.993) | val_loss=0.0491 | val_corr=(0.965, 0.992) | test_loss=0.1119 | test_corr=(0.891, 0.938)
Epoch 193/500 | time=0.636s | train_loss=0.0501 | train_corr=(0.965, 0.993) | val_loss=0.0481 | val_corr=(0.964, 0.994) | test_loss=0.1102 | test_corr=(0.89, 0.941)
Epoch 194/500 | time=0.623s | train_loss=0.0537 | train_corr=(0.967, 0.994) | val_loss=0.0526 | val_corr=(0.963, 0.992) | test_loss=0.1126 | test_corr=(0.887, 0.94)
Epoch 195/500 | time=0.634s | train_loss=0.0561 | train_corr=(0.962, 0.988) | val_loss=0.0533 | val_corr=(0.964, 0.992) | test_loss=0.1139 | test_corr=(0.891, 0.942)
Epoch 196/500 | time=0.631s | train_loss=0.0541 | train_corr=(0.963, 0.991) | val_loss=0.052 | val_corr=(0.963, 0.994) | test_loss=0.1123 | test_corr=(0.891, 0.941)
Epoch 197/500 | time=0.648s | train_loss=0.0495 | train_corr=(0.964, 0.993) | val_loss=0.0541 | val_corr=(0.964, 0.99) | test_loss=0.1121 | test_corr=(0.891, 0.942)
Epoch 198/500 | time=0.637s | train_loss=0.0498 | train_corr=(0.965, 0.993) | val_loss=0.0461 | val_corr=(0.965, 0.995) | test_loss=0.1101 | test_corr=(0.889, 0.943)
Epoch 199/500 | time=0.636s | train_loss=0.0463 | train_corr=(0.966, 0.996) | val_loss=0.0448 | val_corr=(0.966, 0.994) | test_loss=0.1103 | test_corr=(0.889, 0.939)
Epoch 200/500 | time=0.634s | train_loss=0.0459 | train_corr=(0.966, 0.994) | val_loss=0.0459 | val_corr=(0.965, 0.995) | test_loss=0.1097 | test_corr=(0.889, 0.941)
Epoch 201/500 | time=0.625s | train_loss=0.0515 | train_corr=(0.965, 0.993) | val_loss=0.0473 | val_corr=(0.965, 0.994) | test_loss=0.1094 | test_corr=(0.891, 0.944)
Epoch 202/500 | time=0.643s | train_loss=0.0566 | train_corr=(0.963, 0.994) | val_loss=0.0514 | val_corr=(0.962, 0.993) | test_loss=0.1141 | test_corr=(0.885, 0.944)
Epoch 203/500 | time=0.649s | train_loss=0.0478 | train_corr=(0.965, 0.993) | val_loss=0.0467 | val_corr=(0.965, 0.994) | test_loss=0.1108 | test_corr=(0.89, 0.94)
Epoch 204/500 | time=0.648s | train_loss=0.0541 | train_corr=(0.963, 0.987) | val_loss=0.0559 | val_corr=(0.961, 0.99) | test_loss=0.1179 | test_corr=(0.885, 0.938)
Epoch 205/500 | time=0.648s | train_loss=0.0563 | train_corr=(0.96, 0.99) | val_loss=0.0554 | val_corr=(0.963, 0.986) | test_loss=0.1124 | test_corr=(0.89, 0.936)
Epoch 206/500 | time=0.646s | train_loss=0.054 | train_corr=(0.962, 0.992) | val_loss=0.0574 | val_corr=(0.962, 0.988) | test_loss=0.1157 | test_corr=(0.886, 0.937)
Epoch 207/500 | time=0.648s | train_loss=0.0519 | train_corr=(0.961, 0.991) | val_loss=0.0521 | val_corr=(0.963, 0.992) | test_loss=0.1123 | test_corr=(0.889, 0.942)
Epoch 208/500 | time=0.657s | train_loss=0.0448 | train_corr=(0.965, 0.995) | val_loss=0.046 | val_corr=(0.965, 0.994) | test_loss=0.1092 | test_corr=(0.89, 0.941)
Epoch 209/500 | time=0.649s | train_loss=0.0444 | train_corr=(0.965, 0.995) | val_loss=0.0448 | val_corr=(0.965, 0.994) | test_loss=0.1097 | test_corr=(0.888, 0.941)
Epoch 210/500 | time=0.651s | train_loss=0.0432 | train_corr=(0.967, 0.995) | val_loss=0.0451 | val_corr=(0.965, 0.995) | test_loss=0.1075 | test_corr=(0.893, 0.944)
Epoch 211/500 | time=0.643s | train_loss=0.0434 | train_corr=(0.965, 0.995) | val_loss=0.0452 | val_corr=(0.965, 0.995) | test_loss=0.108 | test_corr=(0.89, 0.945)
Epoch 212/500 | time=0.64s | train_loss=0.0458 | train_corr=(0.964, 0.994) | val_loss=0.0458 | val_corr=(0.967, 0.994) | test_loss=0.1082 | test_corr=(0.891, 0.943)
Epoch 213/500 | time=0.64s | train_loss=0.0429 | train_corr=(0.966, 0.995) | val_loss=0.0473 | val_corr=(0.965, 0.994) | test_loss=0.1093 | test_corr=(0.892, 0.942)
Epoch 214/500 | time=0.64s | train_loss=0.048 | train_corr=(0.964, 0.994) | val_loss=0.0477 | val_corr=(0.966, 0.994) | test_loss=0.1097 | test_corr=(0.892, 0.945)
Epoch 215/500 | time=0.647s | train_loss=0.0449 | train_corr=(0.967, 0.995) | val_loss=0.0464 | val_corr=(0.965, 0.994) | test_loss=0.1115 | test_corr=(0.887, 0.939)
Epoch 216/500 | time=0.639s | train_loss=0.042 | train_corr=(0.966, 0.996) | val_loss=0.0435 | val_corr=(0.966, 0.995) | test_loss=0.1089 | test_corr=(0.891, 0.942)
Epoch 217/500 | time=0.645s | train_loss=0.0447 | train_corr=(0.967, 0.994) | val_loss=0.043 | val_corr=(0.966, 0.995) | test_loss=0.1078 | test_corr=(0.89, 0.945)
Epoch 218/500 | time=0.647s | train_loss=0.0455 | train_corr=(0.964, 0.995) | val_loss=0.0452 | val_corr=(0.965, 0.995) | test_loss=0.1113 | test_corr=(0.888, 0.941)
Epoch 219/500 | time=0.64s | train_loss=0.0456 | train_corr=(0.965, 0.995) | val_loss=0.0443 | val_corr=(0.967, 0.995) | test_loss=0.1072 | test_corr=(0.893, 0.945)
Epoch 220/500 | time=0.65s | train_loss=0.0436 | train_corr=(0.966, 0.995) | val_loss=0.0422 | val_corr=(0.967, 0.996) | test_loss=0.1086 | test_corr=(0.89, 0.943)
Epoch 221/500 | time=0.638s | train_loss=0.0413 | train_corr=(0.967, 0.996) | val_loss=0.0416 | val_corr=(0.968, 0.996) | test_loss=0.1064 | test_corr=(0.892, 0.944)
Epoch 222/500 | time=0.642s | train_loss=0.0442 | train_corr=(0.968, 0.994) | val_loss=0.0427 | val_corr=(0.966, 0.995) | test_loss=0.1087 | test_corr=(0.888, 0.941)
Epoch 223/500 | time=0.643s | train_loss=0.0443 | train_corr=(0.966, 0.994) | val_loss=0.0445 | val_corr=(0.966, 0.993) | test_loss=0.1075 | test_corr=(0.892, 0.943)
Epoch 224/500 | time=0.64s | train_loss=0.0434 | train_corr=(0.969, 0.994) | val_loss=0.0442 | val_corr=(0.967, 0.994) | test_loss=0.1086 | test_corr=(0.891, 0.943)
Epoch 225/500 | time=0.639s | train_loss=0.0433 | train_corr=(0.967, 0.995) | val_loss=0.0446 | val_corr=(0.966, 0.994) | test_loss=0.1077 | test_corr=(0.892, 0.942)
Epoch 226/500 | time=0.641s | train_loss=0.0412 | train_corr=(0.967, 0.996) | val_loss=0.0441 | val_corr=(0.965, 0.995) | test_loss=0.1078 | test_corr=(0.889, 0.944)
Epoch 227/500 | time=0.64s | train_loss=0.0402 | train_corr=(0.966, 0.996) | val_loss=0.0425 | val_corr=(0.968, 0.996) | test_loss=0.108 | test_corr=(0.893, 0.944)
Epoch 228/500 | time=0.628s | train_loss=0.039 | train_corr=(0.968, 0.997) | val_loss=0.0398 | val_corr=(0.967, 0.996) | test_loss=0.1056 | test_corr=(0.892, 0.946)
Epoch 229/500 | time=0.629s | train_loss=0.0386 | train_corr=(0.969, 0.996) | val_loss=0.0395 | val_corr=(0.967, 0.996) | test_loss=0.1064 | test_corr=(0.892, 0.944)
Epoch 230/500 | time=0.64s | train_loss=0.0395 | train_corr=(0.968, 0.996) | val_loss=0.0406 | val_corr=(0.968, 0.996) | test_loss=0.1081 | test_corr=(0.892, 0.942)
Epoch 231/500 | time=0.637s | train_loss=0.0411 | train_corr=(0.967, 0.996) | val_loss=0.0423 | val_corr=(0.965, 0.995) | test_loss=0.1072 | test_corr=(0.891, 0.946)
Epoch 232/500 | time=0.642s | train_loss=0.0396 | train_corr=(0.969, 0.996) | val_loss=0.0407 | val_corr=(0.968, 0.995) | test_loss=0.1054 | test_corr=(0.895, 0.946)
Epoch 233/500 | time=0.644s | train_loss=0.0401 | train_corr=(0.968, 0.996) | val_loss=0.0414 | val_corr=(0.967, 0.995) | test_loss=0.1067 | test_corr=(0.891, 0.945)
Epoch 234/500 | time=0.644s | train_loss=0.0389 | train_corr=(0.968, 0.996) | val_loss=0.0434 | val_corr=(0.966, 0.994) | test_loss=0.1076 | test_corr=(0.891, 0.943)
Epoch 235/500 | time=0.646s | train_loss=0.0409 | train_corr=(0.967, 0.995) | val_loss=0.0409 | val_corr=(0.968, 0.995) | test_loss=0.1074 | test_corr=(0.891, 0.944)
Epoch 236/500 | time=0.648s | train_loss=0.0398 | train_corr=(0.969, 0.996) | val_loss=0.0404 | val_corr=(0.967, 0.996) | test_loss=0.1065 | test_corr=(0.892, 0.944)
Epoch 237/500 | time=0.652s | train_loss=0.0406 | train_corr=(0.968, 0.996) | val_loss=0.0415 | val_corr=(0.967, 0.995) | test_loss=0.1065 | test_corr=(0.891, 0.945)
Epoch 238/500 | time=0.638s | train_loss=0.0427 | train_corr=(0.967, 0.994) | val_loss=0.0429 | val_corr=(0.968, 0.994) | test_loss=0.1068 | test_corr=(0.894, 0.943)
Epoch 239/500 | time=0.654s | train_loss=0.041 | train_corr=(0.967, 0.995) | val_loss=0.043 | val_corr=(0.966, 0.994) | test_loss=0.1081 | test_corr=(0.891, 0.941)
Epoch 240/500 | time=0.64s | train_loss=0.042 | train_corr=(0.966, 0.995) | val_loss=0.0404 | val_corr=(0.967, 0.996) | test_loss=0.1055 | test_corr=(0.893, 0.945)
Epoch 241/500 | time=0.646s | train_loss=0.0445 | train_corr=(0.966, 0.993) | val_loss=0.0452 | val_corr=(0.966, 0.994) | test_loss=0.1086 | test_corr=(0.89, 0.943)
Epoch 242/500 | time=0.648s | train_loss=0.0455 | train_corr=(0.967, 0.995) | val_loss=0.0467 | val_corr=(0.964, 0.994) | test_loss=0.1113 | test_corr=(0.889, 0.941)
Epoch 243/500 | time=0.639s | train_loss=0.0445 | train_corr=(0.965, 0.995) | val_loss=0.0441 | val_corr=(0.966, 0.994) | test_loss=0.1082 | test_corr=(0.89, 0.945)
Epoch 244/500 | time=0.635s | train_loss=0.0437 | train_corr=(0.967, 0.995) | val_loss=0.041 | val_corr=(0.968, 0.995) | test_loss=0.1076 | test_corr=(0.892, 0.944)
Epoch 245/500 | time=0.636s | train_loss=0.0377 | train_corr=(0.969, 0.996) | val_loss=0.0394 | val_corr=(0.967, 0.996) | test_loss=0.1066 | test_corr=(0.891, 0.943)
Epoch 246/500 | time=0.641s | train_loss=0.0383 | train_corr=(0.969, 0.997) | val_loss=0.0411 | val_corr=(0.966, 0.995) | test_loss=0.107 | test_corr=(0.888, 0.943)
Epoch 247/500 | time=0.645s | train_loss=0.0392 | train_corr=(0.968, 0.996) | val_loss=0.04 | val_corr=(0.968, 0.996) | test_loss=0.1068 | test_corr=(0.892, 0.944)
Epoch 248/500 | time=0.637s | train_loss=0.0432 | train_corr=(0.967, 0.996) | val_loss=0.0423 | val_corr=(0.967, 0.994) | test_loss=0.1071 | test_corr=(0.891, 0.943)
Epoch 249/500 | time=0.637s | train_loss=0.0412 | train_corr=(0.965, 0.996) | val_loss=0.0408 | val_corr=(0.967, 0.995) | test_loss=0.1073 | test_corr=(0.89, 0.944)
Epoch 250/500 | time=0.646s | train_loss=0.0398 | train_corr=(0.968, 0.996) | val_loss=0.0405 | val_corr=(0.967, 0.996) | test_loss=0.1065 | test_corr=(0.892, 0.945)
Epoch 251/500 | time=0.635s | train_loss=0.0387 | train_corr=(0.967, 0.996) | val_loss=0.0389 | val_corr=(0.967, 0.997) | test_loss=0.1065 | test_corr=(0.89, 0.945)
Epoch 252/500 | time=0.644s | train_loss=0.0378 | train_corr=(0.969, 0.996) | val_loss=0.0406 | val_corr=(0.968, 0.996) | test_loss=0.1079 | test_corr=(0.891, 0.942)
Epoch 253/500 | time=0.644s | train_loss=0.0432 | train_corr=(0.967, 0.994) | val_loss=0.0428 | val_corr=(0.966, 0.994) | test_loss=0.1066 | test_corr=(0.892, 0.944)
Epoch 254/500 | time=0.648s | train_loss=0.0441 | train_corr=(0.968, 0.994) | val_loss=0.0412 | val_corr=(0.966, 0.995) | test_loss=0.1081 | test_corr=(0.89, 0.942)
Epoch 255/500 | time=0.651s | train_loss=0.0442 | train_corr=(0.966, 0.993) | val_loss=0.0426 | val_corr=(0.967, 0.995) | test_loss=0.1057 | test_corr=(0.892, 0.946)
Epoch 256/500 | time=0.647s | train_loss=0.0419 | train_corr=(0.968, 0.995) | val_loss=0.0417 | val_corr=(0.965, 0.996) | test_loss=0.1068 | test_corr=(0.888, 0.946)
Epoch 257/500 | time=0.652s | train_loss=0.0422 | train_corr=(0.965, 0.995) | val_loss=0.0414 | val_corr=(0.968, 0.995) | test_loss=0.1085 | test_corr=(0.889, 0.944)
Epoch 258/500 | time=0.64s | train_loss=0.0404 | train_corr=(0.967, 0.996) | val_loss=0.044 | val_corr=(0.968, 0.995) | test_loss=0.111 | test_corr=(0.89, 0.942)
Epoch 259/500 | time=0.642s | train_loss=0.0424 | train_corr=(0.969, 0.994) | val_loss=0.041 | val_corr=(0.968, 0.996) | test_loss=0.1068 | test_corr=(0.89, 0.946)
Epoch 260/500 | time=0.633s | train_loss=0.039 | train_corr=(0.968, 0.996) | val_loss=0.0385 | val_corr=(0.968, 0.996) | test_loss=0.1069 | test_corr=(0.89, 0.943)
Epoch 261/500 | time=0.648s | train_loss=0.0378 | train_corr=(0.968, 0.996) | val_loss=0.0399 | val_corr=(0.967, 0.995) | test_loss=0.107 | test_corr=(0.89, 0.941)
Epoch 262/500 | time=0.641s | train_loss=0.0383 | train_corr=(0.968, 0.996) | val_loss=0.0386 | val_corr=(0.968, 0.996) | test_loss=0.1052 | test_corr=(0.891, 0.946)
Epoch 263/500 | time=0.652s | train_loss=0.0421 | train_corr=(0.967, 0.995) | val_loss=0.0389 | val_corr=(0.968, 0.996) | test_loss=0.1058 | test_corr=(0.892, 0.944)
Epoch 264/500 | time=0.635s | train_loss=0.0446 | train_corr=(0.968, 0.993) | val_loss=0.0412 | val_corr=(0.967, 0.995) | test_loss=0.1074 | test_corr=(0.89, 0.943)
Epoch 265/500 | time=0.646s | train_loss=0.0401 | train_corr=(0.967, 0.996) | val_loss=0.0381 | val_corr=(0.969, 0.996) | test_loss=0.1068 | test_corr=(0.891, 0.943)
Epoch 266/500 | time=0.641s | train_loss=0.0367 | train_corr=(0.969, 0.996) | val_loss=0.0392 | val_corr=(0.968, 0.996) | test_loss=0.107 | test_corr=(0.893, 0.943)
Epoch 267/500 | time=0.651s | train_loss=0.0405 | train_corr=(0.967, 0.994) | val_loss=0.0415 | val_corr=(0.966, 0.993) | test_loss=0.1066 | test_corr=(0.89, 0.942)
Epoch 268/500 | time=0.65s | train_loss=0.0401 | train_corr=(0.967, 0.996) | val_loss=0.0405 | val_corr=(0.967, 0.995) | test_loss=0.105 | test_corr=(0.893, 0.946)
Epoch 269/500 | time=0.647s | train_loss=0.0437 | train_corr=(0.965, 0.994) | val_loss=0.04 | val_corr=(0.968, 0.995) | test_loss=0.1054 | test_corr=(0.893, 0.945)
Epoch 270/500 | time=0.64s | train_loss=0.0399 | train_corr=(0.967, 0.993) | val_loss=0.0408 | val_corr=(0.967, 0.995) | test_loss=0.1061 | test_corr=(0.894, 0.945)
Epoch 271/500 | time=0.646s | train_loss=0.0415 | train_corr=(0.967, 0.994) | val_loss=0.0386 | val_corr=(0.967, 0.996) | test_loss=0.1052 | test_corr=(0.891, 0.944)
Epoch 272/500 | time=0.647s | train_loss=0.0385 | train_corr=(0.967, 0.996) | val_loss=0.0386 | val_corr=(0.967, 0.996) | test_loss=0.1081 | test_corr=(0.888, 0.942)
Epoch 273/500 | time=0.646s | train_loss=0.0402 | train_corr=(0.967, 0.996) | val_loss=0.0414 | val_corr=(0.968, 0.994) | test_loss=0.1062 | test_corr=(0.893, 0.946)
Epoch 274/500 | time=0.638s | train_loss=0.0427 | train_corr=(0.968, 0.994) | val_loss=0.0438 | val_corr=(0.965, 0.994) | test_loss=0.1072 | test_corr=(0.89, 0.944)
Epoch 275/500 | time=0.648s | train_loss=0.0428 | train_corr=(0.966, 0.995) | val_loss=0.0407 | val_corr=(0.967, 0.994) | test_loss=0.1058 | test_corr=(0.892, 0.944)
Epoch 276/500 | time=0.642s | train_loss=0.038 | train_corr=(0.969, 0.996) | val_loss=0.0394 | val_corr=(0.968, 0.996) | test_loss=0.1068 | test_corr=(0.893, 0.943)
Epoch 277/500 | time=0.648s | train_loss=0.0382 | train_corr=(0.968, 0.997) | val_loss=0.0398 | val_corr=(0.966, 0.995) | test_loss=0.1076 | test_corr=(0.888, 0.944)
Epoch 278/500 | time=0.638s | train_loss=0.0383 | train_corr=(0.967, 0.996) | val_loss=0.041 | val_corr=(0.968, 0.995) | test_loss=0.1067 | test_corr=(0.893, 0.944)
Epoch 279/500 | time=0.636s | train_loss=0.0407 | train_corr=(0.968, 0.996) | val_loss=0.0419 | val_corr=(0.966, 0.995) | test_loss=0.109 | test_corr=(0.887, 0.943)
Epoch 280/500 | time=0.634s | train_loss=0.0408 | train_corr=(0.966, 0.994) | val_loss=0.0415 | val_corr=(0.967, 0.994) | test_loss=0.1082 | test_corr=(0.892, 0.944)
Epoch 281/500 | time=0.636s | train_loss=0.0399 | train_corr=(0.968, 0.995) | val_loss=0.0417 | val_corr=(0.966, 0.995) | test_loss=0.1073 | test_corr=(0.888, 0.942)
Epoch 282/500 | time=0.637s | train_loss=0.0395 | train_corr=(0.966, 0.997) | val_loss=0.04 | val_corr=(0.967, 0.996) | test_loss=0.106 | test_corr=(0.892, 0.945)
Epoch 283/500 | time=0.645s | train_loss=0.0454 | train_corr=(0.962, 0.994) | val_loss=0.0526 | val_corr=(0.964, 0.991) | test_loss=0.1174 | test_corr=(0.888, 0.939)
Epoch 284/500 | time=0.635s | train_loss=0.0488 | train_corr=(0.963, 0.992) | val_loss=0.0429 | val_corr=(0.967, 0.994) | test_loss=0.1093 | test_corr=(0.89, 0.943)
Epoch 285/500 | time=0.644s | train_loss=0.0413 | train_corr=(0.968, 0.995) | val_loss=0.0403 | val_corr=(0.967, 0.995) | test_loss=0.1071 | test_corr=(0.892, 0.943)
Epoch 286/500 | time=0.635s | train_loss=0.0405 | train_corr=(0.966, 0.995) | val_loss=0.0414 | val_corr=(0.967, 0.994) | test_loss=0.1074 | test_corr=(0.892, 0.942)
Epoch 287/500 | time=0.645s | train_loss=0.0418 | train_corr=(0.962, 0.995) | val_loss=0.0406 | val_corr=(0.968, 0.995) | test_loss=0.1052 | test_corr=(0.891, 0.946)
Epoch 288/500 | time=0.636s | train_loss=0.0415 | train_corr=(0.964, 0.997) | val_loss=0.0429 | val_corr=(0.968, 0.995) | test_loss=0.1078 | test_corr=(0.895, 0.944)
Epoch 289/500 | time=0.638s | train_loss=0.04 | train_corr=(0.966, 0.996) | val_loss=0.0444 | val_corr=(0.967, 0.995) | test_loss=0.1085 | test_corr=(0.894, 0.944)
Epoch 290/500 | time=0.633s | train_loss=0.0395 | train_corr=(0.968, 0.994) | val_loss=0.0382 | val_corr=(0.969, 0.996) | test_loss=0.1074 | test_corr=(0.892, 0.943)
Epoch 291/500 | time=0.645s | train_loss=0.0403 | train_corr=(0.969, 0.995) | val_loss=0.0407 | val_corr=(0.966, 0.994) | test_loss=0.1055 | test_corr=(0.891, 0.945)
Epoch 292/500 | time=0.644s | train_loss=0.0393 | train_corr=(0.966, 0.995) | val_loss=0.0388 | val_corr=(0.967, 0.996) | test_loss=0.1062 | test_corr=(0.89, 0.943)
Epoch 293/500 | time=0.64s | train_loss=0.0417 | train_corr=(0.966, 0.993) | val_loss=0.04 | val_corr=(0.967, 0.995) | test_loss=0.1062 | test_corr=(0.891, 0.942)
Epoch 294/500 | time=0.644s | train_loss=0.0374 | train_corr=(0.969, 0.997) | val_loss=0.0378 | val_corr=(0.968, 0.996) | test_loss=0.1052 | test_corr=(0.893, 0.945)
Epoch 295/500 | time=0.632s | train_loss=0.0389 | train_corr=(0.969, 0.996) | val_loss=0.0395 | val_corr=(0.965, 0.996) | test_loss=0.1071 | test_corr=(0.888, 0.944)
Epoch 296/500 | time=0.637s | train_loss=0.038 | train_corr=(0.967, 0.996) | val_loss=0.0434 | val_corr=(0.965, 0.994) | test_loss=0.1088 | test_corr=(0.889, 0.942)
Epoch 297/500 | time=0.645s | train_loss=0.0397 | train_corr=(0.969, 0.995) | val_loss=0.0392 | val_corr=(0.967, 0.995) | test_loss=0.1075 | test_corr=(0.89, 0.943)
Epoch 298/500 | time=0.636s | train_loss=0.0441 | train_corr=(0.97, 0.995) | val_loss=0.0392 | val_corr=(0.967, 0.995) | test_loss=0.1067 | test_corr=(0.889, 0.945)
Epoch 299/500 | time=0.644s | train_loss=0.0381 | train_corr=(0.967, 0.996) | val_loss=0.0404 | val_corr=(0.969, 0.995) | test_loss=0.1073 | test_corr=(0.893, 0.945)
Epoch 300/500 | time=0.639s | train_loss=0.0397 | train_corr=(0.967, 0.995) | val_loss=0.0389 | val_corr=(0.968, 0.996) | test_loss=0.1072 | test_corr=(0.891, 0.945)
Epoch 301/500 | time=0.637s | train_loss=0.0356 | train_corr=(0.969, 0.997) | val_loss=0.0372 | val_corr=(0.968, 0.996) | test_loss=0.105 | test_corr=(0.892, 0.945)
Epoch 302/500 | time=0.644s | train_loss=0.0352 | train_corr=(0.967, 0.997) | val_loss=0.0383 | val_corr=(0.969, 0.996) | test_loss=0.1077 | test_corr=(0.892, 0.943)
Epoch 303/500 | time=0.649s | train_loss=0.036 | train_corr=(0.969, 0.996) | val_loss=0.0375 | val_corr=(0.967, 0.996) | test_loss=0.1071 | test_corr=(0.888, 0.943)
Epoch 304/500 | time=0.649s | train_loss=0.037 | train_corr=(0.967, 0.997) | val_loss=0.036 | val_corr=(0.969, 0.997) | test_loss=0.1057 | test_corr=(0.892, 0.945)
Epoch 305/500 | time=0.649s | train_loss=0.0341 | train_corr=(0.969, 0.997) | val_loss=0.0356 | val_corr=(0.97, 0.996) | test_loss=0.1054 | test_corr=(0.893, 0.945)
Epoch 306/500 | time=0.636s | train_loss=0.0349 | train_corr=(0.97, 0.997) | val_loss=0.0366 | val_corr=(0.968, 0.996) | test_loss=0.1074 | test_corr=(0.89, 0.944)
Epoch 307/500 | time=0.639s | train_loss=0.0364 | train_corr=(0.969, 0.996) | val_loss=0.0376 | val_corr=(0.968, 0.995) | test_loss=0.1054 | test_corr=(0.891, 0.945)
Epoch 308/500 | time=0.628s | train_loss=0.0384 | train_corr=(0.968, 0.995) | val_loss=0.0377 | val_corr=(0.968, 0.995) | test_loss=0.106 | test_corr=(0.893, 0.945)
Epoch 309/500 | time=0.644s | train_loss=0.0394 | train_corr=(0.968, 0.994) | val_loss=0.0366 | val_corr=(0.969, 0.996) | test_loss=0.1051 | test_corr=(0.892, 0.946)
Epoch 310/500 | time=0.639s | train_loss=0.0375 | train_corr=(0.967, 0.995) | val_loss=0.0365 | val_corr=(0.969, 0.996) | test_loss=0.1055 | test_corr=(0.892, 0.945)
Epoch 311/500 | time=0.637s | train_loss=0.0377 | train_corr=(0.967, 0.995) | val_loss=0.0369 | val_corr=(0.968, 0.995) | test_loss=0.1056 | test_corr=(0.891, 0.945)
Epoch 312/500 | time=0.636s | train_loss=0.0356 | train_corr=(0.97, 0.996) | val_loss=0.0349 | val_corr=(0.969, 0.996) | test_loss=0.1051 | test_corr=(0.891, 0.945)
Epoch 313/500 | time=0.642s | train_loss=0.0342 | train_corr=(0.969, 0.996) | val_loss=0.0384 | val_corr=(0.969, 0.995) | test_loss=0.1067 | test_corr=(0.891, 0.945)
Epoch 314/500 | time=0.635s | train_loss=0.0363 | train_corr=(0.968, 0.997) | val_loss=0.038 | val_corr=(0.968, 0.995) | test_loss=0.1079 | test_corr=(0.889, 0.942)
Epoch 315/500 | time=0.642s | train_loss=0.0359 | train_corr=(0.968, 0.997) | val_loss=0.0366 | val_corr=(0.968, 0.995) | test_loss=0.1051 | test_corr=(0.891, 0.945)
Epoch 316/500 | time=0.65s | train_loss=0.0405 | train_corr=(0.966, 0.995) | val_loss=0.0389 | val_corr=(0.968, 0.995) | test_loss=0.1071 | test_corr=(0.89, 0.943)
Epoch 317/500 | time=0.639s | train_loss=0.0377 | train_corr=(0.968, 0.996) | val_loss=0.0382 | val_corr=(0.967, 0.995) | test_loss=0.1056 | test_corr=(0.891, 0.944)
Epoch 318/500 | time=0.642s | train_loss=0.0385 | train_corr=(0.966, 0.995) | val_loss=0.0389 | val_corr=(0.968, 0.996) | test_loss=0.1073 | test_corr=(0.892, 0.943)
Epoch 319/500 | time=0.637s | train_loss=0.0368 | train_corr=(0.968, 0.995) | val_loss=0.0402 | val_corr=(0.967, 0.993) | test_loss=0.1076 | test_corr=(0.889, 0.942)
Epoch 320/500 | time=0.638s | train_loss=0.0381 | train_corr=(0.968, 0.996) | val_loss=0.0388 | val_corr=(0.969, 0.996) | test_loss=0.1058 | test_corr=(0.892, 0.945)
Epoch 321/500 | time=0.648s | train_loss=0.0384 | train_corr=(0.968, 0.994) | val_loss=0.0383 | val_corr=(0.967, 0.995) | test_loss=0.1068 | test_corr=(0.888, 0.943)
Epoch 322/500 | time=0.638s | train_loss=0.04 | train_corr=(0.968, 0.994) | val_loss=0.0382 | val_corr=(0.968, 0.996) | test_loss=0.1072 | test_corr=(0.892, 0.944)
Epoch 323/500 | time=0.654s | train_loss=0.0379 | train_corr=(0.968, 0.996) | val_loss=0.0371 | val_corr=(0.968, 0.996) | test_loss=0.1058 | test_corr=(0.892, 0.945)
Epoch 324/500 | time=0.629s | train_loss=0.038 | train_corr=(0.968, 0.994) | val_loss=0.0386 | val_corr=(0.967, 0.994) | test_loss=0.1058 | test_corr=(0.89, 0.943)
Epoch 325/500 | time=0.624s | train_loss=0.0368 | train_corr=(0.969, 0.996) | val_loss=0.0369 | val_corr=(0.969, 0.996) | test_loss=0.106 | test_corr=(0.892, 0.945)
Epoch 326/500 | time=0.646s | train_loss=0.0348 | train_corr=(0.97, 0.997) | val_loss=0.0394 | val_corr=(0.967, 0.994) | test_loss=0.1073 | test_corr=(0.889, 0.942)
Epoch 327/500 | time=0.649s | train_loss=0.0353 | train_corr=(0.969, 0.997) | val_loss=0.0371 | val_corr=(0.969, 0.995) | test_loss=0.105 | test_corr=(0.892, 0.945)
Epoch 328/500 | time=0.64s | train_loss=0.0349 | train_corr=(0.968, 0.996) | val_loss=0.0366 | val_corr=(0.969, 0.996) | test_loss=0.1058 | test_corr=(0.892, 0.945)
Epoch 329/500 | time=0.651s | train_loss=0.0366 | train_corr=(0.967, 0.995) | val_loss=0.0364 | val_corr=(0.967, 0.996) | test_loss=0.1075 | test_corr=(0.888, 0.942)
Epoch 330/500 | time=0.638s | train_loss=0.0383 | train_corr=(0.969, 0.993) | val_loss=0.0357 | val_corr=(0.968, 0.997) | test_loss=0.1056 | test_corr=(0.889, 0.945)
Epoch 331/500 | time=0.637s | train_loss=0.0374 | train_corr=(0.967, 0.995) | val_loss=0.0371 | val_corr=(0.968, 0.996) | test_loss=0.1077 | test_corr=(0.889, 0.941)
Epoch 332/500 | time=0.634s | train_loss=0.0381 | train_corr=(0.969, 0.996) | val_loss=0.0365 | val_corr=(0.968, 0.996) | test_loss=0.1071 | test_corr=(0.889, 0.942)
Epoch 333/500 | time=0.637s | train_loss=0.0337 | train_corr=(0.969, 0.997) | val_loss=0.0351 | val_corr=(0.969, 0.996) | test_loss=0.1043 | test_corr=(0.893, 0.945)
Epoch 334/500 | time=0.638s | train_loss=0.0356 | train_corr=(0.969, 0.996) | val_loss=0.0385 | val_corr=(0.967, 0.994) | test_loss=0.1043 | test_corr=(0.893, 0.946)
Epoch 335/500 | time=0.647s | train_loss=0.0401 | train_corr=(0.968, 0.993) | val_loss=0.0384 | val_corr=(0.968, 0.995) | test_loss=0.1055 | test_corr=(0.893, 0.944)
Epoch 336/500 | time=0.635s | train_loss=0.0389 | train_corr=(0.969, 0.995) | val_loss=0.0393 | val_corr=(0.967, 0.995) | test_loss=0.1095 | test_corr=(0.887, 0.942)
Epoch 337/500 | time=0.637s | train_loss=0.0384 | train_corr=(0.967, 0.994) | val_loss=0.0356 | val_corr=(0.968, 0.996) | test_loss=0.104 | test_corr=(0.893, 0.946)
Epoch 338/500 | time=0.621s | train_loss=0.0448 | train_corr=(0.963, 0.993) | val_loss=0.0391 | val_corr=(0.968, 0.995) | test_loss=0.1076 | test_corr=(0.89, 0.944)
Epoch 339/500 | time=0.634s | train_loss=0.0363 | train_corr=(0.968, 0.997) | val_loss=0.0381 | val_corr=(0.967, 0.995) | test_loss=0.1051 | test_corr=(0.892, 0.945)
Epoch 340/500 | time=0.622s | train_loss=0.0356 | train_corr=(0.97, 0.997) | val_loss=0.0359 | val_corr=(0.969, 0.996) | test_loss=0.1054 | test_corr=(0.892, 0.946)
Epoch 341/500 | time=0.625s | train_loss=0.0332 | train_corr=(0.969, 0.997) | val_loss=0.0345 | val_corr=(0.97, 0.997) | test_loss=0.106 | test_corr=(0.892, 0.944)
Epoch 342/500 | time=0.629s | train_loss=0.0345 | train_corr=(0.97, 0.997) | val_loss=0.0349 | val_corr=(0.968, 0.997) | test_loss=0.1028 | test_corr=(0.893, 0.947)
Epoch 343/500 | time=0.638s | train_loss=0.0326 | train_corr=(0.969, 0.997) | val_loss=0.0372 | val_corr=(0.97, 0.996) | test_loss=0.1078 | test_corr=(0.893, 0.944)
Epoch 344/500 | time=0.637s | train_loss=0.0333 | train_corr=(0.969, 0.997) | val_loss=0.0366 | val_corr=(0.969, 0.996) | test_loss=0.1049 | test_corr=(0.894, 0.946)
Epoch 345/500 | time=0.634s | train_loss=0.0341 | train_corr=(0.969, 0.997) | val_loss=0.036 | val_corr=(0.968, 0.996) | test_loss=0.105 | test_corr=(0.892, 0.944)
Epoch 346/500 | time=0.629s | train_loss=0.0387 | train_corr=(0.969, 0.994) | val_loss=0.0366 | val_corr=(0.968, 0.995) | test_loss=0.1058 | test_corr=(0.892, 0.943)
Epoch 347/500 | time=0.637s | train_loss=0.0375 | train_corr=(0.969, 0.995) | val_loss=0.034 | val_corr=(0.969, 0.997) | test_loss=0.1057 | test_corr=(0.891, 0.944)
Epoch 348/500 | time=0.636s | train_loss=0.0361 | train_corr=(0.969, 0.996) | val_loss=0.0386 | val_corr=(0.967, 0.994) | test_loss=0.1077 | test_corr=(0.89, 0.942)
Epoch 349/500 | time=0.627s | train_loss=0.0405 | train_corr=(0.966, 0.994) | val_loss=0.0415 | val_corr=(0.968, 0.993) | test_loss=0.1057 | test_corr=(0.895, 0.946)
Epoch 350/500 | time=0.637s | train_loss=0.0406 | train_corr=(0.967, 0.994) | val_loss=0.0459 | val_corr=(0.965, 0.994) | test_loss=0.1103 | test_corr=(0.889, 0.942)
Epoch 351/500 | time=0.64s | train_loss=0.0486 | train_corr=(0.964, 0.989) | val_loss=0.0482 | val_corr=(0.964, 0.994) | test_loss=0.1125 | test_corr=(0.89, 0.943)
Epoch 352/500 | time=0.638s | train_loss=0.0437 | train_corr=(0.966, 0.993) | val_loss=0.0486 | val_corr=(0.965, 0.992) | test_loss=0.1145 | test_corr=(0.889, 0.938)
Epoch 353/500 | time=0.635s | train_loss=0.0423 | train_corr=(0.964, 0.996) | val_loss=0.0405 | val_corr=(0.969, 0.995) | test_loss=0.1078 | test_corr=(0.893, 0.945)
Epoch 354/500 | time=0.629s | train_loss=0.0359 | train_corr=(0.968, 0.996) | val_loss=0.0364 | val_corr=(0.969, 0.996) | test_loss=0.1072 | test_corr=(0.89, 0.941)
Epoch 355/500 | time=0.632s | train_loss=0.0331 | train_corr=(0.97, 0.997) | val_loss=0.0338 | val_corr=(0.968, 0.997) | test_loss=0.1064 | test_corr=(0.888, 0.944)
Epoch 356/500 | time=0.641s | train_loss=0.0345 | train_corr=(0.968, 0.997) | val_loss=0.0338 | val_corr=(0.969, 0.997) | test_loss=0.1047 | test_corr=(0.892, 0.944)
Epoch 357/500 | time=0.64s | train_loss=0.0337 | train_corr=(0.97, 0.997) | val_loss=0.0328 | val_corr=(0.97, 0.997) | test_loss=0.106 | test_corr=(0.89, 0.944)
Epoch 358/500 | time=0.631s | train_loss=0.0342 | train_corr=(0.968, 0.997) | val_loss=0.0347 | val_corr=(0.969, 0.996) | test_loss=0.1047 | test_corr=(0.892, 0.944)
Epoch 359/500 | time=0.638s | train_loss=0.0331 | train_corr=(0.969, 0.997) | val_loss=0.0325 | val_corr=(0.969, 0.997) | test_loss=0.1058 | test_corr=(0.89, 0.944)
Epoch 360/500 | time=0.619s | train_loss=0.0379 | train_corr=(0.966, 0.993) | val_loss=0.0378 | val_corr=(0.969, 0.995) | test_loss=0.1075 | test_corr=(0.892, 0.943)
Epoch 361/500 | time=0.633s | train_loss=0.0368 | train_corr=(0.97, 0.995) | val_loss=0.0387 | val_corr=(0.968, 0.994) | test_loss=0.1071 | test_corr=(0.891, 0.944)
Epoch 362/500 | time=0.628s | train_loss=0.0357 | train_corr=(0.969, 0.995) | val_loss=0.0372 | val_corr=(0.967, 0.995) | test_loss=0.1052 | test_corr=(0.889, 0.943)
Epoch 363/500 | time=0.637s | train_loss=0.0345 | train_corr=(0.968, 0.995) | val_loss=0.0355 | val_corr=(0.969, 0.996) | test_loss=0.1048 | test_corr=(0.892, 0.945)
Epoch 364/500 | time=0.626s | train_loss=0.0339 | train_corr=(0.971, 0.997) | val_loss=0.0354 | val_corr=(0.967, 0.996) | test_loss=0.107 | test_corr=(0.889, 0.941)
Epoch 365/500 | time=0.633s | train_loss=0.0364 | train_corr=(0.967, 0.996) | val_loss=0.0377 | val_corr=(0.968, 0.995) | test_loss=0.1049 | test_corr=(0.892, 0.946)
Epoch 366/500 | time=0.628s | train_loss=0.0378 | train_corr=(0.968, 0.995) | val_loss=0.0386 | val_corr=(0.969, 0.994) | test_loss=0.109 | test_corr=(0.892, 0.942)
Epoch 367/500 | time=0.632s | train_loss=0.0433 | train_corr=(0.964, 0.99) | val_loss=0.0494 | val_corr=(0.965, 0.987) | test_loss=0.1122 | test_corr=(0.89, 0.937)
Epoch 368/500 | time=0.639s | train_loss=0.0375 | train_corr=(0.968, 0.996) | val_loss=0.0376 | val_corr=(0.968, 0.996) | test_loss=0.1076 | test_corr=(0.891, 0.944)
Epoch 369/500 | time=0.639s | train_loss=0.0398 | train_corr=(0.966, 0.995) | val_loss=0.0381 | val_corr=(0.967, 0.996) | test_loss=0.1072 | test_corr=(0.887, 0.943)
Epoch 370/500 | time=0.627s | train_loss=0.0339 | train_corr=(0.969, 0.997) | val_loss=0.0371 | val_corr=(0.967, 0.995) | test_loss=0.1058 | test_corr=(0.889, 0.944)
Epoch 371/500 | time=0.642s | train_loss=0.0369 | train_corr=(0.968, 0.994) | val_loss=0.0382 | val_corr=(0.968, 0.994) | test_loss=0.1066 | test_corr=(0.89, 0.944)
Epoch 372/500 | time=0.62s | train_loss=0.036 | train_corr=(0.968, 0.996) | val_loss=0.0363 | val_corr=(0.969, 0.996) | test_loss=0.1056 | test_corr=(0.891, 0.944)
Epoch 373/500 | time=0.635s | train_loss=0.0354 | train_corr=(0.969, 0.996) | val_loss=0.0357 | val_corr=(0.967, 0.996) | test_loss=0.1049 | test_corr=(0.891, 0.945)
Epoch 374/500 | time=0.637s | train_loss=0.0356 | train_corr=(0.969, 0.995) | val_loss=0.0346 | val_corr=(0.969, 0.996) | test_loss=0.1054 | test_corr=(0.891, 0.945)
Epoch 375/500 | time=0.643s | train_loss=0.0344 | train_corr=(0.969, 0.995) | val_loss=0.0337 | val_corr=(0.969, 0.997) | test_loss=0.1049 | test_corr=(0.89, 0.945)
Epoch 376/500 | time=0.62s | train_loss=0.0328 | train_corr=(0.971, 0.997) | val_loss=0.0368 | val_corr=(0.967, 0.995) | test_loss=0.1055 | test_corr=(0.889, 0.945)
Epoch 377/500 | time=0.636s | train_loss=0.0318 | train_corr=(0.967, 0.997) | val_loss=0.0347 | val_corr=(0.968, 0.996) | test_loss=0.106 | test_corr=(0.891, 0.943)
Epoch 378/500 | time=0.625s | train_loss=0.0348 | train_corr=(0.97, 0.997) | val_loss=0.034 | val_corr=(0.969, 0.997) | test_loss=0.105 | test_corr=(0.889, 0.944)
Epoch 379/500 | time=0.634s | train_loss=0.0343 | train_corr=(0.968, 0.996) | val_loss=0.0351 | val_corr=(0.968, 0.996) | test_loss=0.1063 | test_corr=(0.89, 0.945)
Epoch 380/500 | time=0.637s | train_loss=0.0321 | train_corr=(0.969, 0.997) | val_loss=0.0326 | val_corr=(0.97, 0.997) | test_loss=0.1043 | test_corr=(0.892, 0.947)
Epoch 381/500 | time=0.642s | train_loss=0.0313 | train_corr=(0.971, 0.997) | val_loss=0.0321 | val_corr=(0.97, 0.997) | test_loss=0.1046 | test_corr=(0.892, 0.945)
Epoch 382/500 | time=0.62s | train_loss=0.0315 | train_corr=(0.97, 0.997) | val_loss=0.0328 | val_corr=(0.97, 0.997) | test_loss=0.1062 | test_corr=(0.891, 0.943)
Epoch 383/500 | time=0.635s | train_loss=0.032 | train_corr=(0.969, 0.997) | val_loss=0.0325 | val_corr=(0.969, 0.997) | test_loss=0.1052 | test_corr=(0.89, 0.945)
Epoch 384/500 | time=0.627s | train_loss=0.0307 | train_corr=(0.971, 0.997) | val_loss=0.0331 | val_corr=(0.97, 0.996) | test_loss=0.1052 | test_corr=(0.89, 0.944)
Epoch 385/500 | time=0.634s | train_loss=0.0349 | train_corr=(0.969, 0.995) | val_loss=0.0333 | val_corr=(0.969, 0.996) | test_loss=0.1046 | test_corr=(0.891, 0.943)
Epoch 386/500 | time=0.642s | train_loss=0.0321 | train_corr=(0.969, 0.997) | val_loss=0.0338 | val_corr=(0.97, 0.996) | test_loss=0.1057 | test_corr=(0.892, 0.945)
Epoch 387/500 | time=0.655s | train_loss=0.0351 | train_corr=(0.968, 0.995) | val_loss=0.0337 | val_corr=(0.968, 0.996) | test_loss=0.1056 | test_corr=(0.89, 0.943)
Epoch 388/500 | time=0.633s | train_loss=0.0366 | train_corr=(0.968, 0.995) | val_loss=0.036 | val_corr=(0.968, 0.995) | test_loss=0.1073 | test_corr=(0.89, 0.942)
Epoch 389/500 | time=0.644s | train_loss=0.0346 | train_corr=(0.968, 0.996) | val_loss=0.0357 | val_corr=(0.967, 0.995) | test_loss=0.107 | test_corr=(0.886, 0.943)
Epoch 390/500 | time=0.637s | train_loss=0.0353 | train_corr=(0.968, 0.996) | val_loss=0.0373 | val_corr=(0.968, 0.995) | test_loss=0.1103 | test_corr=(0.887, 0.94)
Epoch 391/500 | time=0.638s | train_loss=0.0342 | train_corr=(0.971, 0.997) | val_loss=0.0377 | val_corr=(0.966, 0.994) | test_loss=0.1083 | test_corr=(0.885, 0.941)
Epoch 392/500 | time=0.637s | train_loss=0.0359 | train_corr=(0.966, 0.996) | val_loss=0.035 | val_corr=(0.969, 0.996) | test_loss=0.1055 | test_corr=(0.892, 0.945)
Epoch 393/500 | time=0.638s | train_loss=0.0369 | train_corr=(0.969, 0.995) | val_loss=0.036 | val_corr=(0.968, 0.995) | test_loss=0.1068 | test_corr=(0.888, 0.942)
Epoch 394/500 | time=0.634s | train_loss=0.0351 | train_corr=(0.967, 0.996) | val_loss=0.0402 | val_corr=(0.967, 0.993) | test_loss=0.1087 | test_corr=(0.889, 0.94)
Epoch 395/500 | time=0.638s | train_loss=0.0411 | train_corr=(0.966, 0.994) | val_loss=0.0421 | val_corr=(0.968, 0.992) | test_loss=0.1098 | test_corr=(0.891, 0.94)
Epoch 396/500 | time=0.629s | train_loss=0.0408 | train_corr=(0.967, 0.994) | val_loss=0.0418 | val_corr=(0.965, 0.993) | test_loss=0.1073 | test_corr=(0.89, 0.945)
Epoch 397/500 | time=0.629s | train_loss=0.0423 | train_corr=(0.968, 0.994) | val_loss=0.042 | val_corr=(0.966, 0.992) | test_loss=0.1103 | test_corr=(0.888, 0.939)
Epoch 398/500 | time=0.638s | train_loss=0.0484 | train_corr=(0.965, 0.989) | val_loss=0.0415 | val_corr=(0.965, 0.994) | test_loss=0.109 | test_corr=(0.89, 0.942)
Epoch 399/500 | time=0.65s | train_loss=0.038 | train_corr=(0.968, 0.996) | val_loss=0.04 | val_corr=(0.966, 0.994) | test_loss=0.1114 | test_corr=(0.887, 0.938)
Epoch 400/500 | time=0.652s | train_loss=0.0372 | train_corr=(0.967, 0.995) | val_loss=0.0381 | val_corr=(0.967, 0.995) | test_loss=0.1065 | test_corr=(0.89, 0.942)
Epoch 401/500 | time=0.654s | train_loss=0.0388 | train_corr=(0.967, 0.993) | val_loss=0.0387 | val_corr=(0.967, 0.993) | test_loss=0.1068 | test_corr=(0.892, 0.943)
Epoch 402/500 | time=0.651s | train_loss=0.0348 | train_corr=(0.969, 0.996) | val_loss=0.0379 | val_corr=(0.968, 0.994) | test_loss=0.1064 | test_corr=(0.891, 0.945)
Epoch 403/500 | time=0.65s | train_loss=0.0353 | train_corr=(0.968, 0.996) | val_loss=0.0356 | val_corr=(0.967, 0.996) | test_loss=0.1063 | test_corr=(0.888, 0.945)
Epoch 404/500 | time=0.648s | train_loss=0.0336 | train_corr=(0.969, 0.996) | val_loss=0.0333 | val_corr=(0.97, 0.997) | test_loss=0.105 | test_corr=(0.893, 0.945)
Epoch 405/500 | time=0.649s | train_loss=0.0323 | train_corr=(0.969, 0.996) | val_loss=0.0322 | val_corr=(0.969, 0.997) | test_loss=0.1054 | test_corr=(0.89, 0.944)
Epoch 406/500 | time=0.633s | train_loss=0.0335 | train_corr=(0.969, 0.996) | val_loss=0.0357 | val_corr=(0.968, 0.995) | test_loss=0.1065 | test_corr=(0.891, 0.943)
Epoch 407/500 | time=0.648s | train_loss=0.0342 | train_corr=(0.967, 0.995) | val_loss=0.0355 | val_corr=(0.968, 0.996) | test_loss=0.108 | test_corr=(0.886, 0.943)
Epoch 408/500 | time=0.639s | train_loss=0.0329 | train_corr=(0.968, 0.996) | val_loss=0.034 | val_corr=(0.969, 0.997) | test_loss=0.1063 | test_corr=(0.892, 0.944)
Epoch 409/500 | time=0.644s | train_loss=0.0352 | train_corr=(0.968, 0.994) | val_loss=0.0335 | val_corr=(0.968, 0.996) | test_loss=0.1052 | test_corr=(0.889, 0.943)
Epoch 410/500 | time=0.641s | train_loss=0.0374 | train_corr=(0.966, 0.993) | val_loss=0.0361 | val_corr=(0.967, 0.995) | test_loss=0.1097 | test_corr=(0.885, 0.941)
Epoch 411/500 | time=0.649s | train_loss=0.038 | train_corr=(0.967, 0.995) | val_loss=0.0393 | val_corr=(0.968, 0.994) | test_loss=0.1112 | test_corr=(0.888, 0.938)
Epoch 412/500 | time=0.642s | train_loss=0.0317 | train_corr=(0.969, 0.997) | val_loss=0.0355 | val_corr=(0.968, 0.996) | test_loss=0.1066 | test_corr=(0.892, 0.943)
Epoch 413/500 | time=0.649s | train_loss=0.0318 | train_corr=(0.97, 0.997) | val_loss=0.0324 | val_corr=(0.969, 0.997) | test_loss=0.1046 | test_corr=(0.891, 0.945)
Epoch 414/500 | time=0.649s | train_loss=0.0305 | train_corr=(0.969, 0.997) | val_loss=0.0345 | val_corr=(0.969, 0.996) | test_loss=0.1048 | test_corr=(0.892, 0.944)
Epoch 415/500 | time=0.657s | train_loss=0.033 | train_corr=(0.971, 0.997) | val_loss=0.0387 | val_corr=(0.965, 0.995) | test_loss=0.1085 | test_corr=(0.886, 0.944)
Epoch 416/500 | time=0.639s | train_loss=0.0401 | train_corr=(0.963, 0.995) | val_loss=0.0368 | val_corr=(0.967, 0.995) | test_loss=0.1067 | test_corr=(0.888, 0.943)
Epoch 417/500 | time=0.649s | train_loss=0.0371 | train_corr=(0.964, 0.996) | val_loss=0.037 | val_corr=(0.967, 0.994) | test_loss=0.1067 | test_corr=(0.887, 0.944)
Epoch 418/500 | time=0.638s | train_loss=0.0386 | train_corr=(0.966, 0.995) | val_loss=0.0357 | val_corr=(0.968, 0.995) | test_loss=0.1066 | test_corr=(0.89, 0.942)
Epoch 419/500 | time=0.649s | train_loss=0.037 | train_corr=(0.965, 0.996) | val_loss=0.0372 | val_corr=(0.968, 0.996) | test_loss=0.1102 | test_corr=(0.888, 0.94)
Epoch 420/500 | time=0.643s | train_loss=0.0333 | train_corr=(0.968, 0.996) | val_loss=0.0318 | val_corr=(0.97, 0.997) | test_loss=0.1057 | test_corr=(0.891, 0.944)
Epoch 421/500 | time=0.637s | train_loss=0.0316 | train_corr=(0.969, 0.997) | val_loss=0.0328 | val_corr=(0.969, 0.997) | test_loss=0.105 | test_corr=(0.89, 0.944)
Epoch 422/500 | time=0.644s | train_loss=0.0301 | train_corr=(0.971, 0.998) | val_loss=0.0313 | val_corr=(0.969, 0.997) | test_loss=0.1047 | test_corr=(0.89, 0.943)
Epoch 423/500 | time=0.652s | train_loss=0.0306 | train_corr=(0.97, 0.997) | val_loss=0.0309 | val_corr=(0.97, 0.997) | test_loss=0.105 | test_corr=(0.891, 0.945)
Epoch 424/500 | time=0.641s | train_loss=0.0322 | train_corr=(0.969, 0.996) | val_loss=0.0325 | val_corr=(0.969, 0.996) | test_loss=0.1062 | test_corr=(0.89, 0.944)
Epoch 425/500 | time=0.647s | train_loss=0.0328 | train_corr=(0.97, 0.997) | val_loss=0.0332 | val_corr=(0.968, 0.996) | test_loss=0.105 | test_corr=(0.889, 0.944)
Epoch 426/500 | time=0.628s | train_loss=0.0323 | train_corr=(0.968, 0.997) | val_loss=0.0328 | val_corr=(0.97, 0.997) | test_loss=0.1076 | test_corr=(0.889, 0.941)
Epoch 427/500 | time=0.643s | train_loss=0.0308 | train_corr=(0.972, 0.997) | val_loss=0.0315 | val_corr=(0.969, 0.996) | test_loss=0.1051 | test_corr=(0.89, 0.944)
Epoch 428/500 | time=0.637s | train_loss=0.0296 | train_corr=(0.97, 0.998) | val_loss=0.0318 | val_corr=(0.969, 0.997) | test_loss=0.1058 | test_corr=(0.89, 0.942)
Epoch 429/500 | time=0.647s | train_loss=0.0333 | train_corr=(0.968, 0.995) | val_loss=0.0336 | val_corr=(0.97, 0.996) | test_loss=0.1064 | test_corr=(0.891, 0.944)
Epoch 430/500 | time=0.651s | train_loss=0.0329 | train_corr=(0.969, 0.997) | val_loss=0.0334 | val_corr=(0.969, 0.996) | test_loss=0.1061 | test_corr=(0.891, 0.943)
Epoch 431/500 | time=0.652s | train_loss=0.0324 | train_corr=(0.97, 0.996) | val_loss=0.0314 | val_corr=(0.97, 0.997) | test_loss=0.1051 | test_corr=(0.891, 0.944)
Epoch 432/500 | time=0.65s | train_loss=0.0324 | train_corr=(0.97, 0.996) | val_loss=0.0349 | val_corr=(0.969, 0.994) | test_loss=0.1074 | test_corr=(0.888, 0.942)
Epoch 433/500 | time=0.642s | train_loss=0.0358 | train_corr=(0.966, 0.994) | val_loss=0.0337 | val_corr=(0.97, 0.996) | test_loss=0.1059 | test_corr=(0.891, 0.943)
Epoch 434/500 | time=0.638s | train_loss=0.0364 | train_corr=(0.971, 0.994) | val_loss=0.0436 | val_corr=(0.967, 0.991) | test_loss=0.1126 | test_corr=(0.889, 0.939)
Epoch 435/500 | time=0.641s | train_loss=0.038 | train_corr=(0.967, 0.994) | val_loss=0.0383 | val_corr=(0.969, 0.993) | test_loss=0.1095 | test_corr=(0.888, 0.94)
Epoch 436/500 | time=0.65s | train_loss=0.0348 | train_corr=(0.971, 0.996) | val_loss=0.0365 | val_corr=(0.967, 0.994) | test_loss=0.1085 | test_corr=(0.887, 0.941)
Epoch 437/500 | time=0.648s | train_loss=0.0385 | train_corr=(0.969, 0.994) | val_loss=0.0382 | val_corr=(0.968, 0.993) | test_loss=0.1068 | test_corr=(0.891, 0.943)
Epoch 438/500 | time=0.649s | train_loss=0.034 | train_corr=(0.969, 0.996) | val_loss=0.0362 | val_corr=(0.966, 0.996) | test_loss=0.1091 | test_corr=(0.885, 0.94)
Epoch 439/500 | time=0.648s | train_loss=0.0347 | train_corr=(0.967, 0.995) | val_loss=0.0348 | val_corr=(0.968, 0.995) | test_loss=0.1068 | test_corr=(0.891, 0.944)
Epoch 440/500 | time=0.636s | train_loss=0.0341 | train_corr=(0.97, 0.995) | val_loss=0.034 | val_corr=(0.969, 0.995) | test_loss=0.1059 | test_corr=(0.889, 0.943)
Epoch 441/500 | time=0.633s | train_loss=0.0342 | train_corr=(0.969, 0.995) | val_loss=0.0336 | val_corr=(0.967, 0.997) | test_loss=0.1059 | test_corr=(0.888, 0.944)
Epoch 442/500 | time=0.647s | train_loss=0.0323 | train_corr=(0.97, 0.996) | val_loss=0.0336 | val_corr=(0.968, 0.996) | test_loss=0.1062 | test_corr=(0.888, 0.942)
Epoch 443/500 | time=0.642s | train_loss=0.031 | train_corr=(0.969, 0.997) | val_loss=0.0321 | val_corr=(0.969, 0.997) | test_loss=0.1073 | test_corr=(0.889, 0.943)
Epoch 444/500 | time=0.645s | train_loss=0.0315 | train_corr=(0.969, 0.997) | val_loss=0.0304 | val_corr=(0.97, 0.997) | test_loss=0.1049 | test_corr=(0.89, 0.944)
Epoch 445/500 | time=0.649s | train_loss=0.0309 | train_corr=(0.968, 0.998) | val_loss=0.0318 | val_corr=(0.97, 0.997) | test_loss=0.1058 | test_corr=(0.892, 0.943)
Epoch 446/500 | time=0.653s | train_loss=0.0325 | train_corr=(0.969, 0.997) | val_loss=0.0353 | val_corr=(0.966, 0.996) | test_loss=0.1051 | test_corr=(0.888, 0.945)
Epoch 447/500 | time=0.656s | train_loss=0.033 | train_corr=(0.968, 0.996) | val_loss=0.0305 | val_corr=(0.97, 0.997) | test_loss=0.1039 | test_corr=(0.89, 0.943)
Epoch 448/500 | time=0.642s | train_loss=0.0312 | train_corr=(0.97, 0.996) | val_loss=0.0339 | val_corr=(0.97, 0.996) | test_loss=0.1071 | test_corr=(0.891, 0.943)
Epoch 449/500 | time=0.657s | train_loss=0.0341 | train_corr=(0.969, 0.995) | val_loss=0.0374 | val_corr=(0.967, 0.993) | test_loss=0.108 | test_corr=(0.889, 0.942)
Epoch 450/500 | time=0.64s | train_loss=0.034 | train_corr=(0.968, 0.996) | val_loss=0.0335 | val_corr=(0.97, 0.996) | test_loss=0.1056 | test_corr=(0.891, 0.944)
Epoch 451/500 | time=0.633s | train_loss=0.0334 | train_corr=(0.968, 0.995) | val_loss=0.0326 | val_corr=(0.969, 0.996) | test_loss=0.1037 | test_corr=(0.891, 0.944)
Epoch 452/500 | time=0.646s | train_loss=0.0308 | train_corr=(0.969, 0.996) | val_loss=0.0312 | val_corr=(0.971, 0.997) | test_loss=0.1059 | test_corr=(0.891, 0.944)
Epoch 453/500 | time=0.65s | train_loss=0.0309 | train_corr=(0.97, 0.997) | val_loss=0.0309 | val_corr=(0.97, 0.997) | test_loss=0.1036 | test_corr=(0.892, 0.944)
Epoch 454/500 | time=0.649s | train_loss=0.0309 | train_corr=(0.969, 0.997) | val_loss=0.0314 | val_corr=(0.969, 0.997) | test_loss=0.1067 | test_corr=(0.89, 0.943)
Epoch 455/500 | time=0.658s | train_loss=0.03 | train_corr=(0.971, 0.997) | val_loss=0.0319 | val_corr=(0.969, 0.997) | test_loss=0.1046 | test_corr=(0.89, 0.945)
Epoch 456/500 | time=0.638s | train_loss=0.0303 | train_corr=(0.97, 0.998) | val_loss=0.0296 | val_corr=(0.97, 0.997) | test_loss=0.1047 | test_corr=(0.891, 0.943)
Epoch 457/500 | time=0.645s | train_loss=0.0291 | train_corr=(0.97, 0.997) | val_loss=0.0295 | val_corr=(0.971, 0.997) | test_loss=0.1045 | test_corr=(0.891, 0.945)
Epoch 458/500 | time=0.641s | train_loss=0.0304 | train_corr=(0.969, 0.996) | val_loss=0.0314 | val_corr=(0.97, 0.997) | test_loss=0.1051 | test_corr=(0.889, 0.944)
Epoch 459/500 | time=0.642s | train_loss=0.028 | train_corr=(0.97, 0.998) | val_loss=0.0303 | val_corr=(0.97, 0.997) | test_loss=0.1049 | test_corr=(0.891, 0.944)
Epoch 460/500 | time=0.648s | train_loss=0.0283 | train_corr=(0.972, 0.998) | val_loss=0.0289 | val_corr=(0.97, 0.998) | test_loss=0.1045 | test_corr=(0.889, 0.944)
Epoch 461/500 | time=0.643s | train_loss=0.0305 | train_corr=(0.97, 0.998) | val_loss=0.0307 | val_corr=(0.969, 0.997) | test_loss=0.1042 | test_corr=(0.889, 0.945)
Epoch 462/500 | time=0.649s | train_loss=0.0286 | train_corr=(0.969, 0.998) | val_loss=0.0299 | val_corr=(0.971, 0.997) | test_loss=0.1065 | test_corr=(0.892, 0.942)
Epoch 463/500 | time=0.649s | train_loss=0.0308 | train_corr=(0.968, 0.997) | val_loss=0.0291 | val_corr=(0.97, 0.997) | test_loss=0.1034 | test_corr=(0.891, 0.945)
Epoch 464/500 | time=0.65s | train_loss=0.031 | train_corr=(0.968, 0.997) | val_loss=0.0312 | val_corr=(0.969, 0.997) | test_loss=0.1057 | test_corr=(0.889, 0.944)
Epoch 465/500 | time=0.653s | train_loss=0.0317 | train_corr=(0.969, 0.998) | val_loss=0.0336 | val_corr=(0.969, 0.995) | test_loss=0.1057 | test_corr=(0.89, 0.943)
Epoch 466/500 | time=0.643s | train_loss=0.0342 | train_corr=(0.968, 0.996) | val_loss=0.0349 | val_corr=(0.969, 0.995) | test_loss=0.109 | test_corr=(0.888, 0.944)
Epoch 467/500 | time=0.644s | train_loss=0.0303 | train_corr=(0.97, 0.997) | val_loss=0.0321 | val_corr=(0.97, 0.997) | test_loss=0.1057 | test_corr=(0.891, 0.945)
Epoch 468/500 | time=0.64s | train_loss=0.0302 | train_corr=(0.971, 0.997) | val_loss=0.0315 | val_corr=(0.969, 0.997) | test_loss=0.1074 | test_corr=(0.888, 0.941)
Epoch 469/500 | time=0.647s | train_loss=0.0294 | train_corr=(0.969, 0.998) | val_loss=0.0307 | val_corr=(0.971, 0.997) | test_loss=0.1071 | test_corr=(0.89, 0.943)
Epoch 470/500 | time=0.647s | train_loss=0.0304 | train_corr=(0.968, 0.997) | val_loss=0.0318 | val_corr=(0.969, 0.997) | test_loss=0.1068 | test_corr=(0.891, 0.942)
Epoch 471/500 | time=0.648s | train_loss=0.0339 | train_corr=(0.968, 0.996) | val_loss=0.0327 | val_corr=(0.969, 0.996) | test_loss=0.105 | test_corr=(0.891, 0.945)
Epoch 472/500 | time=0.648s | train_loss=0.0322 | train_corr=(0.969, 0.996) | val_loss=0.0329 | val_corr=(0.969, 0.996) | test_loss=0.1063 | test_corr=(0.889, 0.943)
Epoch 473/500 | time=0.647s | train_loss=0.0319 | train_corr=(0.968, 0.997) | val_loss=0.0312 | val_corr=(0.969, 0.997) | test_loss=0.1043 | test_corr=(0.89, 0.944)
Epoch 474/500 | time=0.636s | train_loss=0.031 | train_corr=(0.97, 0.996) | val_loss=0.0295 | val_corr=(0.97, 0.997) | test_loss=0.1042 | test_corr=(0.891, 0.945)
Epoch 475/500 | time=0.648s | train_loss=0.029 | train_corr=(0.969, 0.997) | val_loss=0.0294 | val_corr=(0.969, 0.997) | test_loss=0.1054 | test_corr=(0.888, 0.944)
Epoch 476/500 | time=0.649s | train_loss=0.0293 | train_corr=(0.97, 0.997) | val_loss=0.0288 | val_corr=(0.97, 0.997) | test_loss=0.105 | test_corr=(0.89, 0.944)
Epoch 477/500 | time=0.652s | train_loss=0.0289 | train_corr=(0.97, 0.997) | val_loss=0.0285 | val_corr=(0.97, 0.997) | test_loss=0.1044 | test_corr=(0.89, 0.943)
Epoch 478/500 | time=0.641s | train_loss=0.0298 | train_corr=(0.968, 0.997) | val_loss=0.0296 | val_corr=(0.971, 0.997) | test_loss=0.1051 | test_corr=(0.892, 0.944)
Epoch 479/500 | time=0.649s | train_loss=0.0301 | train_corr=(0.97, 0.997) | val_loss=0.0298 | val_corr=(0.97, 0.997) | test_loss=0.1042 | test_corr=(0.892, 0.944)
Epoch 480/500 | time=0.626s | train_loss=0.036 | train_corr=(0.971, 0.997) | val_loss=0.0317 | val_corr=(0.968, 0.997) | test_loss=0.1046 | test_corr=(0.888, 0.945)
Epoch 481/500 | time=0.638s | train_loss=0.0313 | train_corr=(0.968, 0.997) | val_loss=0.0296 | val_corr=(0.97, 0.997) | test_loss=0.1056 | test_corr=(0.89, 0.945)
Epoch 482/500 | time=0.621s | train_loss=0.0324 | train_corr=(0.971, 0.997) | val_loss=0.0302 | val_corr=(0.969, 0.997) | test_loss=0.1039 | test_corr=(0.891, 0.945)
Epoch 483/500 | time=0.636s | train_loss=0.0323 | train_corr=(0.968, 0.997) | val_loss=0.0309 | val_corr=(0.97, 0.997) | test_loss=0.1053 | test_corr=(0.891, 0.944)
Epoch 484/500 | time=0.626s | train_loss=0.0311 | train_corr=(0.969, 0.997) | val_loss=0.0352 | val_corr=(0.969, 0.996) | test_loss=0.1086 | test_corr=(0.892, 0.943)
Epoch 485/500 | time=0.631s | train_loss=0.0324 | train_corr=(0.969, 0.996) | val_loss=0.0316 | val_corr=(0.968, 0.996) | test_loss=0.1065 | test_corr=(0.889, 0.942)
Epoch 486/500 | time=0.625s | train_loss=0.0313 | train_corr=(0.968, 0.997) | val_loss=0.031 | val_corr=(0.971, 0.997) | test_loss=0.1054 | test_corr=(0.891, 0.945)
Epoch 487/500 | time=0.636s | train_loss=0.029 | train_corr=(0.97, 0.998) | val_loss=0.0321 | val_corr=(0.967, 0.997) | test_loss=0.1061 | test_corr=(0.888, 0.944)
Epoch 488/500 | time=0.638s | train_loss=0.033 | train_corr=(0.969, 0.996) | val_loss=0.0309 | val_corr=(0.969, 0.997) | test_loss=0.1049 | test_corr=(0.89, 0.945)
Epoch 489/500 | time=0.634s | train_loss=0.035 | train_corr=(0.968, 0.995) | val_loss=0.0315 | val_corr=(0.971, 0.997) | test_loss=0.1067 | test_corr=(0.892, 0.944)
Epoch 490/500 | time=0.637s | train_loss=0.0322 | train_corr=(0.968, 0.995) | val_loss=0.0324 | val_corr=(0.97, 0.996) | test_loss=0.106 | test_corr=(0.892, 0.943)
Epoch 491/500 | time=0.621s | train_loss=0.0315 | train_corr=(0.97, 0.997) | val_loss=0.0331 | val_corr=(0.967, 0.996) | test_loss=0.1048 | test_corr=(0.889, 0.944)
Epoch 492/500 | time=0.636s | train_loss=0.0303 | train_corr=(0.97, 0.997) | val_loss=0.0311 | val_corr=(0.969, 0.997) | test_loss=0.1057 | test_corr=(0.889, 0.944)
Epoch 493/500 | time=0.647s | train_loss=0.0314 | train_corr=(0.97, 0.996) | val_loss=0.033 | val_corr=(0.969, 0.995) | test_loss=0.1055 | test_corr=(0.89, 0.944)
Epoch 494/500 | time=0.653s | train_loss=0.0324 | train_corr=(0.969, 0.996) | val_loss=0.0343 | val_corr=(0.969, 0.995) | test_loss=0.1077 | test_corr=(0.89, 0.94)
Epoch 495/500 | time=0.646s | train_loss=0.0313 | train_corr=(0.97, 0.997) | val_loss=0.0307 | val_corr=(0.971, 0.997) | test_loss=0.1063 | test_corr=(0.891, 0.944)
Epoch 496/500 | time=0.638s | train_loss=0.0327 | train_corr=(0.969, 0.995) | val_loss=0.033 | val_corr=(0.969, 0.996) | test_loss=0.1058 | test_corr=(0.891, 0.943)
Epoch 497/500 | time=0.648s | train_loss=0.0304 | train_corr=(0.969, 0.997) | val_loss=0.0301 | val_corr=(0.969, 0.997) | test_loss=0.1037 | test_corr=(0.89, 0.944)
Epoch 498/500 | time=0.637s | train_loss=0.0296 | train_corr=(0.97, 0.996) | val_loss=0.031 | val_corr=(0.97, 0.996) | test_loss=0.1055 | test_corr=(0.89, 0.943)
Epoch 499/500 | time=0.628s | train_loss=0.0297 | train_corr=(0.97, 0.997) | val_loss=0.0307 | val_corr=(0.97, 0.997) | test_loss=0.1065 | test_corr=(0.889, 0.943)
Epoch 500/500 | time=0.636s | train_loss=0.0317 | train_corr=(0.97, 0.997) | val_loss=0.0323 | val_corr=(0.969, 0.996) | test_loss=0.1056 | test_corr=(0.889, 0.945)
────────────────────────────────────────────────────────────────────────────────────
                                           Time                    Allocations      
                                  ───────────────────────   ────────────────────────
        Tot / % measured:              21.6h /   0.6%            664GiB /  95.1%    

Section                   ncalls     time    %tot     avg     alloc    %tot      avg
────────────────────────────────────────────────────────────────────────────────────
epoch                        500     432s   94.9%   864ms    610GiB   96.6%  1.22GiB
  train                      500     274s   60.2%   548ms    256GiB   40.5%   524MiB
    single_train_step!     5.00k     220s   48.3%  44.0ms    100GiB   15.8%  20.4MiB
    get training batch     5.00k    53.8s   11.8%  10.8ms    156GiB   24.7%  32.0MiB
  test                       500     128s   28.0%   255ms    295GiB   46.7%   604MiB
    get test loss          6.50k    78.5s   17.2%  12.1ms    100GiB   15.8%  15.7MiB
    get test batch         6.50k    48.9s   10.7%  7.53ms    195GiB   30.9%  30.8MiB
  validation                 500    30.3s    6.7%  60.6ms   59.3GiB    9.4%   121MiB
    validation loss        1.50k    18.2s    4.0%  12.2ms   20.1GiB    3.2%  13.8MiB
    get validation data    1.50k    11.7s    2.6%  7.79ms   39.1GiB    6.2%  26.7MiB
get_data                       1    23.4s    5.1%   23.4s   21.3GiB    3.4%  21.3GiB
────────────────────────────────────────────────────────────────────────────────────Finished at Fri Apr 10 16:59:48 CEST 2026
