Precompiling Thesis...
  87819.1 ms  ✓ Thesis
  1 dependency successfully precompiled in 246 seconds. 713 already precompiled.
┌ Info: CUDA loaded successfully
│   device = CuDevice(0): NVIDIA A100 80GB PCIe
└   capability = v"8.0.0"
┌ Info: cuDNN loaded successfully
└   version = v"8.90.7"
[ Info: Starting HPC AE training job
[ Info:   SLURM_JOB_ID: 9522577
[ Info:   SLURM_NTASKS: 1
[ Info:   SLURM_CPUS_PER_TASK: 8
[ Info:   Hostname: gpu014
[ Info: Loading training data from: /scratch/mfbclaeys/data/datasets/RE2500/2e8/U_128_full.jld2
[ Info: removed ghost cells; input data size (u): (256, 256, 2, 4402)
ERROR: LoadError: Invalid file extension: /home/mfbclaeys/Thesis/data/Lux_models/Apr02-1430__E500_HW256x256_C4to2_nc6_nd2_z16_C8_lr0p001_wd0p0009_bs16_NY_LL1_Tl0p0/trainin_force.jld2
Stacktrace:
 [1] error(::String, ::String)
   @ Base ./error.jl:44
 [2] savefig(plt::Plots.Plot{Plots.GRBackend}, fn::String)
   @ Plots ~/.julia/packages/Plots/xC48f/src/output.jl:150
 [3] get_data(batch_size::Int64, path::String; t_training::Float64, n_training::Int64, n_test::Int64, split::Float64, verbose::Bool, showplot::Bool, plotpath::String)
   @ Thesis ~/Thesis/project/src/AE/AE.jl:108
 [4] get_data
   @ ~/Thesis/project/src/AE/AE.jl:95 [inlined]
 [5] train_AE(args::LuxArgs; return_path::Bool)
   @ Thesis ~/Thesis/project/src/AE/AE_train.jl:17
 [6] train_AE
   @ ~/Thesis/project/src/AE/AE_train.jl:3 [inlined]
 [7] main()
   @ Main ~/Thesis/project/scripts/AE/hpc_retrain.jl:38
 [8] top-level scope
   @ ~/Thesis/project/scripts/AE/hpc_retrain.jl:83
in expression starting at /home/mfbclaeys/Thesis/project/scripts/AE/hpc_retrain.jl:83
srun: error: gpu014: task 0: Exited with exit code 1
srun: launch/slurm: _step_signal: Terminating StepId=9522577.0
