┌ Info: CUDA loaded successfully
│   device = CuDevice(0): NVIDIA A100 80GB PCIe
└   capability = v"8.0.0"
┌ Info: cuDNN loaded successfully
└   version = v"8.90.7"
[ Info: Starting HPC AE training job
[ Info:   SLURM_JOB_ID: 9582776
[ Info:   SLURM_NTASKS: 1
[ Info:   SLURM_CPUS_PER_TASK: 8
[ Info:   Hostname: gpu011
[ Info: Loading training data from: /scratch/mfbclaeys/data/datasets/RE2500/2e8/U_128_full.jld2
[ Info: removed ghost cells; input data size (u): (256, 256, 2, 4402)
GKS: cannot open display - headless operation mode active
[ Info: training force plot saved to data/Lux_models/Apr09-1513__E500_HW256x256_C4to2_nc6_nd2_z16_C8_lr0p001_wd0p0009_bs16_NY_LL1_Tl0p0/trainin_force.png
[ Info: Training on CUDADevice{Nothing, Missing}(nothing)
[ Info: Parametric Encoder built:
[ Info:   Conv: 4→8 -> 8→16 -> 16→32 -> 32→64 -> 64→128 -> 128→256
[ Info:   Sizes: (256, 256, 4) -> (128, 128, 8) -> (64, 64, 16) -> (32, 32, 32) -> (16, 16, 64) -> (8, 8, 128) -> (4, 4, 256)
[ Info:   Dense: 4096→2048 -> 2048→16
[ Info: Parametric Decoder built:
[ Info:   Dense: 16→2048 -> 2048→4096
[ Info:   Sizes: (4, 4, 256) -> (8, 8, 128) -> (16, 16, 64) -> (32, 32, 32) -> (64, 64, 16) -> (128, 128, 8) -> (256, 256, 4) -> (256, 256, 2) -> (256, 256, 2)
[ Info:   Conv: 256→128 -> 128→64 -> 64→32 -> 32→16 -> 16→8 -> 8→4 -> 4→2 -> 2→2
[ Info: AE initiated
┌ Info: CUDA.functional()
└   CUDA.functional() = true
┌ Info: CUDA device
└   CUDA.device() = CuDevice(0): NVIDIA A100 80GB PCIe
[ Info: Start Training, total 500 epochs
[ Info: Epoch 1/500
srun: Job step aborted: Waiting up to 122 seconds for job step to finish.
slurmstepd: error: *** JOB 9582776 ON gpu011 CANCELLED AT 2026-04-09T15:14:29 ***
slurmstepd: error: *** STEP 9582776.0 ON gpu011 CANCELLED AT 2026-04-09T15:14:29 ***
